#
# There is insufficient memory for the Java Runtime Environment to continue.
# Native memory allocation (malloc) failed to allocate 1265984 bytes. Error detail: Chunk::new
# Possible reasons:
#   The system is out of physical RAM or swap space
#   This process is running with CompressedOops enabled, and the Java Heap may be blocking the growth of the native heap
# Possible solutions:
#   Reduce memory load on the system
#   Increase physical memory or swap space
#   Check if swap backing store is full
#   Decrease Java heap size (-Xmx/-Xms)
#   Decrease number of Java threads
#   Decrease Java thread stack sizes (-Xss)
#   Set larger code cache with -XX:ReservedCodeCacheSize=
#   JVM is running with Unscaled Compressed Oops mode in which the Java heap is
#     placed in the first 4GB address space. The Java Heap base address is the
#     maximum limit for the native heap growth. Please use -XX:HeapBaseMinAddress
#     to set the Java Heap base and to place the Java Heap above 4GB virtual address.
# This output file may be truncated or incomplete.
#
#  Out of Memory Error (arena.cpp:168), pid=13608, tid=16960
#
# JRE version: OpenJDK Runtime Environment (21.0.10) (build 21.0.10+-14961533-b1163.108)
# Java VM: OpenJDK 64-Bit Server VM (21.0.10+-14961533-b1163.108, mixed mode, tiered, compressed oops, compressed class ptrs, g1 gc, windows-amd64)
# No core dump will be written. Minidumps are not enabled by default on client versions of Windows
#

---------------  S U M M A R Y ------------

Command Line: --add-opens=java.base/java.lang=ALL-UNNAMED --add-opens=java.base/java.lang.invoke=ALL-UNNAMED --add-opens=java.base/java.util=ALL-UNNAMED --add-opens=java.prefs/java.util.prefs=ALL-UNNAMED --add-exports=jdk.compiler/com.sun.tools.javac.api=ALL-UNNAMED --add-exports=jdk.compiler/com.sun.tools.javac.util=ALL-UNNAMED --add-opens=java.base/java.util=ALL-UNNAMED --add-opens=java.prefs/java.util.prefs=ALL-UNNAMED --add-opens=java.base/java.nio.charset=ALL-UNNAMED --add-opens=java.base/java.net=ALL-UNNAMED --add-opens=java.base/java.util.concurrent=ALL-UNNAMED --add-opens=java.base/java.util.concurrent.atomic=ALL-UNNAMED --add-opens=java.xml/javax.xml.namespace=ALL-UNNAMED --add-opens=java.base/java.time=ALL-UNNAMED -Xmx2048m -Dfile.encoding=UTF-8 -Duser.country=IN -Duser.language=en -Duser.variant -javaagent:C:\Users\Sipon\.gradle\wrapper\dists\gradle-9.3.1-bin\23ovyewtku6u96viwx3xl3oks\gradle-9.3.1\lib\agents\gradle-instrumentation-agent-9.3.1.jar org.gradle.launcher.daemon.bootstrap.GradleDaemon 9.3.1

Host: AMD Ryzen 3 5300U with Radeon Graphics         , 8 cores, 7G,  Windows 11 , 64 bit Build 26100 (10.0.26100.8246)
Time: Sat May  2 12:04:01 2026 India Standard Time elapsed time: 12.606012 seconds (0d 0h 0m 12s)

---------------  T H R E A D  ---------------

Current thread (0x0000026fd208e750):  JavaThread "C2 CompilerThread0" daemon [_thread_in_native, id=16960, stack(0x000000dda4300000,0x000000dda4400000) (1024K)]


Current CompileTask:
C2:12606 8622       4       org.gradle.cache.internal.btree.BTreePersistentIndexedCache::access$1200 (10 bytes)

Stack: [0x000000dda4300000,0x000000dda4400000]
Native frames: (J=compiled Java code, j=interpreted, Vv=VM code, C=native code)
V  [jvm.dll+0x6d78a9]
V  [jvm.dll+0x8665b3]
V  [jvm.dll+0x868bde]
V  [jvm.dll+0x8692c3]
V  [jvm.dll+0x280ee6]
V  [jvm.dll+0xc07cd]
V  [jvm.dll+0xc0d03]
V  [jvm.dll+0x3ba0cb]
V  [jvm.dll+0x385df7]
V  [jvm.dll+0x38526a]
V  [jvm.dll+0x249bd2]
V  [jvm.dll+0x2491a1]
V  [jvm.dll+0x1c76e4]
V  [jvm.dll+0x25891e]
V  [jvm.dll+0x256e66]
V  [jvm.dll+0x3f513e]
V  [jvm.dll+0x80fd28]
V  [jvm.dll+0x6d60fd]
C  [ucrtbase.dll+0x37b0]
C  [KERNEL32.DLL+0x2e8d7]
C  [ntdll.dll+0x8c3fc]


---------------  P R O C E S S  ---------------

Threads class SMR info:
_java_thread_list=0x0000026fd8938ea0, length=87, elements={
0x0000026fb67088e0, 0x0000026fd2036f20, 0x0000026fd205fe20, 0x0000026fd2060880,
0x0000026fd209f510, 0x0000026fd209ff70, 0x0000026fd2088940, 0x0000026fd2089b20,
0x0000026fd208e750, 0x0000026fd20abe10, 0x0000026fd2383cd0, 0x0000026fd33ea2f0,
0x0000026fd42fc570, 0x0000026fd4cad2f0, 0x0000026fd4dc6ce0, 0x0000026fd4e89140,
0x0000026fd4d261d0, 0x0000026fd4d26860, 0x0000026fd4d25b40, 0x0000026fd4d24790,
0x0000026fd4d24e20, 0x0000026fd4d27580, 0x0000026fd4d254b0, 0x0000026fd4d26ef0,
0x0000026fd4d24100, 0x0000026fd5147c90, 0x0000026fd51496d0, 0x0000026fd5146250,
0x0000026fd5149d60, 0x0000026fd514a3f0, 0x0000026fd5146f70, 0x0000026fd514aa80,
0x0000026fd5147600, 0x0000026fd514d1e0, 0x0000026fd514b7a0, 0x0000026fd514be30,
0x0000026fd514c4c0, 0x0000026fd514cb50, 0x0000026fd59b23e0, 0x0000026fd59b2a70,
0x0000026fd59b3e20, 0x0000026fd59b4b40, 0x0000026fd59b44b0, 0x0000026fd59b51d0,
0x0000026fd59b5860, 0x0000026fd59b5ef0, 0x0000026fd59b3790, 0x0000026fd59b6580,
0x0000026fd59b3100, 0x0000026fd59b8650, 0x0000026fd59b6c10, 0x0000026fd59b8ce0,
0x0000026fd59b72a0, 0x0000026fd59b7930, 0x0000026fd59b7fc0, 0x0000026fd59b9370,
0x0000026fd59b9a00, 0x0000026fd3723060, 0x0000026fd3726b70, 0x0000026fd37236f0,
0x0000026fd37264e0, 0x0000026fd3727200, 0x0000026fd37257c0, 0x0000026fd3723d80,
0x0000026fd3727890, 0x0000026fd37285b0, 0x0000026fd3729ff0, 0x0000026fd372a680,
0x0000026fd3728c40, 0x0000026fd37292d0, 0x0000026fd3729960, 0x0000026fd340c180,
0x0000026fd340c810, 0x0000026fd340cea0, 0x0000026fd340a740, 0x0000026fd340d530,
0x0000026fd340b460, 0x0000026fd340dbc0, 0x0000026fd340e250, 0x0000026fd340add0,
0x0000026fd340e8e0, 0x0000026fd340baf0, 0x0000026fd3411d60, 0x0000026fd340fc90,
0x0000026fd34116d0, 0x0000026fd3410320, 0x0000026fd215a7d0
}

Java Threads: ( => current thread )
  0x0000026fb67088e0 JavaThread "main"                              [_thread_blocked, id=17192, stack(0x000000dda3400000,0x000000dda3500000) (1024K)]
  0x0000026fd2036f20 JavaThread "Common-Cleaner"             daemon [_thread_blocked, id=12092, stack(0x000000dda3c00000,0x000000dda3d00000) (1024K)]
  0x0000026fd205fe20 JavaThread "Reference Handler"          daemon [_thread_blocked, id=19544, stack(0x000000dda3d00000,0x000000dda3e00000) (1024K)]
  0x0000026fd2060880 JavaThread "Finalizer"                  daemon [_thread_blocked, id=7300, stack(0x000000dda3e00000,0x000000dda3f00000) (1024K)]
  0x0000026fd209f510 JavaThread "Signal Dispatcher"          daemon [_thread_blocked, id=8460, stack(0x000000dda3f00000,0x000000dda4000000) (1024K)]
  0x0000026fd209ff70 JavaThread "Attach Listener"            daemon [_thread_blocked, id=21468, stack(0x000000dda4000000,0x000000dda4100000) (1024K)]
  0x0000026fd2088940 JavaThread "Service Thread"             daemon [_thread_blocked, id=8368, stack(0x000000dda4100000,0x000000dda4200000) (1024K)]
  0x0000026fd2089b20 JavaThread "Monitor Deflation Thread"   daemon [_thread_blocked, id=23744, stack(0x000000dda4200000,0x000000dda4300000) (1024K)]
=>0x0000026fd208e750 JavaThread "C2 CompilerThread0"         daemon [_thread_in_native, id=16960, stack(0x000000dda4300000,0x000000dda4400000) (1024K)]
  0x0000026fd20abe10 JavaThread "C1 CompilerThread0"         daemon [_thread_blocked, id=2708, stack(0x000000dda4400000,0x000000dda4500000) (1024K)]
  0x0000026fd2383cd0 JavaThread "Notification Thread"        daemon [_thread_blocked, id=24100, stack(0x000000dda4500000,0x000000dda4600000) (1024K)]
  0x0000026fd33ea2f0 JavaThread "C2 CompilerThread1"         daemon [_thread_in_native, id=10980, stack(0x000000dda4600000,0x000000dda4700000) (1024K)]
  0x0000026fd42fc570 JavaThread "Daemon health stats"               [_thread_blocked, id=5168, stack(0x000000dda4e00000,0x000000dda4f00000) (1024K)]
  0x0000026fd4cad2f0 JavaThread "Incoming local TCP Connector on port 62752"        [_thread_in_native, id=15944, stack(0x000000dda4f00000,0x000000dda5000000) (1024K)]
  0x0000026fd4dc6ce0 JavaThread "Daemon periodic checks"            [_thread_blocked, id=18860, stack(0x000000dda5000000,0x000000dda5100000) (1024K)]
  0x0000026fd4e89140 JavaThread "Daemon"                            [_thread_blocked, id=6456, stack(0x000000dda5100000,0x000000dda5200000) (1024K)]
  0x0000026fd4d261d0 JavaThread "Handler for socket connection from /127.0.0.1:62752 to /127.0.0.1:62753"        [_thread_in_native, id=19028, stack(0x000000dda5200000,0x000000dda5300000) (1024K)]
  0x0000026fd4d26860 JavaThread "Cancel handler"                    [_thread_blocked, id=22984, stack(0x000000dda5300000,0x000000dda5400000) (1024K)]
  0x0000026fd4d25b40 JavaThread "Daemon worker"                     [_thread_in_native, id=16128, stack(0x000000dda5400000,0x000000dda5500000) (1024K)]
  0x0000026fd4d24790 JavaThread "Asynchronous log dispatcher for DefaultDaemonConnection: socket connection from /127.0.0.1:62752 to /127.0.0.1:62753"        [_thread_blocked, id=22388, stack(0x000000dda5600000,0x000000dda5700000) (1024K)]
  0x0000026fd4d24e20 JavaThread "Stdin handler"                     [_thread_blocked, id=12200, stack(0x000000dda5700000,0x000000dda5800000) (1024K)]
  0x0000026fd4d27580 JavaThread "Daemon client event forwarder"        [_thread_blocked, id=12424, stack(0x000000dda5800000,0x000000dda5900000) (1024K)]
  0x0000026fd4d254b0 JavaThread "Cache worker for journal cache (C:\Users\Sipon\.gradle\caches\journal-1)"        [_thread_blocked, id=8468, stack(0x000000dda5900000,0x000000dda5a00000) (1024K)]
  0x0000026fd4d26ef0 JavaThread "File lock request listener"        [_thread_in_native, id=13664, stack(0x000000dda5a00000,0x000000dda5b00000) (1024K)]
  0x0000026fd4d24100 JavaThread "Cache worker for file hash cache (C:\Users\Sipon\.gradle\caches\9.3.1\fileHashes)"        [_thread_blocked, id=11140, stack(0x000000dda5b00000,0x000000dda5c00000) (1024K)]
  0x0000026fd5147c90 JavaThread "Cache worker for file hash cache (C:\Final_Project\Library\.gradle\9.3.1\fileHashes)"        [_thread_blocked, id=22128, stack(0x000000dda5d00000,0x000000dda5e00000) (1024K)]
  0x0000026fd51496d0 JavaThread "Cache worker for Build Output Cleanup Cache (C:\Final_Project\Library\.gradle\buildOutputCleanup)"        [_thread_blocked, id=11120, stack(0x000000dda5e00000,0x000000dda5f00000) (1024K)]
  0x0000026fd5146250 JavaThread "File watcher server"        daemon [_thread_in_native, id=19980, stack(0x000000dda5f00000,0x000000dda6000000) (1024K)]
  0x0000026fd5149d60 JavaThread "File watcher consumer"      daemon [_thread_blocked, id=21800, stack(0x000000dda6000000,0x000000dda6100000) (1024K)]
  0x0000026fd514a3f0 JavaThread "Cache worker for checksums cache (C:\Final_Project\Library\.gradle\9.3.1\checksums)"        [_thread_blocked, id=10576, stack(0x000000dda5c00000,0x000000dda5d00000) (1024K)]
  0x0000026fd5146f70 JavaThread "Cache worker for file content cache (C:\Users\Sipon\.gradle\caches\9.3.1\fileContent)"        [_thread_blocked, id=16500, stack(0x000000dda6100000,0x000000dda6200000) (1024K)]
  0x0000026fd514aa80 JavaThread "Cache worker for cache directory md-supplier (C:\Users\Sipon\.gradle\caches\9.3.1\md-supplier)"        [_thread_blocked, id=18592, stack(0x000000dda6200000,0x000000dda6300000) (1024K)]
  0x0000026fd5147600 JavaThread "Cache worker for cache directory md-rule (C:\Users\Sipon\.gradle\caches\9.3.1\md-rule)"        [_thread_blocked, id=324, stack(0x000000dda6300000,0x000000dda6400000) (1024K)]
  0x0000026fd514d1e0 JavaThread "jar transforms"                    [_thread_blocked, id=20832, stack(0x000000dda6400000,0x000000dda6500000) (1024K)]
  0x0000026fd514b7a0 JavaThread "jar transforms Thread 2"           [_thread_blocked, id=16916, stack(0x000000dda6500000,0x000000dda6600000) (1024K)]
  0x0000026fd514be30 JavaThread "jar transforms Thread 3"           [_thread_blocked, id=19892, stack(0x000000dda6700000,0x000000dda6800000) (1024K)]
  0x0000026fd514c4c0 JavaThread "Unconstrained build operations"        [_thread_blocked, id=6428, stack(0x000000dda6800000,0x000000dda6900000) (1024K)]
  0x0000026fd514cb50 JavaThread "Unconstrained build operations Thread 2"        [_thread_blocked, id=24392, stack(0x000000dda6900000,0x000000dda6a00000) (1024K)]
  0x0000026fd59b23e0 JavaThread "Unconstrained build operations Thread 3"        [_thread_blocked, id=3872, stack(0x000000dda6a00000,0x000000dda6b00000) (1024K)]
  0x0000026fd59b2a70 JavaThread "Unconstrained build operations Thread 4"        [_thread_blocked, id=3328, stack(0x000000dda6b00000,0x000000dda6c00000) (1024K)]
  0x0000026fd59b3e20 JavaThread "Unconstrained build operations Thread 5"        [_thread_blocked, id=13576, stack(0x000000dda6c00000,0x000000dda6d00000) (1024K)]
  0x0000026fd59b4b40 JavaThread "Unconstrained build operations Thread 6"        [_thread_blocked, id=9588, stack(0x000000dda6d00000,0x000000dda6e00000) (1024K)]
  0x0000026fd59b44b0 JavaThread "Unconstrained build operations Thread 7"        [_thread_blocked, id=24180, stack(0x000000dda6e00000,0x000000dda6f00000) (1024K)]
  0x0000026fd59b51d0 JavaThread "Unconstrained build operations Thread 8"        [_thread_blocked, id=18684, stack(0x000000dda6f00000,0x000000dda7000000) (1024K)]
  0x0000026fd59b5860 JavaThread "Unconstrained build operations Thread 9"        [_thread_blocked, id=9456, stack(0x000000dda7000000,0x000000dda7100000) (1024K)]
  0x0000026fd59b5ef0 JavaThread "Unconstrained build operations Thread 10"        [_thread_blocked, id=24048, stack(0x000000dda7100000,0x000000dda7200000) (1024K)]
  0x0000026fd59b3790 JavaThread "Unconstrained build operations Thread 11"        [_thread_blocked, id=23356, stack(0x000000dda7200000,0x000000dda7300000) (1024K)]
  0x0000026fd59b6580 JavaThread "Unconstrained build operations Thread 12"        [_thread_blocked, id=11260, stack(0x000000dda7300000,0x000000dda7400000) (1024K)]
  0x0000026fd59b3100 JavaThread "Unconstrained build operations Thread 13"        [_thread_blocked, id=2592, stack(0x000000dda7400000,0x000000dda7500000) (1024K)]
  0x0000026fd59b8650 JavaThread "Unconstrained build operations Thread 14"        [_thread_blocked, id=8416, stack(0x000000dda7500000,0x000000dda7600000) (1024K)]
  0x0000026fd59b6c10 JavaThread "jar transforms Thread 4"           [_thread_blocked, id=11380, stack(0x000000dda7600000,0x000000dda7700000) (1024K)]
  0x0000026fd59b8ce0 JavaThread "jar transforms Thread 5"           [_thread_blocked, id=20076, stack(0x000000dda7700000,0x000000dda7800000) (1024K)]
  0x0000026fd59b72a0 JavaThread "Unconstrained build operations Thread 15"        [_thread_blocked, id=20568, stack(0x000000dda7800000,0x000000dda7900000) (1024K)]
  0x0000026fd59b7930 JavaThread "Unconstrained build operations Thread 16"        [_thread_blocked, id=15260, stack(0x000000dda7900000,0x000000dda7a00000) (1024K)]
  0x0000026fd59b7fc0 JavaThread "Unconstrained build operations Thread 17"        [_thread_blocked, id=13468, stack(0x000000dda7a00000,0x000000dda7b00000) (1024K)]
  0x0000026fd59b9370 JavaThread "Unconstrained build operations Thread 18"        [_thread_blocked, id=3700, stack(0x000000dda7b00000,0x000000dda7c00000) (1024K)]
  0x0000026fd59b9a00 JavaThread "Unconstrained build operations Thread 19"        [_thread_blocked, id=19552, stack(0x000000dda7c00000,0x000000dda7d00000) (1024K)]
  0x0000026fd3723060 JavaThread "Unconstrained build operations Thread 20"        [_thread_blocked, id=18132, stack(0x000000dda7d00000,0x000000dda7e00000) (1024K)]
  0x0000026fd3726b70 JavaThread "Unconstrained build operations Thread 21"        [_thread_blocked, id=1992, stack(0x000000dda7e00000,0x000000dda7f00000) (1024K)]
  0x0000026fd37236f0 JavaThread "jar transforms Thread 6"           [_thread_blocked, id=21668, stack(0x000000dda7f00000,0x000000dda8000000) (1024K)]
  0x0000026fd37264e0 JavaThread "jar transforms Thread 7"           [_thread_blocked, id=13224, stack(0x000000dda8000000,0x000000dda8100000) (1024K)]
  0x0000026fd3727200 JavaThread "jar transforms Thread 8"           [_thread_blocked, id=20780, stack(0x000000dda8100000,0x000000dda8200000) (1024K)]
  0x0000026fd37257c0 JavaThread "Unconstrained build operations Thread 22"        [_thread_blocked, id=5512, stack(0x000000dda8200000,0x000000dda8300000) (1024K)]
  0x0000026fd3723d80 JavaThread "Unconstrained build operations Thread 23"        [_thread_blocked, id=18704, stack(0x000000dda8300000,0x000000dda8400000) (1024K)]
  0x0000026fd3727890 JavaThread "Unconstrained build operations Thread 24"        [_thread_blocked, id=8328, stack(0x000000dda8400000,0x000000dda8500000) (1024K)]
  0x0000026fd37285b0 JavaThread "Unconstrained build operations Thread 25"        [_thread_blocked, id=3820, stack(0x000000dda6600000,0x000000dda6700000) (1024K)]
  0x0000026fd3729ff0 JavaThread "Unconstrained build operations Thread 26"        [_thread_blocked, id=144, stack(0x000000dda8500000,0x000000dda8600000) (1024K)]
  0x0000026fd372a680 JavaThread "Unconstrained build operations Thread 27"        [_thread_blocked, id=18036, stack(0x000000dda8600000,0x000000dda8700000) (1024K)]
  0x0000026fd3728c40 JavaThread "Unconstrained build operations Thread 28"        [_thread_blocked, id=19140, stack(0x000000dda8700000,0x000000dda8800000) (1024K)]
  0x0000026fd37292d0 JavaThread "Unconstrained build operations Thread 29"        [_thread_blocked, id=14208, stack(0x000000dda8800000,0x000000dda8900000) (1024K)]
  0x0000026fd3729960 JavaThread "Unconstrained build operations Thread 30"        [_thread_blocked, id=4136, stack(0x000000dda8900000,0x000000dda8a00000) (1024K)]
  0x0000026fd340c180 JavaThread "Unconstrained build operations Thread 31"        [_thread_blocked, id=21616, stack(0x000000dda8a00000,0x000000dda8b00000) (1024K)]
  0x0000026fd340c810 JavaThread "Unconstrained build operations Thread 32"        [_thread_blocked, id=15060, stack(0x000000dda8b00000,0x000000dda8c00000) (1024K)]
  0x0000026fd340cea0 JavaThread "Unconstrained build operations Thread 33"        [_thread_blocked, id=4204, stack(0x000000dda8c00000,0x000000dda8d00000) (1024K)]
  0x0000026fd340a740 JavaThread "Unconstrained build operations Thread 34"        [_thread_blocked, id=17392, stack(0x000000dda8d00000,0x000000dda8e00000) (1024K)]
  0x0000026fd340d530 JavaThread "Unconstrained build operations Thread 35"        [_thread_blocked, id=23888, stack(0x000000dda8e00000,0x000000dda8f00000) (1024K)]
  0x0000026fd340b460 JavaThread "Unconstrained build operations Thread 36"        [_thread_blocked, id=24084, stack(0x000000dda8f00000,0x000000dda9000000) (1024K)]
  0x0000026fd340dbc0 JavaThread "Unconstrained build operations Thread 37"        [_thread_blocked, id=6376, stack(0x000000dda9000000,0x000000dda9100000) (1024K)]
  0x0000026fd340e250 JavaThread "Unconstrained build operations Thread 38"        [_thread_blocked, id=20116, stack(0x000000dda9100000,0x000000dda9200000) (1024K)]
  0x0000026fd340add0 JavaThread "Unconstrained build operations Thread 39"        [_thread_in_native, id=14176, stack(0x000000dda9200000,0x000000dda9300000) (1024K)]
  0x0000026fd340e8e0 JavaThread "Unconstrained build operations Thread 40"        [_thread_in_Java, id=7972, stack(0x000000dda9300000,0x000000dda9400000) (1024K)]
  0x0000026fd340baf0 JavaThread "Unconstrained build operations Thread 41"        [_thread_in_native, id=2052, stack(0x000000dda9400000,0x000000dda9500000) (1024K)]
  0x0000026fd3411d60 JavaThread "Unconstrained build operations Thread 42"        [_thread_in_native, id=12528, stack(0x000000dda9500000,0x000000dda9600000) (1024K)]
  0x0000026fd340fc90 JavaThread "Unconstrained build operations Thread 43"        [_thread_in_native, id=17952, stack(0x000000dda9600000,0x000000dda9700000) (1024K)]
  0x0000026fd34116d0 JavaThread "Unconstrained build operations Thread 44"        [_thread_in_native, id=8044, stack(0x000000dda9700000,0x000000dda9800000) (1024K)]
  0x0000026fd3410320 JavaThread "Unconstrained build operations Thread 45"        [_thread_in_native, id=3660, stack(0x000000dda9800000,0x000000dda9900000) (1024K)]
  0x0000026fd215a7d0 JavaThread "C2 CompilerThread2"         daemon [_thread_in_native, id=12376, stack(0x000000dda9900000,0x000000dda9a00000) (1024K)]
Total: 87

Other Threads:
  0x0000026fd2008070 VMThread "VM Thread"                           [id=22956, stack(0x000000dda3b00000,0x000000dda3c00000) (1024K)]
  0x0000026fcdd95530 WatcherThread "VM Periodic Task Thread"        [id=4200, stack(0x000000dda3a00000,0x000000dda3b00000) (1024K)]
  0x0000026fb67621c0 WorkerThread "GC Thread#0"                     [id=18120, stack(0x000000dda3500000,0x000000dda3600000) (1024K)]
  0x0000026fd2931880 WorkerThread "GC Thread#1"                     [id=8956, stack(0x000000dda4700000,0x000000dda4800000) (1024K)]
  0x0000026fd290dd20 WorkerThread "GC Thread#2"                     [id=3356, stack(0x000000dda4800000,0x000000dda4900000) (1024K)]
  0x0000026fd2855470 WorkerThread "GC Thread#3"                     [id=24544, stack(0x000000dda4a00000,0x000000dda4b00000) (1024K)]
  0x0000026fd3163aa0 WorkerThread "GC Thread#4"                     [id=2776, stack(0x000000dda4b00000,0x000000dda4c00000) (1024K)]
  0x0000026fd32401e0 WorkerThread "GC Thread#5"                     [id=21312, stack(0x000000dda4900000,0x000000dda4a00000) (1024K)]
  0x0000026fd3240590 WorkerThread "GC Thread#6"                     [id=14248, stack(0x000000dda4c00000,0x000000dda4d00000) (1024K)]
  0x0000026fd3240940 WorkerThread "GC Thread#7"                     [id=23556, stack(0x000000dda4d00000,0x000000dda4e00000) (1024K)]
  0x0000026fb6774eb0 ConcurrentGCThread "G1 Main Marker"            [id=16204, stack(0x000000dda3600000,0x000000dda3700000) (1024K)]
  0x0000026fb67758d0 WorkerThread "G1 Conc#0"                       [id=2584, stack(0x000000dda3700000,0x000000dda3800000) (1024K)]
  0x0000026fd4b30c50 WorkerThread "G1 Conc#1"                       [id=20636, stack(0x000000dda5500000,0x000000dda5600000) (1024K)]
  0x0000026fcdc62560 ConcurrentGCThread "G1 Refine#0"               [id=1372, stack(0x000000dda3800000,0x000000dda3900000) (1024K)]
  0x0000026fcdc62ef0 ConcurrentGCThread "G1 Service"                [id=6424, stack(0x000000dda3900000,0x000000dda3a00000) (1024K)]
Total: 15

Threads with active compile tasks:
C2 CompilerThread0  12647 8622       4       org.gradle.cache.internal.btree.BTreePersistentIndexedCache::access$1200 (10 bytes)
C2 CompilerThread1  12647 8626       4       org.gradle.cache.internal.btree.BTreePersistentIndexedCache$IndexBlock::find (140 bytes)
C2 CompilerThread2  12647 8518       4       org.gradle.cache.internal.btree.FreeListBlockStore::read (12 bytes)
Total: 3

VM state: not at safepoint (normal execution)

VM Mutex/Monitor currently owned by a thread: None

Heap address: 0x0000000080000000, size: 2048 MB, Compressed Oops mode: 32-bit

CDS archive(s) not mapped
Compressed class space mapped at: 0x0000000100000000-0x0000000140000000, reserved size: 1073741824
Narrow klass base: 0x0000000000000000, Narrow klass shift: 3, Narrow klass range: 0x140000000

GC Precious Log:
 CardTable entry size: 512
 Card Set container configuration: InlinePtr #cards 5 size 8 Array Of Cards #cards 12 size 40 Howl #buckets 4 coarsen threshold 1843 Howl Bitmap #cards 512 size 80 coarsen threshold 460 Card regions per heap region 1 cards per card region 2048
 CPUs: 8 total, 8 available
 Memory: 7502M
 Large Page Support: Disabled
 NUMA Support: Disabled
 Compressed Oops: Enabled (32-bit)
 Heap Region Size: 1M
 Heap Min Capacity: 8M
 Heap Initial Capacity: 118M
 Heap Max Capacity: 2G
 Pre-touch: Disabled
 Parallel Workers: 8
 Concurrent Workers: 2
 Concurrent Refinement Workers: 8
 Periodic GC: Disabled

Heap:
 garbage-first heap   total 113664K, used 77833K [0x0000000080000000, 0x0000000100000000)
  region size 1024K, 28 young (28672K), 3 survivors (3072K)
 Metaspace       used 71565K, committed 73472K, reserved 1114112K
  class space    used 10185K, committed 11072K, reserved 1048576K

Heap Regions: E=young(eden), S=young(survivor), O=old, HS=humongous(starts), HC=humongous(continues), CS=collection set, F=free, TAMS=top-at-mark-start, PB=parsable bottom
|   0|0x0000000080000000, 0x0000000080100000, 0x0000000080100000|100%|HS|  |TAMS 0x0000000080000000| PB 0x0000000080000000| Complete 
|   1|0x0000000080100000, 0x0000000080200000, 0x0000000080200000|100%|HC|  |TAMS 0x0000000080100000| PB 0x0000000080100000| Complete 
|   2|0x0000000080200000, 0x0000000080300000, 0x0000000080300000|100%|HC|  |TAMS 0x0000000080200000| PB 0x0000000080200000| Complete 
|   3|0x0000000080300000, 0x0000000080400000, 0x0000000080400000|100%|HC|  |TAMS 0x0000000080300000| PB 0x0000000080300000| Complete 
|   4|0x0000000080400000, 0x0000000080500000, 0x0000000080500000|100%| O|  |TAMS 0x0000000080400000| PB 0x0000000080400000| Untracked 
|   5|0x0000000080500000, 0x0000000080600000, 0x0000000080600000|100%| O|  |TAMS 0x0000000080500000| PB 0x0000000080500000| Untracked 
|   6|0x0000000080600000, 0x0000000080700000, 0x0000000080700000|100%| O|  |TAMS 0x0000000080600000| PB 0x0000000080600000| Untracked 
|   7|0x0000000080700000, 0x0000000080800000, 0x0000000080800000|100%|HS|  |TAMS 0x0000000080700000| PB 0x0000000080700000| Complete 
|   8|0x0000000080800000, 0x0000000080900000, 0x0000000080900000|100%| O|  |TAMS 0x0000000080800000| PB 0x0000000080800000| Untracked 
|   9|0x0000000080900000, 0x0000000080a00000, 0x0000000080a00000|100%| O|  |TAMS 0x0000000080900000| PB 0x0000000080900000| Untracked 
|  10|0x0000000080a00000, 0x0000000080b00000, 0x0000000080b00000|100%| O|  |TAMS 0x0000000080a00000| PB 0x0000000080a00000| Untracked 
|  11|0x0000000080b00000, 0x0000000080c00000, 0x0000000080c00000|100%| O|  |TAMS 0x0000000080b00000| PB 0x0000000080b00000| Untracked 
|  12|0x0000000080c00000, 0x0000000080d00000, 0x0000000080d00000|100%| O|  |TAMS 0x0000000080c00000| PB 0x0000000080c00000| Untracked 
|  13|0x0000000080d00000, 0x0000000080e00000, 0x0000000080e00000|100%| O|  |TAMS 0x0000000080d00000| PB 0x0000000080d00000| Untracked 
|  14|0x0000000080e00000, 0x0000000080f00000, 0x0000000080f00000|100%| O|  |TAMS 0x0000000080e00000| PB 0x0000000080e00000| Untracked 
|  15|0x0000000080f00000, 0x0000000081000000, 0x0000000081000000|100%| O|  |TAMS 0x0000000080f00000| PB 0x0000000080f00000| Untracked 
|  16|0x0000000081000000, 0x0000000081100000, 0x0000000081100000|100%| O|  |TAMS 0x0000000081000000| PB 0x0000000081000000| Untracked 
|  17|0x0000000081100000, 0x0000000081200000, 0x0000000081200000|100%| O|  |TAMS 0x0000000081100000| PB 0x0000000081100000| Untracked 
|  18|0x0000000081200000, 0x0000000081300000, 0x0000000081300000|100%| O|  |TAMS 0x0000000081200000| PB 0x0000000081200000| Untracked 
|  19|0x0000000081300000, 0x0000000081400000, 0x0000000081400000|100%| O|  |TAMS 0x0000000081300000| PB 0x0000000081300000| Untracked 
|  20|0x0000000081400000, 0x0000000081500000, 0x0000000081500000|100%| O|  |TAMS 0x0000000081400000| PB 0x0000000081400000| Untracked 
|  21|0x0000000081500000, 0x0000000081600000, 0x0000000081600000|100%| O|  |TAMS 0x0000000081500000| PB 0x0000000081500000| Untracked 
|  22|0x0000000081600000, 0x0000000081700000, 0x0000000081700000|100%| O|  |TAMS 0x0000000081600000| PB 0x0000000081600000| Untracked 
|  23|0x0000000081700000, 0x0000000081800000, 0x0000000081800000|100%| O|  |TAMS 0x0000000081700000| PB 0x0000000081700000| Untracked 
|  24|0x0000000081800000, 0x0000000081900000, 0x0000000081900000|100%| O|  |TAMS 0x0000000081800000| PB 0x0000000081800000| Untracked 
|  25|0x0000000081900000, 0x0000000081a00000, 0x0000000081a00000|100%| O|  |TAMS 0x0000000081900000| PB 0x0000000081900000| Untracked 
|  26|0x0000000081a00000, 0x0000000081b00000, 0x0000000081b00000|100%| O|  |TAMS 0x0000000081a00000| PB 0x0000000081a00000| Untracked 
|  27|0x0000000081b00000, 0x0000000081c00000, 0x0000000081c00000|100%| O|  |TAMS 0x0000000081b00000| PB 0x0000000081b00000| Untracked 
|  28|0x0000000081c00000, 0x0000000081d00000, 0x0000000081d00000|100%| O|  |TAMS 0x0000000081c00000| PB 0x0000000081c00000| Untracked 
|  29|0x0000000081d00000, 0x0000000081e00000, 0x0000000081e00000|100%| O|  |TAMS 0x0000000081d00000| PB 0x0000000081d00000| Untracked 
|  30|0x0000000081e00000, 0x0000000081f00000, 0x0000000081f00000|100%| O|  |TAMS 0x0000000081e00000| PB 0x0000000081e00000| Untracked 
|  31|0x0000000081f00000, 0x0000000081f00000, 0x0000000082000000|  0%| F|  |TAMS 0x0000000081f00000| PB 0x0000000081f00000| Untracked 
|  32|0x0000000082000000, 0x0000000082100000, 0x0000000082100000|100%| O|  |TAMS 0x0000000082000000| PB 0x0000000082000000| Untracked 
|  33|0x0000000082100000, 0x0000000082200000, 0x0000000082200000|100%| O|  |TAMS 0x0000000082100000| PB 0x0000000082100000| Untracked 
|  34|0x0000000082200000, 0x0000000082300000, 0x0000000082300000|100%| O|  |TAMS 0x0000000082200000| PB 0x0000000082200000| Untracked 
|  35|0x0000000082300000, 0x0000000082400000, 0x0000000082400000|100%|HS|  |TAMS 0x0000000082300000| PB 0x0000000082300000| Complete 
|  36|0x0000000082400000, 0x0000000082500000, 0x0000000082500000|100%|HC|  |TAMS 0x0000000082400000| PB 0x0000000082400000| Complete 
|  37|0x0000000082500000, 0x0000000082600000, 0x0000000082600000|100%| O|  |TAMS 0x0000000082500000| PB 0x0000000082500000| Untracked 
|  38|0x0000000082600000, 0x0000000082700000, 0x0000000082700000|100%| O|  |TAMS 0x0000000082600000| PB 0x0000000082600000| Untracked 
|  39|0x0000000082700000, 0x0000000082800000, 0x0000000082800000|100%| O|  |TAMS 0x0000000082700000| PB 0x0000000082700000| Untracked 
|  40|0x0000000082800000, 0x0000000082900000, 0x0000000082900000|100%| O|  |TAMS 0x0000000082800000| PB 0x0000000082800000| Untracked 
|  41|0x0000000082900000, 0x0000000082a00000, 0x0000000082a00000|100%| O|  |TAMS 0x0000000082900000| PB 0x0000000082900000| Untracked 
|  42|0x0000000082a00000, 0x0000000082b00000, 0x0000000082b00000|100%| O|  |TAMS 0x0000000082a00000| PB 0x0000000082a00000| Untracked 
|  43|0x0000000082b00000, 0x0000000082c00000, 0x0000000082c00000|100%| O|  |TAMS 0x0000000082b00000| PB 0x0000000082b00000| Untracked 
|  44|0x0000000082c00000, 0x0000000082d00000, 0x0000000082d00000|100%| O|  |TAMS 0x0000000082c00000| PB 0x0000000082c00000| Untracked 
|  45|0x0000000082d00000, 0x0000000082e00000, 0x0000000082e00000|100%| O|  |TAMS 0x0000000082d00000| PB 0x0000000082d00000| Untracked 
|  46|0x0000000082e00000, 0x0000000082f00000, 0x0000000082f00000|100%| O|  |TAMS 0x0000000082e00000| PB 0x0000000082e00000| Untracked 
|  47|0x0000000082f00000, 0x0000000082f48840, 0x0000000083000000| 28%| O|  |TAMS 0x0000000082f00000| PB 0x0000000082f00000| Untracked 
|  48|0x0000000083000000, 0x0000000083000000, 0x0000000083100000|  0%| F|  |TAMS 0x0000000083000000| PB 0x0000000083000000| Untracked 
|  49|0x0000000083100000, 0x0000000083200000, 0x0000000083200000|100%| O|  |TAMS 0x0000000083100000| PB 0x0000000083100000| Untracked 
|  50|0x0000000083200000, 0x0000000083300000, 0x0000000083300000|100%| O|  |TAMS 0x0000000083200000| PB 0x0000000083200000| Untracked 
|  51|0x0000000083300000, 0x0000000083400000, 0x0000000083400000|100%| O|  |TAMS 0x0000000083300000| PB 0x0000000083300000| Untracked 
|  52|0x0000000083400000, 0x0000000083400000, 0x0000000083500000|  0%| F|  |TAMS 0x0000000083400000| PB 0x0000000083400000| Untracked 
|  53|0x0000000083500000, 0x0000000083500000, 0x0000000083600000|  0%| F|  |TAMS 0x0000000083500000| PB 0x0000000083500000| Untracked 
|  54|0x0000000083600000, 0x0000000083600000, 0x0000000083700000|  0%| F|  |TAMS 0x0000000083600000| PB 0x0000000083600000| Untracked 
|  55|0x0000000083700000, 0x0000000083700000, 0x0000000083800000|  0%| F|  |TAMS 0x0000000083700000| PB 0x0000000083700000| Untracked 
|  56|0x0000000083800000, 0x0000000083800000, 0x0000000083900000|  0%| F|  |TAMS 0x0000000083800000| PB 0x0000000083800000| Untracked 
|  57|0x0000000083900000, 0x00000000839b9e20, 0x0000000083a00000| 72%| S|CS|TAMS 0x0000000083900000| PB 0x0000000083900000| Complete 
|  58|0x0000000083a00000, 0x0000000083b00000, 0x0000000083b00000|100%| S|CS|TAMS 0x0000000083a00000| PB 0x0000000083a00000| Complete 
|  59|0x0000000083b00000, 0x0000000083c00000, 0x0000000083c00000|100%| S|CS|TAMS 0x0000000083b00000| PB 0x0000000083b00000| Complete 
|  60|0x0000000083c00000, 0x0000000083c00000, 0x0000000083d00000|  0%| F|  |TAMS 0x0000000083c00000| PB 0x0000000083c00000| Untracked 
|  61|0x0000000083d00000, 0x0000000083d00000, 0x0000000083e00000|  0%| F|  |TAMS 0x0000000083d00000| PB 0x0000000083d00000| Untracked 
|  62|0x0000000083e00000, 0x0000000083e00000, 0x0000000083f00000|  0%| F|  |TAMS 0x0000000083e00000| PB 0x0000000083e00000| Untracked 
|  63|0x0000000083f00000, 0x0000000083f00000, 0x0000000084000000|  0%| F|  |TAMS 0x0000000083f00000| PB 0x0000000083f00000| Untracked 
|  64|0x0000000084000000, 0x0000000084000000, 0x0000000084100000|  0%| F|  |TAMS 0x0000000084000000| PB 0x0000000084000000| Untracked 
|  65|0x0000000084100000, 0x0000000084100000, 0x0000000084200000|  0%| F|  |TAMS 0x0000000084100000| PB 0x0000000084100000| Untracked 
|  66|0x0000000084200000, 0x0000000084200000, 0x0000000084300000|  0%| F|  |TAMS 0x0000000084200000| PB 0x0000000084200000| Untracked 
|  67|0x0000000084300000, 0x0000000084300000, 0x0000000084400000|  0%| F|  |TAMS 0x0000000084300000| PB 0x0000000084300000| Untracked 
|  68|0x0000000084400000, 0x0000000084400000, 0x0000000084500000|  0%| F|  |TAMS 0x0000000084400000| PB 0x0000000084400000| Untracked 
|  69|0x0000000084500000, 0x0000000084500000, 0x0000000084600000|  0%| F|  |TAMS 0x0000000084500000| PB 0x0000000084500000| Untracked 
|  70|0x0000000084600000, 0x0000000084600000, 0x0000000084700000|  0%| F|  |TAMS 0x0000000084600000| PB 0x0000000084600000| Untracked 
|  71|0x0000000084700000, 0x0000000084700000, 0x0000000084800000|  0%| F|  |TAMS 0x0000000084700000| PB 0x0000000084700000| Untracked 
|  72|0x0000000084800000, 0x0000000084800000, 0x0000000084900000|  0%| F|  |TAMS 0x0000000084800000| PB 0x0000000084800000| Untracked 
|  73|0x0000000084900000, 0x0000000084900000, 0x0000000084a00000|  0%| F|  |TAMS 0x0000000084900000| PB 0x0000000084900000| Untracked 
|  74|0x0000000084a00000, 0x0000000084a00000, 0x0000000084b00000|  0%| F|  |TAMS 0x0000000084a00000| PB 0x0000000084a00000| Untracked 
|  75|0x0000000084b00000, 0x0000000084b00000, 0x0000000084c00000|  0%| F|  |TAMS 0x0000000084b00000| PB 0x0000000084b00000| Untracked 
|  76|0x0000000084c00000, 0x0000000084c00000, 0x0000000084d00000|  0%| F|  |TAMS 0x0000000084c00000| PB 0x0000000084c00000| Untracked 
|  77|0x0000000084d00000, 0x0000000084d00000, 0x0000000084e00000|  0%| F|  |TAMS 0x0000000084d00000| PB 0x0000000084d00000| Untracked 
|  78|0x0000000084e00000, 0x0000000084e00000, 0x0000000084f00000|  0%| F|  |TAMS 0x0000000084e00000| PB 0x0000000084e00000| Untracked 
|  79|0x0000000084f00000, 0x0000000084f00000, 0x0000000085000000|  0%| F|  |TAMS 0x0000000084f00000| PB 0x0000000084f00000| Untracked 
|  80|0x0000000085000000, 0x0000000085000000, 0x0000000085100000|  0%| F|  |TAMS 0x0000000085000000| PB 0x0000000085000000| Untracked 
|  81|0x0000000085100000, 0x0000000085100000, 0x0000000085200000|  0%| F|  |TAMS 0x0000000085100000| PB 0x0000000085100000| Untracked 
|  82|0x0000000085200000, 0x0000000085200000, 0x0000000085300000|  0%| F|  |TAMS 0x0000000085200000| PB 0x0000000085200000| Untracked 
|  83|0x0000000085300000, 0x0000000085300000, 0x0000000085400000|  0%| F|  |TAMS 0x0000000085300000| PB 0x0000000085300000| Untracked 
|  84|0x0000000085400000, 0x00000000854cb608, 0x0000000085500000| 79%| E|  |TAMS 0x0000000085400000| PB 0x0000000085400000| Complete 
|  85|0x0000000085500000, 0x0000000085600000, 0x0000000085600000|100%| E|CS|TAMS 0x0000000085500000| PB 0x0000000085500000| Complete 
|  86|0x0000000085600000, 0x0000000085700000, 0x0000000085700000|100%| E|CS|TAMS 0x0000000085600000| PB 0x0000000085600000| Complete 
|  87|0x0000000085700000, 0x0000000085800000, 0x0000000085800000|100%| E|CS|TAMS 0x0000000085700000| PB 0x0000000085700000| Complete 
|  88|0x0000000085800000, 0x0000000085900000, 0x0000000085900000|100%| E|CS|TAMS 0x0000000085800000| PB 0x0000000085800000| Complete 
|  89|0x0000000085900000, 0x0000000085a00000, 0x0000000085a00000|100%| E|CS|TAMS 0x0000000085900000| PB 0x0000000085900000| Complete 
|  90|0x0000000085a00000, 0x0000000085b00000, 0x0000000085b00000|100%| E|CS|TAMS 0x0000000085a00000| PB 0x0000000085a00000| Complete 
|  91|0x0000000085b00000, 0x0000000085c00000, 0x0000000085c00000|100%| E|CS|TAMS 0x0000000085b00000| PB 0x0000000085b00000| Complete 
|  92|0x0000000085c00000, 0x0000000085d00000, 0x0000000085d00000|100%| E|CS|TAMS 0x0000000085c00000| PB 0x0000000085c00000| Complete 
|  93|0x0000000085d00000, 0x0000000085e00000, 0x0000000085e00000|100%| E|CS|TAMS 0x0000000085d00000| PB 0x0000000085d00000| Complete 
|  94|0x0000000085e00000, 0x0000000085f00000, 0x0000000085f00000|100%| E|CS|TAMS 0x0000000085e00000| PB 0x0000000085e00000| Complete 
|  95|0x0000000085f00000, 0x0000000086000000, 0x0000000086000000|100%| E|CS|TAMS 0x0000000085f00000| PB 0x0000000085f00000| Complete 
|  96|0x0000000086000000, 0x0000000086100000, 0x0000000086100000|100%| E|CS|TAMS 0x0000000086000000| PB 0x0000000086000000| Complete 
|  97|0x0000000086100000, 0x0000000086200000, 0x0000000086200000|100%| E|CS|TAMS 0x0000000086100000| PB 0x0000000086100000| Complete 
|  98|0x0000000086200000, 0x0000000086300000, 0x0000000086300000|100%| E|CS|TAMS 0x0000000086200000| PB 0x0000000086200000| Complete 
|  99|0x0000000086300000, 0x0000000086400000, 0x0000000086400000|100%| E|CS|TAMS 0x0000000086300000| PB 0x0000000086300000| Complete 
| 100|0x0000000086400000, 0x0000000086500000, 0x0000000086500000|100%| E|CS|TAMS 0x0000000086400000| PB 0x0000000086400000| Complete 
| 101|0x0000000086500000, 0x0000000086600000, 0x0000000086600000|100%| E|CS|TAMS 0x0000000086500000| PB 0x0000000086500000| Complete 
| 102|0x0000000086600000, 0x0000000086700000, 0x0000000086700000|100%| E|CS|TAMS 0x0000000086600000| PB 0x0000000086600000| Complete 
| 103|0x0000000086700000, 0x0000000086800000, 0x0000000086800000|100%| E|CS|TAMS 0x0000000086700000| PB 0x0000000086700000| Complete 
| 104|0x0000000086800000, 0x0000000086900000, 0x0000000086900000|100%| E|CS|TAMS 0x0000000086800000| PB 0x0000000086800000| Complete 
| 105|0x0000000086900000, 0x0000000086a00000, 0x0000000086a00000|100%| E|CS|TAMS 0x0000000086900000| PB 0x0000000086900000| Complete 
| 106|0x0000000086a00000, 0x0000000086b00000, 0x0000000086b00000|100%| E|CS|TAMS 0x0000000086a00000| PB 0x0000000086a00000| Complete 
| 107|0x0000000086b00000, 0x0000000086c00000, 0x0000000086c00000|100%| E|CS|TAMS 0x0000000086b00000| PB 0x0000000086b00000| Complete 
| 108|0x0000000086c00000, 0x0000000086d00000, 0x0000000086d00000|100%| E|CS|TAMS 0x0000000086c00000| PB 0x0000000086c00000| Complete 
| 117|0x0000000087500000, 0x0000000087600000, 0x0000000087600000|100%| E|CS|TAMS 0x0000000087500000| PB 0x0000000087500000| Complete 
|2047|0x00000000fff00000, 0x0000000100000000, 0x0000000100000000|100%| E|CS|TAMS 0x00000000fff00000| PB 0x00000000fff00000| Complete 

Card table byte_map: [0x0000026fc8fa0000,0x0000026fc93a0000] _byte_map_base: 0x0000026fc8ba0000

Marking Bits: (CMBitMap*) 0x0000026fb67627e0
 Bits: [0x0000026fc93a0000, 0x0000026fcb3a0000)

Polling page: 0x0000026fb47e0000

Metaspace:

Usage:
  Non-class:     59.94 MB used.
      Class:      9.95 MB used.
       Both:     69.89 MB used.

Virtual space:
  Non-class space:       64.00 MB reserved,      60.94 MB ( 95%) committed,  1 nodes.
      Class space:        1.00 GB reserved,      10.81 MB (  1%) committed,  1 nodes.
             Both:        1.06 GB reserved,      71.75 MB (  7%) committed. 

Chunk freelists:
   Non-Class:  2.23 MB
       Class:  5.02 MB
        Both:  7.25 MB

MaxMetaspaceSize: unlimited
CompressedClassSpaceSize: 1.00 GB
Initial GC threshold: 21.00 MB
Current GC threshold: 119.38 MB
CDS: off
 - commit_granule_bytes: 65536.
 - commit_granule_words: 8192.
 - virtual_space_node_default_size: 8388608.
 - enlarge_chunks_in_place: 1.
 - use_allocation_guard: 0.


Internal statistics:

num_allocs_failed_limit: 9.
num_arena_births: 3564.
num_arena_deaths: 0.
num_vsnodes_births: 2.
num_vsnodes_deaths: 0.
num_space_committed: 1148.
num_space_uncommitted: 0.
num_chunks_returned_to_freelist: 9.
num_chunks_taken_from_freelist: 6644.
num_chunk_merges: 6.
num_chunk_splits: 4289.
num_chunks_enlarged: 2613.
num_inconsistent_stats: 0.

CodeHeap 'non-profiled nmethods': size=120000Kb used=4018Kb max_used=4431Kb free=115982Kb
 bounds [0x0000026fc1340000, 0x0000026fc17a0000, 0x0000026fc8870000]
CodeHeap 'profiled nmethods': size=120000Kb used=13594Kb max_used=13594Kb free=106405Kb
 bounds [0x0000026fb9870000, 0x0000026fba5c0000, 0x0000026fc0da0000]
CodeHeap 'non-nmethods': size=5760Kb used=1898Kb max_used=1952Kb free=3861Kb
 bounds [0x0000026fc0da0000, 0x0000026fc1010000, 0x0000026fc1340000]
CodeCache: size=245760Kb, used=19510Kb, max_used=19977Kb, free=226248Kb
 total_blobs=8137, nmethods=7351, adapters=690, full_count=0
Compilation: enabled, stopped_count=0, restarted_count=0

Compilation events (20 events):
Event: 12.591 Thread 0x0000026fd20abe10 8659       3       org.gradle.internal.watch.registry.impl.HierarchicalFileWatcherUpdater$$Lambda/0x00000001006b0258::test (16 bytes)
Event: 12.591 Thread 0x0000026fd20abe10 nmethod 8659 0x0000026fba5a1390 code [0x0000026fba5a1580, 0x0000026fba5a1a20]
Event: 12.591 Thread 0x0000026fd20abe10 8660       3       org.gradle.internal.watch.registry.impl.HierarchicalFileWatcherUpdater::lambda$handleVirtualFileSystemContentsChanged$0 (34 bytes)
Event: 12.592 Thread 0x0000026fd20abe10 nmethod 8660 0x0000026fba5a1c10 code [0x0000026fba5a1de0, 0x0000026fba5a2158]
Event: 12.592 Thread 0x0000026fd20abe10 8661       3       org.gradle.internal.vfs.impl.DefaultSnapshotHierarchy::rootSnapshotsUnder (25 bytes)
Event: 12.593 Thread 0x0000026fd20abe10 nmethod 8661 0x0000026fba5a2290 code [0x0000026fba5a2540, 0x0000026fba5a3278]
Event: 12.593 Thread 0x0000026fd20abe10 8662       3       org.gradle.internal.vfs.impl.DefaultFileSystemAccess$$Lambda/0x00000001006a2958::snapshot (21 bytes)
Event: 12.593 Thread 0x0000026fd20abe10 nmethod 8662 0x0000026fba5a3690 code [0x0000026fba5a3840, 0x0000026fba5a3998]
Event: 12.599 Thread 0x0000026fd20abe10 8663       3       org.gradle.api.internal.artifacts.transform.TransformExecutionResult$Builder$MixedInputAndProducedOutputResult$$Lambda/0x0000000100833738::<init> (10 bytes)
Event: 12.599 Thread 0x0000026fd20abe10 nmethod 8663 0x0000026fba5a3a90 code [0x0000026fba5a3c40, 0x0000026fba5a3df8]
Event: 12.600 Thread 0x0000026fd20abe10 8664       3       org.gradle.api.internal.artifacts.transform.TransformExecutionResult$Builder$MixedInputAndProducedOutputResult::resolveForWorkspace (37 bytes)
Event: 12.601 Thread 0x0000026fd20abe10 nmethod 8664 0x0000026fba5a3e90 code [0x0000026fba5a4160, 0x0000026fba5a5170]
Event: 12.601 Thread 0x0000026fd20abe10 8665       3       org.gradle.api.internal.artifacts.transform.TransformExecutionResult$Builder$EntireInputArtifact::resolveForWorkspace (2 bytes)
Event: 12.601 Thread 0x0000026fd20abe10 nmethod 8665 0x0000026fba06c010 code [0x0000026fba06c1a0, 0x0000026fba06c2b0]
Event: 12.602 Thread 0x0000026fd20abe10 8666       3       org.gradle.cache.internal.DefaultCacheFactory$ReferenceTrackingCache::withFileLock (14 bytes)
Event: 12.602 Thread 0x0000026fd20abe10 nmethod 8666 0x0000026fba5a5690 code [0x0000026fba5a5860, 0x0000026fba5a5bb8]
Event: 12.602 Thread 0x0000026fd20abe10 8667       3       org.gradle.cache.internal.DefaultPersistentDirectoryStore::withFileLock (9 bytes)
Event: 12.603 Thread 0x0000026fd20abe10 nmethod 8667 0x0000026fba5a5d90 code [0x0000026fba5a5f40, 0x0000026fba5a6170]
Event: 12.603 Thread 0x0000026fd20abe10 8668       3       org.gradle.cache.internal.DefaultCacheCoordinator::withFileLock (9 bytes)
Event: 12.603 Thread 0x0000026fd20abe10 nmethod 8668 0x0000026fba5a6290 code [0x0000026fba5a6440, 0x0000026fba5a6610]

GC Heap History (20 events):
Event: 8.865 GC heap before
{Heap before GC invocations=15 (full 0):
 garbage-first heap   total 91136K, used 50900K [0x0000000080000000, 0x0000000100000000)
  region size 1024K, 9 young (9216K), 1 survivors (1024K)
 Metaspace       used 58688K, committed 60288K, reserved 1114112K
  class space    used 8337K, committed 9088K, reserved 1048576K
}
Event: 8.868 GC heap after
{Heap after GC invocations=16 (full 0):
 garbage-first heap   total 91136K, used 43815K [0x0000000080000000, 0x0000000100000000)
  region size 1024K, 1 young (1024K), 1 survivors (1024K)
 Metaspace       used 58688K, committed 60288K, reserved 1114112K
  class space    used 8337K, committed 9088K, reserved 1048576K
}
Event: 9.706 GC heap before
{Heap before GC invocations=17 (full 0):
 garbage-first heap   total 91136K, used 83751K [0x0000000080000000, 0x0000000100000000)
  region size 1024K, 40 young (40960K), 1 survivors (1024K)
 Metaspace       used 63697K, committed 65472K, reserved 1114112K
  class space    used 9054K, committed 9856K, reserved 1048576K
}
Event: 9.709 GC heap after
{Heap after GC invocations=18 (full 0):
 garbage-first heap   total 91136K, used 45476K [0x0000000080000000, 0x0000000100000000)
  region size 1024K, 3 young (3072K), 3 survivors (3072K)
 Metaspace       used 63697K, committed 65472K, reserved 1114112K
  class space    used 9054K, committed 9856K, reserved 1048576K
}
Event: 10.262 GC heap before
{Heap before GC invocations=18 (full 0):
 garbage-first heap   total 91136K, used 83364K [0x0000000080000000, 0x0000000100000000)
  region size 1024K, 40 young (40960K), 3 survivors (3072K)
 Metaspace       used 68617K, committed 70464K, reserved 1114112K
  class space    used 9827K, committed 10688K, reserved 1048576K
}
Event: 10.267 GC heap after
{Heap after GC invocations=19 (full 0):
 garbage-first heap   total 91136K, used 46995K [0x0000000080000000, 0x0000000100000000)
  region size 1024K, 5 young (5120K), 5 survivors (5120K)
 Metaspace       used 68617K, committed 70464K, reserved 1114112K
  class space    used 9827K, committed 10688K, reserved 1048576K
}
Event: 11.328 GC heap before
{Heap before GC invocations=19 (full 0):
 garbage-first heap   total 91136K, used 82835K [0x0000000080000000, 0x0000000100000000)
  region size 1024K, 41 young (41984K), 5 survivors (5120K)
 Metaspace       used 71085K, committed 72960K, reserved 1114112K
  class space    used 10184K, committed 11072K, reserved 1048576K
}
Event: 11.337 GC heap after
{Heap after GC invocations=20 (full 0):
 garbage-first heap   total 93184K, used 50386K [0x0000000080000000, 0x0000000100000000)
  region size 1024K, 6 young (6144K), 6 survivors (6144K)
 Metaspace       used 71085K, committed 72960K, reserved 1114112K
  class space    used 10184K, committed 11072K, reserved 1048576K
}
Event: 11.642 GC heap before
{Heap before GC invocations=21 (full 0):
 garbage-first heap   total 93184K, used 85202K [0x0000000080000000, 0x0000000100000000)
  region size 1024K, 40 young (40960K), 6 survivors (6144K)
 Metaspace       used 71225K, committed 73088K, reserved 1114112K
  class space    used 10185K, committed 11072K, reserved 1048576K
}
Event: 11.648 GC heap after
{Heap after GC invocations=22 (full 0):
 garbage-first heap   total 94208K, used 51639K [0x0000000080000000, 0x0000000100000000)
  region size 1024K, 2 young (2048K), 2 survivors (2048K)
 Metaspace       used 71225K, committed 73088K, reserved 1114112K
  class space    used 10185K, committed 11072K, reserved 1048576K
}
Event: 11.881 GC heap before
{Heap before GC invocations=22 (full 0):
 garbage-first heap   total 94208K, used 85431K [0x0000000080000000, 0x0000000100000000)
  region size 1024K, 36 young (36864K), 2 survivors (2048K)
 Metaspace       used 71366K, committed 73216K, reserved 1114112K
  class space    used 10185K, committed 11072K, reserved 1048576K
}
Event: 11.884 GC heap after
{Heap after GC invocations=23 (full 0):
 garbage-first heap   total 94208K, used 52246K [0x0000000080000000, 0x0000000100000000)
  region size 1024K, 2 young (2048K), 2 survivors (2048K)
 Metaspace       used 71366K, committed 73216K, reserved 1114112K
  class space    used 10185K, committed 11072K, reserved 1048576K
}
Event: 12.049 GC heap before
{Heap before GC invocations=23 (full 0):
 garbage-first heap   total 94208K, used 86038K [0x0000000080000000, 0x0000000100000000)
  region size 1024K, 36 young (36864K), 2 survivors (2048K)
 Metaspace       used 71427K, committed 73344K, reserved 1114112K
  class space    used 10185K, committed 11072K, reserved 1048576K
}
Event: 12.053 GC heap after
{Heap after GC invocations=24 (full 0):
 garbage-first heap   total 94208K, used 52818K [0x0000000080000000, 0x0000000100000000)
  region size 1024K, 3 young (3072K), 3 survivors (3072K)
 Metaspace       used 71427K, committed 73344K, reserved 1114112K
  class space    used 10185K, committed 11072K, reserved 1048576K
}
Event: 12.232 GC heap before
{Heap before GC invocations=25 (full 0):
 garbage-first heap   total 94208K, used 85586K [0x0000000080000000, 0x0000000100000000)
  region size 1024K, 36 young (36864K), 3 survivors (3072K)
 Metaspace       used 71479K, committed 73408K, reserved 1114112K
  class space    used 10185K, committed 11072K, reserved 1048576K
}
Event: 12.235 GC heap after
{Heap after GC invocations=26 (full 0):
 garbage-first heap   total 94208K, used 53272K [0x0000000080000000, 0x0000000100000000)
  region size 1024K, 3 young (3072K), 3 survivors (3072K)
 Metaspace       used 71479K, committed 73408K, reserved 1114112K
  class space    used 10185K, committed 11072K, reserved 1048576K
}
Event: 12.373 GC heap before
{Heap before GC invocations=26 (full 0):
 garbage-first heap   total 94208K, used 87064K [0x0000000080000000, 0x0000000100000000)
  region size 1024K, 36 young (36864K), 3 survivors (3072K)
 Metaspace       used 71539K, committed 73408K, reserved 1114112K
  class space    used 10185K, committed 11072K, reserved 1048576K
}
Event: 12.378 GC heap after
{Heap after GC invocations=27 (full 0):
 garbage-first heap   total 113664K, used 52763K [0x0000000080000000, 0x0000000100000000)
  region size 1024K, 3 young (3072K), 3 survivors (3072K)
 Metaspace       used 71539K, committed 73408K, reserved 1114112K
  class space    used 10185K, committed 11072K, reserved 1048576K
}
Event: 12.562 GC heap before
{Heap before GC invocations=27 (full 0):
 garbage-first heap   total 113664K, used 103963K [0x0000000080000000, 0x0000000100000000)
  region size 1024K, 54 young (55296K), 3 survivors (3072K)
 Metaspace       used 71544K, committed 73408K, reserved 1114112K
  class space    used 10185K, committed 11072K, reserved 1048576K
}
Event: 12.565 GC heap after
{Heap after GC invocations=28 (full 0):
 garbage-first heap   total 113664K, used 53257K [0x0000000080000000, 0x0000000100000000)
  region size 1024K, 3 young (3072K), 3 survivors (3072K)
 Metaspace       used 71544K, committed 73408K, reserved 1114112K
  class space    used 10185K, committed 11072K, reserved 1048576K
}

Dll operation events (3 events):
Event: 0.018 Loaded shared library C:\Program Files\Android\Android Studio\jbr\bin\java.dll
Event: 0.027 Loaded shared library C:\Program Files\Android\Android Studio\jbr\bin\zip.dll
Event: 1.043 Loaded shared library C:\Program Files\Android\Android Studio\jbr\bin\verify.dll

Deoptimization events (20 events):
Event: 12.296 Thread 0x0000026fd34116d0 DEOPT PACKING pc=0x0000026fba172481 sp=0x000000dda97fcc90
Event: 12.296 Thread 0x0000026fd34116d0 DEOPT UNPACKING pc=0x0000026fc0df4b42 sp=0x000000dda97fc1a0 mode 0
Event: 12.337 Thread 0x0000026fd3410320 Uncommon trap: trap_request=0xffffffde fr.pc=0x0000026fc16c767c relative=0x00000000000002bc
Event: 12.337 Thread 0x0000026fd3410320 Uncommon trap: reason=class_check action=maybe_recompile pc=0x0000026fc16c767c method=java.util.concurrent.ConcurrentHashMap.get(Ljava/lang/Object;)Ljava/lang/Object; @ 93 c2
Event: 12.337 Thread 0x0000026fd3410320 DEOPT PACKING pc=0x0000026fc16c767c sp=0x000000dda98fde20
Event: 12.337 Thread 0x0000026fd3410320 DEOPT UNPACKING pc=0x0000026fc0df43a2 sp=0x000000dda98fdd78 mode 2
Event: 12.338 Thread 0x0000026fd4d25b40 Uncommon trap: trap_request=0xffffffde fr.pc=0x0000026fc16c767c relative=0x00000000000002bc
Event: 12.338 Thread 0x0000026fd4d25b40 Uncommon trap: reason=class_check action=maybe_recompile pc=0x0000026fc16c767c method=java.util.concurrent.ConcurrentHashMap.get(Ljava/lang/Object;)Ljava/lang/Object; @ 93 c2
Event: 12.338 Thread 0x0000026fd4d25b40 DEOPT PACKING pc=0x0000026fc16c767c sp=0x000000dda54f6b10
Event: 12.338 Thread 0x0000026fd4d25b40 DEOPT UNPACKING pc=0x0000026fc0df43a2 sp=0x000000dda54f6a68 mode 2
Event: 12.343 Thread 0x0000026fd340e8e0 Uncommon trap: trap_request=0xffffffde fr.pc=0x0000026fc16c767c relative=0x00000000000002bc
Event: 12.343 Thread 0x0000026fd340e8e0 Uncommon trap: reason=class_check action=maybe_recompile pc=0x0000026fc16c767c method=java.util.concurrent.ConcurrentHashMap.get(Ljava/lang/Object;)Ljava/lang/Object; @ 93 c2
Event: 12.343 Thread 0x0000026fd340e8e0 DEOPT PACKING pc=0x0000026fc16c767c sp=0x000000dda93fddd0
Event: 12.343 Thread 0x0000026fd340e8e0 DEOPT UNPACKING pc=0x0000026fc0df43a2 sp=0x000000dda93fdd28 mode 2
Event: 12.343 Thread 0x0000026fd340e8e0 Uncommon trap: trap_request=0xffffffde fr.pc=0x0000026fc16c767c relative=0x00000000000002bc
Event: 12.343 Thread 0x0000026fd340e8e0 Uncommon trap: reason=class_check action=maybe_recompile pc=0x0000026fc16c767c method=java.util.concurrent.ConcurrentHashMap.get(Ljava/lang/Object;)Ljava/lang/Object; @ 93 c2
Event: 12.343 Thread 0x0000026fd340e8e0 DEOPT PACKING pc=0x0000026fc16c767c sp=0x000000dda93fddd0
Event: 12.343 Thread 0x0000026fd340e8e0 DEOPT UNPACKING pc=0x0000026fc0df43a2 sp=0x000000dda93fdd28 mode 2
Event: 12.567 Thread 0x0000026fd340e8e0 DEOPT PACKING pc=0x0000026fb9d120ca sp=0x000000dda93fcb60
Event: 12.567 Thread 0x0000026fd340e8e0 DEOPT UNPACKING pc=0x0000026fc0df4b42 sp=0x000000dda93fc020 mode 0

Classes loaded (20 events):
Event: 10.680 Loading class jdk/internal/logger/LoggerFinderLoader$TemporaryLoggerFinder
Event: 10.680 Loading class jdk/internal/logger/LoggerFinderLoader$TemporaryLoggerFinder done
Event: 10.680 Loading class sun/util/logging/internal/LoggingProviderImpl$JULWrapper
Event: 10.680 Loading class sun/util/logging/PlatformLogger$ConfigurableBridge$LoggerConfiguration
Event: 10.680 Loading class sun/util/logging/PlatformLogger$ConfigurableBridge$LoggerConfiguration done
Event: 10.680 Loading class sun/util/logging/internal/LoggingProviderImpl$JULWrapper done
Event: 10.681 Loading class java/io/ObjectInputFilter$Config$BuiltinFilterFactory
Event: 10.681 Loading class java/io/ObjectInputFilter$Config$BuiltinFilterFactory done
Event: 10.681 Loading class jdk/internal/access/JavaObjectInputFilterAccess
Event: 10.681 Loading class jdk/internal/access/JavaObjectInputFilterAccess done
Event: 10.681 Loading class jdk/internal/event/DeserializationEvent
Event: 10.681 Loading class jdk/internal/event/DeserializationEvent done
Event: 10.681 Loading class java/io/ObjectInputStream$FieldValues
Event: 10.682 Loading class java/io/ObjectInputStream$GetField
Event: 10.682 Loading class java/io/ObjectInputStream$GetField done
Event: 10.682 Loading class java/io/ObjectInputStream$FieldValues done
Event: 11.166 Loading class java/util/LinkedList$LLSpliterator
Event: 11.167 Loading class java/util/LinkedList$LLSpliterator done
Event: 11.371 Loading class java/util/concurrent/atomic/Striped64$Cell
Event: 11.371 Loading class java/util/concurrent/atomic/Striped64$Cell done

Classes unloaded (0 events):
No events

Classes redefined (0 events):
No events

Internal exceptions (20 events):
Event: 12.547 Thread 0x0000026fd340fc90 Exception <a 'sun/nio/fs/WindowsException'{0x0000000084260138}> (0x0000000084260138) 
thrown [s\src\hotspot\share\prims\jni.cpp, line 537]
Event: 12.555 Thread 0x0000026fd340baf0 Exception <a 'sun/nio/fs/WindowsException'{0x00000000840f0668}> (0x00000000840f0668) 
thrown [s\src\hotspot\share\prims\jni.cpp, line 537]
Event: 12.558 Thread 0x0000026fd3410320 Exception <a 'sun/nio/fs/WindowsException'{0x0000000083e69198}> (0x0000000083e69198) 
thrown [s\src\hotspot\share\prims\jni.cpp, line 537]
Event: 12.558 Thread 0x0000026fd4d25b40 Exception <a 'sun/nio/fs/WindowsException'{0x0000000083fef440}> (0x0000000083fef440) 
thrown [s\src\hotspot\share\prims\jni.cpp, line 537]
Event: 12.559 Thread 0x0000026fd3411d60 Exception <a 'sun/nio/fs/WindowsException'{0x0000000083d03118}> (0x0000000083d03118) 
thrown [s\src\hotspot\share\prims\jni.cpp, line 537]
Event: 12.561 Thread 0x0000026fd340e8e0 Exception <a 'sun/nio/fs/WindowsException'{0x0000000083ccfd60}> (0x0000000083ccfd60) 
thrown [s\src\hotspot\share\prims\jni.cpp, line 537]
Event: 12.566 Thread 0x0000026fd340add0 Exception <a 'sun/nio/fs/WindowsException'{0x00000000ffffc8a8}> (0x00000000ffffc8a8) 
thrown [s\src\hotspot\share\prims\jni.cpp, line 537]
Event: 12.566 Thread 0x0000026fd34116d0 Exception <a 'sun/nio/fs/WindowsException'{0x0000000087500000}> (0x0000000087500000) 
thrown [s\src\hotspot\share\prims\jni.cpp, line 537]
Event: 12.574 Thread 0x0000026fd340fc90 Exception <a 'sun/nio/fs/WindowsException'{0x0000000086c05590}> (0x0000000086c05590) 
thrown [s\src\hotspot\share\prims\jni.cpp, line 537]
Event: 12.578 Thread 0x0000026fd4d25b40 Exception <a 'sun/nio/fs/WindowsException'{0x0000000086b44e78}> (0x0000000086b44e78) 
thrown [s\src\hotspot\share\prims\jni.cpp, line 537]
Event: 12.580 Thread 0x0000026fd3411d60 Exception <a 'sun/nio/fs/WindowsException'{0x0000000086cb1818}> (0x0000000086cb1818) 
thrown [s\src\hotspot\share\prims\jni.cpp, line 537]
Event: 12.583 Thread 0x0000026fd340add0 Exception <a 'sun/nio/fs/WindowsException'{0x0000000086aa4320}> (0x0000000086aa4320) 
thrown [s\src\hotspot\share\prims\jni.cpp, line 537]
Event: 12.585 Thread 0x0000026fd340baf0 Exception <a 'sun/nio/fs/WindowsException'{0x0000000086a6af90}> (0x0000000086a6af90) 
thrown [s\src\hotspot\share\prims\jni.cpp, line 537]
Event: 12.590 Thread 0x0000026fd3411d60 Exception <a 'sun/nio/fs/WindowsException'{0x00000000868455f8}> (0x00000000868455f8) 
thrown [s\src\hotspot\share\prims\jni.cpp, line 537]
Event: 12.591 Thread 0x0000026fd340e8e0 Exception <a 'sun/nio/fs/WindowsException'{0x000000008697b850}> (0x000000008697b850) 
thrown [s\src\hotspot\share\prims\jni.cpp, line 537]
Event: 12.594 Thread 0x0000026fd34116d0 Exception <a 'sun/nio/fs/WindowsException'{0x000000008671fee8}> (0x000000008671fee8) 
thrown [s\src\hotspot\share\prims\jni.cpp, line 537]
Event: 12.596 Thread 0x0000026fd340fc90 Exception <a 'sun/nio/fs/WindowsException'{0x00000000867c6400}> (0x00000000867c6400) 
thrown [s\src\hotspot\share\prims\jni.cpp, line 537]
Event: 12.601 Thread 0x0000026fd340add0 Exception <a 'sun/nio/fs/WindowsException'{0x000000008654e310}> (0x000000008654e310) 
thrown [s\src\hotspot\share\prims\jni.cpp, line 537]
Event: 12.602 Thread 0x0000026fd4d25b40 Exception <a 'sun/nio/fs/WindowsException'{0x00000000865bda38}> (0x00000000865bda38) 
thrown [s\src\hotspot\share\prims\jni.cpp, line 537]
Event: 12.603 Thread 0x0000026fd3411d60 Exception <a 'sun/nio/fs/WindowsException'{0x0000000086437110}> (0x0000000086437110) 
thrown [s\src\hotspot\share\prims\jni.cpp, line 537]

ZGC Phase Switch (0 events):
No events

VM Operations (20 events):
Event: 11.382 Executing safepoint VM operation: G1PauseRemark
Event: 11.388 Executing safepoint VM operation: G1PauseRemark done
Event: 11.404 Executing safepoint VM operation: G1PauseCleanup
Event: 11.404 Executing safepoint VM operation: G1PauseCleanup done
Event: 11.642 Executing safepoint VM operation: G1CollectForAllocation (G1 Evacuation Pause)
Event: 11.648 Executing safepoint VM operation: G1CollectForAllocation (G1 Evacuation Pause) done
Event: 11.881 Executing safepoint VM operation: G1CollectForAllocation (G1 Evacuation Pause)
Event: 11.884 Executing safepoint VM operation: G1CollectForAllocation (G1 Evacuation Pause) done
Event: 12.048 Executing safepoint VM operation: G1CollectForAllocation (G1 Evacuation Pause)
Event: 12.053 Executing safepoint VM operation: G1CollectForAllocation (G1 Evacuation Pause) done
Event: 12.108 Executing safepoint VM operation: G1PauseRemark
Event: 12.113 Executing safepoint VM operation: G1PauseRemark done
Event: 12.135 Executing safepoint VM operation: G1PauseCleanup
Event: 12.136 Executing safepoint VM operation: G1PauseCleanup done
Event: 12.231 Executing safepoint VM operation: G1CollectForAllocation (G1 Evacuation Pause)
Event: 12.235 Executing safepoint VM operation: G1CollectForAllocation (G1 Evacuation Pause) done
Event: 12.373 Executing safepoint VM operation: G1CollectForAllocation (G1 Evacuation Pause)
Event: 12.378 Executing safepoint VM operation: G1CollectForAllocation (G1 Evacuation Pause) done
Event: 12.562 Executing safepoint VM operation: G1CollectForAllocation (G1 Evacuation Pause)
Event: 12.565 Executing safepoint VM operation: G1CollectForAllocation (G1 Evacuation Pause) done

Memory protections (0 events):
No events

Nmethod flushes (20 events):
Event: 12.112 Thread 0x0000026fd2008070 flushing  nmethod 0x0000026fb9ae8690
Event: 12.112 Thread 0x0000026fd2008070 flushing  nmethod 0x0000026fb9b86d90
Event: 12.112 Thread 0x0000026fd2008070 flushing  nmethod 0x0000026fb9c8e510
Event: 12.112 Thread 0x0000026fd2008070 flushing  nmethod 0x0000026fb9d49190
Event: 12.112 Thread 0x0000026fd2008070 flushing  nmethod 0x0000026fb9ef2990
Event: 12.112 Thread 0x0000026fd2008070 flushing  nmethod 0x0000026fba021a90
Event: 12.112 Thread 0x0000026fd2008070 flushing  nmethod 0x0000026fba07ae90
Event: 12.112 Thread 0x0000026fd2008070 flushing  nmethod 0x0000026fba0d0d10
Event: 12.112 Thread 0x0000026fd2008070 flushing  nmethod 0x0000026fba0d2c90
Event: 12.112 Thread 0x0000026fd2008070 flushing  nmethod 0x0000026fba0d4910
Event: 12.112 Thread 0x0000026fd2008070 flushing  nmethod 0x0000026fba0f3a90
Event: 12.112 Thread 0x0000026fd2008070 flushing  nmethod 0x0000026fba0f5c10
Event: 12.112 Thread 0x0000026fd2008070 flushing  nmethod 0x0000026fba12e990
Event: 12.112 Thread 0x0000026fd2008070 flushing  nmethod 0x0000026fba272a10
Event: 12.112 Thread 0x0000026fd2008070 flushing  nmethod 0x0000026fba273410
Event: 12.112 Thread 0x0000026fd2008070 flushing  nmethod 0x0000026fba273e10
Event: 12.112 Thread 0x0000026fd2008070 flushing  nmethod 0x0000026fba3f7910
Event: 12.112 Thread 0x0000026fd2008070 flushing  nmethod 0x0000026fba3f7d90
Event: 12.112 Thread 0x0000026fd2008070 flushing  nmethod 0x0000026fba3f8510
Event: 12.112 Thread 0x0000026fd2008070 flushing  nmethod 0x0000026fba3f8b90

Events (20 events):
Event: 11.182 Thread 0x0000026fd4d25b40 Thread added: 0x0000026fd372a680
Event: 11.182 Thread 0x0000026fd4d25b40 Thread added: 0x0000026fd3728c40
Event: 11.182 Thread 0x0000026fd4d25b40 Thread added: 0x0000026fd37292d0
Event: 11.183 Thread 0x0000026fd4d25b40 Thread added: 0x0000026fd3729960
Event: 11.183 Thread 0x0000026fd4d25b40 Thread added: 0x0000026fd340c180
Event: 11.305 Thread 0x0000026fd4d25b40 Thread added: 0x0000026fd340c810
Event: 11.307 Thread 0x0000026fd4d25b40 Thread added: 0x0000026fd340cea0
Event: 11.309 Thread 0x0000026fd4d25b40 Thread added: 0x0000026fd340a740
Event: 11.311 Thread 0x0000026fd4d25b40 Thread added: 0x0000026fd340d530
Event: 11.313 Thread 0x0000026fd4d25b40 Thread added: 0x0000026fd340b460
Event: 11.314 Thread 0x0000026fd4d25b40 Thread added: 0x0000026fd340dbc0
Event: 11.316 Thread 0x0000026fd4d25b40 Thread added: 0x0000026fd340e250
Event: 11.705 Thread 0x0000026fd4d25b40 Thread added: 0x0000026fd340add0
Event: 11.706 Thread 0x0000026fd4d25b40 Thread added: 0x0000026fd340e8e0
Event: 11.707 Thread 0x0000026fd4d25b40 Thread added: 0x0000026fd340baf0
Event: 11.708 Thread 0x0000026fd4d25b40 Thread added: 0x0000026fd3411d60
Event: 11.709 Thread 0x0000026fd4d25b40 Thread added: 0x0000026fd340fc90
Event: 11.710 Thread 0x0000026fd4d25b40 Thread added: 0x0000026fd34116d0
Event: 11.711 Thread 0x0000026fd4d25b40 Thread added: 0x0000026fd3410320
Event: 12.029 Thread 0x0000026fd20abe10 Thread added: 0x0000026fd215a7d0


Dynamic libraries:
0x00007ff6a89b0000 - 0x00007ff6a89ba000 	C:\Program Files\Android\Android Studio\jbr\bin\java.exe
0x00007ffed5160000 - 0x00007ffed53c7000 	C:\WINDOWS\SYSTEM32\ntdll.dll
0x00007ffed3a80000 - 0x00007ffed3b49000 	C:\WINDOWS\System32\KERNEL32.DLL
0x00007ffed2830000 - 0x00007ffed2c24000 	C:\WINDOWS\System32\KERNELBASE.dll
0x00007ffed2500000 - 0x00007ffed264b000 	C:\WINDOWS\System32\ucrtbase.dll
0x00007ffecd1e0000 - 0x00007ffecd1f8000 	C:\Program Files\Android\Android Studio\jbr\bin\jli.dll
0x00007ffea5c70000 - 0x00007ffea5c8b000 	C:\Program Files\Android\Android Studio\jbr\bin\VCRUNTIME140.dll
0x00007ffed34e0000 - 0x00007ffed36a5000 	C:\WINDOWS\System32\USER32.dll
0x00007ffed24d0000 - 0x00007ffed24f7000 	C:\WINDOWS\System32\win32u.dll
0x00007ffeb5750000 - 0x00007ffeb59e3000 	C:\WINDOWS\WinSxS\amd64_microsoft.windows.common-controls_6595b64144ccf1df_6.0.26100.8115_none_3e075c82e3354f9c\COMCTL32.dll
0x00007ffed2ef0000 - 0x00007ffed2f1b000 	C:\WINDOWS\System32\GDI32.dll
0x00007ffed3100000 - 0x00007ffed31a9000 	C:\WINDOWS\System32\msvcrt.dll
0x00007ffed2650000 - 0x00007ffed277b000 	C:\WINDOWS\System32\gdi32full.dll
0x00007ffed2e40000 - 0x00007ffed2ee3000 	C:\WINDOWS\System32\msvcp_win.dll
0x00007ffed4cc0000 - 0x00007ffed4cf2000 	C:\WINDOWS\System32\IMM32.DLL
0x00007ffea5ec0000 - 0x00007ffea5ecc000 	C:\Program Files\Android\Android Studio\jbr\bin\vcruntime140_1.dll
0x00007ffe9b9f0000 - 0x00007ffe9ba7d000 	C:\Program Files\Android\Android Studio\jbr\bin\msvcp140.dll
0x00007ffdf3d20000 - 0x00007ffdf49b6000 	C:\Program Files\Android\Android Studio\jbr\bin\server\jvm.dll
0x00007ffed3830000 - 0x00007ffed38e6000 	C:\WINDOWS\System32\ADVAPI32.dll
0x00007ffed3430000 - 0x00007ffed34d7000 	C:\WINDOWS\System32\sechost.dll
0x00007ffed3290000 - 0x00007ffed33a8000 	C:\WINDOWS\System32\RPCRT4.dll
0x00007ffed39f0000 - 0x00007ffed3a70000 	C:\WINDOWS\System32\WS2_32.dll
0x00007ffed16e0000 - 0x00007ffed173e000 	C:\WINDOWS\SYSTEM32\POWRPROF.dll
0x00007ffecb850000 - 0x00007ffecb886000 	C:\WINDOWS\SYSTEM32\WINMM.dll
0x00007ffecb890000 - 0x00007ffecb89b000 	C:\WINDOWS\SYSTEM32\VERSION.dll
0x00007ffed16c0000 - 0x00007ffed16d4000 	C:\WINDOWS\SYSTEM32\UMPDC.dll
0x00007ffed07c0000 - 0x00007ffed07db000 	C:\WINDOWS\SYSTEM32\kernel.appcore.dll
0x00007ffea5450000 - 0x00007ffea545a000 	C:\Program Files\Android\Android Studio\jbr\bin\jimage.dll
0x00007ffec6110000 - 0x00007ffec6352000 	C:\WINDOWS\SYSTEM32\DBGHELP.DLL
0x00007ffed4d00000 - 0x00007ffed5082000 	C:\WINDOWS\System32\combase.dll
0x00007ffed36b0000 - 0x00007ffed3788000 	C:\WINDOWS\System32\OLEAUT32.dll
0x00007ffeb9e60000 - 0x00007ffeb9e9b000 	C:\WINDOWS\SYSTEM32\dbgcore.DLL
0x00007ffed2780000 - 0x00007ffed2825000 	C:\WINDOWS\System32\bcryptPrimitives.dll
0x00007ffebe910000 - 0x00007ffebe91e000 	C:\Program Files\Android\Android Studio\jbr\bin\instrument.dll
0x00007ffea4a10000 - 0x00007ffea4a30000 	C:\Program Files\Android\Android Studio\jbr\bin\java.dll
0x00007ffea4440000 - 0x00007ffea4458000 	C:\Program Files\Android\Android Studio\jbr\bin\zip.dll
0x00007ffed42e0000 - 0x00007ffed4a47000 	C:\WINDOWS\System32\SHELL32.dll
0x00007ffed1af0000 - 0x00007ffed1c5a000 	C:\WINDOWS\System32\wintypes.dll
0x00007ffed1c60000 - 0x00007ffed24c8000 	C:\WINDOWS\System32\windows.storage.dll
0x00007ffed38f0000 - 0x00007ffed39e8000 	C:\WINDOWS\System32\SHCORE.dll
0x00007ffed33b0000 - 0x00007ffed3416000 	C:\WINDOWS\System32\shlwapi.dll
0x00007ffed1950000 - 0x00007ffed1979000 	C:\WINDOWS\SYSTEM32\profapi.dll
0x00007ffe9f700000 - 0x00007ffe9f710000 	C:\Program Files\Android\Android Studio\jbr\bin\net.dll
0x00007ffec8cc0000 - 0x00007ffec8ded000 	C:\WINDOWS\SYSTEM32\WINHTTP.dll
0x00007ffed0d30000 - 0x00007ffed0d9c000 	C:\WINDOWS\system32\mswsock.dll
0x00007ffe9f5c0000 - 0x00007ffe9f5d6000 	C:\Program Files\Android\Android Studio\jbr\bin\nio.dll
0x00007ffea5f60000 - 0x00007ffea5f70000 	C:\Program Files\Android\Android Studio\jbr\bin\verify.dll
0x00007ffea5f10000 - 0x00007ffea5f37000 	C:\Users\Sipon\.gradle\native\660c5614fbf4a5f2a75b1949f50a0caf5cd603558e7d8a26e50b933a0cfb79d1\windows-amd64\native-platform.dll
0x00007ffe9b970000 - 0x00007ffe9b9e7000 	C:\Users\Sipon\.gradle\native\0.2.8\x86_64-windows-gnu\gradle-fileevents.dll
0x00007ffe955e0000 - 0x00007ffe955e9000 	C:\Program Files\Android\Android Studio\jbr\bin\management.dll
0x00007ffe955d0000 - 0x00007ffe955db000 	C:\Program Files\Android\Android Studio\jbr\bin\management_ext.dll
0x00007ffed3420000 - 0x00007ffed3428000 	C:\WINDOWS\System32\PSAPI.DLL
0x00007ffed01a0000 - 0x00007ffed01d2000 	C:\WINDOWS\SYSTEM32\IPHLPAPI.DLL
0x00007ffed31b0000 - 0x00007ffed31ba000 	C:\WINDOWS\System32\NSI.dll
0x00007ffe99e50000 - 0x00007ffe99e59000 	C:\Program Files\Android\Android Studio\jbr\bin\extnet.dll
0x00007ffed1010000 - 0x00007ffed102b000 	C:\WINDOWS\SYSTEM32\CRYPTSP.dll
0x00007ffed0720000 - 0x00007ffed0759000 	C:\WINDOWS\system32\rsaenh.dll
0x00007ffed0de0000 - 0x00007ffed0e13000 	C:\WINDOWS\SYSTEM32\USERENV.dll
0x00007ffed1920000 - 0x00007ffed194a000 	C:\WINDOWS\SYSTEM32\bcrypt.dll
0x00007ffed1030000 - 0x00007ffed103c000 	C:\WINDOWS\SYSTEM32\CRYPTBASE.dll
0x00007ffe912a0000 - 0x00007ffe912a8000 	C:\WINDOWS\system32\wshunix.dll

JVMTI agents:
C:\Users\Sipon\.gradle\wrapper\dists\gradle-9.3.1-bin\23ovyewtku6u96viwx3xl3oks\gradle-9.3.1\lib\agents\gradle-instrumentation-agent-9.3.1.jar path:C:\Program Files\Android\Android Studio\jbr\bin\instrument.dll, loaded, initialized, instrumentlib options:none

dbghelp: loaded successfully - version: 4.0.5 - missing functions: none
symbol engine: initialized successfully - sym options: 0x614 - pdb path: .;C:\Program Files\Android\Android Studio\jbr\bin;C:\WINDOWS\SYSTEM32;C:\WINDOWS\WinSxS\amd64_microsoft.windows.common-controls_6595b64144ccf1df_6.0.26100.8115_none_3e075c82e3354f9c;C:\Program Files\Android\Android Studio\jbr\bin\server;C:\Users\Sipon\.gradle\native\660c5614fbf4a5f2a75b1949f50a0caf5cd603558e7d8a26e50b933a0cfb79d1\windows-amd64;C:\Users\Sipon\.gradle\native\0.2.8\x86_64-windows-gnu

VM Arguments:
jvm_args: --add-opens=java.base/java.lang=ALL-UNNAMED --add-opens=java.base/java.lang.invoke=ALL-UNNAMED --add-opens=java.base/java.util=ALL-UNNAMED --add-opens=java.prefs/java.util.prefs=ALL-UNNAMED --add-exports=jdk.compiler/com.sun.tools.javac.api=ALL-UNNAMED --add-exports=jdk.compiler/com.sun.tools.javac.util=ALL-UNNAMED --add-opens=java.base/java.util=ALL-UNNAMED --add-opens=java.prefs/java.util.prefs=ALL-UNNAMED --add-opens=java.base/java.nio.charset=ALL-UNNAMED --add-opens=java.base/java.net=ALL-UNNAMED --add-opens=java.base/java.util.concurrent=ALL-UNNAMED --add-opens=java.base/java.util.concurrent.atomic=ALL-UNNAMED --add-opens=java.xml/javax.xml.namespace=ALL-UNNAMED --add-opens=java.base/java.time=ALL-UNNAMED -Xmx2048m -Dfile.encoding=UTF-8 -Duser.country=IN -Duser.language=en -Duser.variant -javaagent:C:\Users\Sipon\.gradle\wrapper\dists\gradle-9.3.1-bin\23ovyewtku6u96viwx3xl3oks\gradle-9.3.1\lib\agents\gradle-instrumentation-agent-9.3.1.jar 
java_command: org.gradle.launcher.daemon.bootstrap.GradleDaemon 9.3.1
java_class_path (initial): C:\Users\Sipon\.gradle\wrapper\dists\gradle-9.3.1-bin\23ovyewtku6u96viwx3xl3oks\gradle-9.3.1\lib\gradle-daemon-main-9.3.1.jar
Launcher Type: SUN_STANDARD

[Global flags]
     intx CICompilerCount                          = 4                                         {product} {ergonomic}
     uint ConcGCThreads                            = 2                                         {product} {ergonomic}
     uint G1ConcRefinementThreads                  = 8                                         {product} {ergonomic}
   size_t G1HeapRegionSize                         = 1048576                                   {product} {ergonomic}
    uintx GCDrainStackTargetSize                   = 64                                        {product} {ergonomic}
   size_t InitialHeapSize                          = 123731968                                 {product} {ergonomic}
   size_t MarkStackSize                            = 4194304                                   {product} {ergonomic}
   size_t MaxHeapSize                              = 2147483648                                {product} {command line}
   size_t MaxNewSize                               = 1287651328                                {product} {ergonomic}
   size_t MinHeapDeltaBytes                        = 1048576                                   {product} {ergonomic}
   size_t MinHeapSize                              = 8388608                                   {product} {ergonomic}
    uintx NonNMethodCodeHeapSize                   = 5839372                                {pd product} {ergonomic}
    uintx NonProfiledCodeHeapSize                  = 122909434                              {pd product} {ergonomic}
    uintx ProfiledCodeHeapSize                     = 122909434                              {pd product} {ergonomic}
    uintx ReservedCodeCacheSize                    = 251658240                              {pd product} {ergonomic}
     bool SegmentedCodeCache                       = true                                      {product} {ergonomic}
   size_t SoftMaxHeapSize                          = 2147483648                             {manageable} {ergonomic}
     bool UseCompressedOops                        = true                           {product lp64_product} {ergonomic}
     bool UseG1GC                                  = true                                      {product} {ergonomic}
     bool UseLargePagesIndividualAllocation        = false                                  {pd product} {ergonomic}

Logging:
Log output configuration:
 #0: stdout all=warning uptime,level,tags foldmultilines=false
 #1: stderr all=off uptime,level,tags foldmultilines=false

Release file:
JAVA_VERSION="21.0.10" 
MODULES="java.base java.compiler java.datatransfer java.xml java.prefs java.desktop java.instrument java.logging java.management java.security.sasl java.naming java.rmi java.management.rmi java.net.http java.scripting java.security.jgss java.transaction.xa java.sql java.sql.rowset java.xml.crypto java.se java.smartcardio jdk.accessibility jdk.internal.jvmstat jdk.attach jdk.charsets jdk.internal.opt jdk.zipfs jdk.compiler jdk.crypto.ec jdk.crypto.cryptoki jdk.dynalink jdk.hotspot.agent jdk.httpserver jdk.internal.ed jdk.internal.le jdk.internal.vm.ci jdk.jartool jdk.javadoc jdk.jcmd jdk.jdeps jdk.jdwp.agent jdk.jdi jdk.jfr jdk.jlink jdk.jsobject jdk.localedata jdk.management jdk.management.agent jdk.management.jfr jdk.naming.dns jdk.naming.rmi jdk.net jdk.sctp jdk.security.auth jdk.security.jgss jdk.unsupported jdk.unsupported.desktop jdk.xml.dom" 
IMPLEMENTOR="JetBrains s.r.o." 
JAVA_RUNTIME_VERSION="21.0.10+-14961533-b1163.108" 
LIBC="default" 
OS_ARCH="x86_64" 
OS_NAME="Windows" 
SOURCE=".:git:1351622c2ff2" 

Environment Variables:
PATH=C:\oraclexe\app\oracle\product\11.2.0\server\bin;;C:\WINDOWS\system32;C:\WINDOWS;C:\WINDOWS\System32\Wbem;C:\WINDOWS\System32\WindowsPowerShell\v1.0\;C:\WINDOWS\System32\OpenSSH\;C:\Program Files\Microsoft SQL Server\150\Tools\Binn\;C:\Program Files (x86)\Windows Kits\10\Windows Performance Toolkit\;C:\Program Files\Microsoft SQL Server\Client SDK\ODBC\170\Tools\Binn\;C:\Program Files\dotnet\;C:\Program Files (x86)\Microsoft SQL Server\160\DTS\Binn\;C:\Users\Sipon\AppData\Local\Programs\Python\Python312\Scripts\;C:\Users\Sipon\AppData\Local\Programs\Python\Python312\;C:\Users\Sipon\AppData\Local\Programs\Python\Launcher\;C:\Users\Sipon\AppData\Local\Microsoft\WindowsApps;C:\Program Files (x86)\CodeBlocks\MinGW\bin;;C:\Users\Sipon\AppData\Local\Programs\Microsoft VS Code\bin;C:\Users\Sipon\.dotnet\tools
USERNAME=khomong
OS=Windows_NT
PROCESSOR_IDENTIFIER=AMD64 Family 23 Model 104 Stepping 1, AuthenticAMD
TMP=C:\Users\Sipon\AppData\Local\Temp
TEMP=C:\Users\Sipon\AppData\Local\Temp




Periodic native trim disabled

JNI global refs:
JNI global refs: 30, weak refs: 2

JNI global refs memory usage: 835, weak refs: 833

Process memory usage:
Resident Set Size: 340132K (4% of 7682516K total physical memory with 567552K free physical memory)

OOME stack traces (most recent first):
Classloader memory used:
Loader org.gradle.internal.classloader.VisitableURLClassLoader                         : 37062K
Loader bootstrap                                                                       : 22547K
Loader org.gradle.initialization.MixInLegacyTypesClassLoader                           : 11158K
Loader jdk.internal.loader.ClassLoaders$AppClassLoader                                 : 229K
Loader jdk.internal.loader.ClassLoaders$PlatformClassLoader                            : 150K
Loader org.gradle.internal.classloader.VisitableURLClassLoader                         : 139K
Loader jdk.internal.reflect.DelegatingClassLoader                                      : 114K
Loader org.gradle.groovy.scripts.internal.DefaultScriptCompilationHandler$ScriptClassLoader: 106K
Loader org.gradle.internal.classloader.VisitableURLClassLoader$InstrumentingVisitableURLClassLoader: 61664B

Classes loaded by more than one classloader:
Class Program                                                                         : loaded 3 times (x 72B)
Class org.gradle.internal.classloader.ClassLoaderHierarchy                            : loaded 2 times (x 70B)
Class org.gradle.api.internal.classpath.ManifestUtil                                  : loaded 2 times (x 71B)
Class org.gradle.internal.classloader.DefaultClassLoaderFactory                       : loaded 2 times (x 82B)
Class org.gradle.internal.classloader.ClassLoaderVisitor                              : loaded 2 times (x 76B)
Class org.gradle.api.internal.classpath.EffectiveClassPath                            : loaded 2 times (x 90B)
Class org.gradle.api.internal.DefaultClassPathProvider                                : loaded 2 times (x 76B)
Class [Lorg.gradle.api.internal.ClassPathProvider;                                    : loaded 2 times (x 69B)
Class org.gradle.api.internal.ClassPathProvider                                       : loaded 2 times (x 70B)
Class org.gradle.internal.service.UnknownServiceException                             : loaded 2 times (x 83B)
Class org.gradle.internal.classpath.TransformedClassPath                              : loaded 2 times (x 96B)
Class org.gradle.internal.classloader.InstrumentingClassLoader                        : loaded 2 times (x 70B)
Class org.gradle.internal.service.ServiceLocator                                      : loaded 2 times (x 70B)
Class ijKotlinCoroutineJvmDebugInit1_ex86ketdypna09umiysf1fmnv                        : loaded 2 times (x 171B)
Class ijJvmDebugger1_40imlknda7vxai7ycfw1as9r3$_run_closure1                          : loaded 2 times (x 139B)
Class org.gradle.internal.classloader.ClasspathUtil$1                                 : loaded 2 times (x 76B)
Class org.gradle.api.internal.classpath.DefaultModuleRegistry$DefaultModule           : loaded 2 times (x 86B)
Class org.gradle.api.internal.classpath.Module                                        : loaded 2 times (x 70B)
Class org.gradle.api.internal.classpath.UnknownModuleException                        : loaded 2 times (x 82B)
Class ijKotlinCoroutineJvmDebugInit1_ex86ketdypna09umiysf1fmnv$_run_closure1$_closure2: loaded 2 times (x 139B)
Class org.gradle.api.internal.DefaultClassPathRegistry                                : loaded 2 times (x 76B)
Class org.gradle.api.internal.ClassPathRegistry                                       : loaded 2 times (x 70B)
Class org.gradle.internal.classpath.DefaultClassPath$ImmutableUniqueList              : loaded 2 times (x 199B)
Class org.gradle.internal.classloader.FilteringClassLoader                            : loaded 2 times (x 105B)
Class Settings_gradle$1                                                               : loaded 2 times (x 74B)
Class org.gradle.internal.classpath.ClassPath                                         : loaded 2 times (x 70B)
Class ijKotlinCoroutineJvmDebugInit1_ex86ketdypna09umiysf1fmnv$_run_closure1          : loaded 2 times (x 139B)
Class org.gradle.api.internal.classpath.ModuleRegistry                                : loaded 2 times (x 70B)
Class org.gradle.internal.installation.GradleInstallation$1                           : loaded 2 times (x 75B)
Class ijJvmDebugger1_40imlknda7vxai7ycfw1as9r3$_run_closure1$_closure2                : loaded 2 times (x 140B)
Class org.gradle.api.internal.classpath.DefaultModuleRegistry                         : loaded 2 times (x 86B)
Class org.gradle.internal.service.ServiceLookupException                              : loaded 2 times (x 82B)
Class org.gradle.internal.classloader.ClassLoaderFactory                              : loaded 2 times (x 70B)
Class org.gradle.internal.service.CachingServiceLocator                               : loaded 2 times (x 82B)
Class org.gradle.internal.classloader.ClasspathUtil                                   : loaded 2 times (x 71B)
Class org.gradle.api.specs.Spec                                                       : loaded 2 times (x 70B)
Class org.gradle.internal.classloader.VisitableURLClassLoader$InstrumentingVisitableURLClassLoader: loaded 2 times (x 123B)
Class org.gradle.internal.classloader.VisitableURLClassLoader$Spec                    : loaded 2 times (x 74B)
Class org.gradle.internal.classpath.DefaultClassPath                                  : loaded 2 times (x 90B)
Class org.gradle.internal.classloader.ClassLoaderSpec                                 : loaded 2 times (x 71B)
Class Settings_gradle$1$1                                                             : loaded 2 times (x 74B)
Class org.gradle.internal.classloader.VisitableURLClassLoader                         : loaded 2 times (x 117B)
Class Settings_gradle                                                                 : loaded 2 times (x 124B)
Class org.gradle.internal.Cast                                                        : loaded 2 times (x 71B)
Class org.gradle.api.Action                                                           : loaded 2 times (x 70B)
Class org.gradle.internal.classpath.DefaultClassPath$ImmutableUniqueList$Builder      : loaded 2 times (x 75B)
Class org.gradle.api.GradleException                                                  : loaded 2 times (x 82B)
Class org.gradle.internal.IoActions                                                   : loaded 2 times (x 71B)
Class org.gradle.internal.classloader.SystemClassLoaderSpec                           : loaded 2 times (x 71B)
Class org.gradle.api.internal.classpath.GlobalCacheRootsProvider                      : loaded 2 times (x 70B)
Class org.gradle.internal.installation.CurrentGradleInstallationLocator               : loaded 2 times (x 71B)
Class org.gradle.internal.service.DefaultServiceLocator                               : loaded 2 times (x 83B)
Class org.gradle.internal.installation.CurrentGradleInstallation                      : loaded 2 times (x 73B)
Class org.gradle.util.internal.GUtil                                                  : loaded 2 times (x 71B)
Class ijJvmDebugger1_40imlknda7vxai7ycfw1as9r3                                        : loaded 2 times (x 171B)
Class org.gradle.internal.installation.GradleInstallation                             : loaded 2 times (x 75B)

---------------  S Y S T E M  ---------------

OS:
 Windows 11 , 64 bit Build 26100 (10.0.26100.8246)
OS uptime: 1 days 22:45 hours
Hyper-V role detected

CPU: total 8 (initial active 8) (8 cores per cpu, 2 threads per core) family 23 model 104 stepping 1 microcode 0x8608104, cx8, cmov, fxsr, ht, mmx, 3dnowpref, sse, sse2, sse3, ssse3, sse4a, sse4.1, sse4.2, popcnt, lzcnt, tsc, tscinvbit, avx, avx2, aes, clmul, bmi1, bmi2, adx, sha, fma, vzeroupper, clflush, clflushopt, hv, rdtscp, rdpid, f16c
Processor Information for the first 8 processors :
  Max Mhz: 2600, Current Mhz: 2600, Mhz Limit: 2600

Memory: 4k page, system-wide physical 7502M (554M free)
TotalPageFile size 17502M (AvailPageFile size 4M)
current process WorkingSet (physical memory assigned to process): 332M, peak: 332M
current process commit charge ("private bytes"): 368M, peak: 370M

vm_info: OpenJDK 64-Bit Server VM (21.0.10+-14961533-b1163.108) for windows-amd64 JRE (21.0.10+-14961533-b1163.108), built on 2026-03-02T19:58:50Z by "builder" with MS VC++ 16.10 / 16.11 (VS2019)

END.
