#
# There is insufficient memory for the Java Runtime Environment to continue.
# Native memory allocation (malloc) failed to allocate 738256 bytes. Error detail: Chunk::new
# Possible reasons:
#   The system is out of physical RAM or swap space
#   This process is running with CompressedOops enabled, and the Java Heap may be blocking the growth of the native heap
# Possible solutions:
#   Reduce memory load on the system
#   Increase physical memory or swap space
#   Check if swap backing store is full
#   Decrease Java heap size (-Xmx/-Xms)
#   Decrease number of Java threads
#   Decrease Java thread stack sizes (-Xss)
#   Set larger code cache with -XX:ReservedCodeCacheSize=
#   JVM is running with Unscaled Compressed Oops mode in which the Java heap is
#     placed in the first 4GB address space. The Java Heap base address is the
#     maximum limit for the native heap growth. Please use -XX:HeapBaseMinAddress
#     to set the Java Heap base and to place the Java Heap above 4GB virtual address.
# This output file may be truncated or incomplete.
#
#  Out of Memory Error (arena.cpp:168), pid=14760, tid=26400
#
# JRE version: OpenJDK Runtime Environment (21.0.10) (build 21.0.10+-14961533-b1163.108)
# Java VM: OpenJDK 64-Bit Server VM (21.0.10+-14961533-b1163.108, mixed mode, tiered, compressed oops, compressed class ptrs, g1 gc, windows-amd64)
# No core dump will be written. Minidumps are not enabled by default on client versions of Windows
#

---------------  S U M M A R Y ------------

Command Line: org.jetbrains.kotlin.cli.jvm.K2JVMCompiler @C:\Final_Project\Library\app\build\20260414_15294390165903600438.compiler.options

Host: AMD Ryzen 3 5300U with Radeon Graphics         , 8 cores, 7G,  Windows 11 , 64 bit Build 26100 (10.0.26100.7920)
Time: Tue Apr 14 20:35:44 2026 India Standard Time elapsed time: 13.801105 seconds (0d 0h 0m 13s)

---------------  T H R E A D  ---------------

Current thread (0x000001f860c261f0):  JavaThread "C2 CompilerThread2" daemon [_thread_in_native, id=26400, stack(0x0000005637100000,0x0000005637200000) (1024K)]


Current CompileTask:
C2:13801 7948       4       org.jetbrains.kotlin.fir.java.scopes.JavaClassStaticUseSiteScope::processFunctionsByName (117 bytes)

Stack: [0x0000005637100000,0x0000005637200000]
Native frames: (J=compiled Java code, j=interpreted, Vv=VM code, C=native code)
V  [jvm.dll+0x6d78a9]
V  [jvm.dll+0x8665b3]
V  [jvm.dll+0x868bde]
V  [jvm.dll+0x8692c3]
V  [jvm.dll+0x280ee6]
V  [jvm.dll+0xc07cd]
V  [jvm.dll+0xc0d03]
V  [jvm.dll+0x3ba091]
V  [jvm.dll+0x385df7]
V  [jvm.dll+0x38526a]
V  [jvm.dll+0x249bd2]
V  [jvm.dll+0x2491a1]
V  [jvm.dll+0x1c76e4]
V  [jvm.dll+0x25891e]
V  [jvm.dll+0x256e66]
V  [jvm.dll+0x3f513e]
V  [jvm.dll+0x80fd28]
V  [jvm.dll+0x6d60fd]
C  [ucrtbase.dll+0x37b0]
C  [KERNEL32.DLL+0x2e8d7]
C  [ntdll.dll+0x8c48c]


---------------  P R O C E S S  ---------------

Threads class SMR info:
_java_thread_list=0x000001f8648667b0, length=13, elements={
0x000001f83bf90560, 0x000001f8558af2a0, 0x000001f8558c8410, 0x000001f8558cae80,
0x000001f8558e7f10, 0x000001f8558ee650, 0x000001f8558f8db0, 0x000001f8558fa380,
0x000001f855904800, 0x000001f8559082a0, 0x000001f855abca90, 0x000001f855906e30,
0x000001f860c261f0
}

Java Threads: ( => current thread )
  0x000001f83bf90560 JavaThread "main"                              [_thread_in_vm, id=25460, stack(0x0000005635600000,0x0000005635700000) (1024K)]
  0x000001f8558af2a0 JavaThread "Common-Cleaner"             daemon [_thread_blocked, id=19120, stack(0x0000005635e00000,0x0000005635f00000) (1024K)]
  0x000001f8558c8410 JavaThread "Reference Handler"          daemon [_thread_blocked, id=17300, stack(0x0000005635f00000,0x0000005636000000) (1024K)]
  0x000001f8558cae80 JavaThread "Finalizer"                  daemon [_thread_blocked, id=28260, stack(0x0000005636000000,0x0000005636100000) (1024K)]
  0x000001f8558e7f10 JavaThread "Signal Dispatcher"          daemon [_thread_blocked, id=28524, stack(0x0000005636100000,0x0000005636200000) (1024K)]
  0x000001f8558ee650 JavaThread "Attach Listener"            daemon [_thread_blocked, id=3784, stack(0x0000005636200000,0x0000005636300000) (1024K)]
  0x000001f8558f8db0 JavaThread "Service Thread"             daemon [_thread_blocked, id=28692, stack(0x0000005636300000,0x0000005636400000) (1024K)]
  0x000001f8558fa380 JavaThread "Monitor Deflation Thread"   daemon [_thread_blocked, id=21536, stack(0x0000005636400000,0x0000005636500000) (1024K)]
  0x000001f855904800 JavaThread "C2 CompilerThread0"         daemon [_thread_blocked, id=23712, stack(0x0000005636500000,0x0000005636600000) (1024K)]
  0x000001f8559082a0 JavaThread "C1 CompilerThread0"         daemon [_thread_blocked, id=17456, stack(0x0000005636600000,0x0000005636700000) (1024K)]
  0x000001f855abca90 JavaThread "Notification Thread"        daemon [_thread_blocked, id=16008, stack(0x0000005636700000,0x0000005636800000) (1024K)]
  0x000001f855906e30 JavaThread "C2 CompilerThread1"         daemon [_thread_in_native, id=27372, stack(0x0000005637000000,0x0000005637100000) (1024K)]
=>0x000001f860c261f0 JavaThread "C2 CompilerThread2"         daemon [_thread_in_native, id=26400, stack(0x0000005637100000,0x0000005637200000) (1024K)]
Total: 13

Other Threads:
  0x000001f85574cf80 VMThread "VM Thread"                           [id=22336, stack(0x0000005635d00000,0x0000005635e00000) (1024K)]
  0x000001f8556bf3a0 WatcherThread "VM Periodic Task Thread"        [id=12768, stack(0x0000005635c00000,0x0000005635d00000) (1024K)]
  0x000001f83e3d97e0 WorkerThread "GC Thread#0"                     [id=6780, stack(0x0000005635700000,0x0000005635800000) (1024K)]
  0x000001f85a54a080 WorkerThread "GC Thread#1"                     [id=24292, stack(0x0000005636800000,0x0000005636900000) (1024K)]
  0x000001f85a5b9500 WorkerThread "GC Thread#2"                     [id=12248, stack(0x0000005636900000,0x0000005636a00000) (1024K)]
  0x000001f85a5fca80 WorkerThread "GC Thread#3"                     [id=23092, stack(0x0000005636a00000,0x0000005636b00000) (1024K)]
  0x000001f85a5fce30 WorkerThread "GC Thread#4"                     [id=9560, stack(0x0000005636b00000,0x0000005636c00000) (1024K)]
  0x000001f85a5fd1e0 WorkerThread "GC Thread#5"                     [id=4412, stack(0x0000005636c00000,0x0000005636d00000) (1024K)]
  0x000001f85a9d9120 WorkerThread "GC Thread#6"                     [id=11400, stack(0x0000005636d00000,0x0000005636e00000) (1024K)]
  0x000001f85a9d94d0 WorkerThread "GC Thread#7"                     [id=12828, stack(0x0000005636e00000,0x0000005636f00000) (1024K)]
  0x000001f83e3ea830 ConcurrentGCThread "G1 Main Marker"            [id=4640, stack(0x0000005635800000,0x0000005635900000) (1024K)]
  0x000001f83e3eb340 WorkerThread "G1 Conc#0"                       [id=29544, stack(0x0000005635900000,0x0000005635a00000) (1024K)]
  0x000001f85a845b80 WorkerThread "G1 Conc#1"                       [id=7680, stack(0x0000005636f00000,0x0000005637000000) (1024K)]
  0x000001f85558a110 ConcurrentGCThread "G1 Refine#0"               [id=8980, stack(0x0000005635a00000,0x0000005635b00000) (1024K)]
  0x000001f85558cba0 ConcurrentGCThread "G1 Service"                [id=23052, stack(0x0000005635b00000,0x0000005635c00000) (1024K)]
Total: 15

Threads with active compile tasks:
C2 CompilerThread1  15860 7947       4       org.jetbrains.kotlin.fir.java.scopes.JavaClassStaticEnhancementScope::processFunctionsByName (29 bytes)
C2 CompilerThread2  15860 7948       4       org.jetbrains.kotlin.fir.java.scopes.JavaClassStaticUseSiteScope::processFunctionsByName (117 bytes)
Total: 2

VM state: not at safepoint (normal execution)

VM Mutex/Monitor currently owned by a thread: None

Heap address: 0x000000008ac00000, size: 1876 MB, Compressed Oops mode: 32-bit

CDS archive(s) not mapped
Compressed class space mapped at: 0x0000000100000000-0x0000000140000000, reserved size: 1073741824
Narrow klass base: 0x0000000000000000, Narrow klass shift: 3, Narrow klass range: 0x140000000

GC Precious Log:
 CardTable entry size: 512
 Card Set container configuration: InlinePtr #cards 5 size 8 Array Of Cards #cards 12 size 40 Howl #buckets 4 coarsen threshold 1843 Howl Bitmap #cards 512 size 80 coarsen threshold 460 Card regions per heap region 1 cards per card region 2048
 CPUs: 8 total, 8 available
 Memory: 7502M
 Large Page Support: Disabled
 NUMA Support: Disabled
 Compressed Oops: Enabled (32-bit)
 Heap Region Size: 1M
 Heap Min Capacity: 8M
 Heap Initial Capacity: 118M
 Heap Max Capacity: 1876M
 Pre-touch: Disabled
 Parallel Workers: 8
 Concurrent Workers: 2
 Concurrent Refinement Workers: 8
 Periodic GC: Disabled

Heap:
 garbage-first heap   total 166912K, used 90112K [0x000000008ac00000, 0x0000000100000000)
  region size 1024K, 5 young (5120K), 1 survivors (1024K)
 Metaspace       used 70351K, committed 70720K, reserved 1114112K
  class space    used 7944K, committed 8128K, reserved 1048576K

Heap Regions: E=young(eden), S=young(survivor), O=old, HS=humongous(starts), HC=humongous(continues), CS=collection set, F=free, TAMS=top-at-mark-start, PB=parsable bottom
|   0|0x000000008ac00000, 0x000000008ad00000, 0x000000008ad00000|100%|HS|  |TAMS 0x000000008ac00000| PB 0x000000008ac00000| Complete 
|   1|0x000000008ad00000, 0x000000008ae00000, 0x000000008ae00000|100%|HC|  |TAMS 0x000000008ad00000| PB 0x000000008ad00000| Complete 
|   2|0x000000008ae00000, 0x000000008af00000, 0x000000008af00000|100%|HC|  |TAMS 0x000000008ae00000| PB 0x000000008ae00000| Complete 
|   3|0x000000008af00000, 0x000000008b000000, 0x000000008b000000|100%| O|  |TAMS 0x000000008af00000| PB 0x000000008af00000| Untracked 
|   4|0x000000008b000000, 0x000000008b100000, 0x000000008b100000|100%| O|  |TAMS 0x000000008b000000| PB 0x000000008b000000| Untracked 
|   5|0x000000008b100000, 0x000000008b200000, 0x000000008b200000|100%| O|  |TAMS 0x000000008b100000| PB 0x000000008b100000| Untracked 
|   6|0x000000008b200000, 0x000000008b300000, 0x000000008b300000|100%| O|  |TAMS 0x000000008b200000| PB 0x000000008b200000| Untracked 
|   7|0x000000008b300000, 0x000000008b400000, 0x000000008b400000|100%| O|  |TAMS 0x000000008b300000| PB 0x000000008b300000| Untracked 
|   8|0x000000008b400000, 0x000000008b500000, 0x000000008b500000|100%| O|  |TAMS 0x000000008b400000| PB 0x000000008b400000| Untracked 
|   9|0x000000008b500000, 0x000000008b600000, 0x000000008b600000|100%| O|  |TAMS 0x000000008b500000| PB 0x000000008b500000| Untracked 
|  10|0x000000008b600000, 0x000000008b700000, 0x000000008b700000|100%| O|  |TAMS 0x000000008b600000| PB 0x000000008b600000| Untracked 
|  11|0x000000008b700000, 0x000000008b800000, 0x000000008b800000|100%| O|  |TAMS 0x000000008b700000| PB 0x000000008b700000| Untracked 
|  12|0x000000008b800000, 0x000000008b900000, 0x000000008b900000|100%| O|  |TAMS 0x000000008b800000| PB 0x000000008b800000| Untracked 
|  13|0x000000008b900000, 0x000000008ba00000, 0x000000008ba00000|100%| O|  |TAMS 0x000000008b900000| PB 0x000000008b900000| Untracked 
|  14|0x000000008ba00000, 0x000000008bb00000, 0x000000008bb00000|100%| O|  |TAMS 0x000000008ba00000| PB 0x000000008ba00000| Untracked 
|  15|0x000000008bb00000, 0x000000008bc00000, 0x000000008bc00000|100%| O|  |TAMS 0x000000008bb00000| PB 0x000000008bb00000| Untracked 
|  16|0x000000008bc00000, 0x000000008bd00000, 0x000000008bd00000|100%| O|  |TAMS 0x000000008bc00000| PB 0x000000008bc00000| Untracked 
|  17|0x000000008bd00000, 0x000000008be00000, 0x000000008be00000|100%| O|  |TAMS 0x000000008bd00000| PB 0x000000008bd00000| Untracked 
|  18|0x000000008be00000, 0x000000008bf00000, 0x000000008bf00000|100%| O|  |TAMS 0x000000008be00000| PB 0x000000008be00000| Untracked 
|  19|0x000000008bf00000, 0x000000008c000000, 0x000000008c000000|100%| O|  |TAMS 0x000000008bf00000| PB 0x000000008bf00000| Untracked 
|  20|0x000000008c000000, 0x000000008c100000, 0x000000008c100000|100%|HS|  |TAMS 0x000000008c000000| PB 0x000000008c000000| Complete 
|  21|0x000000008c100000, 0x000000008c200000, 0x000000008c200000|100%| O|  |TAMS 0x000000008c100000| PB 0x000000008c100000| Untracked 
|  22|0x000000008c200000, 0x000000008c300000, 0x000000008c300000|100%| O|  |TAMS 0x000000008c200000| PB 0x000000008c200000| Untracked 
|  23|0x000000008c300000, 0x000000008c400000, 0x000000008c400000|100%| O|  |TAMS 0x000000008c300000| PB 0x000000008c300000| Untracked 
|  24|0x000000008c400000, 0x000000008c500000, 0x000000008c500000|100%| O|  |TAMS 0x000000008c400000| PB 0x000000008c400000| Untracked 
|  25|0x000000008c500000, 0x000000008c600000, 0x000000008c600000|100%| O|  |TAMS 0x000000008c500000| PB 0x000000008c500000| Untracked 
|  26|0x000000008c600000, 0x000000008c700000, 0x000000008c700000|100%| O|  |TAMS 0x000000008c600000| PB 0x000000008c600000| Untracked 
|  27|0x000000008c700000, 0x000000008c800000, 0x000000008c800000|100%| O|  |TAMS 0x000000008c700000| PB 0x000000008c700000| Untracked 
|  28|0x000000008c800000, 0x000000008c900000, 0x000000008c900000|100%| O|  |TAMS 0x000000008c800000| PB 0x000000008c800000| Untracked 
|  29|0x000000008c900000, 0x000000008ca00000, 0x000000008ca00000|100%| O|  |TAMS 0x000000008c900000| PB 0x000000008c900000| Untracked 
|  30|0x000000008ca00000, 0x000000008cb00000, 0x000000008cb00000|100%| O|  |TAMS 0x000000008ca00000| PB 0x000000008ca00000| Untracked 
|  31|0x000000008cb00000, 0x000000008cc00000, 0x000000008cc00000|100%| O|  |TAMS 0x000000008cb00000| PB 0x000000008cb00000| Untracked 
|  32|0x000000008cc00000, 0x000000008cd00000, 0x000000008cd00000|100%| O|  |TAMS 0x000000008cc00000| PB 0x000000008cc00000| Untracked 
|  33|0x000000008cd00000, 0x000000008ce00000, 0x000000008ce00000|100%| O|  |TAMS 0x000000008cd00000| PB 0x000000008cd00000| Untracked 
|  34|0x000000008ce00000, 0x000000008cf00000, 0x000000008cf00000|100%| O|  |TAMS 0x000000008ce00000| PB 0x000000008ce00000| Untracked 
|  35|0x000000008cf00000, 0x000000008d000000, 0x000000008d000000|100%| O|  |TAMS 0x000000008cf00000| PB 0x000000008cf00000| Untracked 
|  36|0x000000008d000000, 0x000000008d100000, 0x000000008d100000|100%| O|  |TAMS 0x000000008d000000| PB 0x000000008d000000| Untracked 
|  37|0x000000008d100000, 0x000000008d200000, 0x000000008d200000|100%| O|  |TAMS 0x000000008d100000| PB 0x000000008d100000| Untracked 
|  38|0x000000008d200000, 0x000000008d300000, 0x000000008d300000|100%| O|  |TAMS 0x000000008d200000| PB 0x000000008d200000| Untracked 
|  39|0x000000008d300000, 0x000000008d400000, 0x000000008d400000|100%| O|  |TAMS 0x000000008d300000| PB 0x000000008d300000| Untracked 
|  40|0x000000008d400000, 0x000000008d500000, 0x000000008d500000|100%| O|  |TAMS 0x000000008d400000| PB 0x000000008d400000| Untracked 
|  41|0x000000008d500000, 0x000000008d600000, 0x000000008d600000|100%| O|  |TAMS 0x000000008d500000| PB 0x000000008d500000| Untracked 
|  42|0x000000008d600000, 0x000000008d700000, 0x000000008d700000|100%| O|  |TAMS 0x000000008d600000| PB 0x000000008d600000| Untracked 
|  43|0x000000008d700000, 0x000000008d800000, 0x000000008d800000|100%| O|  |TAMS 0x000000008d700000| PB 0x000000008d700000| Untracked 
|  44|0x000000008d800000, 0x000000008d900000, 0x000000008d900000|100%| O|  |TAMS 0x000000008d800000| PB 0x000000008d800000| Untracked 
|  45|0x000000008d900000, 0x000000008da00000, 0x000000008da00000|100%| O|  |TAMS 0x000000008d900000| PB 0x000000008d900000| Untracked 
|  46|0x000000008da00000, 0x000000008db00000, 0x000000008db00000|100%| O|  |TAMS 0x000000008da00000| PB 0x000000008da00000| Untracked 
|  47|0x000000008db00000, 0x000000008dc00000, 0x000000008dc00000|100%| O|  |TAMS 0x000000008db00000| PB 0x000000008db00000| Untracked 
|  48|0x000000008dc00000, 0x000000008dd00000, 0x000000008dd00000|100%| O|  |TAMS 0x000000008dc00000| PB 0x000000008dc00000| Untracked 
|  49|0x000000008dd00000, 0x000000008de00000, 0x000000008de00000|100%| O|  |TAMS 0x000000008dd00000| PB 0x000000008dd00000| Untracked 
|  50|0x000000008de00000, 0x000000008df00000, 0x000000008df00000|100%| O|  |TAMS 0x000000008de00000| PB 0x000000008de00000| Untracked 
|  51|0x000000008df00000, 0x000000008e000000, 0x000000008e000000|100%| O|  |TAMS 0x000000008df00000| PB 0x000000008df00000| Untracked 
|  52|0x000000008e000000, 0x000000008e100000, 0x000000008e100000|100%| O|  |TAMS 0x000000008e000000| PB 0x000000008e000000| Untracked 
|  53|0x000000008e100000, 0x000000008e200000, 0x000000008e200000|100%| O|  |TAMS 0x000000008e100000| PB 0x000000008e100000| Untracked 
|  54|0x000000008e200000, 0x000000008e300000, 0x000000008e300000|100%| O|  |TAMS 0x000000008e200000| PB 0x000000008e200000| Untracked 
|  55|0x000000008e300000, 0x000000008e400000, 0x000000008e400000|100%| O|  |TAMS 0x000000008e300000| PB 0x000000008e300000| Untracked 
|  56|0x000000008e400000, 0x000000008e500000, 0x000000008e500000|100%| O|  |TAMS 0x000000008e400000| PB 0x000000008e400000| Untracked 
|  57|0x000000008e500000, 0x000000008e600000, 0x000000008e600000|100%| O|  |TAMS 0x000000008e500000| PB 0x000000008e500000| Untracked 
|  58|0x000000008e600000, 0x000000008e700000, 0x000000008e700000|100%| O|  |TAMS 0x000000008e600000| PB 0x000000008e600000| Untracked 
|  59|0x000000008e700000, 0x000000008e800000, 0x000000008e800000|100%| O|  |TAMS 0x000000008e700000| PB 0x000000008e700000| Untracked 
|  60|0x000000008e800000, 0x000000008e900000, 0x000000008e900000|100%| O|  |TAMS 0x000000008e800000| PB 0x000000008e800000| Untracked 
|  61|0x000000008e900000, 0x000000008ea00000, 0x000000008ea00000|100%| O|  |TAMS 0x000000008e900000| PB 0x000000008e900000| Untracked 
|  62|0x000000008ea00000, 0x000000008eb00000, 0x000000008eb00000|100%| O|  |TAMS 0x000000008ea00000| PB 0x000000008ea00000| Untracked 
|  63|0x000000008eb00000, 0x000000008ec00000, 0x000000008ec00000|100%| O|  |TAMS 0x000000008eb00000| PB 0x000000008eb00000| Untracked 
|  64|0x000000008ec00000, 0x000000008ed00000, 0x000000008ed00000|100%| O|  |TAMS 0x000000008ec00000| PB 0x000000008ec00000| Untracked 
|  65|0x000000008ed00000, 0x000000008ee00000, 0x000000008ee00000|100%| O|  |TAMS 0x000000008ed00000| PB 0x000000008ed00000| Untracked 
|  66|0x000000008ee00000, 0x000000008ef00000, 0x000000008ef00000|100%| O|  |TAMS 0x000000008ee00000| PB 0x000000008ee00000| Untracked 
|  67|0x000000008ef00000, 0x000000008f000000, 0x000000008f000000|100%| O|  |TAMS 0x000000008ef00000| PB 0x000000008ef00000| Untracked 
|  68|0x000000008f000000, 0x000000008f100000, 0x000000008f100000|100%| O|  |TAMS 0x000000008f000000| PB 0x000000008f000000| Untracked 
|  69|0x000000008f100000, 0x000000008f200000, 0x000000008f200000|100%| O|  |TAMS 0x000000008f100000| PB 0x000000008f100000| Untracked 
|  70|0x000000008f200000, 0x000000008f300000, 0x000000008f300000|100%| O|  |TAMS 0x000000008f200000| PB 0x000000008f200000| Untracked 
|  71|0x000000008f300000, 0x000000008f400000, 0x000000008f400000|100%| O|  |TAMS 0x000000008f300000| PB 0x000000008f300000| Untracked 
|  72|0x000000008f400000, 0x000000008f500000, 0x000000008f500000|100%| O|  |TAMS 0x000000008f400000| PB 0x000000008f400000| Untracked 
|  73|0x000000008f500000, 0x000000008f600000, 0x000000008f600000|100%| O|  |TAMS 0x000000008f500000| PB 0x000000008f500000| Untracked 
|  74|0x000000008f600000, 0x000000008f700000, 0x000000008f700000|100%| O|  |TAMS 0x000000008f600000| PB 0x000000008f600000| Untracked 
|  75|0x000000008f700000, 0x000000008f800000, 0x000000008f800000|100%| O|  |TAMS 0x000000008f700000| PB 0x000000008f700000| Untracked 
|  76|0x000000008f800000, 0x000000008f800000, 0x000000008f900000|  0%| F|  |TAMS 0x000000008f800000| PB 0x000000008f800000| Untracked 
|  77|0x000000008f900000, 0x000000008f900000, 0x000000008fa00000|  0%| F|  |TAMS 0x000000008f900000| PB 0x000000008f900000| Untracked 
|  78|0x000000008fa00000, 0x000000008fa00000, 0x000000008fb00000|  0%| F|  |TAMS 0x000000008fa00000| PB 0x000000008fa00000| Untracked 
|  79|0x000000008fb00000, 0x000000008fb00000, 0x000000008fc00000|  0%| F|  |TAMS 0x000000008fb00000| PB 0x000000008fb00000| Untracked 
|  80|0x000000008fc00000, 0x000000008fc00000, 0x000000008fd00000|  0%| F|  |TAMS 0x000000008fc00000| PB 0x000000008fc00000| Untracked 
|  81|0x000000008fd00000, 0x000000008fd00000, 0x000000008fe00000|  0%| F|  |TAMS 0x000000008fd00000| PB 0x000000008fd00000| Untracked 
|  82|0x000000008fe00000, 0x000000008fe00000, 0x000000008ff00000|  0%| F|  |TAMS 0x000000008fe00000| PB 0x000000008fe00000| Untracked 
|  83|0x000000008ff00000, 0x000000008ff00000, 0x0000000090000000|  0%| F|  |TAMS 0x000000008ff00000| PB 0x000000008ff00000| Untracked 
|  84|0x0000000090000000, 0x0000000090000000, 0x0000000090100000|  0%| F|  |TAMS 0x0000000090000000| PB 0x0000000090000000| Untracked 
|  85|0x0000000090100000, 0x0000000090100000, 0x0000000090200000|  0%| F|  |TAMS 0x0000000090100000| PB 0x0000000090100000| Untracked 
|  86|0x0000000090200000, 0x0000000090200000, 0x0000000090300000|  0%| F|  |TAMS 0x0000000090200000| PB 0x0000000090200000| Untracked 
|  87|0x0000000090300000, 0x0000000090300000, 0x0000000090400000|  0%| F|  |TAMS 0x0000000090300000| PB 0x0000000090300000| Untracked 
|  88|0x0000000090400000, 0x0000000090400000, 0x0000000090500000|  0%| F|  |TAMS 0x0000000090400000| PB 0x0000000090400000| Untracked 
|  89|0x0000000090500000, 0x0000000090500000, 0x0000000090600000|  0%| F|  |TAMS 0x0000000090500000| PB 0x0000000090500000| Untracked 
|  90|0x0000000090600000, 0x0000000090600000, 0x0000000090700000|  0%| F|  |TAMS 0x0000000090600000| PB 0x0000000090600000| Untracked 
|  91|0x0000000090700000, 0x0000000090700000, 0x0000000090800000|  0%| F|  |TAMS 0x0000000090700000| PB 0x0000000090700000| Untracked 
|  92|0x0000000090800000, 0x0000000090800000, 0x0000000090900000|  0%| F|  |TAMS 0x0000000090800000| PB 0x0000000090800000| Untracked 
|  93|0x0000000090900000, 0x0000000090900000, 0x0000000090a00000|  0%| F|  |TAMS 0x0000000090900000| PB 0x0000000090900000| Untracked 
|  94|0x0000000090a00000, 0x0000000090a00000, 0x0000000090b00000|  0%| F|  |TAMS 0x0000000090a00000| PB 0x0000000090a00000| Untracked 
|  95|0x0000000090b00000, 0x0000000090b00000, 0x0000000090c00000|  0%| F|  |TAMS 0x0000000090b00000| PB 0x0000000090b00000| Untracked 
|  96|0x0000000090c00000, 0x0000000090c00000, 0x0000000090d00000|  0%| F|  |TAMS 0x0000000090c00000| PB 0x0000000090c00000| Untracked 
|  97|0x0000000090d00000, 0x0000000090d00000, 0x0000000090e00000|  0%| F|  |TAMS 0x0000000090d00000| PB 0x0000000090d00000| Untracked 
|  98|0x0000000090e00000, 0x0000000090e00000, 0x0000000090f00000|  0%| F|  |TAMS 0x0000000090e00000| PB 0x0000000090e00000| Untracked 
|  99|0x0000000090f00000, 0x0000000090f00000, 0x0000000091000000|  0%| F|  |TAMS 0x0000000090f00000| PB 0x0000000090f00000| Untracked 
| 100|0x0000000091000000, 0x0000000091000000, 0x0000000091100000|  0%| F|  |TAMS 0x0000000091000000| PB 0x0000000091000000| Untracked 
| 101|0x0000000091100000, 0x0000000091100000, 0x0000000091200000|  0%| F|  |TAMS 0x0000000091100000| PB 0x0000000091100000| Untracked 
| 102|0x0000000091200000, 0x0000000091200000, 0x0000000091300000|  0%| F|  |TAMS 0x0000000091200000| PB 0x0000000091200000| Untracked 
| 103|0x0000000091300000, 0x0000000091300000, 0x0000000091400000|  0%| F|  |TAMS 0x0000000091300000| PB 0x0000000091300000| Untracked 
| 104|0x0000000091400000, 0x0000000091400000, 0x0000000091500000|  0%| F|  |TAMS 0x0000000091400000| PB 0x0000000091400000| Untracked 
| 105|0x0000000091500000, 0x0000000091500000, 0x0000000091600000|  0%| F|  |TAMS 0x0000000091500000| PB 0x0000000091500000| Untracked 
| 106|0x0000000091600000, 0x0000000091600000, 0x0000000091700000|  0%| F|  |TAMS 0x0000000091600000| PB 0x0000000091600000| Untracked 
| 107|0x0000000091700000, 0x0000000091700000, 0x0000000091800000|  0%| F|  |TAMS 0x0000000091700000| PB 0x0000000091700000| Untracked 
| 108|0x0000000091800000, 0x0000000091800000, 0x0000000091900000|  0%| F|  |TAMS 0x0000000091800000| PB 0x0000000091800000| Untracked 
| 109|0x0000000091900000, 0x0000000091900000, 0x0000000091a00000|  0%| F|  |TAMS 0x0000000091900000| PB 0x0000000091900000| Untracked 
| 110|0x0000000091a00000, 0x0000000091a00000, 0x0000000091b00000|  0%| F|  |TAMS 0x0000000091a00000| PB 0x0000000091a00000| Untracked 
| 111|0x0000000091b00000, 0x0000000091b00000, 0x0000000091c00000|  0%| F|  |TAMS 0x0000000091b00000| PB 0x0000000091b00000| Untracked 
| 112|0x0000000091c00000, 0x0000000091c00000, 0x0000000091d00000|  0%| F|  |TAMS 0x0000000091c00000| PB 0x0000000091c00000| Untracked 
| 113|0x0000000091d00000, 0x0000000091d00000, 0x0000000091e00000|  0%| F|  |TAMS 0x0000000091d00000| PB 0x0000000091d00000| Untracked 
| 114|0x0000000091e00000, 0x0000000091e00000, 0x0000000091f00000|  0%| F|  |TAMS 0x0000000091e00000| PB 0x0000000091e00000| Untracked 
| 115|0x0000000091f00000, 0x0000000091f00000, 0x0000000092000000|  0%| F|  |TAMS 0x0000000091f00000| PB 0x0000000091f00000| Untracked 
| 116|0x0000000092000000, 0x0000000092000000, 0x0000000092100000|  0%| F|  |TAMS 0x0000000092000000| PB 0x0000000092000000| Untracked 
| 117|0x0000000092100000, 0x0000000092100000, 0x0000000092200000|  0%| F|  |TAMS 0x0000000092100000| PB 0x0000000092100000| Untracked 
| 118|0x0000000092200000, 0x0000000092200000, 0x0000000092300000|  0%| F|  |TAMS 0x0000000092200000| PB 0x0000000092200000| Untracked 
| 119|0x0000000092300000, 0x0000000092300000, 0x0000000092400000|  0%| F|  |TAMS 0x0000000092300000| PB 0x0000000092300000| Untracked 
| 120|0x0000000092400000, 0x0000000092400000, 0x0000000092500000|  0%| F|  |TAMS 0x0000000092400000| PB 0x0000000092400000| Untracked 
| 121|0x0000000092500000, 0x0000000092500000, 0x0000000092600000|  0%| F|  |TAMS 0x0000000092500000| PB 0x0000000092500000| Untracked 
| 122|0x0000000092600000, 0x0000000092600000, 0x0000000092700000|  0%| F|  |TAMS 0x0000000092600000| PB 0x0000000092600000| Untracked 
| 123|0x0000000092700000, 0x0000000092700000, 0x0000000092800000|  0%| F|  |TAMS 0x0000000092700000| PB 0x0000000092700000| Untracked 
| 124|0x0000000092800000, 0x0000000092800000, 0x0000000092900000|  0%| F|  |TAMS 0x0000000092800000| PB 0x0000000092800000| Untracked 
| 125|0x0000000092900000, 0x0000000092900000, 0x0000000092a00000|  0%| F|  |TAMS 0x0000000092900000| PB 0x0000000092900000| Untracked 
| 126|0x0000000092a00000, 0x0000000092a00000, 0x0000000092b00000|  0%| F|  |TAMS 0x0000000092a00000| PB 0x0000000092a00000| Untracked 
| 127|0x0000000092b00000, 0x0000000092b00000, 0x0000000092c00000|  0%| F|  |TAMS 0x0000000092b00000| PB 0x0000000092b00000| Untracked 
| 128|0x0000000092c00000, 0x0000000092c00000, 0x0000000092d00000|  0%| F|  |TAMS 0x0000000092c00000| PB 0x0000000092c00000| Untracked 
| 129|0x0000000092d00000, 0x0000000092d00000, 0x0000000092e00000|  0%| F|  |TAMS 0x0000000092d00000| PB 0x0000000092d00000| Untracked 
| 130|0x0000000092e00000, 0x0000000092e00000, 0x0000000092f00000|  0%| F|  |TAMS 0x0000000092e00000| PB 0x0000000092e00000| Untracked 
| 131|0x0000000092f00000, 0x0000000092f00000, 0x0000000093000000|  0%| F|  |TAMS 0x0000000092f00000| PB 0x0000000092f00000| Untracked 
| 132|0x0000000093000000, 0x0000000093000000, 0x0000000093100000|  0%| F|  |TAMS 0x0000000093000000| PB 0x0000000093000000| Untracked 
| 133|0x0000000093100000, 0x0000000093100000, 0x0000000093200000|  0%| F|  |TAMS 0x0000000093100000| PB 0x0000000093100000| Untracked 
| 134|0x0000000093200000, 0x0000000093200000, 0x0000000093300000|  0%| F|  |TAMS 0x0000000093200000| PB 0x0000000093200000| Untracked 
| 135|0x0000000093300000, 0x0000000093300000, 0x0000000093400000|  0%| F|  |TAMS 0x0000000093300000| PB 0x0000000093300000| Untracked 
| 136|0x0000000093400000, 0x0000000093400000, 0x0000000093500000|  0%| F|  |TAMS 0x0000000093400000| PB 0x0000000093400000| Untracked 
| 137|0x0000000093500000, 0x0000000093500000, 0x0000000093600000|  0%| F|  |TAMS 0x0000000093500000| PB 0x0000000093500000| Untracked 
| 138|0x0000000093600000, 0x0000000093600000, 0x0000000093700000|  0%| F|  |TAMS 0x0000000093600000| PB 0x0000000093600000| Untracked 
| 139|0x0000000093700000, 0x0000000093700000, 0x0000000093800000|  0%| F|  |TAMS 0x0000000093700000| PB 0x0000000093700000| Untracked 
| 140|0x0000000093800000, 0x0000000093800000, 0x0000000093900000|  0%| F|  |TAMS 0x0000000093800000| PB 0x0000000093800000| Untracked 
| 141|0x0000000093900000, 0x0000000093900000, 0x0000000093a00000|  0%| F|  |TAMS 0x0000000093900000| PB 0x0000000093900000| Untracked 
| 142|0x0000000093a00000, 0x0000000093a00000, 0x0000000093b00000|  0%| F|  |TAMS 0x0000000093a00000| PB 0x0000000093a00000| Untracked 
| 143|0x0000000093b00000, 0x0000000093b00000, 0x0000000093c00000|  0%| F|  |TAMS 0x0000000093b00000| PB 0x0000000093b00000| Untracked 
| 144|0x0000000093c00000, 0x0000000093c00000, 0x0000000093d00000|  0%| F|  |TAMS 0x0000000093c00000| PB 0x0000000093c00000| Untracked 
| 145|0x0000000093d00000, 0x0000000093d00000, 0x0000000093e00000|  0%| F|  |TAMS 0x0000000093d00000| PB 0x0000000093d00000| Untracked 
| 146|0x0000000093e00000, 0x0000000093e00000, 0x0000000093f00000|  0%| F|  |TAMS 0x0000000093e00000| PB 0x0000000093e00000| Untracked 
| 147|0x0000000093f00000, 0x0000000094000000, 0x0000000094000000|100%| S|CS|TAMS 0x0000000093f00000| PB 0x0000000093f00000| Complete 
| 148|0x0000000094000000, 0x0000000094000000, 0x0000000094100000|  0%| F|  |TAMS 0x0000000094000000| PB 0x0000000094000000| Untracked 
| 149|0x0000000094100000, 0x0000000094100000, 0x0000000094200000|  0%| F|  |TAMS 0x0000000094100000| PB 0x0000000094100000| Untracked 
| 150|0x0000000094200000, 0x0000000094200000, 0x0000000094300000|  0%| F|  |TAMS 0x0000000094200000| PB 0x0000000094200000| Untracked 
| 151|0x0000000094300000, 0x0000000094347908, 0x0000000094400000| 27%| E|  |TAMS 0x0000000094300000| PB 0x0000000094300000| Complete 
| 152|0x0000000094400000, 0x0000000094500000, 0x0000000094500000|100%| E|CS|TAMS 0x0000000094400000| PB 0x0000000094400000| Complete 
| 153|0x0000000094500000, 0x0000000094600000, 0x0000000094600000|100%| E|CS|TAMS 0x0000000094500000| PB 0x0000000094500000| Complete 
|1867|0x00000000ff700000, 0x00000000ff800000, 0x00000000ff800000|100%| E|CS|TAMS 0x00000000ff700000| PB 0x00000000ff700000| Complete 
|1868|0x00000000ff800000, 0x00000000ff900000, 0x00000000ff900000|100%| O|  |TAMS 0x00000000ff800000| PB 0x00000000ff800000| Untracked 
|1869|0x00000000ff900000, 0x00000000ffa00000, 0x00000000ffa00000|100%| O|  |TAMS 0x00000000ff900000| PB 0x00000000ff900000| Untracked 
|1870|0x00000000ffa00000, 0x00000000ffb00000, 0x00000000ffb00000|100%| O|  |TAMS 0x00000000ffa00000| PB 0x00000000ffa00000| Untracked 
|1871|0x00000000ffb00000, 0x00000000ffc00000, 0x00000000ffc00000|100%| O|  |TAMS 0x00000000ffb00000| PB 0x00000000ffb00000| Untracked 
|1872|0x00000000ffc00000, 0x00000000ffd00000, 0x00000000ffd00000|100%| O|  |TAMS 0x00000000ffc00000| PB 0x00000000ffc00000| Untracked 
|1873|0x00000000ffd00000, 0x00000000ffe00000, 0x00000000ffe00000|100%| O|  |TAMS 0x00000000ffd00000| PB 0x00000000ffd00000| Untracked 
|1874|0x00000000ffe00000, 0x00000000fff00000, 0x00000000fff00000|100%| O|  |TAMS 0x00000000ffe00000| PB 0x00000000ffe00000| Untracked 
|1875|0x00000000fff00000, 0x0000000100000000, 0x0000000100000000|100%| O|  |TAMS 0x00000000fff00000| PB 0x00000000fff00000| Untracked 

Card table byte_map: [0x000001f850bd0000,0x000001f850f80000] _byte_map_base: 0x000001f85077a000

Marking Bits: (CMBitMap*) 0x000001f83e3d9ef0
 Bits: [0x000001f850f80000, 0x000001f852cd0000)

Polling page: 0x000001f83c6c0000

Metaspace:

Usage:
  Non-class:     60.96 MB used.
      Class:      7.76 MB used.
       Both:     68.72 MB used.

Virtual space:
  Non-class space:       64.00 MB reserved,      61.12 MB ( 96%) committed,  1 nodes.
      Class space:        1.00 GB reserved,       7.94 MB ( <1%) committed,  1 nodes.
             Both:        1.06 GB reserved,      69.06 MB (  6%) committed. 

Chunk freelists:
   Non-Class:  2.16 MB
       Class:  8.03 MB
        Both:  10.19 MB

MaxMetaspaceSize: unlimited
CompressedClassSpaceSize: 1.00 GB
Initial GC threshold: 21.00 MB
Current GC threshold: 109.19 MB
CDS: off
 - commit_granule_bytes: 65536.
 - commit_granule_words: 8192.
 - virtual_space_node_default_size: 8388608.
 - enlarge_chunks_in_place: 1.
 - use_allocation_guard: 0.


Internal statistics:

num_allocs_failed_limit: 6.
num_arena_births: 292.
num_arena_deaths: 0.
num_vsnodes_births: 2.
num_vsnodes_deaths: 0.
num_space_committed: 1105.
num_space_uncommitted: 0.
num_chunks_returned_to_freelist: 6.
num_chunks_taken_from_freelist: 2413.
num_chunk_merges: 6.
num_chunk_splits: 2029.
num_chunks_enlarged: 1827.
num_inconsistent_stats: 0.

CodeHeap 'non-profiled nmethods': size=120000Kb used=4704Kb max_used=4704Kb free=115295Kb
 bounds [0x000001f848fc0000, 0x000001f849460000, 0x000001f8504f0000]
CodeHeap 'profiled nmethods': size=120000Kb used=22267Kb max_used=22267Kb free=97732Kb
 bounds [0x000001f8414f0000, 0x000001f842ab0000, 0x000001f848a20000]
CodeHeap 'non-nmethods': size=5760Kb used=1639Kb max_used=1701Kb free=4120Kb
 bounds [0x000001f848a20000, 0x000001f848c90000, 0x000001f848fc0000]
CodeCache: size=245760Kb, used=28610Kb, max_used=28672Kb, free=217147Kb
 total_blobs=8150, nmethods=7362, adapters=691, full_count=0
Compilation: enabled, stopped_count=0, restarted_count=0

Compilation events (20 events):
Event: 11.761 Thread 0x000001f8559082a0 7968       3       java.security.AccessController::executePrivileged (65 bytes)
Event: 11.762 Thread 0x000001f8559082a0 nmethod 7968 0x000001f842aa9b90 code [0x000001f842aa9d60, 0x000001f842aaa058]
Event: 11.768 Thread 0x000001f8559082a0 7969       3       org.jetbrains.kotlin.builtins.StandardNames::isPrimitiveArray (24 bytes)
Event: 11.768 Thread 0x000001f8559082a0 nmethod 7969 0x000001f842aaa190 code [0x000001f842aaa3e0, 0x000001f842aaab00]
Event: 11.789 Thread 0x000001f8559082a0 7971       3       androidx.compose.compiler.plugins.kotlin.lower.ComposableTargetAnnotationsTransformerKt::access$samOwnerOrNull (5 bytes)
Event: 11.789 Thread 0x000001f8559082a0 nmethod 7971 0x000001f842aaad90 code [0x000001f842aaaf40, 0x000001f842aab058]
Event: 11.789 Thread 0x000001f8559082a0 7972       3       androidx.compose.compiler.plugins.kotlin.lower.ComposableTargetAnnotationsTransformer::isSamComposable (31 bytes)
Event: 11.789 Thread 0x000001f8559082a0 nmethod 7972 0x000001f842aab110 code [0x000001f842aab2e0, 0x000001f842aab558]
Event: 11.792 Thread 0x000001f8559082a0 7973       1       org.jetbrains.kotlin.ir.declarations.impl.IrPropertyWithLateBindingImpl::setGetter (6 bytes)
Event: 11.792 Thread 0x000001f8559082a0 nmethod 7973 0x000001f84944fc10 code [0x000001f84944fda0, 0x000001f84944feb0]
Event: 11.792 Thread 0x000001f8559082a0 7974       1       org.jetbrains.kotlin.ir.declarations.impl.IrPropertyWithLateBindingImpl::setSetter (6 bytes)
Event: 11.793 Thread 0x000001f8559082a0 nmethod 7974 0x000001f84944ff10 code [0x000001f8494500a0, 0x000001f8494501b0]
Event: 11.793 Thread 0x000001f8559082a0 7976       3       org.jetbrains.kotlin.ir.visitors.IrElementTransformerVoid::visitBody (17 bytes)
Event: 11.793 Thread 0x000001f8559082a0 nmethod 7976 0x000001f842aab690 code [0x000001f842aab8c0, 0x000001f842aabf38]
Event: 11.793 Thread 0x000001f8559082a0 7978       3       org.jetbrains.kotlin.ir.visitors.IrElementTransformerVoid::visitCall (10 bytes)
Event: 11.793 Thread 0x000001f8559082a0 nmethod 7978 0x000001f842aac190 code [0x000001f842aac3e0, 0x000001f842aacb90]
Event: 11.793 Thread 0x000001f8559082a0 7979       3       org.jetbrains.kotlin.ir.visitors.IrElementTransformerVoid::visitCall (16 bytes)
Event: 11.794 Thread 0x000001f8559082a0 nmethod 7979 0x000001f842aace10 code [0x000001f842aad040, 0x000001f842aad698]
Event: 11.794 Thread 0x000001f8559082a0 7977       3       org.jetbrains.kotlin.ir.visitors.IrElementTransformerVoid::visitConst (16 bytes)
Event: 11.794 Thread 0x000001f8559082a0 nmethod 7977 0x000001f842aad910 code [0x000001f842aadb40, 0x000001f842aae198]

GC Heap History (20 events):
Event: 5.741 GC heap before
{Heap before GC invocations=19 (full 0):
 garbage-first heap   total 68608K, used 58747K [0x000000008ac00000, 0x0000000100000000)
  region size 1024K, 14 young (14336K), 3 survivors (3072K)
 Metaspace       used 54948K, committed 55232K, reserved 1114112K
  class space    used 6469K, committed 6592K, reserved 1048576K
}
Event: 5.749 GC heap after
{Heap after GC invocations=20 (full 0):
 garbage-first heap   total 109568K, used 51182K [0x000000008ac00000, 0x0000000100000000)
  region size 1024K, 2 young (2048K), 2 survivors (2048K)
 Metaspace       used 54948K, committed 55232K, reserved 1114112K
  class space    used 6469K, committed 6592K, reserved 1048576K
}
Event: 6.619 GC heap before
{Heap before GC invocations=21 (full 0):
 garbage-first heap   total 109568K, used 87022K [0x000000008ac00000, 0x0000000100000000)
  region size 1024K, 38 young (38912K), 2 survivors (2048K)
 Metaspace       used 59459K, committed 59840K, reserved 1114112K
  class space    used 6982K, committed 7168K, reserved 1048576K
}
Event: 6.635 GC heap after
{Heap after GC invocations=22 (full 0):
 garbage-first heap   total 109568K, used 59271K [0x000000008ac00000, 0x0000000100000000)
  region size 1024K, 5 young (5120K), 5 survivors (5120K)
 Metaspace       used 59459K, committed 59840K, reserved 1114112K
  class space    used 6982K, committed 7168K, reserved 1048576K
}
Event: 7.277 GC heap before
{Heap before GC invocations=22 (full 0):
 garbage-first heap   total 109568K, used 87943K [0x000000008ac00000, 0x0000000100000000)
  region size 1024K, 33 young (33792K), 5 survivors (5120K)
 Metaspace       used 60219K, committed 60544K, reserved 1114112K
  class space    used 7015K, committed 7168K, reserved 1048576K
}
Event: 7.300 GC heap after
{Heap after GC invocations=23 (full 0):
 garbage-first heap   total 109568K, used 65024K [0x000000008ac00000, 0x0000000100000000)
  region size 1024K, 5 young (5120K), 5 survivors (5120K)
 Metaspace       used 60219K, committed 60544K, reserved 1114112K
  class space    used 7015K, committed 7168K, reserved 1048576K
}
Event: 7.934 GC heap before
{Heap before GC invocations=23 (full 0):
 garbage-first heap   total 109568K, used 91648K [0x000000008ac00000, 0x0000000100000000)
  region size 1024K, 31 young (31744K), 5 survivors (5120K)
 Metaspace       used 62022K, committed 62400K, reserved 1114112K
  class space    used 7179K, committed 7360K, reserved 1048576K
}
Event: 7.961 GC heap after
{Heap after GC invocations=24 (full 0):
 garbage-first heap   total 109568K, used 70656K [0x000000008ac00000, 0x0000000100000000)
  region size 1024K, 4 young (4096K), 4 survivors (4096K)
 Metaspace       used 62022K, committed 62400K, reserved 1114112K
  class space    used 7179K, committed 7360K, reserved 1048576K
}
Event: 8.881 GC heap before
{Heap before GC invocations=24 (full 0):
 garbage-first heap   total 109568K, used 94208K [0x000000008ac00000, 0x0000000100000000)
  region size 1024K, 28 young (28672K), 4 survivors (4096K)
 Metaspace       used 66662K, committed 67008K, reserved 1114112K
  class space    used 7597K, committed 7744K, reserved 1048576K
}
Event: 8.900 GC heap after
{Heap after GC invocations=25 (full 0):
 garbage-first heap   total 109568K, used 75100K [0x000000008ac00000, 0x0000000100000000)
  region size 1024K, 4 young (4096K), 4 survivors (4096K)
 Metaspace       used 66662K, committed 67008K, reserved 1114112K
  class space    used 7597K, committed 7744K, reserved 1048576K
}
Event: 9.312 GC heap before
{Heap before GC invocations=26 (full 0):
 garbage-first heap   total 126976K, used 96604K [0x000000008ac00000, 0x0000000100000000)
  region size 1024K, 25 young (25600K), 4 survivors (4096K)
 Metaspace       used 66855K, committed 67264K, reserved 1114112K
  class space    used 7602K, committed 7808K, reserved 1048576K
}
Event: 9.325 GC heap after
{Heap after GC invocations=27 (full 0):
 garbage-first heap   total 126976K, used 78848K [0x000000008ac00000, 0x0000000100000000)
  region size 1024K, 4 young (4096K), 4 survivors (4096K)
 Metaspace       used 66855K, committed 67264K, reserved 1114112K
  class space    used 7602K, committed 7808K, reserved 1048576K
}
Event: 10.200 GC heap before
{Heap before GC invocations=27 (full 0):
 garbage-first heap   total 126976K, used 107520K [0x000000008ac00000, 0x0000000100000000)
  region size 1024K, 33 young (33792K), 4 survivors (4096K)
 Metaspace       used 69426K, committed 69760K, reserved 1114112K
  class space    used 7843K, committed 8000K, reserved 1048576K
}
Event: 11.223 GC heap after
{Heap after GC invocations=28 (full 0):
 garbage-first heap   total 166912K, used 82410K [0x000000008ac00000, 0x0000000100000000)
  region size 1024K, 5 young (5120K), 5 survivors (5120K)
 Metaspace       used 69426K, committed 69760K, reserved 1114112K
  class space    used 7843K, committed 8000K, reserved 1048576K
}
Event: 11.277 GC heap before
{Heap before GC invocations=28 (full 0):
 garbage-first heap   total 166912K, used 85482K [0x000000008ac00000, 0x0000000100000000)
  region size 1024K, 8 young (8192K), 5 survivors (5120K)
 Metaspace       used 69574K, committed 69952K, reserved 1114112K
  class space    used 7870K, committed 8064K, reserved 1048576K
}
Event: 11.286 GC heap after
{Heap after GC invocations=29 (full 0):
 garbage-first heap   total 166912K, used 83456K [0x000000008ac00000, 0x0000000100000000)
  region size 1024K, 1 young (1024K), 1 survivors (1024K)
 Metaspace       used 69574K, committed 69952K, reserved 1114112K
  class space    used 7870K, committed 8064K, reserved 1048576K
}
Event: 11.424 GC heap before
{Heap before GC invocations=29 (full 0):
 garbage-first heap   total 166912K, used 90624K [0x000000008ac00000, 0x0000000100000000)
  region size 1024K, 8 young (8192K), 1 survivors (1024K)
 Metaspace       used 69758K, committed 70080K, reserved 1114112K
  class space    used 7883K, committed 8064K, reserved 1048576K
}
Event: 11.429 GC heap after
{Heap after GC invocations=30 (full 0):
 garbage-first heap   total 166912K, used 84992K [0x000000008ac00000, 0x0000000100000000)
  region size 1024K, 1 young (1024K), 1 survivors (1024K)
 Metaspace       used 69758K, committed 70080K, reserved 1114112K
  class space    used 7883K, committed 8064K, reserved 1048576K
}
Event: 11.709 GC heap before
{Heap before GC invocations=30 (full 0):
 garbage-first heap   total 166912K, used 92160K [0x000000008ac00000, 0x0000000100000000)
  region size 1024K, 8 young (8192K), 1 survivors (1024K)
 Metaspace       used 69917K, committed 70272K, reserved 1114112K
  class space    used 7897K, committed 8064K, reserved 1048576K
}
Event: 11.714 GC heap after
{Heap after GC invocations=31 (full 0):
 garbage-first heap   total 166912K, used 87040K [0x000000008ac00000, 0x0000000100000000)
  region size 1024K, 1 young (1024K), 1 survivors (1024K)
 Metaspace       used 69917K, committed 70272K, reserved 1114112K
  class space    used 7897K, committed 8064K, reserved 1048576K
}

Dll operation events (3 events):
Event: 0.014 Loaded shared library C:\Program Files\Android\Android Studio\jbr\bin\java.dll
Event: 0.023 Loaded shared library C:\Program Files\Android\Android Studio\jbr\bin\zip.dll
Event: 1.714 Loaded shared library C:\Program Files\Android\Android Studio\jbr\bin\verify.dll

Deoptimization events (20 events):
Event: 11.753 Thread 0x000001f83bf90560 Uncommon trap: trap_request=0xffffffc6 fr.pc=0x000001f84943af78 relative=0x0000000000000cb8
Event: 11.753 Thread 0x000001f83bf90560 Uncommon trap: reason=bimorphic_or_optimized_type_check action=maybe_recompile pc=0x000001f84943af78 method=org.jetbrains.kotlin.fir.types.ConeAttributes.remove(Lkotlin/reflect/KClass;)Lorg/jetbrains/kotlin/fir/types/ConeAttributes; @ 84 c2
Event: 11.753 Thread 0x000001f83bf90560 DEOPT PACKING pc=0x000001f84943af78 sp=0x00000056356fb840
Event: 11.753 Thread 0x000001f83bf90560 DEOPT UNPACKING pc=0x000001f848a743a2 sp=0x00000056356fb7e0 mode 2
Event: 11.766 Thread 0x000001f83bf90560 Uncommon trap: trap_request=0xffffff45 fr.pc=0x000001f8492e2a5c relative=0x000000000000019c
Event: 11.766 Thread 0x000001f83bf90560 Uncommon trap: reason=unstable_if action=reinterpret pc=0x000001f8492e2a5c method=org.jetbrains.kotlin.builtins.jvm.JavaToKotlinClassMap.isKotlinFunctionWithBigArity(Lorg/jetbrains/kotlin/name/FqNameUnsafe;Ljava/lang/String;)Z @ 13 c2
Event: 11.766 Thread 0x000001f83bf90560 DEOPT PACKING pc=0x000001f8492e2a5c sp=0x00000056356fbbf0
Event: 11.766 Thread 0x000001f83bf90560 DEOPT UNPACKING pc=0x000001f848a743a2 sp=0x00000056356fbb90 mode 2
Event: 11.788 Thread 0x000001f83bf90560 Uncommon trap: trap_request=0xffffffc6 fr.pc=0x000001f8493f18f0 relative=0x0000000000000510
Event: 11.788 Thread 0x000001f83bf90560 Uncommon trap: reason=bimorphic_or_optimized_type_check action=maybe_recompile pc=0x000001f8493f18f0 method=kotlin.text.StringsKt__AppendableKt.appendElement(Ljava/lang/Appendable;Ljava/lang/Object;Lkotlin/jvm/functions/Function1;)V @ 15 c2
Event: 11.788 Thread 0x000001f83bf90560 DEOPT PACKING pc=0x000001f8493f18f0 sp=0x00000056356fc440
Event: 11.789 Thread 0x000001f83bf90560 DEOPT UNPACKING pc=0x000001f848a743a2 sp=0x00000056356fc408 mode 2
Event: 11.789 Thread 0x000001f83bf90560 Uncommon trap: trap_request=0xffffffc6 fr.pc=0x000001f8493f18f0 relative=0x0000000000000510
Event: 11.789 Thread 0x000001f83bf90560 Uncommon trap: reason=bimorphic_or_optimized_type_check action=maybe_recompile pc=0x000001f8493f18f0 method=kotlin.text.StringsKt__AppendableKt.appendElement(Ljava/lang/Appendable;Ljava/lang/Object;Lkotlin/jvm/functions/Function1;)V @ 15 c2
Event: 11.789 Thread 0x000001f83bf90560 DEOPT PACKING pc=0x000001f8493f18f0 sp=0x00000056356fc3e0
Event: 11.789 Thread 0x000001f83bf90560 DEOPT UNPACKING pc=0x000001f848a743a2 sp=0x00000056356fc3a8 mode 2
Event: 11.789 Thread 0x000001f83bf90560 Uncommon trap: trap_request=0xffffffc6 fr.pc=0x000001f8493f18f0 relative=0x0000000000000510
Event: 11.789 Thread 0x000001f83bf90560 Uncommon trap: reason=bimorphic_or_optimized_type_check action=maybe_recompile pc=0x000001f8493f18f0 method=kotlin.text.StringsKt__AppendableKt.appendElement(Ljava/lang/Appendable;Ljava/lang/Object;Lkotlin/jvm/functions/Function1;)V @ 15 c2
Event: 11.789 Thread 0x000001f83bf90560 DEOPT PACKING pc=0x000001f8493f18f0 sp=0x00000056356fc3a0
Event: 11.789 Thread 0x000001f83bf90560 DEOPT UNPACKING pc=0x000001f848a743a2 sp=0x00000056356fc368 mode 2

Classes loaded (20 events):
Event: 6.463 Loading class java/text/ChoiceFormat
Event: 6.464 Loading class java/text/NumberFormat
Event: 6.464 Loading class java/text/NumberFormat done
Event: 6.464 Loading class java/text/ChoiceFormat done
Event: 6.497 Loading class java/util/RegularEnumSet$EnumSetIterator
Event: 6.497 Loading class java/util/RegularEnumSet$EnumSetIterator done
Event: 6.663 Loading class java/util/EnumMap$EntrySet
Event: 6.664 Loading class java/util/EnumMap$EntrySet done
Event: 6.664 Loading class java/util/EnumMap$EntryIterator
Event: 6.664 Loading class java/util/EnumMap$EnumMapIterator
Event: 6.664 Loading class java/util/EnumMap$EnumMapIterator done
Event: 6.664 Loading class java/util/EnumMap$EntryIterator done
Event: 6.664 Loading class java/util/EnumMap$EntryIterator$Entry
Event: 6.665 Loading class java/util/EnumMap$EntryIterator$Entry done
Event: 7.982 Loading class java/security/CodeSigner
Event: 7.982 Loading class java/security/CodeSigner done
Event: 9.800 Loading class java/lang/Short$ShortCache
Event: 9.800 Loading class java/lang/Short$ShortCache done
Event: 10.127 Loading class java/util/Collections$SynchronizedMap
Event: 10.127 Loading class java/util/Collections$SynchronizedMap done

Classes unloaded (0 events):
No events

Classes redefined (0 events):
No events

Internal exceptions (20 events):
Event: 5.697 Thread 0x000001f83bf90560 Exception <a 'java/lang/NoSuchMethodError'{0x000000008e0cb818}: 'java.lang.Object java.lang.invoke.DirectMethodHandle$Holder.newInvokeSpecial(java.lang.Object, int, java.lang.Object)'> (0x000000008e0cb818) 
thrown [s\src\hotspot\share\interpreter\linkResolver.cpp, line 784]
Event: 5.710 Thread 0x000001f83bf90560 Exception <a 'java/lang/NoSuchMethodError'{0x000000008df19830}: 'java.lang.Object java.lang.invoke.DirectMethodHandle$Holder.invokeSpecial(java.lang.Object, java.lang.Object, int, java.lang.Object, java.lang.Object)'> (0x000000008df19830) 
thrown [s\src\hotspot\share\interpreter\linkResolver.cpp, line 784]
Event: 5.714 Thread 0x000001f83bf90560 Exception <a 'java/lang/NoSuchMethodError'{0x000000008df2c3c0}: 'java.lang.Object java.lang.invoke.DirectMethodHandle$Holder.invokeStatic(java.lang.Object, int, java.lang.Object, java.lang.Object)'> (0x000000008df2c3c0) 
thrown [s\src\hotspot\share\interpreter\linkResolver.cpp, line 784]
Event: 6.213 Thread 0x000001f83bf90560 Exception <a 'java/lang/NoSuchMethodError'{0x000000008fae2390}: 'java.lang.Object java.lang.invoke.DirectMethodHandle$Holder.invokeStatic(java.lang.Object, java.lang.Object, java.lang.Object, int, java.lang.Object, java.lang.Object)'> (0x000000008fae2390) 
thrown [s\src\hotspot\share\interpreter\linkResolver.cpp, line 784]
Event: 6.493 Thread 0x000001f83bf90560 Exception <a 'java/lang/NoSuchMethodError'{0x000000008ee7c968}: 'java.lang.Object java.lang.invoke.DirectMethodHandle$Holder.invokeStatic(java.lang.Object, int, int, java.lang.Object)'> (0x000000008ee7c968) 
thrown [s\src\hotspot\share\interpreter\linkResolver.cpp, line 784]
Event: 6.494 Thread 0x000001f83bf90560 Exception <a 'java/lang/NoSuchMethodError'{0x000000008ee80028}: 'java.lang.Object java.lang.invoke.DirectMethodHandle$Holder.invokeStaticInit(java.lang.Object, int, int, java.lang.Object)'> (0x000000008ee80028) 
thrown [s\src\hotspot\share\interpreter\linkResolver.cpp, line 784]
Event: 6.580 Thread 0x000001f83bf90560 Exception <a 'java/lang/NoSuchMethodError'{0x000000008ecf99b8}: 'java.lang.Object java.lang.invoke.DirectMethodHandle$Holder.invokeStatic(java.lang.Object, java.lang.Object, java.lang.Object, java.lang.Object, java.lang.Object, int)'> (0x000000008ecf99b8) 
thrown [s\src\hotspot\share\interpreter\linkResolver.cpp, line 784]
Event: 6.665 Thread 0x000001f83bf90560 Implicit null exception at 0x000001f849182863 to 0x000001f849182a40
Event: 6.791 Thread 0x000001f83bf90560 Exception <a 'java/lang/NoSuchMethodError'{0x000000009099f798}: 'java.lang.Object java.lang.invoke.DirectMethodHandle$Holder.invokeSpecial(java.lang.Object, java.lang.Object, java.lang.Object, int, java.lang.Object, java.lang.Object, java.lang.Object)'> (0x000000009099f798) 
thrown [s\src\hotspot\share\interpreter\linkResolver.cpp, line 784]
Event: 6.792 Thread 0x000001f83bf90560 Exception <a 'java/lang/NoSuchMethodError'{0x00000000909a2e10}: 'java.lang.Object java.lang.invoke.Invokers$Holder.linkToTargetMethod(java.lang.Object, int, java.lang.Object, java.lang.Object, java.lang.Object, java.lang.Object)'> (0x00000000909a2e10) 
thrown [s\src\hotspot\share\interpreter\linkResolver.cpp, line 784]
Event: 7.930 Thread 0x000001f83bf90560 Implicit null exception at 0x000001f848ff6da0 to 0x000001f848ff733c
Event: 7.962 Thread 0x000001f83bf90560 Implicit null exception at 0x000001f848ffa020 to 0x000001f848ffa5b0
Event: 8.217 Thread 0x000001f83bf90560 Exception <a 'java/lang/NoSuchMethodError'{0x00000000903ed400}: 'java.lang.Object java.lang.invoke.DirectMethodHandle$Holder.newInvokeSpecial(java.lang.Object, java.lang.Object, java.lang.Object, java.lang.Object, java.lang.Object, java.lang.Object, java.lang.Object, java.lang.Object, int)'> (0x00000000903ed400) 
thrown [s\src\hotspot\share\interpreter\linkResolver.cpp, line 784]
Event: 8.217 Thread 0x000001f83bf90560 Exception <a 'java/lang/NoSuchMethodError'{0x00000000903f2140}: 'java.lang.Object java.lang.invoke.DirectMethodHandle$Holder.invokeSpecial(java.lang.Object, java.lang.Object, java.lang.Object, java.lang.Object, java.lang.Object, java.lang.Object, java.lang.Object, java.lang.Object, java.lang.Object, int)'> (0x00000000903f2140) 
thrown [s\src\hotspot\share\interpreter\linkResolver.cpp, line 784]
Event: 10.131 Thread 0x000001f83bf90560 Exception <a 'java/lang/NoSuchMethodError'{0x000000009020c150}: 'java.lang.Object java.lang.invoke.DirectMethodHandle$Holder.invokeStatic(java.lang.Object, java.lang.Object, int, java.lang.Object, java.lang.Object)'> (0x000000009020c150) 
thrown [s\src\hotspot\share\interpreter\linkResolver.cpp, line 784]
Event: 10.132 Thread 0x000001f83bf90560 Exception <a 'java/lang/NoSuchMethodError'{0x00000000902136e0}: 'java.lang.Object java.lang.invoke.DirectMethodHandle$Holder.newInvokeSpecial(java.lang.Object, java.lang.Object, int, java.lang.Object, java.lang.Object)'> (0x00000000902136e0) 
thrown [s\src\hotspot\share\interpreter\linkResolver.cpp, line 784]
Event: 10.132 Thread 0x000001f83bf90560 Exception <a 'java/lang/NoSuchMethodError'{0x0000000090217b98}: 'java.lang.Object java.lang.invoke.DirectMethodHandle$Holder.invokeSpecial(java.lang.Object, java.lang.Object, java.lang.Object, int, java.lang.Object, java.lang.Object)'> (0x0000000090217b98) 
thrown [s\src\hotspot\share\interpreter\linkResolver.cpp, line 784]
Event: 10.132 Thread 0x000001f83bf90560 Exception <a 'java/lang/NoSuchMethodError'{0x000000009021b690}: 'java.lang.Object java.lang.invoke.Invokers$Holder.linkToTargetMethod(java.lang.Object, int, java.lang.Object, java.lang.Object, java.lang.Object)'> (0x000000009021b690) 
thrown [s\src\hotspot\share\interpreter\linkResolver.cpp, line 784]
Event: 11.600 Thread 0x000001f83bf90560 Exception <a 'java/lang/NoSuchMethodError'{0x00000000942e7c38}: 'java.lang.Object java.lang.invoke.DirectMethodHandle$Holder.newInvokeSpecial(java.lang.Object, java.lang.Object, java.lang.Object, java.lang.Object, java.lang.Object, java.lang.Object, int)'> (0x00000000942e7c38) 
thrown [s\src\hotspot\share\interpreter\linkResolver.cpp, line 784]
Event: 11.601 Thread 0x000001f83bf90560 Exception <a 'java/lang/NoSuchMethodError'{0x00000000942ec560}: 'java.lang.Object java.lang.invoke.DirectMethodHandle$Holder.invokeSpecial(java.lang.Object, java.lang.Object, java.lang.Object, java.lang.Object, java.lang.Object, java.lang.Object, java.lang.Object, int)'> (0x00000000942ec560) 
thrown [s\src\hotspot\share\interpreter\linkResolver.cpp, line 784]

ZGC Phase Switch (0 events):
No events

VM Operations (20 events):
Event: 10.178 Executing safepoint VM operation: ICBufferFull
Event: 10.178 Executing safepoint VM operation: ICBufferFull done
Event: 10.191 Executing non-safepoint VM operation: HandshakeAllThreads (Deoptimize)
Event: 10.191 Executing non-safepoint VM operation: HandshakeAllThreads (Deoptimize) done
Event: 10.200 Executing safepoint VM operation: G1CollectForAllocation (G1 Evacuation Pause)
Event: 11.223 Executing safepoint VM operation: G1CollectForAllocation (G1 Evacuation Pause) done
Event: 11.228 Executing non-safepoint VM operation: HandshakeAllThreads (Deoptimize)
Event: 11.228 Executing non-safepoint VM operation: HandshakeAllThreads (Deoptimize) done
Event: 11.277 Executing safepoint VM operation: G1CollectForAllocation (G1 Evacuation Pause)
Event: 11.286 Executing safepoint VM operation: G1CollectForAllocation (G1 Evacuation Pause) done
Event: 11.330 Executing non-safepoint VM operation: HandshakeAllThreads (Deoptimize)
Event: 11.330 Executing non-safepoint VM operation: HandshakeAllThreads (Deoptimize) done
Event: 11.424 Executing safepoint VM operation: G1CollectForAllocation (G1 Evacuation Pause)
Event: 11.429 Executing safepoint VM operation: G1CollectForAllocation (G1 Evacuation Pause) done
Event: 11.625 Executing safepoint VM operation: ICBufferFull
Event: 11.625 Executing safepoint VM operation: ICBufferFull done
Event: 11.709 Executing safepoint VM operation: G1CollectForAllocation (G1 Evacuation Pause)
Event: 11.714 Executing safepoint VM operation: G1CollectForAllocation (G1 Evacuation Pause) done
Event: 12.721 Executing safepoint VM operation: Cleanup
Event: 12.721 Executing safepoint VM operation: Cleanup done

Memory protections (0 events):
No events

Nmethod flushes (20 events):
Event: 8.984 Thread 0x000001f85574cf80 flushing  nmethod 0x000001f8418bf290
Event: 8.984 Thread 0x000001f85574cf80 flushing  nmethod 0x000001f841926e90
Event: 8.984 Thread 0x000001f85574cf80 flushing  nmethod 0x000001f841946290
Event: 8.984 Thread 0x000001f85574cf80 flushing  nmethod 0x000001f841947f10
Event: 8.984 Thread 0x000001f85574cf80 flushing  nmethod 0x000001f841988810
Event: 8.984 Thread 0x000001f85574cf80 flushing  nmethod 0x000001f84198a010
Event: 8.984 Thread 0x000001f85574cf80 flushing  nmethod 0x000001f84198c890
Event: 8.984 Thread 0x000001f85574cf80 flushing  nmethod 0x000001f841992990
Event: 8.984 Thread 0x000001f85574cf80 flushing  nmethod 0x000001f84199c090
Event: 8.984 Thread 0x000001f85574cf80 flushing  nmethod 0x000001f84199ec10
Event: 8.984 Thread 0x000001f85574cf80 flushing  nmethod 0x000001f8419a2990
Event: 8.984 Thread 0x000001f85574cf80 flushing  nmethod 0x000001f8419c6e90
Event: 8.984 Thread 0x000001f85574cf80 flushing  nmethod 0x000001f8419c7890
Event: 8.984 Thread 0x000001f85574cf80 flushing  nmethod 0x000001f8419e6c90
Event: 8.984 Thread 0x000001f85574cf80 flushing  nmethod 0x000001f841a53910
Event: 8.984 Thread 0x000001f85574cf80 flushing  nmethod 0x000001f841a57e90
Event: 8.984 Thread 0x000001f85574cf80 flushing  nmethod 0x000001f841a7c210
Event: 8.984 Thread 0x000001f85574cf80 flushing  nmethod 0x000001f841bdcb90
Event: 8.984 Thread 0x000001f85574cf80 flushing  nmethod 0x000001f841c53810
Event: 8.984 Thread 0x000001f85574cf80 flushing  nmethod 0x000001f841ce1890

Events (20 events):
Event: 0.219 Loaded shared library C:\Program Files\Android\Android Studio\jbr\bin\zip.dll
Event: 0.302 Loaded shared library C:\Program Files\Android\Android Studio\jbr\bin\jimage.dll
Event: 0.636 Loaded shared library C:\Program Files\Android\Android Studio\jbr\bin\management.dll
Event: 0.646 Loaded shared library C:\Program Files\Android\Android Studio\jbr\bin\management_ext.dll
Event: 0.712 Thread 0x000001f8559059c0 Thread exited: 0x000001f8559059c0
Event: 0.728 Thread 0x000001f8559052f0 Thread exited: 0x000001f8559052f0
Event: 1.861 Thread 0x000001f8559082a0 Thread added: 0x000001f855908970
Event: 1.870 Thread 0x000001f855908970 Thread added: 0x000001f855906090
Event: 2.699 Thread 0x000001f855906090 Thread exited: 0x000001f855906090
Event: 3.322 Thread 0x000001f855908970 Thread exited: 0x000001f855908970
Event: 3.663 Thread 0x000001f8559082a0 Thread added: 0x000001f855908970
Event: 4.238 Thread 0x000001f8559082a0 Thread added: 0x000001f855906e30
Event: 8.460 Thread 0x000001f855906e30 Thread exited: 0x000001f855906e30
Event: 8.460 Thread 0x000001f855908970 Thread exited: 0x000001f855908970
Event: 8.655 Thread 0x000001f8559082a0 Thread added: 0x000001f860c268c0
Event: 9.076 Thread 0x000001f8559082a0 Thread added: 0x000001f860c261f0
Event: 11.227 Thread 0x000001f860c261f0 Thread exited: 0x000001f860c261f0
Event: 11.227 Thread 0x000001f860c268c0 Thread exited: 0x000001f860c268c0
Event: 11.275 Thread 0x000001f8559082a0 Thread added: 0x000001f855906e30
Event: 11.363 Thread 0x000001f8559082a0 Thread added: 0x000001f860c261f0


Dynamic libraries:
0x00007ff7fbda0000 - 0x00007ff7fbdaa000 	C:\Program Files\Android\Android Studio\jbr\bin\java.exe
0x00007ff8834c0000 - 0x00007ff883727000 	C:\WINDOWS\SYSTEM32\ntdll.dll
0x00007ff883280000 - 0x00007ff883349000 	C:\WINDOWS\System32\KERNEL32.DLL
0x00007ff880200000 - 0x00007ff8805f1000 	C:\WINDOWS\System32\KERNELBASE.dll
0x00007ff881110000 - 0x00007ff88125b000 	C:\WINDOWS\System32\ucrtbase.dll
0x00007ff8144f0000 - 0x00007ff814508000 	C:\Program Files\Android\Android Studio\jbr\bin\jli.dll
0x00007ff87b430000 - 0x00007ff87b44b000 	C:\Program Files\Android\Android Studio\jbr\bin\VCRUNTIME140.dll
0x00007ff883030000 - 0x00007ff8831f5000 	C:\WINDOWS\System32\USER32.dll
0x00007ff867fc0000 - 0x00007ff868253000 	C:\WINDOWS\WinSxS\amd64_microsoft.windows.common-controls_6595b64144ccf1df_6.0.26100.8037_none_3e092faae333b53b\COMCTL32.dll
0x00007ff8801d0000 - 0x00007ff8801f7000 	C:\WINDOWS\System32\win32u.dll
0x00007ff882010000 - 0x00007ff8820b9000 	C:\WINDOWS\System32\msvcrt.dll
0x00007ff883200000 - 0x00007ff88322b000 	C:\WINDOWS\System32\GDI32.dll
0x00007ff880fe0000 - 0x00007ff88110b000 	C:\WINDOWS\System32\gdi32full.dll
0x00007ff87fe30000 - 0x00007ff87fed3000 	C:\WINDOWS\System32\msvcp_win.dll
0x00007ff883240000 - 0x00007ff883271000 	C:\WINDOWS\System32\IMM32.DLL
0x00007ff866bf0000 - 0x00007ff866bfc000 	C:\Program Files\Android\Android Studio\jbr\bin\vcruntime140_1.dll
0x00007ff8067f0000 - 0x00007ff80687d000 	C:\Program Files\Android\Android Studio\jbr\bin\msvcp140.dll
0x00007ff818220000 - 0x00007ff818eb6000 	C:\Program Files\Android\Android Studio\jbr\bin\server\jvm.dll
0x00007ff8824e0000 - 0x00007ff88259b000 	C:\WINDOWS\System32\ADVAPI32.dll
0x00007ff882f10000 - 0x00007ff882fb7000 	C:\WINDOWS\System32\sechost.dll
0x00007ff883350000 - 0x00007ff883468000 	C:\WINDOWS\System32\RPCRT4.dll
0x00007ff882680000 - 0x00007ff8826f4000 	C:\WINDOWS\System32\WS2_32.dll
0x00007ff87fa50000 - 0x00007ff87faae000 	C:\WINDOWS\SYSTEM32\POWRPROF.dll
0x00007ff879dd0000 - 0x00007ff879e05000 	C:\WINDOWS\SYSTEM32\WINMM.dll
0x00007ff879e10000 - 0x00007ff879e1b000 	C:\WINDOWS\SYSTEM32\VERSION.dll
0x00007ff87fa30000 - 0x00007ff87fa44000 	C:\WINDOWS\SYSTEM32\UMPDC.dll
0x00007ff87eb30000 - 0x00007ff87eb4b000 	C:\WINDOWS\SYSTEM32\kernel.appcore.dll
0x00007ff866be0000 - 0x00007ff866bea000 	C:\Program Files\Android\Android Studio\jbr\bin\jimage.dll
0x00007ff8746c0000 - 0x00007ff874902000 	C:\WINDOWS\SYSTEM32\DBGHELP.DLL
0x00007ff8818d0000 - 0x00007ff881c52000 	C:\WINDOWS\System32\combase.dll
0x00007ff8825a0000 - 0x00007ff882677000 	C:\WINDOWS\System32\OLEAUT32.dll
0x00007ff864c60000 - 0x00007ff864c9b000 	C:\WINDOWS\SYSTEM32\dbgcore.DLL
0x00007ff880600000 - 0x00007ff8806a5000 	C:\WINDOWS\System32\bcryptPrimitives.dll
0x00007ff863340000 - 0x00007ff863360000 	C:\Program Files\Android\Android Studio\jbr\bin\java.dll
0x00007ff862e00000 - 0x00007ff862e18000 	C:\Program Files\Android\Android Studio\jbr\bin\zip.dll
0x00007ff882780000 - 0x00007ff882edf000 	C:\WINDOWS\System32\SHELL32.dll
0x00007ff880060000 - 0x00007ff8801ca000 	C:\WINDOWS\System32\wintypes.dll
0x00007ff880770000 - 0x00007ff880fd4000 	C:\WINDOWS\System32\windows.storage.dll
0x00007ff8823e0000 - 0x00007ff8824d7000 	C:\WINDOWS\System32\SHCORE.dll
0x00007ff882fc0000 - 0x00007ff883027000 	C:\WINDOWS\System32\shlwapi.dll
0x00007ff87fcc0000 - 0x00007ff87fce9000 	C:\WINDOWS\SYSTEM32\profapi.dll
0x00007ff862df0000 - 0x00007ff862e00000 	C:\Program Files\Android\Android Studio\jbr\bin\net.dll
0x00007ff876c30000 - 0x00007ff876d57000 	C:\WINDOWS\SYSTEM32\WINHTTP.dll
0x00007ff87f0a0000 - 0x00007ff87f10b000 	C:\WINDOWS\system32\mswsock.dll
0x00007ff862d50000 - 0x00007ff862d66000 	C:\Program Files\Android\Android Studio\jbr\bin\nio.dll
0x00007ff862460000 - 0x00007ff862469000 	C:\Program Files\Android\Android Studio\jbr\bin\management.dll
0x00007ff862450000 - 0x00007ff86245b000 	C:\Program Files\Android\Android Studio\jbr\bin\management_ext.dll
0x00007ff883230000 - 0x00007ff883238000 	C:\WINDOWS\System32\PSAPI.DLL
0x00007ff86b0a0000 - 0x00007ff86b0b0000 	C:\Program Files\Android\Android Studio\jbr\bin\verify.dll

JVMTI agents: none

dbghelp: loaded successfully - version: 4.0.5 - missing functions: none
symbol engine: initialized successfully - sym options: 0x614 - pdb path: .;C:\Program Files\Android\Android Studio\jbr\bin;C:\WINDOWS\SYSTEM32;C:\WINDOWS\WinSxS\amd64_microsoft.windows.common-controls_6595b64144ccf1df_6.0.26100.8037_none_3e092faae333b53b;C:\Program Files\Android\Android Studio\jbr\bin\server

VM Arguments:
java_command: org.jetbrains.kotlin.cli.jvm.K2JVMCompiler @C:\Final_Project\Library\app\build\20260414_15294390165903600438.compiler.options
java_class_path (initial): C:\Users\Sipon\.gradle\caches\modules-2\files-2.1\org.jetbrains.kotlin\kotlin-compiler-embeddable\2.2.10\6882d39ef03b18879c1a5d2a83c2212361bed5fe\kotlin-compiler-embeddable-2.2.10.jar;C:\Users\Sipon\.gradle\caches\modules-2\files-2.1\org.jetbrains.kotlin\kotlin-stdlib\2.2.10\30de6faa127a4a012db8e71bf1b9c0a99b1402b2\kotlin-stdlib-2.2.10.jar;C:\Users\Sipon\.gradle\caches\modules-2\files-2.1\org.jetbrains.kotlin\kotlin-script-runtime\2.2.10\712f9bc08f378c13a4a00f0bbb28c76e59183e83\kotlin-script-runtime-2.2.10.jar;C:\Users\Sipon\.gradle\caches\modules-2\files-2.1\org.jetbrains.kotlin\kotlin-reflect\1.6.10\1cbe9c92c12a94eea200d23c2bbaedaf3daf5132\kotlin-reflect-1.6.10.jar;C:\Users\Sipon\.gradle\caches\modules-2\files-2.1\org.jetbrains.kotlin\kotlin-daemon-embeddable\2.2.10\212fd3c2c6e4e5d0f4db3c4191233e2b622380cc\kotlin-daemon-embeddable-2.2.10.jar;C:\Users\Sipon\.gradle\caches\modules-2\files-2.1\org.jetbrains.kotlinx\kotlinx-coroutines-core-jvm\1.8.0\ac1dc37a30a93150b704022f8d895ee1bd3a36b3\kotlinx-coroutines-core-jvm-1.8.0.jar;C:\Users\Sipon\.gradle\caches\modules-2\files-2.1\org.jetbrains\annotations\13.0\919f0dfe192fb4e063e7dacadee7f8bb9a2672a9\annotations-13.0.jar
Launcher Type: SUN_STANDARD

[Global flags]
     intx CICompilerCount                          = 4                                         {product} {ergonomic}
     uint ConcGCThreads                            = 2                                         {product} {ergonomic}
     uint G1ConcRefinementThreads                  = 8                                         {product} {ergonomic}
   size_t G1HeapRegionSize                         = 1048576                                   {product} {ergonomic}
    uintx GCDrainStackTargetSize                   = 64                                        {product} {ergonomic}
   size_t InitialHeapSize                          = 123731968                                 {product} {ergonomic}
   size_t MarkStackSize                            = 4194304                                   {product} {ergonomic}
   size_t MaxHeapSize                              = 1967128576                                {product} {ergonomic}
   size_t MaxNewSize                               = 1179648000                                {product} {ergonomic}
   size_t MinHeapDeltaBytes                        = 1048576                                   {product} {ergonomic}
   size_t MinHeapSize                              = 8388608                                   {product} {ergonomic}
    uintx NonNMethodCodeHeapSize                   = 5839372                                {pd product} {ergonomic}
    uintx NonProfiledCodeHeapSize                  = 122909434                              {pd product} {ergonomic}
    uintx ProfiledCodeHeapSize                     = 122909434                              {pd product} {ergonomic}
    uintx ReservedCodeCacheSize                    = 251658240                              {pd product} {ergonomic}
     bool SegmentedCodeCache                       = true                                      {product} {ergonomic}
   size_t SoftMaxHeapSize                          = 1967128576                             {manageable} {ergonomic}
     bool UseCompressedOops                        = true                           {product lp64_product} {ergonomic}
     bool UseG1GC                                  = true                                      {product} {ergonomic}
     bool UseLargePagesIndividualAllocation        = false                                  {pd product} {ergonomic}

Logging:
Log output configuration:
 #0: stdout all=warning uptime,level,tags foldmultilines=false
 #1: stderr all=off uptime,level,tags foldmultilines=false

Release file:
JAVA_VERSION="21.0.10" 
MODULES="java.base java.compiler java.datatransfer java.xml java.prefs java.desktop java.instrument java.logging java.management java.security.sasl java.naming java.rmi java.management.rmi java.net.http java.scripting java.security.jgss java.transaction.xa java.sql java.sql.rowset java.xml.crypto java.se java.smartcardio jdk.accessibility jdk.internal.jvmstat jdk.attach jdk.charsets jdk.internal.opt jdk.zipfs jdk.compiler jdk.crypto.ec jdk.crypto.cryptoki jdk.dynalink jdk.hotspot.agent jdk.httpserver jdk.internal.ed jdk.internal.le jdk.internal.vm.ci jdk.jartool jdk.javadoc jdk.jcmd jdk.jdeps jdk.jdwp.agent jdk.jdi jdk.jfr jdk.jlink jdk.jsobject jdk.localedata jdk.management jdk.management.agent jdk.management.jfr jdk.naming.dns jdk.naming.rmi jdk.net jdk.sctp jdk.security.auth jdk.security.jgss jdk.unsupported jdk.unsupported.desktop jdk.xml.dom" 
IMPLEMENTOR="JetBrains s.r.o." 
JAVA_RUNTIME_VERSION="21.0.10+-14961533-b1163.108" 
LIBC="default" 
OS_ARCH="x86_64" 
OS_NAME="Windows" 
SOURCE=".:git:1351622c2ff2" 

Environment Variables:
PATH=C:\oraclexe\app\oracle\product\11.2.0\server\bin;;C:\WINDOWS\system32;C:\WINDOWS;C:\WINDOWS\System32\Wbem;C:\WINDOWS\System32\WindowsPowerShell\v1.0\;C:\WINDOWS\System32\OpenSSH\;C:\Program Files\Microsoft SQL Server\150\Tools\Binn\;C:\Program Files (x86)\Windows Kits\10\Windows Performance Toolkit\;C:\Program Files\Microsoft SQL Server\Client SDK\ODBC\170\Tools\Binn\;C:\Program Files\dotnet\;C:\Program Files (x86)\Microsoft SQL Server\160\DTS\Binn\;C:\Users\Sipon\AppData\Local\Programs\Python\Python312\Scripts\;C:\Users\Sipon\AppData\Local\Programs\Python\Python312\;C:\Users\Sipon\AppData\Local\Programs\Python\Launcher\;C:\Users\Sipon\AppData\Local\Microsoft\WindowsApps;C:\Program Files (x86)\CodeBlocks\MinGW\bin;;C:\Users\Sipon\AppData\Local\Programs\Microsoft VS Code\bin;C:\Users\Sipon\.dotnet\tools
USERNAME=khomong
OS=Windows_NT
PROCESSOR_IDENTIFIER=AMD64 Family 23 Model 104 Stepping 1, AuthenticAMD
TMP=C:\Users\Sipon\AppData\Local\Temp
TEMP=C:\Users\Sipon\AppData\Local\Temp




Periodic native trim disabled

JNI global refs:
JNI global refs: 12, weak refs: 3

JNI global refs memory usage: 835, weak refs: 833

Process memory usage:
Resident Set Size: 343200K (4% of 7682516K total physical memory with 646732K free physical memory)

OOME stack traces (most recent first):
Classloader memory used:
Loader jdk.internal.loader.ClassLoaders$AppClassLoader                                 : 56596K
Loader bootstrap                                                                       : 11802K
Loader java.net.URLClassLoader                                                         : 1654K
Loader jdk.internal.jrtfs.JrtFileSystemProvider$JrtFsLoader                            : 318K
Loader jdk.internal.loader.ClassLoaders$PlatformClassLoader                            : 67880B

Classes loaded by more than one classloader:
Class jdk.internal.jimage.BasicImageReader                                            : loaded 2 times (x 95B)
Class jdk.internal.jimage.decompressor.StringSharingDecompressorFactory               : loaded 2 times (x 74B)
Class jdk.internal.jrtfs.JrtFileSystemProvider                                        : loaded 2 times (x 101B)
Class jdk.internal.jimage.ImageLocation                                               : loaded 2 times (x 90B)
Class jdk.internal.jimage.ImageBufferCache$1                                          : loaded 2 times (x 83B)
Class jdk.internal.jimage.ImageBufferCache$2                                          : loaded 2 times (x 91B)
Class jdk.internal.jimage.ImageHeader                                                 : loaded 2 times (x 71B)
Class jdk.internal.jimage.decompressor.ResourceDecompressor                           : loaded 2 times (x 70B)
Class jdk.internal.jimage.ImageStringsReader                                          : loaded 2 times (x 80B)
Class jdk.internal.jimage.ImageReader                                                 : loaded 2 times (x 75B)
Class jdk.internal.jimage.ImageReader$SharedImageReader                               : loaded 2 times (x 95B)
Class jdk.internal.jimage.decompressor.ResourceDecompressorFactory                    : loaded 2 times (x 74B)
Class jdk.internal.jimage.ImageReader$Node                                            : loaded 2 times (x 84B)
Class jdk.internal.jimage.BasicImageReader$1                                          : loaded 2 times (x 77B)
Class jdk.internal.jimage.decompressor.Decompressor                                   : loaded 2 times (x 72B)
Class jdk.internal.jimage.ImageBufferCache                                            : loaded 2 times (x 71B)
Class jdk.internal.jrtfs.JrtPath                                                      : loaded 2 times (x 118B)
Class jdk.internal.jimage.decompressor.ResourceDecompressorRepository                 : loaded 2 times (x 71B)
Class jdk.internal.jimage.ImageReader$Directory                                       : loaded 2 times (x 84B)
Class jdk.internal.jimage.decompressor.ZipDecompressorFactory                         : loaded 2 times (x 74B)
Class jdk.internal.jimage.decompressor.ZipDecompressor                                : loaded 2 times (x 75B)
Class jdk.internal.jimage.ImageStrings                                                : loaded 2 times (x 70B)
Class jdk.internal.jrtfs.JrtFileSystem                                                : loaded 2 times (x 102B)
Class jdk.internal.jimage.decompressor.CompressedResourceHeader                       : loaded 2 times (x 71B)
Class jdk.internal.jimage.decompressor.ResourceDecompressor$StringsProvider           : loaded 2 times (x 70B)

---------------  S Y S T E M  ---------------

OS:
 Windows 11 , 64 bit Build 26100 (10.0.26100.7920)
OS uptime: 1 days 3:03 hours
Hyper-V role detected

CPU: total 8 (initial active 8) (8 cores per cpu, 2 threads per core) family 23 model 104 stepping 1 microcode 0x8608104, cx8, cmov, fxsr, ht, mmx, 3dnowpref, sse, sse2, sse3, ssse3, sse4a, sse4.1, sse4.2, popcnt, lzcnt, tsc, tscinvbit, avx, avx2, aes, clmul, bmi1, bmi2, adx, sha, fma, vzeroupper, clflush, clflushopt, hv, rdtscp, rdpid, f16c
Processor Information for processor 0
  Max Mhz: 2600, Current Mhz: 2600, Mhz Limit: 2600
Processor Information for processor 1
  Max Mhz: 2600, Current Mhz: 2600, Mhz Limit: 2600
Processor Information for processor 2
  Max Mhz: 2600, Current Mhz: 2600, Mhz Limit: 2600
Processor Information for processor 3
  Max Mhz: 2600, Current Mhz: 2600, Mhz Limit: 2600
Processor Information for processor 4
  Max Mhz: 2600, Current Mhz: 2600, Mhz Limit: 2600
Processor Information for processor 5
  Max Mhz: 2600, Current Mhz: 2600, Mhz Limit: 2600
Processor Information for processor 6
  Max Mhz: 2600, Current Mhz: 1789, Mhz Limit: 2600
Processor Information for processor 7
  Max Mhz: 2600, Current Mhz: 1789, Mhz Limit: 2600

Memory: 4k page, system-wide physical 7502M (630M free)
TotalPageFile size 17502M (AvailPageFile size 8M)
current process WorkingSet (physical memory assigned to process): 336M, peak: 346M
current process commit charge ("private bytes"): 393M, peak: 398M

vm_info: OpenJDK 64-Bit Server VM (21.0.10+-14961533-b1163.108) for windows-amd64 JRE (21.0.10+-14961533-b1163.108), built on 2026-03-02T19:58:50Z by "builder" with MS VC++ 16.10 / 16.11 (VS2019)

END.
