#
# There is insufficient memory for the Java Runtime Environment to continue.
# Native memory allocation (malloc) failed to allocate 1231312 bytes. Error detail: Chunk::new
# Possible reasons:
#   The system is out of physical RAM or swap space
#   This process is running with CompressedOops enabled, and the Java Heap may be blocking the growth of the native heap
# Possible solutions:
#   Reduce memory load on the system
#   Increase physical memory or swap space
#   Check if swap backing store is full
#   Decrease Java heap size (-Xmx/-Xms)
#   Decrease number of Java threads
#   Decrease Java thread stack sizes (-Xss)
#   Set larger code cache with -XX:ReservedCodeCacheSize=
#   JVM is running with Unscaled Compressed Oops mode in which the Java heap is
#     placed in the first 4GB address space. The Java Heap base address is the
#     maximum limit for the native heap growth. Please use -XX:HeapBaseMinAddress
#     to set the Java Heap base and to place the Java Heap above 4GB virtual address.
# This output file may be truncated or incomplete.
#
#  Out of Memory Error (arena.cpp:168), pid=14764, tid=11272
#
# JRE version: OpenJDK Runtime Environment (21.0.10) (build 21.0.10+-14961533-b1163.108)
# Java VM: OpenJDK 64-Bit Server VM (21.0.10+-14961533-b1163.108, mixed mode, tiered, compressed oops, compressed class ptrs, g1 gc, windows-amd64)
# No core dump will be written. Minidumps are not enabled by default on client versions of Windows
#

---------------  S U M M A R Y ------------

Command Line: --add-opens=java.base/java.lang=ALL-UNNAMED --add-opens=java.base/java.lang.invoke=ALL-UNNAMED --add-opens=java.base/java.util=ALL-UNNAMED --add-opens=java.prefs/java.util.prefs=ALL-UNNAMED --add-exports=jdk.compiler/com.sun.tools.javac.api=ALL-UNNAMED --add-exports=jdk.compiler/com.sun.tools.javac.util=ALL-UNNAMED --add-opens=java.base/java.util=ALL-UNNAMED --add-opens=java.prefs/java.util.prefs=ALL-UNNAMED --add-opens=java.base/java.nio.charset=ALL-UNNAMED --add-opens=java.base/java.net=ALL-UNNAMED --add-opens=java.base/java.util.concurrent=ALL-UNNAMED --add-opens=java.base/java.util.concurrent.atomic=ALL-UNNAMED --add-opens=java.xml/javax.xml.namespace=ALL-UNNAMED --add-opens=java.base/java.time=ALL-UNNAMED -Xmx2048m -Dfile.encoding=UTF-8 -Duser.country=IN -Duser.language=en -Duser.variant -javaagent:C:\Users\Sipon\.gradle\wrapper\dists\gradle-9.3.1-bin\23ovyewtku6u96viwx3xl3oks\gradle-9.3.1\lib\agents\gradle-instrumentation-agent-9.3.1.jar org.gradle.launcher.daemon.bootstrap.GradleDaemon 9.3.1

Host: AMD Ryzen 3 5300U with Radeon Graphics         , 8 cores, 7G,  Windows 11 , 64 bit Build 26100 (10.0.26100.8246)
Time: Sat May  2 12:04:54 2026 India Standard Time elapsed time: 13.229852 seconds (0d 0h 0m 13s)

---------------  T H R E A D  ---------------

Current thread (0x0000017778913980):  JavaThread "C2 CompilerThread0" daemon [_thread_in_native, id=11272, stack(0x0000004ac4800000,0x0000004ac4900000) (1024K)]


Current CompileTask:
C2:13229 8424       4       org.gradle.cache.internal.btree.CachingBlockStore::read (56 bytes)

Stack: [0x0000004ac4800000,0x0000004ac4900000]
Native frames: (J=compiled Java code, j=interpreted, Vv=VM code, C=native code)
V  [jvm.dll+0x6d78a9]
V  [jvm.dll+0x8665b3]
V  [jvm.dll+0x868bde]
V  [jvm.dll+0x8692c3]
V  [jvm.dll+0x280ee6]
V  [jvm.dll+0xc07cd]
V  [jvm.dll+0xc0d03]
V  [jvm.dll+0x3ba0cb]
V  [jvm.dll+0x1e0052]
V  [jvm.dll+0x249d24]
V  [jvm.dll+0x2491a1]
V  [jvm.dll+0x1c76e4]
V  [jvm.dll+0x25891e]
V  [jvm.dll+0x256e66]
V  [jvm.dll+0x3f513e]
V  [jvm.dll+0x80fd28]
V  [jvm.dll+0x6d60fd]
C  [ucrtbase.dll+0x37b0]
C  [KERNEL32.DLL+0x2e8d7]
C  [ntdll.dll+0x8c3fc]


---------------  P R O C E S S  ---------------

Threads class SMR info:
_java_thread_list=0x0000017710f3d790, length=87, elements={
0x000001777001a170, 0x00000177788b7f50, 0x00000177788b8ef0, 0x00000177788b9560,
0x00000177788f9990, 0x0000017778902620, 0x0000017778902c90, 0x0000017778903300,
0x0000017778913980, 0x0000017778916be0, 0x0000017778bf5970, 0x000001777de6f250,
0x000001777f395190, 0x000001777f345890, 0x000001777f2b3ac0, 0x000001777f2b4130,
0x000001777f561670, 0x000001777f561ce0, 0x000001777f5c0440, 0x000001777f5bf720,
0x000001777f5bfdb0, 0x000001777f5c0ad0, 0x000001777f5bdce0, 0x000001777f5c1160,
0x000001777e5f79e0, 0x000001777e5f6cc0, 0x000001777e5f9420, 0x000001777e5f8070,
0x000001777e5f8700, 0x000001777e5f7350, 0x000001777e5fb4f0, 0x000001777e5fa7d0,
0x000001777e5fae60, 0x000001777e5f9ab0, 0x000001777e5f8d90, 0x000001777e5fc210,
0x000001777e5fd5c0, 0x000001777e5fcf30, 0x000001777e5fa140, 0x000001777e5fdc50,
0x000001777e77e4f0, 0x000001777e780c50, 0x000001777e77f210, 0x000001777e77eb80,
0x000001777e77d7d0, 0x000001777e77f8a0, 0x000001777e77ff30, 0x000001777e7805c0,
0x000001777e7812e0, 0x000001777e77de60, 0x000001777e7833b0, 0x000001777e7840d0,
0x000001777e783a40, 0x000001777e784760, 0x000001777e782d20, 0x000001777e784df0,
0x000001777e782000, 0x000001777e781970, 0x000001777e782690, 0x000001770f743ad0,
0x000001770f746230, 0x000001770f742db0, 0x000001770f7468c0, 0x000001770f744e80,
0x000001777dff7070, 0x000001770f748300, 0x000001770f748990, 0x000001770f746f50,
0x000001770f745510, 0x000001770f7475e0, 0x000001770f749020, 0x000001770f7496b0,
0x000001770f749d40, 0x000001770f74a3d0, 0x00000177102ecbb0, 0x00000177102ebe90,
0x00000177102ed240, 0x00000177102eaae0, 0x00000177102ec520, 0x00000177102ed8d0,
0x00000177102edf60, 0x00000177102ee5f0, 0x00000177102eb170, 0x00000177102eec80,
0x00000177102eb800, 0x00000177102f13e0, 0x00000177103531e0
}

Java Threads: ( => current thread )
  0x000001777001a170 JavaThread "main"                              [_thread_blocked, id=21460, stack(0x0000004ac3900000,0x0000004ac3a00000) (1024K)]
  0x00000177788b7f50 JavaThread "Common-Cleaner"             daemon [_thread_blocked, id=21540, stack(0x0000004ac4100000,0x0000004ac4200000) (1024K)]
  0x00000177788b8ef0 JavaThread "Reference Handler"          daemon [_thread_blocked, id=5176, stack(0x0000004ac4200000,0x0000004ac4300000) (1024K)]
  0x00000177788b9560 JavaThread "Finalizer"                  daemon [_thread_blocked, id=15904, stack(0x0000004ac4300000,0x0000004ac4400000) (1024K)]
  0x00000177788f9990 JavaThread "Signal Dispatcher"          daemon [_thread_blocked, id=2380, stack(0x0000004ac4400000,0x0000004ac4500000) (1024K)]
  0x0000017778902620 JavaThread "Attach Listener"            daemon [_thread_blocked, id=9280, stack(0x0000004ac4500000,0x0000004ac4600000) (1024K)]
  0x0000017778902c90 JavaThread "Service Thread"             daemon [_thread_blocked, id=19172, stack(0x0000004ac4600000,0x0000004ac4700000) (1024K)]
  0x0000017778903300 JavaThread "Monitor Deflation Thread"   daemon [_thread_blocked, id=6740, stack(0x0000004ac4700000,0x0000004ac4800000) (1024K)]
=>0x0000017778913980 JavaThread "C2 CompilerThread0"         daemon [_thread_in_native, id=11272, stack(0x0000004ac4800000,0x0000004ac4900000) (1024K)]
  0x0000017778916be0 JavaThread "C1 CompilerThread0"         daemon [_thread_in_native, id=22448, stack(0x0000004ac4900000,0x0000004ac4a00000) (1024K)]
  0x0000017778bf5970 JavaThread "Notification Thread"        daemon [_thread_blocked, id=5504, stack(0x0000004ac4a00000,0x0000004ac4b00000) (1024K)]
  0x000001777de6f250 JavaThread "Daemon health stats"               [_thread_blocked, id=22032, stack(0x0000004ac4e00000,0x0000004ac4f00000) (1024K)]
  0x000001777f395190 JavaThread "Incoming local TCP Connector on port 65455"        [_thread_in_native, id=8480, stack(0x0000004ac5400000,0x0000004ac5500000) (1024K)]
  0x000001777f345890 JavaThread "Daemon periodic checks"            [_thread_in_native, id=18992, stack(0x0000004ac5500000,0x0000004ac5600000) (1024K)]
  0x000001777f2b3ac0 JavaThread "Daemon"                            [_thread_blocked, id=18064, stack(0x0000004ac5600000,0x0000004ac5700000) (1024K)]
  0x000001777f2b4130 JavaThread "Handler for socket connection from /127.0.0.1:65455 to /127.0.0.1:65456"        [_thread_in_native, id=2512, stack(0x0000004ac5700000,0x0000004ac5800000) (1024K)]
  0x000001777f561670 JavaThread "Cancel handler"                    [_thread_blocked, id=17956, stack(0x0000004ac5800000,0x0000004ac5900000) (1024K)]
  0x000001777f561ce0 JavaThread "Daemon worker"                     [_thread_in_vm, id=11544, stack(0x0000004ac5900000,0x0000004ac5a00000) (1024K)]
  0x000001777f5c0440 JavaThread "Asynchronous log dispatcher for DefaultDaemonConnection: socket connection from /127.0.0.1:65455 to /127.0.0.1:65456"        [_thread_blocked, id=2488, stack(0x0000004ac5a00000,0x0000004ac5b00000) (1024K)]
  0x000001777f5bf720 JavaThread "Stdin handler"                     [_thread_blocked, id=17060, stack(0x0000004ac5c00000,0x0000004ac5d00000) (1024K)]
  0x000001777f5bfdb0 JavaThread "Daemon client event forwarder"        [_thread_blocked, id=8688, stack(0x0000004ac5d00000,0x0000004ac5e00000) (1024K)]
  0x000001777f5c0ad0 JavaThread "Cache worker for journal cache (C:\Users\Sipon\.gradle\caches\journal-1)"        [_thread_blocked, id=12516, stack(0x0000004ac5e00000,0x0000004ac5f00000) (1024K)]
  0x000001777f5bdce0 JavaThread "File lock request listener"        [_thread_in_native, id=9372, stack(0x0000004ac5f00000,0x0000004ac6000000) (1024K)]
  0x000001777f5c1160 JavaThread "Cache worker for file hash cache (C:\Users\Sipon\.gradle\caches\9.3.1\fileHashes)"        [_thread_blocked, id=5260, stack(0x0000004ac6000000,0x0000004ac6100000) (1024K)]
  0x000001777e5f79e0 JavaThread "Cache worker for file hash cache (C:\Final_Project\Library\.gradle\9.3.1\fileHashes)"        [_thread_blocked, id=9224, stack(0x0000004ac6100000,0x0000004ac6200000) (1024K)]
  0x000001777e5f6cc0 JavaThread "Cache worker for Build Output Cleanup Cache (C:\Final_Project\Library\.gradle\buildOutputCleanup)"        [_thread_blocked, id=2244, stack(0x0000004ac6200000,0x0000004ac6300000) (1024K)]
  0x000001777e5f9420 JavaThread "File watcher server"        daemon [_thread_in_native, id=23372, stack(0x0000004ac6300000,0x0000004ac6400000) (1024K)]
  0x000001777e5f8070 JavaThread "File watcher consumer"      daemon [_thread_blocked, id=18120, stack(0x0000004ac6400000,0x0000004ac6500000) (1024K)]
  0x000001777e5f8700 JavaThread "Cache worker for checksums cache (C:\Final_Project\Library\.gradle\9.3.1\checksums)"        [_thread_blocked, id=19544, stack(0x0000004ac6500000,0x0000004ac6600000) (1024K)]
  0x000001777e5f7350 JavaThread "Cache worker for file content cache (C:\Users\Sipon\.gradle\caches\9.3.1\fileContent)"        [_thread_blocked, id=7300, stack(0x0000004ac6600000,0x0000004ac6700000) (1024K)]
  0x000001777e5fb4f0 JavaThread "Cache worker for cache directory md-supplier (C:\Users\Sipon\.gradle\caches\9.3.1\md-supplier)"        [_thread_blocked, id=8460, stack(0x0000004ac6700000,0x0000004ac6800000) (1024K)]
  0x000001777e5fa7d0 JavaThread "Cache worker for cache directory md-rule (C:\Users\Sipon\.gradle\caches\9.3.1\md-rule)"        [_thread_blocked, id=8368, stack(0x0000004ac6800000,0x0000004ac6900000) (1024K)]
  0x000001777e5fae60 JavaThread "jar transforms"                    [_thread_blocked, id=24100, stack(0x0000004ac6900000,0x0000004ac6a00000) (1024K)]
  0x000001777e5f9ab0 JavaThread "jar transforms Thread 2"           [_thread_blocked, id=8956, stack(0x0000004ac6a00000,0x0000004ac6b00000) (1024K)]
  0x000001777e5f8d90 JavaThread "jar transforms Thread 3"           [_thread_blocked, id=24544, stack(0x0000004ac6b00000,0x0000004ac6c00000) (1024K)]
  0x000001777e5fc210 JavaThread "Unconstrained build operations"        [_thread_blocked, id=14248, stack(0x0000004ac6c00000,0x0000004ac6d00000) (1024K)]
  0x000001777e5fd5c0 JavaThread "Unconstrained build operations Thread 2"        [_thread_blocked, id=23556, stack(0x0000004ac6d00000,0x0000004ac6e00000) (1024K)]
  0x000001777e5fcf30 JavaThread "Unconstrained build operations Thread 3"        [_thread_blocked, id=16916, stack(0x0000004ac6e00000,0x0000004ac6f00000) (1024K)]
  0x000001777e5fa140 JavaThread "Unconstrained build operations Thread 4"        [_thread_blocked, id=17192, stack(0x0000004ac6f00000,0x0000004ac7000000) (1024K)]
  0x000001777e5fdc50 JavaThread "Unconstrained build operations Thread 5"        [_thread_blocked, id=15944, stack(0x0000004ac7000000,0x0000004ac7100000) (1024K)]
  0x000001777e77e4f0 JavaThread "Unconstrained build operations Thread 6"        [_thread_blocked, id=18860, stack(0x0000004ac7100000,0x0000004ac7200000) (1024K)]
  0x000001777e780c50 JavaThread "Unconstrained build operations Thread 7"        [_thread_blocked, id=19028, stack(0x0000004ac7200000,0x0000004ac7300000) (1024K)]
  0x000001777e77f210 JavaThread "Unconstrained build operations Thread 8"        [_thread_blocked, id=13664, stack(0x0000004ac7300000,0x0000004ac7400000) (1024K)]
  0x000001777e77eb80 JavaThread "Unconstrained build operations Thread 9"        [_thread_blocked, id=11140, stack(0x0000004ac7400000,0x0000004ac7500000) (1024K)]
  0x000001777e77d7d0 JavaThread "Unconstrained build operations Thread 10"        [_thread_blocked, id=22388, stack(0x0000004ac7500000,0x0000004ac7600000) (1024K)]
  0x000001777e77f8a0 JavaThread "Unconstrained build operations Thread 11"        [_thread_blocked, id=22128, stack(0x0000004ac7600000,0x0000004ac7700000) (1024K)]
  0x000001777e77ff30 JavaThread "Unconstrained build operations Thread 12"        [_thread_blocked, id=11120, stack(0x0000004ac7700000,0x0000004ac7800000) (1024K)]
  0x000001777e7805c0 JavaThread "Unconstrained build operations Thread 13"        [_thread_blocked, id=19980, stack(0x0000004ac7800000,0x0000004ac7900000) (1024K)]
  0x000001777e7812e0 JavaThread "Unconstrained build operations Thread 14"        [_thread_blocked, id=21800, stack(0x0000004ac7900000,0x0000004ac7a00000) (1024K)]
  0x000001777e77de60 JavaThread "jar transforms Thread 4"           [_thread_blocked, id=16500, stack(0x0000004ac7a00000,0x0000004ac7b00000) (1024K)]
  0x000001777e7833b0 JavaThread "jar transforms Thread 5"           [_thread_blocked, id=18592, stack(0x0000004ac7b00000,0x0000004ac7c00000) (1024K)]
  0x000001777e7840d0 JavaThread "Unconstrained build operations Thread 15"        [_thread_blocked, id=20832, stack(0x0000004ac7c00000,0x0000004ac7d00000) (1024K)]
  0x000001777e783a40 JavaThread "Unconstrained build operations Thread 16"        [_thread_blocked, id=13576, stack(0x0000004ac7d00000,0x0000004ac7e00000) (1024K)]
  0x000001777e784760 JavaThread "Unconstrained build operations Thread 17"        [_thread_blocked, id=3328, stack(0x0000004ac7e00000,0x0000004ac7f00000) (1024K)]
  0x000001777e782d20 JavaThread "Unconstrained build operations Thread 18"        [_thread_blocked, id=19892, stack(0x0000004ac7f00000,0x0000004ac8000000) (1024K)]
  0x000001777e784df0 JavaThread "Unconstrained build operations Thread 19"        [_thread_blocked, id=6428, stack(0x0000004ac8000000,0x0000004ac8100000) (1024K)]
  0x000001777e782000 JavaThread "Unconstrained build operations Thread 20"        [_thread_blocked, id=24392, stack(0x0000004ac8100000,0x0000004ac8200000) (1024K)]
  0x000001777e781970 JavaThread "Unconstrained build operations Thread 21"        [_thread_blocked, id=3872, stack(0x0000004ac8200000,0x0000004ac8300000) (1024K)]
  0x000001777e782690 JavaThread "jar transforms Thread 6"           [_thread_blocked, id=2592, stack(0x0000004ac8300000,0x0000004ac8400000) (1024K)]
  0x000001770f743ad0 JavaThread "jar transforms Thread 7"           [_thread_blocked, id=9588, stack(0x0000004ac8400000,0x0000004ac8500000) (1024K)]
  0x000001770f746230 JavaThread "jar transforms Thread 8"           [_thread_blocked, id=24180, stack(0x0000004ac8500000,0x0000004ac8600000) (1024K)]
  0x000001770f742db0 JavaThread "Unconstrained build operations Thread 22"        [_thread_blocked, id=20076, stack(0x0000004ac8600000,0x0000004ac8700000) (1024K)]
  0x000001770f7468c0 JavaThread "Unconstrained build operations Thread 23"        [_thread_blocked, id=1992, stack(0x0000004ac8700000,0x0000004ac8800000) (1024K)]
  0x000001770f744e80 JavaThread "Unconstrained build operations Thread 24"        [_thread_blocked, id=23888, stack(0x0000004ac8800000,0x0000004ac8900000) (1024K)]
  0x000001777dff7070 JavaThread "C2 CompilerThread1"         daemon [_thread_in_native, id=3700, stack(0x0000004ac4b00000,0x0000004ac4c00000) (1024K)]
  0x000001770f748300 JavaThread "Unconstrained build operations Thread 25"        [_thread_blocked, id=5512, stack(0x0000004ac8900000,0x0000004ac8a00000) (1024K)]
  0x000001770f748990 JavaThread "Unconstrained build operations Thread 26"        [_thread_blocked, id=8328, stack(0x0000004ac8a00000,0x0000004ac8b00000) (1024K)]
  0x000001770f746f50 JavaThread "Unconstrained build operations Thread 27"        [_thread_blocked, id=18704, stack(0x0000004ac8b00000,0x0000004ac8c00000) (1024K)]
  0x000001770f745510 JavaThread "Unconstrained build operations Thread 28"        [_thread_blocked, id=17392, stack(0x0000004ac8c00000,0x0000004ac8d00000) (1024K)]
  0x000001770f7475e0 JavaThread "Unconstrained build operations Thread 29"        [_thread_blocked, id=18036, stack(0x0000004ac8d00000,0x0000004ac8e00000) (1024K)]
  0x000001770f749020 JavaThread "Unconstrained build operations Thread 30"        [_thread_blocked, id=3820, stack(0x0000004ac8e00000,0x0000004ac8f00000) (1024K)]
  0x000001770f7496b0 JavaThread "Unconstrained build operations Thread 31"        [_thread_blocked, id=14208, stack(0x0000004ac8f00000,0x0000004ac9000000) (1024K)]
  0x000001770f749d40 JavaThread "Unconstrained build operations Thread 32"        [_thread_blocked, id=144, stack(0x0000004ac9000000,0x0000004ac9100000) (1024K)]
  0x000001770f74a3d0 JavaThread "Unconstrained build operations Thread 33"        [_thread_blocked, id=19140, stack(0x0000004ac9100000,0x0000004ac9200000) (1024K)]
  0x00000177102ecbb0 JavaThread "Unconstrained build operations Thread 34"        [_thread_blocked, id=4136, stack(0x0000004ac9200000,0x0000004ac9300000) (1024K)]
  0x00000177102ebe90 JavaThread "Unconstrained build operations Thread 35"        [_thread_blocked, id=12424, stack(0x0000004ac9300000,0x0000004ac9400000) (1024K)]
  0x00000177102ed240 JavaThread "Unconstrained build operations Thread 36"        [_thread_blocked, id=21616, stack(0x0000004ac9400000,0x0000004ac9500000) (1024K)]
  0x00000177102eaae0 JavaThread "Unconstrained build operations Thread 37"        [_thread_blocked, id=15060, stack(0x0000004ac9500000,0x0000004ac9600000) (1024K)]
  0x00000177102ec520 JavaThread "Unconstrained build operations Thread 38"        [_thread_blocked, id=4204, stack(0x0000004ac9600000,0x0000004ac9700000) (1024K)]
  0x00000177102ed8d0 JavaThread "Unconstrained build operations Thread 39"        [_thread_in_Java, id=20116, stack(0x0000004ac9700000,0x0000004ac9800000) (1024K)]
  0x00000177102edf60 JavaThread "Unconstrained build operations Thread 40"        [_thread_in_native, id=7972, stack(0x0000004ac9800000,0x0000004ac9900000) (1024K)]
  0x00000177102ee5f0 JavaThread "Unconstrained build operations Thread 41"        [_thread_in_native, id=14176, stack(0x0000004ac9900000,0x0000004ac9a00000) (1024K)]
  0x00000177102eb170 JavaThread "Unconstrained build operations Thread 42"        [_thread_in_native, id=2052, stack(0x0000004ac9a00000,0x0000004ac9b00000) (1024K)]
  0x00000177102eec80 JavaThread "Unconstrained build operations Thread 43"        [_thread_in_native, id=12528, stack(0x0000004ac9b00000,0x0000004ac9c00000) (1024K)]
  0x00000177102eb800 JavaThread "Unconstrained build operations Thread 44"        [_thread_in_native, id=17952, stack(0x0000004ac9c00000,0x0000004ac9d00000) (1024K)]
  0x00000177102f13e0 JavaThread "Unconstrained build operations Thread 45"        [_thread_in_Java, id=8044, stack(0x0000004ac9d00000,0x0000004ac9e00000) (1024K)]
  0x00000177103531e0 JavaThread "C2 CompilerThread2"         daemon [_thread_in_native, id=20344, stack(0x0000004ac9e00000,0x0000004ac9f00000) (1024K)]
Total: 87

Other Threads:
  0x0000017778870a70 VMThread "VM Thread"                           [id=21916, stack(0x0000004ac4000000,0x0000004ac4100000) (1024K)]
  0x00000177786aa330 WatcherThread "VM Periodic Task Thread"        [id=2256, stack(0x0000004ac3f00000,0x0000004ac4000000) (1024K)]
  0x0000017770072880 WorkerThread "GC Thread#0"                     [id=16828, stack(0x0000004ac3a00000,0x0000004ac3b00000) (1024K)]
  0x0000017778c5e9d0 WorkerThread "GC Thread#1"                     [id=4580, stack(0x0000004ac4c00000,0x0000004ac4d00000) (1024K)]
  0x000001777d143260 WorkerThread "GC Thread#2"                     [id=21404, stack(0x0000004ac4d00000,0x0000004ac4e00000) (1024K)]
  0x000001777dc7ad80 WorkerThread "GC Thread#3"                     [id=16416, stack(0x0000004ac4f00000,0x0000004ac5000000) (1024K)]
  0x000001777df26490 WorkerThread "GC Thread#4"                     [id=22588, stack(0x0000004ac5000000,0x0000004ac5100000) (1024K)]
  0x000001777dfab7e0 WorkerThread "GC Thread#5"                     [id=6884, stack(0x0000004ac5100000,0x0000004ac5200000) (1024K)]
  0x000001777f257550 WorkerThread "GC Thread#6"                     [id=7528, stack(0x0000004ac5200000,0x0000004ac5300000) (1024K)]
  0x000001777f257d10 WorkerThread "GC Thread#7"                     [id=12468, stack(0x0000004ac5300000,0x0000004ac5400000) (1024K)]
  0x0000017770083f90 ConcurrentGCThread "G1 Main Marker"            [id=14168, stack(0x0000004ac3b00000,0x0000004ac3c00000) (1024K)]
  0x00000177700866a0 WorkerThread "G1 Conc#0"                       [id=18308, stack(0x0000004ac3c00000,0x0000004ac3d00000) (1024K)]
  0x000001777f4287b0 WorkerThread "G1 Conc#1"                       [id=11400, stack(0x0000004ac5b00000,0x0000004ac5c00000) (1024K)]
  0x000001777857e550 ConcurrentGCThread "G1 Refine#0"               [id=22512, stack(0x0000004ac3d00000,0x0000004ac3e00000) (1024K)]
  0x000001777857ed80 ConcurrentGCThread "G1 Service"                [id=10888, stack(0x0000004ac3e00000,0x0000004ac3f00000) (1024K)]
Total: 15

Threads with active compile tasks:
C2 CompilerThread0  13265 8424       4       org.gradle.cache.internal.btree.CachingBlockStore::read (56 bytes)
C2 CompilerThread1  13265 8562       4       org.gradle.cache.internal.btree.FreeListBlockStore::read (12 bytes)
C2 CompilerThread2  13265 8617       4       com.google.common.cache.LocalCache::getIfPresent (49 bytes)
Total: 3

VM state: not at safepoint (normal execution)

VM Mutex/Monitor currently owned by a thread: None

Heap address: 0x0000000080000000, size: 2048 MB, Compressed Oops mode: 32-bit

CDS archive(s) not mapped
Compressed class space mapped at: 0x0000000100000000-0x0000000140000000, reserved size: 1073741824
Narrow klass base: 0x0000000000000000, Narrow klass shift: 3, Narrow klass range: 0x140000000

GC Precious Log:
 CardTable entry size: 512
 Card Set container configuration: InlinePtr #cards 5 size 8 Array Of Cards #cards 12 size 40 Howl #buckets 4 coarsen threshold 1843 Howl Bitmap #cards 512 size 80 coarsen threshold 460 Card regions per heap region 1 cards per card region 2048
 CPUs: 8 total, 8 available
 Memory: 7502M
 Large Page Support: Disabled
 NUMA Support: Disabled
 Compressed Oops: Enabled (32-bit)
 Heap Region Size: 1M
 Heap Min Capacity: 8M
 Heap Initial Capacity: 118M
 Heap Max Capacity: 2G
 Pre-touch: Disabled
 Parallel Workers: 8
 Concurrent Workers: 2
 Concurrent Refinement Workers: 8
 Periodic GC: Disabled

Heap:
 garbage-first heap   total 116736K, used 97296K [0x0000000080000000, 0x0000000100000000)
  region size 1024K, 48 young (49152K), 3 survivors (3072K)
 Metaspace       used 71563K, committed 73472K, reserved 1114112K
  class space    used 10178K, committed 11072K, reserved 1048576K

Heap Regions: E=young(eden), S=young(survivor), O=old, HS=humongous(starts), HC=humongous(continues), CS=collection set, F=free, TAMS=top-at-mark-start, PB=parsable bottom
|   0|0x0000000080000000, 0x0000000080100000, 0x0000000080100000|100%|HS|  |TAMS 0x0000000080000000| PB 0x0000000080000000| Complete 
|   1|0x0000000080100000, 0x0000000080200000, 0x0000000080200000|100%|HC|  |TAMS 0x0000000080100000| PB 0x0000000080100000| Complete 
|   2|0x0000000080200000, 0x0000000080300000, 0x0000000080300000|100%|HC|  |TAMS 0x0000000080200000| PB 0x0000000080200000| Complete 
|   3|0x0000000080300000, 0x0000000080400000, 0x0000000080400000|100%|HC|  |TAMS 0x0000000080300000| PB 0x0000000080300000| Complete 
|   4|0x0000000080400000, 0x0000000080500000, 0x0000000080500000|100%| O|  |TAMS 0x0000000080400000| PB 0x0000000080400000| Untracked 
|   5|0x0000000080500000, 0x0000000080600000, 0x0000000080600000|100%| O|  |TAMS 0x0000000080500000| PB 0x0000000080500000| Untracked 
|   6|0x0000000080600000, 0x0000000080700000, 0x0000000080700000|100%| O|  |TAMS 0x0000000080600000| PB 0x0000000080600000| Untracked 
|   7|0x0000000080700000, 0x0000000080800000, 0x0000000080800000|100%|HS|  |TAMS 0x0000000080700000| PB 0x0000000080700000| Complete 
|   8|0x0000000080800000, 0x0000000080900000, 0x0000000080900000|100%| O|  |TAMS 0x0000000080800000| PB 0x0000000080800000| Untracked 
|   9|0x0000000080900000, 0x0000000080a00000, 0x0000000080a00000|100%| O|  |TAMS 0x0000000080900000| PB 0x0000000080900000| Untracked 
|  10|0x0000000080a00000, 0x0000000080b00000, 0x0000000080b00000|100%| O|  |TAMS 0x0000000080a00000| PB 0x0000000080a00000| Untracked 
|  11|0x0000000080b00000, 0x0000000080c00000, 0x0000000080c00000|100%| O|  |TAMS 0x0000000080b00000| PB 0x0000000080b00000| Untracked 
|  12|0x0000000080c00000, 0x0000000080d00000, 0x0000000080d00000|100%| O|  |TAMS 0x0000000080c00000| PB 0x0000000080c00000| Untracked 
|  13|0x0000000080d00000, 0x0000000080e00000, 0x0000000080e00000|100%| O|  |TAMS 0x0000000080d00000| PB 0x0000000080d00000| Untracked 
|  14|0x0000000080e00000, 0x0000000080f00000, 0x0000000080f00000|100%| O|  |TAMS 0x0000000080e00000| PB 0x0000000080e00000| Untracked 
|  15|0x0000000080f00000, 0x0000000081000000, 0x0000000081000000|100%| O|  |TAMS 0x0000000080f00000| PB 0x0000000080f00000| Untracked 
|  16|0x0000000081000000, 0x0000000081100000, 0x0000000081100000|100%| O|  |TAMS 0x0000000081000000| PB 0x0000000081000000| Untracked 
|  17|0x0000000081100000, 0x0000000081200000, 0x0000000081200000|100%| O|  |TAMS 0x0000000081100000| PB 0x0000000081100000| Untracked 
|  18|0x0000000081200000, 0x0000000081300000, 0x0000000081300000|100%| O|  |TAMS 0x0000000081200000| PB 0x0000000081200000| Untracked 
|  19|0x0000000081300000, 0x0000000081400000, 0x0000000081400000|100%| O|  |TAMS 0x0000000081300000| PB 0x0000000081300000| Untracked 
|  20|0x0000000081400000, 0x0000000081500000, 0x0000000081500000|100%| O|  |TAMS 0x0000000081400000| PB 0x0000000081400000| Untracked 
|  21|0x0000000081500000, 0x0000000081600000, 0x0000000081600000|100%| O|  |TAMS 0x0000000081500000| PB 0x0000000081500000| Untracked 
|  22|0x0000000081600000, 0x0000000081700000, 0x0000000081700000|100%| O|  |TAMS 0x0000000081600000| PB 0x0000000081600000| Untracked 
|  23|0x0000000081700000, 0x0000000081800000, 0x0000000081800000|100%| O|  |TAMS 0x0000000081700000| PB 0x0000000081700000| Untracked 
|  24|0x0000000081800000, 0x0000000081900000, 0x0000000081900000|100%| O|  |TAMS 0x0000000081800000| PB 0x0000000081800000| Untracked 
|  25|0x0000000081900000, 0x0000000081a00000, 0x0000000081a00000|100%| O|  |TAMS 0x0000000081900000| PB 0x0000000081900000| Untracked 
|  26|0x0000000081a00000, 0x0000000081b00000, 0x0000000081b00000|100%| O|  |TAMS 0x0000000081a00000| PB 0x0000000081a00000| Untracked 
|  27|0x0000000081b00000, 0x0000000081c00000, 0x0000000081c00000|100%| O|  |TAMS 0x0000000081b00000| PB 0x0000000081b00000| Untracked 
|  28|0x0000000081c00000, 0x0000000081d00000, 0x0000000081d00000|100%| O|  |TAMS 0x0000000081c00000| PB 0x0000000081c00000| Untracked 
|  29|0x0000000081d00000, 0x0000000081e00000, 0x0000000081e00000|100%| O|  |TAMS 0x0000000081d00000| PB 0x0000000081d00000| Untracked 
|  30|0x0000000081e00000, 0x0000000081f00000, 0x0000000081f00000|100%| O|  |TAMS 0x0000000081e00000| PB 0x0000000081e00000| Untracked 
|  31|0x0000000081f00000, 0x0000000082000000, 0x0000000082000000|100%| O|  |TAMS 0x0000000081f00000| PB 0x0000000081f00000| Untracked 
|  32|0x0000000082000000, 0x0000000082100000, 0x0000000082100000|100%|HS|  |TAMS 0x0000000082000000| PB 0x0000000082000000| Complete 
|  33|0x0000000082100000, 0x0000000082200000, 0x0000000082200000|100%|HC|  |TAMS 0x0000000082100000| PB 0x0000000082100000| Complete 
|  34|0x0000000082200000, 0x0000000082300000, 0x0000000082300000|100%| O|  |TAMS 0x0000000082200000| PB 0x0000000082200000| Untracked 
|  35|0x0000000082300000, 0x0000000082400000, 0x0000000082400000|100%| O|  |TAMS 0x0000000082300000| PB 0x0000000082300000| Untracked 
|  36|0x0000000082400000, 0x0000000082500000, 0x0000000082500000|100%| O|  |TAMS 0x0000000082400000| PB 0x0000000082400000| Untracked 
|  37|0x0000000082500000, 0x0000000082600000, 0x0000000082600000|100%| O|  |TAMS 0x0000000082500000| PB 0x0000000082500000| Untracked 
|  38|0x0000000082600000, 0x0000000082700000, 0x0000000082700000|100%| O|  |TAMS 0x0000000082600000| PB 0x0000000082600000| Untracked 
|  39|0x0000000082700000, 0x0000000082800000, 0x0000000082800000|100%| O|  |TAMS 0x0000000082700000| PB 0x0000000082700000| Untracked 
|  40|0x0000000082800000, 0x0000000082900000, 0x0000000082900000|100%| O|  |TAMS 0x0000000082800000| PB 0x0000000082800000| Untracked 
|  41|0x0000000082900000, 0x0000000082a00000, 0x0000000082a00000|100%| O|  |TAMS 0x0000000082900000| PB 0x0000000082900000| Untracked 
|  42|0x0000000082a00000, 0x0000000082ab9798, 0x0000000082b00000| 72%| O|  |TAMS 0x0000000082a00000| PB 0x0000000082a00000| Untracked 
|  43|0x0000000082b00000, 0x0000000082b00000, 0x0000000082c00000|  0%| F|  |TAMS 0x0000000082b00000| PB 0x0000000082b00000| Untracked 
|  44|0x0000000082c00000, 0x0000000082c00000, 0x0000000082d00000|  0%| F|  |TAMS 0x0000000082c00000| PB 0x0000000082c00000| Untracked 
|  45|0x0000000082d00000, 0x0000000082e00000, 0x0000000082e00000|100%| O|  |TAMS 0x0000000082d00000| PB 0x0000000082d00000| Untracked 
|  46|0x0000000082e00000, 0x0000000082f00000, 0x0000000082f00000|100%| O|  |TAMS 0x0000000082e00000| PB 0x0000000082e00000| Untracked 
|  47|0x0000000082f00000, 0x0000000083000000, 0x0000000083000000|100%| O|  |TAMS 0x0000000082f00000| PB 0x0000000082f00000| Untracked 
|  48|0x0000000083000000, 0x0000000083100000, 0x0000000083100000|100%| O|  |TAMS 0x0000000083000000| PB 0x0000000083000000| Untracked 
|  49|0x0000000083100000, 0x000000008314ac58, 0x0000000083200000| 29%| S|CS|TAMS 0x0000000083100000| PB 0x0000000083100000| Complete 
|  50|0x0000000083200000, 0x0000000083300000, 0x0000000083300000|100%| S|CS|TAMS 0x0000000083200000| PB 0x0000000083200000| Complete 
|  51|0x0000000083300000, 0x0000000083400000, 0x0000000083400000|100%| S|CS|TAMS 0x0000000083300000| PB 0x0000000083300000| Complete 
|  52|0x0000000083400000, 0x0000000083400000, 0x0000000083500000|  0%| F|  |TAMS 0x0000000083400000| PB 0x0000000083400000| Untracked 
|  53|0x0000000083500000, 0x0000000083500000, 0x0000000083600000|  0%| F|  |TAMS 0x0000000083500000| PB 0x0000000083500000| Untracked 
|  54|0x0000000083600000, 0x0000000083600000, 0x0000000083700000|  0%| F|  |TAMS 0x0000000083600000| PB 0x0000000083600000| Untracked 
|  55|0x0000000083700000, 0x0000000083700000, 0x0000000083800000|  0%| F|  |TAMS 0x0000000083700000| PB 0x0000000083700000| Untracked 
|  56|0x0000000083800000, 0x0000000083800000, 0x0000000083900000|  0%| F|  |TAMS 0x0000000083800000| PB 0x0000000083800000| Untracked 
|  57|0x0000000083900000, 0x0000000083900000, 0x0000000083a00000|  0%| F|  |TAMS 0x0000000083900000| PB 0x0000000083900000| Untracked 
|  58|0x0000000083a00000, 0x0000000083a00000, 0x0000000083b00000|  0%| F|  |TAMS 0x0000000083a00000| PB 0x0000000083a00000| Untracked 
|  59|0x0000000083b00000, 0x0000000083b00000, 0x0000000083c00000|  0%| F|  |TAMS 0x0000000083b00000| PB 0x0000000083b00000| Untracked 
|  60|0x0000000083c00000, 0x0000000083c00000, 0x0000000083d00000|  0%| F|  |TAMS 0x0000000083c00000| PB 0x0000000083c00000| Untracked 
|  61|0x0000000083d00000, 0x0000000083d00000, 0x0000000083e00000|  0%| F|  |TAMS 0x0000000083d00000| PB 0x0000000083d00000| Untracked 
|  62|0x0000000083e00000, 0x0000000083e00000, 0x0000000083f00000|  0%| F|  |TAMS 0x0000000083e00000| PB 0x0000000083e00000| Untracked 
|  63|0x0000000083f00000, 0x0000000083f00000, 0x0000000084000000|  0%| F|  |TAMS 0x0000000083f00000| PB 0x0000000083f00000| Untracked 
|  64|0x0000000084000000, 0x0000000084000000, 0x0000000084100000|  0%| F|  |TAMS 0x0000000084000000| PB 0x0000000084000000| Untracked 
|  65|0x0000000084100000, 0x0000000084100000, 0x0000000084200000|  0%| F|  |TAMS 0x0000000084100000| PB 0x0000000084100000| Untracked 
|  66|0x0000000084200000, 0x00000000842358c0, 0x0000000084300000| 20%| E|  |TAMS 0x0000000084200000| PB 0x0000000084200000| Complete 
|  67|0x0000000084300000, 0x0000000084400000, 0x0000000084400000|100%| E|CS|TAMS 0x0000000084300000| PB 0x0000000084300000| Complete 
|  68|0x0000000084400000, 0x0000000084500000, 0x0000000084500000|100%| E|CS|TAMS 0x0000000084400000| PB 0x0000000084400000| Complete 
|  69|0x0000000084500000, 0x0000000084600000, 0x0000000084600000|100%| E|CS|TAMS 0x0000000084500000| PB 0x0000000084500000| Complete 
|  70|0x0000000084600000, 0x0000000084700000, 0x0000000084700000|100%| E|CS|TAMS 0x0000000084600000| PB 0x0000000084600000| Complete 
|  71|0x0000000084700000, 0x0000000084800000, 0x0000000084800000|100%| E|CS|TAMS 0x0000000084700000| PB 0x0000000084700000| Complete 
|  72|0x0000000084800000, 0x0000000084900000, 0x0000000084900000|100%| E|CS|TAMS 0x0000000084800000| PB 0x0000000084800000| Complete 
|  73|0x0000000084900000, 0x0000000084a00000, 0x0000000084a00000|100%| E|CS|TAMS 0x0000000084900000| PB 0x0000000084900000| Complete 
|  74|0x0000000084a00000, 0x0000000084b00000, 0x0000000084b00000|100%| E|CS|TAMS 0x0000000084a00000| PB 0x0000000084a00000| Complete 
|  75|0x0000000084b00000, 0x0000000084c00000, 0x0000000084c00000|100%| E|CS|TAMS 0x0000000084b00000| PB 0x0000000084b00000| Complete 
|  76|0x0000000084c00000, 0x0000000084d00000, 0x0000000084d00000|100%| E|CS|TAMS 0x0000000084c00000| PB 0x0000000084c00000| Complete 
|  77|0x0000000084d00000, 0x0000000084e00000, 0x0000000084e00000|100%| E|CS|TAMS 0x0000000084d00000| PB 0x0000000084d00000| Complete 
|  78|0x0000000084e00000, 0x0000000084f00000, 0x0000000084f00000|100%| E|CS|TAMS 0x0000000084e00000| PB 0x0000000084e00000| Complete 
|  79|0x0000000084f00000, 0x0000000085000000, 0x0000000085000000|100%| E|CS|TAMS 0x0000000084f00000| PB 0x0000000084f00000| Complete 
|  80|0x0000000085000000, 0x0000000085100000, 0x0000000085100000|100%| E|CS|TAMS 0x0000000085000000| PB 0x0000000085000000| Complete 
|  81|0x0000000085100000, 0x0000000085200000, 0x0000000085200000|100%| E|CS|TAMS 0x0000000085100000| PB 0x0000000085100000| Complete 
|  82|0x0000000085200000, 0x0000000085300000, 0x0000000085300000|100%| E|CS|TAMS 0x0000000085200000| PB 0x0000000085200000| Complete 
|  83|0x0000000085300000, 0x0000000085400000, 0x0000000085400000|100%| E|CS|TAMS 0x0000000085300000| PB 0x0000000085300000| Complete 
|  84|0x0000000085400000, 0x0000000085500000, 0x0000000085500000|100%| E|CS|TAMS 0x0000000085400000| PB 0x0000000085400000| Complete 
|  85|0x0000000085500000, 0x0000000085600000, 0x0000000085600000|100%| E|CS|TAMS 0x0000000085500000| PB 0x0000000085500000| Complete 
|  86|0x0000000085600000, 0x0000000085700000, 0x0000000085700000|100%| E|CS|TAMS 0x0000000085600000| PB 0x0000000085600000| Complete 
|  87|0x0000000085700000, 0x0000000085800000, 0x0000000085800000|100%| E|CS|TAMS 0x0000000085700000| PB 0x0000000085700000| Complete 
|  88|0x0000000085800000, 0x0000000085900000, 0x0000000085900000|100%| E|CS|TAMS 0x0000000085800000| PB 0x0000000085800000| Complete 
|  89|0x0000000085900000, 0x0000000085a00000, 0x0000000085a00000|100%| E|CS|TAMS 0x0000000085900000| PB 0x0000000085900000| Complete 
|  90|0x0000000085a00000, 0x0000000085b00000, 0x0000000085b00000|100%| E|CS|TAMS 0x0000000085a00000| PB 0x0000000085a00000| Complete 
|  91|0x0000000085b00000, 0x0000000085c00000, 0x0000000085c00000|100%| E|CS|TAMS 0x0000000085b00000| PB 0x0000000085b00000| Complete 
|  92|0x0000000085c00000, 0x0000000085d00000, 0x0000000085d00000|100%| E|CS|TAMS 0x0000000085c00000| PB 0x0000000085c00000| Complete 
|  93|0x0000000085d00000, 0x0000000085e00000, 0x0000000085e00000|100%| E|CS|TAMS 0x0000000085d00000| PB 0x0000000085d00000| Complete 
|  94|0x0000000085e00000, 0x0000000085f00000, 0x0000000085f00000|100%| E|CS|TAMS 0x0000000085e00000| PB 0x0000000085e00000| Complete 
|  95|0x0000000085f00000, 0x0000000086000000, 0x0000000086000000|100%| E|CS|TAMS 0x0000000085f00000| PB 0x0000000085f00000| Complete 
|  96|0x0000000086000000, 0x0000000086100000, 0x0000000086100000|100%| E|CS|TAMS 0x0000000086000000| PB 0x0000000086000000| Complete 
|  97|0x0000000086100000, 0x0000000086200000, 0x0000000086200000|100%| E|CS|TAMS 0x0000000086100000| PB 0x0000000086100000| Complete 
|  98|0x0000000086200000, 0x0000000086300000, 0x0000000086300000|100%| E|CS|TAMS 0x0000000086200000| PB 0x0000000086200000| Complete 
|  99|0x0000000086300000, 0x0000000086400000, 0x0000000086400000|100%| E|CS|TAMS 0x0000000086300000| PB 0x0000000086300000| Complete 
| 100|0x0000000086400000, 0x0000000086500000, 0x0000000086500000|100%| E|CS|TAMS 0x0000000086400000| PB 0x0000000086400000| Complete 
| 101|0x0000000086500000, 0x0000000086600000, 0x0000000086600000|100%| E|CS|TAMS 0x0000000086500000| PB 0x0000000086500000| Complete 
| 102|0x0000000086600000, 0x0000000086700000, 0x0000000086700000|100%| E|CS|TAMS 0x0000000086600000| PB 0x0000000086600000| Complete 
| 103|0x0000000086700000, 0x0000000086800000, 0x0000000086800000|100%| E|CS|TAMS 0x0000000086700000| PB 0x0000000086700000| Complete 
| 104|0x0000000086800000, 0x0000000086900000, 0x0000000086900000|100%| E|CS|TAMS 0x0000000086800000| PB 0x0000000086800000| Complete 
| 105|0x0000000086900000, 0x0000000086a00000, 0x0000000086a00000|100%| E|CS|TAMS 0x0000000086900000| PB 0x0000000086900000| Complete 
| 106|0x0000000086a00000, 0x0000000086b00000, 0x0000000086b00000|100%| E|CS|TAMS 0x0000000086a00000| PB 0x0000000086a00000| Complete 
| 107|0x0000000086b00000, 0x0000000086c00000, 0x0000000086c00000|100%| E|CS|TAMS 0x0000000086b00000| PB 0x0000000086b00000| Complete 
| 108|0x0000000086c00000, 0x0000000086d00000, 0x0000000086d00000|100%| E|CS|TAMS 0x0000000086c00000| PB 0x0000000086c00000| Complete 
| 109|0x0000000086d00000, 0x0000000086e00000, 0x0000000086e00000|100%| E|CS|TAMS 0x0000000086d00000| PB 0x0000000086d00000| Complete 
| 117|0x0000000087500000, 0x0000000087600000, 0x0000000087600000|100%| E|CS|TAMS 0x0000000087500000| PB 0x0000000087500000| Complete 
|2045|0x00000000ffd00000, 0x00000000ffe00000, 0x00000000ffe00000|100%| O|  |TAMS 0x00000000ffd00000| PB 0x00000000ffd00000| Untracked 
|2046|0x00000000ffe00000, 0x00000000fff00000, 0x00000000fff00000|100%| E|CS|TAMS 0x00000000ffe00000| PB 0x00000000ffe00000| Complete 
|2047|0x00000000fff00000, 0x0000000100000000, 0x0000000100000000|100%| O|  |TAMS 0x00000000fff00000| PB 0x00000000fff00000| Untracked 

Card table byte_map: [0x00000177738b0000,0x0000017773cb0000] _byte_map_base: 0x00000177734b0000

Marking Bits: (CMBitMap*) 0x0000017770072ea0
 Bits: [0x0000017773cb0000, 0x0000017775cb0000)

Polling page: 0x000001776de80000

Metaspace:

Usage:
  Non-class:     59.95 MB used.
      Class:      9.94 MB used.
       Both:     69.89 MB used.

Virtual space:
  Non-class space:       64.00 MB reserved,      60.94 MB ( 95%) committed,  1 nodes.
      Class space:        1.00 GB reserved,      10.81 MB (  1%) committed,  1 nodes.
             Both:        1.06 GB reserved,      71.75 MB (  7%) committed. 

Chunk freelists:
   Non-Class:  2.23 MB
       Class:  5.14 MB
        Both:  7.38 MB

MaxMetaspaceSize: unlimited
CompressedClassSpaceSize: 1.00 GB
Initial GC threshold: 21.00 MB
Current GC threshold: 119.19 MB
CDS: off
 - commit_granule_bytes: 65536.
 - commit_granule_words: 8192.
 - virtual_space_node_default_size: 8388608.
 - enlarge_chunks_in_place: 1.
 - use_allocation_guard: 0.


Internal statistics:

num_allocs_failed_limit: 9.
num_arena_births: 3572.
num_arena_deaths: 0.
num_vsnodes_births: 2.
num_vsnodes_deaths: 0.
num_space_committed: 1148.
num_space_uncommitted: 0.
num_chunks_returned_to_freelist: 9.
num_chunks_taken_from_freelist: 6669.
num_chunk_merges: 6.
num_chunk_splits: 4286.
num_chunks_enlarged: 2589.
num_inconsistent_stats: 0.

CodeHeap 'non-profiled nmethods': size=120000Kb used=3885Kb max_used=4356Kb free=116114Kb
 bounds [0x0000017707ad0000, 0x0000017707f20000, 0x000001770f000000]
CodeHeap 'profiled nmethods': size=120000Kb used=13977Kb max_used=14156Kb free=106023Kb
 bounds [0x0000017700000000, 0x0000017700de0000, 0x0000017707530000]
CodeHeap 'non-nmethods': size=5760Kb used=1899Kb max_used=1953Kb free=3860Kb
 bounds [0x0000017707530000, 0x00000177077a0000, 0x0000017707ad0000]
CodeCache: size=245760Kb, used=19761Kb, max_used=20465Kb, free=225997Kb
 total_blobs=8273, nmethods=7486, adapters=691, full_count=0
Compilation: enabled, stopped_count=0, restarted_count=0

Compilation events (20 events):
Event: 12.187 Thread 0x00000177103531e0 8604       4       java.util.Collections::indexedBinarySearch (85 bytes)
Event: 12.196 Thread 0x00000177103531e0 nmethod 8604 0x0000017707b30e90 code [0x0000017707b310a0, 0x0000017707b31898]
Event: 12.196 Thread 0x00000177103531e0 8610   !   4       com.google.common.collect.RegularImmutableSortedSet::indexOf (35 bytes)
Event: 12.199 Thread 0x0000017778916be0 8612       3       org.gradle.internal.execution.steps.UpToDateResult::<init> (29 bytes)
Event: 12.200 Thread 0x0000017778916be0 nmethod 8612 0x0000017700438110 code [0x0000017700438380, 0x00000177004392f0]
Event: 12.200 Thread 0x0000017778916be0 8613       3       java.io.InputStreamReader::<init> (33 bytes)
Event: 12.201 Thread 0x0000017778916be0 nmethod 8613 0x00000177001fe890 code [0x00000177001feb00, 0x00000177001ff700]
Event: 12.201 Thread 0x0000017778916be0 8614       3       org.gradle.internal.execution.steps.IdentityCacheStep::executeInCache (45 bytes)
Event: 12.204 Thread 0x0000017778916be0 nmethod 8614 0x00000177001fbf10 code [0x00000177001fc2e0, 0x00000177001fdfa0]
Event: 12.204 Thread 0x0000017778916be0 8615       3       org.gradle.internal.execution.steps.ExecuteWorkBuildOperationFiringStep::lambda$execute$1 (41 bytes)
Event: 12.205 Thread 0x0000017778916be0 nmethod 8615 0x00000177005a6b90 code [0x00000177005a6e20, 0x00000177005a7d60]
Event: 12.205 Thread 0x0000017778916be0 8616       3       org.gradle.api.internal.artifacts.transform.AbstractTransformExecution::visitOutputs (79 bytes)
Event: 12.206 Thread 0x0000017778916be0 nmethod 8616 0x00000177005a5310 code [0x00000177005a55e0, 0x00000177005a6588]
Event: 12.208 Thread 0x00000177103531e0 nmethod 8610 0x0000017707c07510 code [0x0000017707c07720, 0x0000017707c07fe0]
Event: 12.208 Thread 0x00000177103531e0 8611   !   4       sun.nio.fs.WindowsPath::toAbsolutePath (56 bytes)
Event: 12.211 Thread 0x00000177103531e0 nmethod 8611 0x0000017707c75790 code [0x0000017707c75960, 0x0000017707c75b00]
Event: 12.211 Thread 0x00000177103531e0 8609       4       java.io.BufferedOutputStream::growIfNeeded (59 bytes)
Event: 12.212 Thread 0x00000177103531e0 nmethod 8609 0x0000017707c38510 code [0x0000017707c386a0, 0x0000017707c38790]
Event: 12.214 Thread 0x00000177103531e0 8617       4       com.google.common.cache.LocalCache::getIfPresent (49 bytes)
Event: 12.229 Thread 0x0000017778916be0 8619       3       org.gradle.api.internal.artifacts.transform.AbstractTransformExecution::loadAlreadyProducedOutput (24 bytes)

GC Heap History (20 events):
Event: 7.195 GC heap before
{Heap before GC invocations=12 (full 0):
 garbage-first heap   total 75776K, used 66851K [0x0000000080000000, 0x0000000100000000)
  region size 1024K, 41 young (41984K), 5 survivors (5120K)
 Metaspace       used 51424K, committed 52800K, reserved 1114112K
  class space    used 7153K, committed 7808K, reserved 1048576K
}
Event: 7.202 GC heap after
{Heap after GC invocations=13 (full 0):
 garbage-first heap   total 92160K, used 34130K [0x0000000080000000, 0x0000000100000000)
  region size 1024K, 6 young (6144K), 6 survivors (6144K)
 Metaspace       used 51424K, committed 52800K, reserved 1114112K
  class space    used 7153K, committed 7808K, reserved 1048576K
}
Event: 8.009 GC heap before
{Heap before GC invocations=13 (full 0):
 garbage-first heap   total 92160K, used 83282K [0x0000000080000000, 0x0000000100000000)
  region size 1024K, 52 young (53248K), 6 survivors (6144K)
 Metaspace       used 55414K, committed 56960K, reserved 1114112K
  class space    used 7810K, committed 8576K, reserved 1048576K
}
Event: 8.017 GC heap after
{Heap after GC invocations=14 (full 0):
 garbage-first heap   total 95232K, used 41329K [0x0000000080000000, 0x0000000100000000)
  region size 1024K, 5 young (5120K), 5 survivors (5120K)
 Metaspace       used 55414K, committed 56960K, reserved 1114112K
  class space    used 7810K, committed 8576K, reserved 1048576K
}
Event: 8.405 GC heap before
{Heap before GC invocations=14 (full 0):
 garbage-first heap   total 95232K, used 83313K [0x0000000080000000, 0x0000000100000000)
  region size 1024K, 46 young (47104K), 5 survivors (5120K)
 Metaspace       used 56460K, committed 58112K, reserved 1114112K
  class space    used 7967K, committed 8768K, reserved 1048576K
}
Event: 8.410 GC heap after
{Heap after GC invocations=15 (full 0):
 garbage-first heap   total 95232K, used 42616K [0x0000000080000000, 0x0000000100000000)
  region size 1024K, 2 young (2048K), 2 survivors (2048K)
 Metaspace       used 56460K, committed 58112K, reserved 1114112K
  class space    used 7967K, committed 8768K, reserved 1048576K
}
Event: 8.809 GC heap before
{Heap before GC invocations=15 (full 0):
 garbage-first heap   total 95232K, used 64120K [0x0000000080000000, 0x0000000100000000)
  region size 1024K, 24 young (24576K), 2 survivors (2048K)
 Metaspace       used 58679K, committed 60288K, reserved 1114112K
  class space    used 8331K, committed 9088K, reserved 1048576K
}
Event: 8.812 GC heap after
{Heap after GC invocations=16 (full 0):
 garbage-first heap   total 95232K, used 43200K [0x0000000080000000, 0x0000000100000000)
  region size 1024K, 3 young (3072K), 3 survivors (3072K)
 Metaspace       used 58679K, committed 60288K, reserved 1114112K
  class space    used 8331K, committed 9088K, reserved 1048576K
}
Event: 9.528 GC heap before
{Heap before GC invocations=17 (full 0):
 garbage-first heap   total 95232K, used 86208K [0x0000000080000000, 0x0000000100000000)
  region size 1024K, 45 young (46080K), 3 survivors (3072K)
 Metaspace       used 64301K, committed 65984K, reserved 1114112K
  class space    used 9166K, committed 9984K, reserved 1048576K
}
Event: 9.531 GC heap after
{Heap after GC invocations=18 (full 0):
 garbage-first heap   total 95232K, used 45056K [0x0000000080000000, 0x0000000100000000)
  region size 1024K, 4 young (4096K), 4 survivors (4096K)
 Metaspace       used 64301K, committed 65984K, reserved 1114112K
  class space    used 9166K, committed 9984K, reserved 1048576K
}
Event: 10.369 GC heap before
{Heap before GC invocations=18 (full 0):
 garbage-first heap   total 95232K, used 87040K [0x0000000080000000, 0x0000000100000000)
  region size 1024K, 45 young (46080K), 4 survivors (4096K)
 Metaspace       used 69419K, committed 71296K, reserved 1114112K
  class space    used 9979K, committed 10880K, reserved 1048576K
}
Event: 10.374 GC heap after
{Heap after GC invocations=19 (full 0):
 garbage-first heap   total 95232K, used 46815K [0x0000000080000000, 0x0000000100000000)
  region size 1024K, 5 young (5120K), 5 survivors (5120K)
 Metaspace       used 69419K, committed 71296K, reserved 1114112K
  class space    used 9979K, committed 10880K, reserved 1048576K
}
Event: 11.317 GC heap before
{Heap before GC invocations=19 (full 0):
 garbage-first heap   total 95232K, used 86751K [0x0000000080000000, 0x0000000100000000)
  region size 1024K, 45 young (46080K), 5 survivors (5120K)
 Metaspace       used 71129K, committed 73024K, reserved 1114112K
  class space    used 10174K, committed 11072K, reserved 1048576K
}
Event: 11.325 GC heap after
{Heap after GC invocations=20 (full 0):
 garbage-first heap   total 97280K, used 50347K [0x0000000080000000, 0x0000000100000000)
  region size 1024K, 6 young (6144K), 6 survivors (6144K)
 Metaspace       used 71129K, committed 73024K, reserved 1114112K
  class space    used 10174K, committed 11072K, reserved 1048576K
}
Event: 11.541 GC heap before
{Heap before GC invocations=20 (full 0):
 garbage-first heap   total 97280K, used 87211K [0x0000000080000000, 0x0000000100000000)
  region size 1024K, 43 young (44032K), 6 survivors (6144K)
 Metaspace       used 71313K, committed 73216K, reserved 1114112K
  class space    used 10174K, committed 11072K, reserved 1048576K
}
Event: 11.547 GC heap after
{Heap after GC invocations=21 (full 0):
 garbage-first heap   total 97280K, used 51593K [0x0000000080000000, 0x0000000100000000)
  region size 1024K, 2 young (2048K), 2 survivors (2048K)
 Metaspace       used 71313K, committed 73216K, reserved 1114112K
  class space    used 10174K, committed 11072K, reserved 1048576K
}
Event: 11.774 GC heap before
{Heap before GC invocations=22 (full 0):
 garbage-first heap   total 97280K, used 88457K [0x0000000080000000, 0x0000000100000000)
  region size 1024K, 39 young (39936K), 2 survivors (2048K)
 Metaspace       used 71413K, committed 73280K, reserved 1114112K
  class space    used 10174K, committed 11072K, reserved 1048576K
}
Event: 11.776 GC heap after
{Heap after GC invocations=23 (full 0):
 garbage-first heap   total 97280K, used 51849K [0x0000000080000000, 0x0000000100000000)
  region size 1024K, 2 young (2048K), 2 survivors (2048K)
 Metaspace       used 71413K, committed 73280K, reserved 1114112K
  class space    used 10174K, committed 11072K, reserved 1048576K
}
Event: 11.975 GC heap before
{Heap before GC invocations=23 (full 0):
 garbage-first heap   total 97280K, used 89737K [0x0000000080000000, 0x0000000100000000)
  region size 1024K, 40 young (40960K), 2 survivors (2048K)
 Metaspace       used 71427K, committed 73344K, reserved 1114112K
  class space    used 10174K, committed 11072K, reserved 1048576K
}
Event: 12.018 GC heap after
{Heap after GC invocations=24 (full 0):
 garbage-first heap   total 116736K, used 52240K [0x0000000080000000, 0x0000000100000000)
  region size 1024K, 3 young (3072K), 3 survivors (3072K)
 Metaspace       used 71427K, committed 73344K, reserved 1114112K
  class space    used 10174K, committed 11072K, reserved 1048576K
}

Dll operation events (3 events):
Event: 0.013 Loaded shared library C:\Program Files\Android\Android Studio\jbr\bin\java.dll
Event: 0.018 Loaded shared library C:\Program Files\Android\Android Studio\jbr\bin\zip.dll
Event: 1.025 Loaded shared library C:\Program Files\Android\Android Studio\jbr\bin\verify.dll

Deoptimization events (20 events):
Event: 11.232 Thread 0x000001777f561ce0 Uncommon trap: trap_request=0xffffff45 fr.pc=0x0000017707c51060 relative=0x0000000000000700
Event: 11.232 Thread 0x000001777f561ce0 Uncommon trap: reason=unstable_if action=reinterpret pc=0x0000017707c51060 method=org.gradle.internal.snapshot.VfsRelativePath.isPrefix(Ljava/lang/String;ILjava/lang/String;ILorg/gradle/internal/snapshot/CaseSensitivity;)Z @ 101 c2
Event: 11.232 Thread 0x000001777f561ce0 DEOPT PACKING pc=0x0000017707c51060 sp=0x0000004ac59f4290
Event: 11.232 Thread 0x000001777f561ce0 DEOPT UNPACKING pc=0x00000177075843a2 sp=0x0000004ac59f41b0 mode 2
Event: 11.232 Thread 0x000001777f561ce0 Uncommon trap: trap_request=0xffffff45 fr.pc=0x0000017707dc1470 relative=0x0000000000000810
Event: 11.232 Thread 0x000001777f561ce0 Uncommon trap: reason=unstable_if action=reinterpret pc=0x0000017707dc1470 method=org.gradle.internal.snapshot.VfsRelativePath.isPrefix(Ljava/lang/String;ILjava/lang/String;ILorg/gradle/internal/snapshot/CaseSensitivity;)Z @ 101 c2
Event: 11.232 Thread 0x000001777f561ce0 DEOPT PACKING pc=0x0000017707dc1470 sp=0x0000004ac59f41c0
Event: 11.232 Thread 0x000001777f561ce0 DEOPT UNPACKING pc=0x00000177075843a2 sp=0x0000004ac59f4170 mode 2
Event: 11.244 Thread 0x000001777f561ce0 Uncommon trap: trap_request=0xffffff45 fr.pc=0x0000017707ee674c relative=0x00000000000003ac
Event: 11.244 Thread 0x000001777f561ce0 Uncommon trap: reason=unstable_if action=reinterpret pc=0x0000017707ee674c method=org.gradle.internal.snapshot.PathUtil.compareCharsIgnoringCase(CC)I @ 33 c2
Event: 11.244 Thread 0x000001777f561ce0 DEOPT PACKING pc=0x0000017707ee674c sp=0x0000004ac59f3150
Event: 11.244 Thread 0x000001777f561ce0 DEOPT UNPACKING pc=0x00000177075843a2 sp=0x0000004ac59f3070 mode 2
Event: 11.517 Thread 0x00000177102f13e0 DEOPT PACKING pc=0x0000017700961b01 sp=0x0000004ac9dfce30
Event: 11.517 Thread 0x00000177102f13e0 DEOPT UNPACKING pc=0x0000017707584b42 sp=0x0000004ac9dfc340 mode 0
Event: 12.119 Thread 0x000001777f561ce0 DEOPT PACKING pc=0x000001770092bcac sp=0x0000004ac59f6240
Event: 12.119 Thread 0x000001777f561ce0 DEOPT UNPACKING pc=0x0000017707584b42 sp=0x0000004ac59f56d0 mode 0
Event: 12.231 Thread 0x00000177102ee5f0 Uncommon trap: trap_request=0xffffffde fr.pc=0x0000017707df04fc relative=0x00000000000002bc
Event: 12.234 Thread 0x00000177102eec80 Uncommon trap: trap_request=0xffffffde fr.pc=0x0000017707df04fc relative=0x00000000000002bc
Event: 12.237 Thread 0x00000177102eb170 Uncommon trap: trap_request=0xffffffde fr.pc=0x0000017707df04fc relative=0x00000000000002bc
Event: 12.240 Thread 0x00000177102f13e0 Uncommon trap: trap_request=0xffffffde fr.pc=0x0000017707df04fc relative=0x00000000000002bc

Classes loaded (20 events):
Event: 10.678 Loading class jdk/internal/logger/LoggerFinderLoader
Event: 10.679 Loading class jdk/internal/logger/LoggerFinderLoader done
Event: 10.679 Loading class jdk/internal/logger/LoggerFinderLoader$TemporaryLoggerFinder
Event: 10.679 Loading class jdk/internal/logger/LoggerFinderLoader$TemporaryLoggerFinder done
Event: 10.679 Loading class sun/util/logging/internal/LoggingProviderImpl$JULWrapper
Event: 10.680 Loading class sun/util/logging/PlatformLogger$ConfigurableBridge$LoggerConfiguration
Event: 10.680 Loading class sun/util/logging/PlatformLogger$ConfigurableBridge$LoggerConfiguration done
Event: 10.680 Loading class sun/util/logging/internal/LoggingProviderImpl$JULWrapper done
Event: 10.681 Loading class java/io/ObjectInputFilter$Config$BuiltinFilterFactory
Event: 10.681 Loading class java/io/ObjectInputFilter$Config$BuiltinFilterFactory done
Event: 10.681 Loading class jdk/internal/access/JavaObjectInputFilterAccess
Event: 10.681 Loading class jdk/internal/access/JavaObjectInputFilterAccess done
Event: 10.682 Loading class jdk/internal/event/DeserializationEvent
Event: 10.682 Loading class jdk/internal/event/DeserializationEvent done
Event: 10.682 Loading class java/io/ObjectInputStream$FieldValues
Event: 10.682 Loading class java/io/ObjectInputStream$GetField
Event: 10.683 Loading class java/io/ObjectInputStream$GetField done
Event: 10.683 Loading class java/io/ObjectInputStream$FieldValues done
Event: 11.094 Loading class java/util/LinkedList$LLSpliterator
Event: 11.094 Loading class java/util/LinkedList$LLSpliterator done

Classes unloaded (0 events):
No events

Classes redefined (0 events):
No events

Internal exceptions (20 events):
Event: 12.166 Thread 0x00000177102ed8d0 Exception <a 'sun/nio/fs/WindowsException'{0x0000000085830b68}> (0x0000000085830b68) 
thrown [s\src\hotspot\share\prims\jni.cpp, line 537]
Event: 12.177 Thread 0x00000177102edf60 Exception <a 'sun/nio/fs/WindowsException'{0x00000000856450c8}> (0x00000000856450c8) 
thrown [s\src\hotspot\share\prims\jni.cpp, line 537]
Event: 12.178 Thread 0x00000177102eb800 Exception <a 'sun/nio/fs/WindowsException'{0x00000000856a3da0}> (0x00000000856a3da0) 
thrown [s\src\hotspot\share\prims\jni.cpp, line 537]
Event: 12.179 Thread 0x000001777f561ce0 Exception <a 'sun/nio/fs/WindowsException'{0x0000000085564bb8}> (0x0000000085564bb8) 
thrown [s\src\hotspot\share\prims\jni.cpp, line 537]
Event: 12.180 Thread 0x00000177102f13e0 Exception <a 'sun/nio/fs/WindowsException'{0x00000000855c27b0}> (0x00000000855c27b0) 
thrown [s\src\hotspot\share\prims\jni.cpp, line 537]
Event: 12.186 Thread 0x00000177102ee5f0 Exception <a 'sun/nio/fs/WindowsException'{0x0000000085767e00}> (0x0000000085767e00) 
thrown [s\src\hotspot\share\prims\jni.cpp, line 537]
Event: 12.189 Thread 0x00000177102ed8d0 Exception <a 'sun/nio/fs/WindowsException'{0x00000000854d3658}> (0x00000000854d3658) 
thrown [s\src\hotspot\share\prims\jni.cpp, line 537]
Event: 12.192 Thread 0x00000177102eec80 Exception <a 'sun/nio/fs/WindowsException'{0x00000000856b8b68}> (0x00000000856b8b68) 
thrown [s\src\hotspot\share\prims\jni.cpp, line 537]
Event: 12.193 Thread 0x00000177102eb170 Exception <a 'sun/nio/fs/WindowsException'{0x0000000085436b58}> (0x0000000085436b58) 
thrown [s\src\hotspot\share\prims\jni.cpp, line 537]
Event: 12.201 Thread 0x000001777f561ce0 Exception <a 'sun/nio/fs/WindowsException'{0x00000000853aec88}> (0x00000000853aec88) 
thrown [s\src\hotspot\share\prims\jni.cpp, line 537]
Event: 12.211 Thread 0x00000177102eb800 Exception <a 'sun/nio/fs/WindowsException'{0x00000000852a40a8}> (0x00000000852a40a8) 
thrown [s\src\hotspot\share\prims\jni.cpp, line 537]
Event: 12.216 Thread 0x000001777f561ce0 Exception <a 'sun/nio/fs/WindowsException'{0x00000000851d6b28}> (0x00000000851d6b28) 
thrown [s\src\hotspot\share\prims\jni.cpp, line 537]
Event: 12.218 Thread 0x00000177102edf60 Exception <a 'sun/nio/fs/WindowsException'{0x000000008509e3f0}> (0x000000008509e3f0) 
thrown [s\src\hotspot\share\prims\jni.cpp, line 537]
Event: 12.221 Thread 0x00000177102ee5f0 Exception <a 'sun/nio/fs/WindowsException'{0x0000000084f389a8}> (0x0000000084f389a8) 
thrown [s\src\hotspot\share\prims\jni.cpp, line 537]
Event: 12.227 Thread 0x00000177102f13e0 Exception <a 'sun/nio/fs/WindowsException'{0x0000000084fc7858}> (0x0000000084fc7858) 
thrown [s\src\hotspot\share\prims\jni.cpp, line 537]
Event: 12.228 Thread 0x00000177102eec80 Exception <a 'sun/nio/fs/WindowsException'{0x0000000085145578}> (0x0000000085145578) 
thrown [s\src\hotspot\share\prims\jni.cpp, line 537]
Event: 12.229 Thread 0x000001777f561ce0 Exception <a 'sun/nio/fs/WindowsException'{0x0000000084e449a0}> (0x0000000084e449a0) 
thrown [s\src\hotspot\share\prims\jni.cpp, line 537]
Event: 12.231 Thread 0x00000177102ed8d0 Exception <a 'sun/nio/fs/WindowsException'{0x0000000084d2d870}> (0x0000000084d2d870) 
thrown [s\src\hotspot\share\prims\jni.cpp, line 537]
Event: 12.233 Thread 0x00000177102eb170 Exception <a 'sun/nio/fs/WindowsException'{0x0000000084ddc4d0}> (0x0000000084ddc4d0) 
thrown [s\src\hotspot\share\prims\jni.cpp, line 537]
Event: 12.235 Thread 0x00000177102f13e0 Exception <a 'sun/nio/fs/WindowsException'{0x0000000084c796c0}> (0x0000000084c796c0) 
thrown [s\src\hotspot\share\prims\jni.cpp, line 537]

ZGC Phase Switch (0 events):
No events

VM Operations (20 events):
Event: 10.374 Executing safepoint VM operation: G1CollectForAllocation (G1 Evacuation Pause) done
Event: 10.652 Executing non-safepoint VM operation: HandshakeAllThreads (Deoptimize)
Event: 10.652 Executing non-safepoint VM operation: HandshakeAllThreads (Deoptimize) done
Event: 10.920 Executing safepoint VM operation: ICBufferFull
Event: 10.920 Executing safepoint VM operation: ICBufferFull done
Event: 11.188 Executing safepoint VM operation: ICBufferFull
Event: 11.188 Executing safepoint VM operation: ICBufferFull done
Event: 11.317 Executing safepoint VM operation: G1CollectForAllocation (G1 Evacuation Pause)
Event: 11.325 Executing safepoint VM operation: G1CollectForAllocation (G1 Evacuation Pause) done
Event: 11.541 Executing safepoint VM operation: G1CollectForAllocation (G1 Evacuation Pause)
Event: 11.547 Executing safepoint VM operation: G1CollectForAllocation (G1 Evacuation Pause) done
Event: 11.598 Executing safepoint VM operation: G1PauseRemark
Event: 11.604 Executing safepoint VM operation: G1PauseRemark done
Event: 11.620 Executing safepoint VM operation: G1PauseCleanup
Event: 11.620 Executing safepoint VM operation: G1PauseCleanup done
Event: 11.774 Executing safepoint VM operation: G1CollectForAllocation (G1 Evacuation Pause)
Event: 11.776 Executing safepoint VM operation: G1CollectForAllocation (G1 Evacuation Pause) done
Event: 11.975 Executing safepoint VM operation: G1CollectForAllocation (G1 Evacuation Pause)
Event: 12.018 Executing safepoint VM operation: G1CollectForAllocation (G1 Evacuation Pause) done
Event: 13.020 Executing safepoint VM operation: Cleanup

Memory protections (0 events):
No events

Nmethod flushes (20 events):
Event: 11.603 Thread 0x0000017778870a70 flushing  nmethod 0x0000017700661f90
Event: 11.603 Thread 0x0000017778870a70 flushing  nmethod 0x00000177006f8190
Event: 11.603 Thread 0x0000017778870a70 flushing  nmethod 0x00000177006f8710
Event: 11.603 Thread 0x0000017778870a70 flushing  nmethod 0x00000177006f8a90
Event: 11.603 Thread 0x0000017778870a70 flushing  nmethod 0x00000177006fd110
Event: 11.603 Thread 0x0000017778870a70 flushing  nmethod 0x0000017700732010
Event: 11.603 Thread 0x0000017778870a70 flushing  nmethod 0x0000017700732910
Event: 11.603 Thread 0x0000017778870a70 flushing  nmethod 0x0000017700766010
Event: 11.603 Thread 0x0000017778870a70 flushing  nmethod 0x00000177007b3790
Event: 11.603 Thread 0x0000017778870a70 flushing  nmethod 0x00000177007b4310
Event: 11.603 Thread 0x0000017778870a70 flushing  nmethod 0x00000177007b4910
Event: 11.603 Thread 0x0000017778870a70 flushing  nmethod 0x00000177007bd890
Event: 11.603 Thread 0x0000017778870a70 flushing  nmethod 0x00000177006ef090
Event: 11.603 Thread 0x0000017778870a70 flushing  nmethod 0x00000177006ef790
Event: 11.603 Thread 0x0000017778870a70 flushing  nmethod 0x00000177006efb10
Event: 11.603 Thread 0x0000017778870a70 flushing  nmethod 0x00000177006f1090
Event: 11.603 Thread 0x0000017778870a70 flushing  nmethod 0x00000177006f1610
Event: 11.603 Thread 0x0000017778870a70 flushing  nmethod 0x0000017700734b90
Event: 11.603 Thread 0x0000017778870a70 flushing  nmethod 0x0000017700874f10
Event: 11.603 Thread 0x0000017778870a70 flushing  nmethod 0x0000017700943510

Events (20 events):
Event: 11.111 Thread 0x000001777f561ce0 Thread added: 0x000001770f746f50
Event: 11.111 Thread 0x000001777f561ce0 Thread added: 0x000001770f745510
Event: 11.111 Thread 0x000001777f561ce0 Thread added: 0x000001770f7475e0
Event: 11.111 Thread 0x000001777f561ce0 Thread added: 0x000001770f749020
Event: 11.112 Thread 0x000001777f561ce0 Thread added: 0x000001770f7496b0
Event: 11.219 Thread 0x000001777f561ce0 Thread added: 0x000001770f749d40
Event: 11.221 Thread 0x000001777f561ce0 Thread added: 0x000001770f74a3d0
Event: 11.223 Thread 0x000001777f561ce0 Thread added: 0x00000177102ecbb0
Event: 11.225 Thread 0x000001777f561ce0 Thread added: 0x00000177102ebe90
Event: 11.228 Thread 0x000001777f561ce0 Thread added: 0x00000177102ed240
Event: 11.230 Thread 0x000001777f561ce0 Thread added: 0x00000177102eaae0
Event: 11.232 Thread 0x000001777f561ce0 Thread added: 0x00000177102ec520
Event: 11.487 Thread 0x000001777f561ce0 Thread added: 0x00000177102ed8d0
Event: 11.488 Thread 0x000001777f561ce0 Thread added: 0x00000177102edf60
Event: 11.488 Thread 0x000001777f561ce0 Thread added: 0x00000177102ee5f0
Event: 11.489 Thread 0x000001777f561ce0 Thread added: 0x00000177102eb170
Event: 11.490 Thread 0x000001777f561ce0 Thread added: 0x00000177102eec80
Event: 11.491 Thread 0x000001777f561ce0 Thread added: 0x00000177102eb800
Event: 11.492 Thread 0x000001777f561ce0 Thread added: 0x00000177102f13e0
Event: 11.936 Thread 0x0000017778916be0 Thread added: 0x00000177103531e0


Dynamic libraries:
0x00007ff6a89b0000 - 0x00007ff6a89ba000 	C:\Program Files\Android\Android Studio\jbr\bin\java.exe
0x00007ffed5160000 - 0x00007ffed53c7000 	C:\WINDOWS\SYSTEM32\ntdll.dll
0x00007ffed3a80000 - 0x00007ffed3b49000 	C:\WINDOWS\System32\KERNEL32.DLL
0x00007ffed2830000 - 0x00007ffed2c24000 	C:\WINDOWS\System32\KERNELBASE.dll
0x00007ffed2500000 - 0x00007ffed264b000 	C:\WINDOWS\System32\ucrtbase.dll
0x00007ffea5c70000 - 0x00007ffea5c8b000 	C:\Program Files\Android\Android Studio\jbr\bin\VCRUNTIME140.dll
0x00007ffecd1e0000 - 0x00007ffecd1f8000 	C:\Program Files\Android\Android Studio\jbr\bin\jli.dll
0x00007ffed34e0000 - 0x00007ffed36a5000 	C:\WINDOWS\System32\USER32.dll
0x00007ffed24d0000 - 0x00007ffed24f7000 	C:\WINDOWS\System32\win32u.dll
0x00007ffeb5750000 - 0x00007ffeb59e3000 	C:\WINDOWS\WinSxS\amd64_microsoft.windows.common-controls_6595b64144ccf1df_6.0.26100.8115_none_3e075c82e3354f9c\COMCTL32.dll
0x00007ffed2ef0000 - 0x00007ffed2f1b000 	C:\WINDOWS\System32\GDI32.dll
0x00007ffed3100000 - 0x00007ffed31a9000 	C:\WINDOWS\System32\msvcrt.dll
0x00007ffed2650000 - 0x00007ffed277b000 	C:\WINDOWS\System32\gdi32full.dll
0x00007ffed2e40000 - 0x00007ffed2ee3000 	C:\WINDOWS\System32\msvcp_win.dll
0x00007ffed4cc0000 - 0x00007ffed4cf2000 	C:\WINDOWS\System32\IMM32.DLL
0x00007ffea5ec0000 - 0x00007ffea5ecc000 	C:\Program Files\Android\Android Studio\jbr\bin\vcruntime140_1.dll
0x00007ffe9b9f0000 - 0x00007ffe9ba7d000 	C:\Program Files\Android\Android Studio\jbr\bin\msvcp140.dll
0x00007ffdf3d20000 - 0x00007ffdf49b6000 	C:\Program Files\Android\Android Studio\jbr\bin\server\jvm.dll
0x00007ffed3830000 - 0x00007ffed38e6000 	C:\WINDOWS\System32\ADVAPI32.dll
0x00007ffed3430000 - 0x00007ffed34d7000 	C:\WINDOWS\System32\sechost.dll
0x00007ffed3290000 - 0x00007ffed33a8000 	C:\WINDOWS\System32\RPCRT4.dll
0x00007ffed39f0000 - 0x00007ffed3a70000 	C:\WINDOWS\System32\WS2_32.dll
0x00007ffed16e0000 - 0x00007ffed173e000 	C:\WINDOWS\SYSTEM32\POWRPROF.dll
0x00007ffecb850000 - 0x00007ffecb886000 	C:\WINDOWS\SYSTEM32\WINMM.dll
0x00007ffecb890000 - 0x00007ffecb89b000 	C:\WINDOWS\SYSTEM32\VERSION.dll
0x00007ffed16c0000 - 0x00007ffed16d4000 	C:\WINDOWS\SYSTEM32\UMPDC.dll
0x00007ffed07c0000 - 0x00007ffed07db000 	C:\WINDOWS\SYSTEM32\kernel.appcore.dll
0x00007ffea5450000 - 0x00007ffea545a000 	C:\Program Files\Android\Android Studio\jbr\bin\jimage.dll
0x00007ffec6110000 - 0x00007ffec6352000 	C:\WINDOWS\SYSTEM32\DBGHELP.DLL
0x00007ffed4d00000 - 0x00007ffed5082000 	C:\WINDOWS\System32\combase.dll
0x00007ffed36b0000 - 0x00007ffed3788000 	C:\WINDOWS\System32\OLEAUT32.dll
0x00007ffeb9e60000 - 0x00007ffeb9e9b000 	C:\WINDOWS\SYSTEM32\dbgcore.DLL
0x00007ffed2780000 - 0x00007ffed2825000 	C:\WINDOWS\System32\bcryptPrimitives.dll
0x00007ffebe910000 - 0x00007ffebe91e000 	C:\Program Files\Android\Android Studio\jbr\bin\instrument.dll
0x00007ffea4a10000 - 0x00007ffea4a30000 	C:\Program Files\Android\Android Studio\jbr\bin\java.dll
0x00007ffea4440000 - 0x00007ffea4458000 	C:\Program Files\Android\Android Studio\jbr\bin\zip.dll
0x00007ffed42e0000 - 0x00007ffed4a47000 	C:\WINDOWS\System32\SHELL32.dll
0x00007ffed1af0000 - 0x00007ffed1c5a000 	C:\WINDOWS\System32\wintypes.dll
0x00007ffed1c60000 - 0x00007ffed24c8000 	C:\WINDOWS\System32\windows.storage.dll
0x00007ffed38f0000 - 0x00007ffed39e8000 	C:\WINDOWS\System32\SHCORE.dll
0x00007ffed33b0000 - 0x00007ffed3416000 	C:\WINDOWS\System32\shlwapi.dll
0x00007ffed1950000 - 0x00007ffed1979000 	C:\WINDOWS\SYSTEM32\profapi.dll
0x00007ffe9f700000 - 0x00007ffe9f710000 	C:\Program Files\Android\Android Studio\jbr\bin\net.dll
0x00007ffec8cc0000 - 0x00007ffec8ded000 	C:\WINDOWS\SYSTEM32\WINHTTP.dll
0x00007ffed0d30000 - 0x00007ffed0d9c000 	C:\WINDOWS\system32\mswsock.dll
0x00007ffe9f5c0000 - 0x00007ffe9f5d6000 	C:\Program Files\Android\Android Studio\jbr\bin\nio.dll
0x00007ffea5f60000 - 0x00007ffea5f70000 	C:\Program Files\Android\Android Studio\jbr\bin\verify.dll
0x00007ffea5f10000 - 0x00007ffea5f37000 	C:\Users\Sipon\.gradle\native\660c5614fbf4a5f2a75b1949f50a0caf5cd603558e7d8a26e50b933a0cfb79d1\windows-amd64\native-platform.dll
0x00007ffe9b970000 - 0x00007ffe9b9e7000 	C:\Users\Sipon\.gradle\native\0.2.8\x86_64-windows-gnu\gradle-fileevents.dll
0x00007ffe955e0000 - 0x00007ffe955e9000 	C:\Program Files\Android\Android Studio\jbr\bin\management.dll
0x00007ffe955d0000 - 0x00007ffe955db000 	C:\Program Files\Android\Android Studio\jbr\bin\management_ext.dll
0x00007ffed3420000 - 0x00007ffed3428000 	C:\WINDOWS\System32\PSAPI.DLL
0x00007ffed01a0000 - 0x00007ffed01d2000 	C:\WINDOWS\SYSTEM32\IPHLPAPI.DLL
0x00007ffed31b0000 - 0x00007ffed31ba000 	C:\WINDOWS\System32\NSI.dll
0x00007ffe99e50000 - 0x00007ffe99e59000 	C:\Program Files\Android\Android Studio\jbr\bin\extnet.dll
0x00007ffed1010000 - 0x00007ffed102b000 	C:\WINDOWS\SYSTEM32\CRYPTSP.dll
0x00007ffed0720000 - 0x00007ffed0759000 	C:\WINDOWS\system32\rsaenh.dll
0x00007ffed0de0000 - 0x00007ffed0e13000 	C:\WINDOWS\SYSTEM32\USERENV.dll
0x00007ffed1920000 - 0x00007ffed194a000 	C:\WINDOWS\SYSTEM32\bcrypt.dll
0x00007ffed1030000 - 0x00007ffed103c000 	C:\WINDOWS\SYSTEM32\CRYPTBASE.dll
0x00007ffe912a0000 - 0x00007ffe912a8000 	C:\WINDOWS\system32\wshunix.dll

JVMTI agents:
C:\Users\Sipon\.gradle\wrapper\dists\gradle-9.3.1-bin\23ovyewtku6u96viwx3xl3oks\gradle-9.3.1\lib\agents\gradle-instrumentation-agent-9.3.1.jar path:C:\Program Files\Android\Android Studio\jbr\bin\instrument.dll, loaded, initialized, instrumentlib options:none

dbghelp: loaded successfully - version: 4.0.5 - missing functions: none
symbol engine: initialized successfully - sym options: 0x614 - pdb path: .;C:\Program Files\Android\Android Studio\jbr\bin;C:\WINDOWS\SYSTEM32;C:\WINDOWS\WinSxS\amd64_microsoft.windows.common-controls_6595b64144ccf1df_6.0.26100.8115_none_3e075c82e3354f9c;C:\Program Files\Android\Android Studio\jbr\bin\server;C:\Users\Sipon\.gradle\native\660c5614fbf4a5f2a75b1949f50a0caf5cd603558e7d8a26e50b933a0cfb79d1\windows-amd64;C:\Users\Sipon\.gradle\native\0.2.8\x86_64-windows-gnu

VM Arguments:
jvm_args: --add-opens=java.base/java.lang=ALL-UNNAMED --add-opens=java.base/java.lang.invoke=ALL-UNNAMED --add-opens=java.base/java.util=ALL-UNNAMED --add-opens=java.prefs/java.util.prefs=ALL-UNNAMED --add-exports=jdk.compiler/com.sun.tools.javac.api=ALL-UNNAMED --add-exports=jdk.compiler/com.sun.tools.javac.util=ALL-UNNAMED --add-opens=java.base/java.util=ALL-UNNAMED --add-opens=java.prefs/java.util.prefs=ALL-UNNAMED --add-opens=java.base/java.nio.charset=ALL-UNNAMED --add-opens=java.base/java.net=ALL-UNNAMED --add-opens=java.base/java.util.concurrent=ALL-UNNAMED --add-opens=java.base/java.util.concurrent.atomic=ALL-UNNAMED --add-opens=java.xml/javax.xml.namespace=ALL-UNNAMED --add-opens=java.base/java.time=ALL-UNNAMED -Xmx2048m -Dfile.encoding=UTF-8 -Duser.country=IN -Duser.language=en -Duser.variant -javaagent:C:\Users\Sipon\.gradle\wrapper\dists\gradle-9.3.1-bin\23ovyewtku6u96viwx3xl3oks\gradle-9.3.1\lib\agents\gradle-instrumentation-agent-9.3.1.jar 
java_command: org.gradle.launcher.daemon.bootstrap.GradleDaemon 9.3.1
java_class_path (initial): C:\Users\Sipon\.gradle\wrapper\dists\gradle-9.3.1-bin\23ovyewtku6u96viwx3xl3oks\gradle-9.3.1\lib\gradle-daemon-main-9.3.1.jar
Launcher Type: SUN_STANDARD

[Global flags]
     intx CICompilerCount                          = 4                                         {product} {ergonomic}
     uint ConcGCThreads                            = 2                                         {product} {ergonomic}
     uint G1ConcRefinementThreads                  = 8                                         {product} {ergonomic}
   size_t G1HeapRegionSize                         = 1048576                                   {product} {ergonomic}
    uintx GCDrainStackTargetSize                   = 64                                        {product} {ergonomic}
   size_t InitialHeapSize                          = 123731968                                 {product} {ergonomic}
   size_t MarkStackSize                            = 4194304                                   {product} {ergonomic}
   size_t MaxHeapSize                              = 2147483648                                {product} {command line}
   size_t MaxNewSize                               = 1287651328                                {product} {ergonomic}
   size_t MinHeapDeltaBytes                        = 1048576                                   {product} {ergonomic}
   size_t MinHeapSize                              = 8388608                                   {product} {ergonomic}
    uintx NonNMethodCodeHeapSize                   = 5839372                                {pd product} {ergonomic}
    uintx NonProfiledCodeHeapSize                  = 122909434                              {pd product} {ergonomic}
    uintx ProfiledCodeHeapSize                     = 122909434                              {pd product} {ergonomic}
    uintx ReservedCodeCacheSize                    = 251658240                              {pd product} {ergonomic}
     bool SegmentedCodeCache                       = true                                      {product} {ergonomic}
   size_t SoftMaxHeapSize                          = 2147483648                             {manageable} {ergonomic}
     bool UseCompressedOops                        = true                           {product lp64_product} {ergonomic}
     bool UseG1GC                                  = true                                      {product} {ergonomic}
     bool UseLargePagesIndividualAllocation        = false                                  {pd product} {ergonomic}

Logging:
Log output configuration:
 #0: stdout all=warning uptime,level,tags foldmultilines=false
 #1: stderr all=off uptime,level,tags foldmultilines=false

Release file:
JAVA_VERSION="21.0.10" 
MODULES="java.base java.compiler java.datatransfer java.xml java.prefs java.desktop java.instrument java.logging java.management java.security.sasl java.naming java.rmi java.management.rmi java.net.http java.scripting java.security.jgss java.transaction.xa java.sql java.sql.rowset java.xml.crypto java.se java.smartcardio jdk.accessibility jdk.internal.jvmstat jdk.attach jdk.charsets jdk.internal.opt jdk.zipfs jdk.compiler jdk.crypto.ec jdk.crypto.cryptoki jdk.dynalink jdk.hotspot.agent jdk.httpserver jdk.internal.ed jdk.internal.le jdk.internal.vm.ci jdk.jartool jdk.javadoc jdk.jcmd jdk.jdeps jdk.jdwp.agent jdk.jdi jdk.jfr jdk.jlink jdk.jsobject jdk.localedata jdk.management jdk.management.agent jdk.management.jfr jdk.naming.dns jdk.naming.rmi jdk.net jdk.sctp jdk.security.auth jdk.security.jgss jdk.unsupported jdk.unsupported.desktop jdk.xml.dom" 
IMPLEMENTOR="JetBrains s.r.o." 
JAVA_RUNTIME_VERSION="21.0.10+-14961533-b1163.108" 
LIBC="default" 
OS_ARCH="x86_64" 
OS_NAME="Windows" 
SOURCE=".:git:1351622c2ff2" 

Environment Variables:
PATH=C:\oraclexe\app\oracle\product\11.2.0\server\bin;;C:\WINDOWS\system32;C:\WINDOWS;C:\WINDOWS\System32\Wbem;C:\WINDOWS\System32\WindowsPowerShell\v1.0\;C:\WINDOWS\System32\OpenSSH\;C:\Program Files\Microsoft SQL Server\150\Tools\Binn\;C:\Program Files (x86)\Windows Kits\10\Windows Performance Toolkit\;C:\Program Files\Microsoft SQL Server\Client SDK\ODBC\170\Tools\Binn\;C:\Program Files\dotnet\;C:\Program Files (x86)\Microsoft SQL Server\160\DTS\Binn\;C:\Users\Sipon\AppData\Local\Programs\Python\Python312\Scripts\;C:\Users\Sipon\AppData\Local\Programs\Python\Python312\;C:\Users\Sipon\AppData\Local\Programs\Python\Launcher\;C:\Users\Sipon\AppData\Local\Microsoft\WindowsApps;C:\Program Files (x86)\CodeBlocks\MinGW\bin;;C:\Users\Sipon\AppData\Local\Programs\Microsoft VS Code\bin;C:\Users\Sipon\.dotnet\tools
USERNAME=khomong
OS=Windows_NT
PROCESSOR_IDENTIFIER=AMD64 Family 23 Model 104 Stepping 1, AuthenticAMD
TMP=C:\Users\Sipon\AppData\Local\Temp
TEMP=C:\Users\Sipon\AppData\Local\Temp




Periodic native trim disabled

JNI global refs:
JNI global refs: 30, weak refs: 2

JNI global refs memory usage: 835, weak refs: 833

Process memory usage:
Resident Set Size: 343096K (4% of 7682516K total physical memory with 1016884K free physical memory)

OOME stack traces (most recent first):
Classloader memory used:
Loader org.gradle.internal.classloader.VisitableURLClassLoader                         : 37060K
Loader bootstrap                                                                       : 22565K
Loader org.gradle.initialization.MixInLegacyTypesClassLoader                           : 11144K
Loader jdk.internal.loader.ClassLoaders$AppClassLoader                                 : 229K
Loader jdk.internal.loader.ClassLoaders$PlatformClassLoader                            : 150K
Loader org.gradle.internal.classloader.VisitableURLClassLoader                         : 140K
Loader jdk.internal.reflect.DelegatingClassLoader                                      : 114K
Loader org.gradle.groovy.scripts.internal.DefaultScriptCompilationHandler$ScriptClassLoader: 105K
Loader org.gradle.internal.classloader.VisitableURLClassLoader$InstrumentingVisitableURLClassLoader: 62008B

Classes loaded by more than one classloader:
Class Program                                                                         : loaded 3 times (x 72B)
Class org.gradle.internal.classloader.ClassLoaderHierarchy                            : loaded 2 times (x 70B)
Class org.gradle.api.internal.classpath.ManifestUtil                                  : loaded 2 times (x 71B)
Class org.gradle.internal.classloader.DefaultClassLoaderFactory                       : loaded 2 times (x 82B)
Class org.gradle.internal.classloader.ClassLoaderVisitor                              : loaded 2 times (x 76B)
Class org.gradle.api.internal.classpath.EffectiveClassPath                            : loaded 2 times (x 90B)
Class org.gradle.api.internal.DefaultClassPathProvider                                : loaded 2 times (x 76B)
Class [Lorg.gradle.api.internal.ClassPathProvider;                                    : loaded 2 times (x 69B)
Class org.gradle.api.internal.ClassPathProvider                                       : loaded 2 times (x 70B)
Class org.gradle.internal.service.UnknownServiceException                             : loaded 2 times (x 83B)
Class org.gradle.internal.classpath.TransformedClassPath                              : loaded 2 times (x 96B)
Class org.gradle.internal.classloader.InstrumentingClassLoader                        : loaded 2 times (x 70B)
Class org.gradle.internal.service.ServiceLocator                                      : loaded 2 times (x 70B)
Class ijKotlinCoroutineJvmDebugInit1_ex86ketdypna09umiysf1fmnv                        : loaded 2 times (x 171B)
Class ijJvmDebugger1_40imlknda7vxai7ycfw1as9r3$_run_closure1                          : loaded 2 times (x 139B)
Class org.gradle.internal.classloader.ClasspathUtil$1                                 : loaded 2 times (x 76B)
Class org.gradle.api.internal.classpath.DefaultModuleRegistry$DefaultModule           : loaded 2 times (x 86B)
Class org.gradle.api.internal.classpath.Module                                        : loaded 2 times (x 70B)
Class org.gradle.api.internal.classpath.UnknownModuleException                        : loaded 2 times (x 82B)
Class ijKotlinCoroutineJvmDebugInit1_ex86ketdypna09umiysf1fmnv$_run_closure1$_closure2: loaded 2 times (x 139B)
Class org.gradle.api.internal.DefaultClassPathRegistry                                : loaded 2 times (x 76B)
Class org.gradle.api.internal.ClassPathRegistry                                       : loaded 2 times (x 70B)
Class org.gradle.internal.classpath.DefaultClassPath$ImmutableUniqueList              : loaded 2 times (x 199B)
Class org.gradle.internal.classloader.FilteringClassLoader                            : loaded 2 times (x 105B)
Class Settings_gradle$1                                                               : loaded 2 times (x 74B)
Class org.gradle.internal.classpath.ClassPath                                         : loaded 2 times (x 70B)
Class ijKotlinCoroutineJvmDebugInit1_ex86ketdypna09umiysf1fmnv$_run_closure1          : loaded 2 times (x 139B)
Class org.gradle.api.internal.classpath.ModuleRegistry                                : loaded 2 times (x 70B)
Class org.gradle.internal.installation.GradleInstallation$1                           : loaded 2 times (x 75B)
Class ijJvmDebugger1_40imlknda7vxai7ycfw1as9r3$_run_closure1$_closure2                : loaded 2 times (x 140B)
Class org.gradle.api.internal.classpath.DefaultModuleRegistry                         : loaded 2 times (x 86B)
Class org.gradle.internal.service.ServiceLookupException                              : loaded 2 times (x 82B)
Class org.gradle.internal.classloader.ClassLoaderFactory                              : loaded 2 times (x 70B)
Class org.gradle.internal.service.CachingServiceLocator                               : loaded 2 times (x 82B)
Class org.gradle.internal.classloader.ClasspathUtil                                   : loaded 2 times (x 71B)
Class org.gradle.api.specs.Spec                                                       : loaded 2 times (x 70B)
Class org.gradle.internal.classloader.VisitableURLClassLoader$InstrumentingVisitableURLClassLoader: loaded 2 times (x 123B)
Class org.gradle.internal.classloader.VisitableURLClassLoader$Spec                    : loaded 2 times (x 74B)
Class org.gradle.internal.classpath.DefaultClassPath                                  : loaded 2 times (x 90B)
Class org.gradle.internal.classloader.ClassLoaderSpec                                 : loaded 2 times (x 71B)
Class Settings_gradle$1$1                                                             : loaded 2 times (x 74B)
Class org.gradle.internal.classloader.VisitableURLClassLoader                         : loaded 2 times (x 117B)
Class Settings_gradle                                                                 : loaded 2 times (x 124B)
Class org.gradle.internal.Cast                                                        : loaded 2 times (x 71B)
Class org.gradle.api.Action                                                           : loaded 2 times (x 70B)
Class org.gradle.internal.classpath.DefaultClassPath$ImmutableUniqueList$Builder      : loaded 2 times (x 75B)
Class org.gradle.api.GradleException                                                  : loaded 2 times (x 82B)
Class org.gradle.internal.IoActions                                                   : loaded 2 times (x 71B)
Class org.gradle.internal.classloader.SystemClassLoaderSpec                           : loaded 2 times (x 71B)
Class org.gradle.api.internal.classpath.GlobalCacheRootsProvider                      : loaded 2 times (x 70B)
Class org.gradle.internal.installation.CurrentGradleInstallationLocator               : loaded 2 times (x 71B)
Class org.gradle.internal.service.DefaultServiceLocator                               : loaded 2 times (x 83B)
Class org.gradle.internal.installation.CurrentGradleInstallation                      : loaded 2 times (x 73B)
Class org.gradle.util.internal.GUtil                                                  : loaded 2 times (x 71B)
Class ijJvmDebugger1_40imlknda7vxai7ycfw1as9r3                                        : loaded 2 times (x 171B)
Class org.gradle.internal.installation.GradleInstallation                             : loaded 2 times (x 75B)

---------------  S Y S T E M  ---------------

OS:
 Windows 11 , 64 bit Build 26100 (10.0.26100.8246)
OS uptime: 1 days 22:46 hours
Hyper-V role detected

CPU: total 8 (initial active 8) (8 cores per cpu, 2 threads per core) family 23 model 104 stepping 1 microcode 0x8608104, cx8, cmov, fxsr, ht, mmx, 3dnowpref, sse, sse2, sse3, ssse3, sse4a, sse4.1, sse4.2, popcnt, lzcnt, tsc, tscinvbit, avx, avx2, aes, clmul, bmi1, bmi2, adx, sha, fma, vzeroupper, clflush, clflushopt, hv, rdtscp, rdpid, f16c
Processor Information for the first 8 processors :
  Max Mhz: 2600, Current Mhz: 2600, Mhz Limit: 2600

Memory: 4k page, system-wide physical 7502M (996M free)
TotalPageFile size 17502M (AvailPageFile size 0M)
current process WorkingSet (physical memory assigned to process): 335M, peak: 335M
current process commit charge ("private bytes"): 371M, peak: 373M

vm_info: OpenJDK 64-Bit Server VM (21.0.10+-14961533-b1163.108) for windows-amd64 JRE (21.0.10+-14961533-b1163.108), built on 2026-03-02T19:58:50Z by "builder" with MS VC++ 16.10 / 16.11 (VS2019)

END.
