#
# There is insufficient memory for the Java Runtime Environment to continue.
# Native memory allocation (malloc) failed to allocate 1773568 bytes. Error detail: Chunk::new
# Possible reasons:
#   The system is out of physical RAM or swap space
#   This process is running with CompressedOops enabled, and the Java Heap may be blocking the growth of the native heap
# Possible solutions:
#   Reduce memory load on the system
#   Increase physical memory or swap space
#   Check if swap backing store is full
#   Decrease Java heap size (-Xmx/-Xms)
#   Decrease number of Java threads
#   Decrease Java thread stack sizes (-Xss)
#   Set larger code cache with -XX:ReservedCodeCacheSize=
#   JVM is running with Unscaled Compressed Oops mode in which the Java heap is
#     placed in the first 4GB address space. The Java Heap base address is the
#     maximum limit for the native heap growth. Please use -XX:HeapBaseMinAddress
#     to set the Java Heap base and to place the Java Heap above 4GB virtual address.
# This output file may be truncated or incomplete.
#
#  Out of Memory Error (arena.cpp:168), pid=17348, tid=22236
#
# JRE version: OpenJDK Runtime Environment (21.0.10) (build 21.0.10+-14961533-b1163.108)
# Java VM: OpenJDK 64-Bit Server VM (21.0.10+-14961533-b1163.108, mixed mode, tiered, compressed oops, compressed class ptrs, g1 gc, windows-amd64)
# No core dump will be written. Minidumps are not enabled by default on client versions of Windows
#

---------------  S U M M A R Y ------------

Command Line: --add-opens=java.base/java.lang=ALL-UNNAMED --add-opens=java.base/java.lang.invoke=ALL-UNNAMED --add-opens=java.base/java.util=ALL-UNNAMED --add-opens=java.prefs/java.util.prefs=ALL-UNNAMED --add-exports=jdk.compiler/com.sun.tools.javac.api=ALL-UNNAMED --add-exports=jdk.compiler/com.sun.tools.javac.util=ALL-UNNAMED --add-opens=java.base/java.util=ALL-UNNAMED --add-opens=java.prefs/java.util.prefs=ALL-UNNAMED --add-opens=java.base/java.nio.charset=ALL-UNNAMED --add-opens=java.base/java.net=ALL-UNNAMED --add-opens=java.base/java.util.concurrent=ALL-UNNAMED --add-opens=java.base/java.util.concurrent.atomic=ALL-UNNAMED --add-opens=java.xml/javax.xml.namespace=ALL-UNNAMED --add-opens=java.base/java.time=ALL-UNNAMED -Xmx2048m -Dfile.encoding=UTF-8 -Duser.country=IN -Duser.language=en -Duser.variant -javaagent:C:\Users\Sipon\.gradle\wrapper\dists\gradle-9.3.1-bin\23ovyewtku6u96viwx3xl3oks\gradle-9.3.1\lib\agents\gradle-instrumentation-agent-9.3.1.jar org.gradle.launcher.daemon.bootstrap.GradleDaemon 9.3.1

Host: AMD Ryzen 3 5300U with Radeon Graphics         , 8 cores, 7G,  Windows 11 , 64 bit Build 26100 (10.0.26100.8246)
Time: Sat May  2 12:04:25 2026 India Standard Time elapsed time: 6.307714 seconds (0d 0h 0m 6s)

---------------  T H R E A D  ---------------

Current thread (0x00000208843c8ba0):  JavaThread "C2 CompilerThread1" daemon [_thread_in_native, id=22236, stack(0x0000001412500000,0x0000001412600000) (1024K)]


Current CompileTask:
C2:6307 4064   !   4       java.net.URLClassLoader$1::run (81 bytes)

Stack: [0x0000001412500000,0x0000001412600000]
Native frames: (J=compiled Java code, j=interpreted, Vv=VM code, C=native code)
V  [jvm.dll+0x6d78a9]
V  [jvm.dll+0x8665b3]
V  [jvm.dll+0x868bde]
V  [jvm.dll+0x8692c3]
V  [jvm.dll+0x280ee6]
V  [jvm.dll+0xc07cd]
V  [jvm.dll+0xc0d03]
V  [jvm.dll+0x3ba0cb]
V  [jvm.dll+0x1e0052]
V  [jvm.dll+0x249d24]
V  [jvm.dll+0x2491a1]
V  [jvm.dll+0x1c76e4]
V  [jvm.dll+0x25891e]
V  [jvm.dll+0x256e66]
V  [jvm.dll+0x3f513e]
V  [jvm.dll+0x80fd28]
V  [jvm.dll+0x6d60fd]
C  [ucrtbase.dll+0x37b0]
C  [KERNEL32.DLL+0x2e8d7]
C  [ntdll.dll+0x8c3fc]


---------------  P R O C E S S  ---------------

Threads class SMR info:
_java_thread_list=0x0000020888788d90, length=36, elements={
0x00000208e3d500b0, 0x0000020884038880, 0x0000020884072950, 0x00000208840733b0,
0x0000020884088240, 0x0000020884088ca0, 0x0000020884089700, 0x000002088409ad80,
0x000002088409cec0, 0x00000208840a5970, 0x00000208843c3d60, 0x00000208843c8ba0,
0x0000020885a951c0, 0x000002088588a000, 0x0000020886231350, 0x00000208872b36e0,
0x00000208872ff650, 0x000002088713d890, 0x000002088713df20, 0x000002088713c4e0,
0x000002088713cb70, 0x000002088713d200, 0x000002088713e5b0, 0x000002088713ec40,
0x000002088713f2d0, 0x00000208887b5e30, 0x00000208887b5110, 0x00000208887b36d0,
0x00000208887b4a80, 0x00000208887b29b0, 0x00000208887b57a0, 0x00000208887b64c0,
0x00000208887b3040, 0x00000208887b92b0, 0x00000208887b8590, 0x00000208887b8c20
}

Java Threads: ( => current thread )
  0x00000208e3d500b0 JavaThread "main"                              [_thread_blocked, id=16512, stack(0x0000001411300000,0x0000001411400000) (1024K)]
  0x0000020884038880 JavaThread "Common-Cleaner"             daemon [_thread_blocked, id=23920, stack(0x0000001411b00000,0x0000001411c00000) (1024K)]
  0x0000020884072950 JavaThread "Reference Handler"          daemon [_thread_blocked, id=19716, stack(0x0000001411c00000,0x0000001411d00000) (1024K)]
  0x00000208840733b0 JavaThread "Finalizer"                  daemon [_thread_blocked, id=16616, stack(0x0000001411d00000,0x0000001411e00000) (1024K)]
  0x0000020884088240 JavaThread "Signal Dispatcher"          daemon [_thread_blocked, id=23816, stack(0x0000001411e00000,0x0000001411f00000) (1024K)]
  0x0000020884088ca0 JavaThread "Attach Listener"            daemon [_thread_blocked, id=20816, stack(0x0000001411f00000,0x0000001412000000) (1024K)]
  0x0000020884089700 JavaThread "Service Thread"             daemon [_thread_blocked, id=16656, stack(0x0000001412000000,0x0000001412100000) (1024K)]
  0x000002088409ad80 JavaThread "Monitor Deflation Thread"   daemon [_thread_blocked, id=19220, stack(0x0000001412100000,0x0000001412200000) (1024K)]
  0x000002088409cec0 JavaThread "C2 CompilerThread0"         daemon [_thread_blocked, id=10056, stack(0x0000001412200000,0x0000001412300000) (1024K)]
  0x00000208840a5970 JavaThread "C1 CompilerThread0"         daemon [_thread_blocked, id=13044, stack(0x0000001412300000,0x0000001412400000) (1024K)]
  0x00000208843c3d60 JavaThread "Notification Thread"        daemon [_thread_blocked, id=4236, stack(0x0000001412400000,0x0000001412500000) (1024K)]
=>0x00000208843c8ba0 JavaThread "C2 CompilerThread1"         daemon [_thread_in_native, id=22236, stack(0x0000001412500000,0x0000001412600000) (1024K)]
  0x0000020885a951c0 JavaThread "Daemon health stats"               [_thread_blocked, id=3824, stack(0x0000001412800000,0x0000001412900000) (1024K)]
  0x000002088588a000 JavaThread "Incoming local TCP Connector on port 65452"        [_thread_in_native, id=1984, stack(0x0000001412e00000,0x0000001412f00000) (1024K)]
  0x0000020886231350 JavaThread "Daemon periodic checks"            [_thread_blocked, id=6236, stack(0x0000001412f00000,0x0000001413000000) (1024K)]
  0x00000208872b36e0 JavaThread "Daemon"                            [_thread_blocked, id=11064, stack(0x0000001413000000,0x0000001413100000) (1024K)]
  0x00000208872ff650 JavaThread "Handler for socket connection from /127.0.0.1:65452 to /127.0.0.1:65453"        [_thread_in_native, id=11820, stack(0x0000001413100000,0x0000001413200000) (1024K)]
  0x000002088713d890 JavaThread "Cancel handler"                    [_thread_blocked, id=18608, stack(0x0000001413200000,0x0000001413300000) (1024K)]
  0x000002088713df20 JavaThread "Daemon worker"                     [_thread_in_vm, id=13552, stack(0x0000001413300000,0x0000001413400000) (1024K)]
  0x000002088713c4e0 JavaThread "Asynchronous log dispatcher for DefaultDaemonConnection: socket connection from /127.0.0.1:65452 to /127.0.0.1:65453"        [_thread_blocked, id=18552, stack(0x0000001413500000,0x0000001413600000) (1024K)]
  0x000002088713cb70 JavaThread "Stdin handler"                     [_thread_blocked, id=4460, stack(0x0000001413600000,0x0000001413700000) (1024K)]
  0x000002088713d200 JavaThread "Daemon client event forwarder"        [_thread_blocked, id=1748, stack(0x0000001413700000,0x0000001413800000) (1024K)]
  0x000002088713e5b0 JavaThread "Cache worker for journal cache (C:\Users\Sipon\.gradle\caches\journal-1)"        [_thread_blocked, id=16920, stack(0x0000001413800000,0x0000001413900000) (1024K)]
  0x000002088713ec40 JavaThread "File lock request listener"        [_thread_in_native, id=18272, stack(0x0000001413900000,0x0000001413a00000) (1024K)]
  0x000002088713f2d0 JavaThread "Cache worker for file hash cache (C:\Users\Sipon\.gradle\caches\9.3.1\fileHashes)"        [_thread_blocked, id=21072, stack(0x0000001413a00000,0x0000001413b00000) (1024K)]
  0x00000208887b5e30 JavaThread "Cache worker for file hash cache (C:\Final_Project\Library\.gradle\9.3.1\fileHashes)"        [_thread_blocked, id=23240, stack(0x0000001413b00000,0x0000001413c00000) (1024K)]
  0x00000208887b5110 JavaThread "Cache worker for Build Output Cleanup Cache (C:\Final_Project\Library\.gradle\buildOutputCleanup)"        [_thread_blocked, id=16648, stack(0x0000001413c00000,0x0000001413d00000) (1024K)]
  0x00000208887b36d0 JavaThread "File watcher server"        daemon [_thread_in_native, id=23236, stack(0x0000001413d00000,0x0000001413e00000) (1024K)]
  0x00000208887b4a80 JavaThread "File watcher consumer"      daemon [_thread_blocked, id=5484, stack(0x0000001413e00000,0x0000001413f00000) (1024K)]
  0x00000208887b29b0 JavaThread "Cache worker for checksums cache (C:\Final_Project\Library\.gradle\9.3.1\checksums)"        [_thread_blocked, id=7288, stack(0x0000001413f00000,0x0000001414000000) (1024K)]
  0x00000208887b57a0 JavaThread "Cache worker for file content cache (C:\Users\Sipon\.gradle\caches\9.3.1\fileContent)"        [_thread_blocked, id=16976, stack(0x0000001414000000,0x0000001414100000) (1024K)]
  0x00000208887b64c0 JavaThread "Cache worker for cache directory md-supplier (C:\Users\Sipon\.gradle\caches\9.3.1\md-supplier)"        [_thread_blocked, id=23312, stack(0x0000001414100000,0x0000001414200000) (1024K)]
  0x00000208887b3040 JavaThread "Cache worker for cache directory md-rule (C:\Users\Sipon\.gradle\caches\9.3.1\md-rule)"        [_thread_blocked, id=20908, stack(0x0000001414200000,0x0000001414300000) (1024K)]
  0x00000208887b92b0 JavaThread "jar transforms"                    [_thread_blocked, id=4292, stack(0x0000001414300000,0x0000001414400000) (1024K)]
  0x00000208887b8590 JavaThread "jar transforms Thread 2"           [_thread_blocked, id=21252, stack(0x0000001414400000,0x0000001414500000) (1024K)]
  0x00000208887b8c20 JavaThread "jar transforms Thread 3"           [_thread_blocked, id=5912, stack(0x0000001414500000,0x0000001414600000) (1024K)]
Total: 36

Other Threads:
  0x0000020884008070 VMThread "VM Thread"                           [id=15048, stack(0x0000001411a00000,0x0000001411b00000) (1024K)]
  0x00000208fb3e6910 WatcherThread "VM Periodic Task Thread"        [id=18828, stack(0x0000001411900000,0x0000001411a00000) (1024K)]
  0x00000208e19ae040 WorkerThread "GC Thread#0"                     [id=13504, stack(0x0000001411400000,0x0000001411500000) (1024K)]
  0x0000020884a55ac0 WorkerThread "GC Thread#1"                     [id=18844, stack(0x0000001412600000,0x0000001412700000) (1024K)]
  0x00000208846e34b0 WorkerThread "GC Thread#2"                     [id=9348, stack(0x0000001412700000,0x0000001412800000) (1024K)]
  0x0000020884cb1180 WorkerThread "GC Thread#3"                     [id=23424, stack(0x0000001412900000,0x0000001412a00000) (1024K)]
  0x00000208851bfa10 WorkerThread "GC Thread#4"                     [id=22440, stack(0x0000001412a00000,0x0000001412b00000) (1024K)]
  0x000002088673bb50 WorkerThread "GC Thread#5"                     [id=16188, stack(0x0000001412b00000,0x0000001412c00000) (1024K)]
  0x000002088673bf00 WorkerThread "GC Thread#6"                     [id=21176, stack(0x0000001412c00000,0x0000001412d00000) (1024K)]
  0x000002088673c2b0 WorkerThread "GC Thread#7"                     [id=11160, stack(0x0000001412d00000,0x0000001412e00000) (1024K)]
  0x00000208e3db65d0 ConcurrentGCThread "G1 Main Marker"            [id=12996, stack(0x0000001411500000,0x0000001411600000) (1024K)]
  0x00000208e3db8640 WorkerThread "G1 Conc#0"                       [id=16152, stack(0x0000001411600000,0x0000001411700000) (1024K)]
  0x00000208872dc190 WorkerThread "G1 Conc#1"                       [id=19928, stack(0x0000001413400000,0x0000001413500000) (1024K)]
  0x00000208e3e0e240 ConcurrentGCThread "G1 Refine#0"               [id=20704, stack(0x0000001411700000,0x0000001411800000) (1024K)]
  0x00000208fb2b8520 ConcurrentGCThread "G1 Service"                [id=24320, stack(0x0000001411800000,0x0000001411900000) (1024K)]
Total: 15

Threads with active compile tasks:
C2 CompilerThread1  6449 4064   !   4       java.net.URLClassLoader$1::run (81 bytes)
Total: 1

VM state: not at safepoint (normal execution)

VM Mutex/Monitor currently owned by a thread: None

Heap address: 0x0000000080000000, size: 2048 MB, Compressed Oops mode: 32-bit

CDS archive(s) not mapped
Compressed class space mapped at: 0x0000000100000000-0x0000000140000000, reserved size: 1073741824
Narrow klass base: 0x0000000000000000, Narrow klass shift: 3, Narrow klass range: 0x140000000

GC Precious Log:
 CardTable entry size: 512
 Card Set container configuration: InlinePtr #cards 5 size 8 Array Of Cards #cards 12 size 40 Howl #buckets 4 coarsen threshold 1843 Howl Bitmap #cards 512 size 80 coarsen threshold 460 Card regions per heap region 1 cards per card region 2048
 CPUs: 8 total, 8 available
 Memory: 7502M
 Large Page Support: Disabled
 NUMA Support: Disabled
 Compressed Oops: Enabled (32-bit)
 Heap Region Size: 1M
 Heap Min Capacity: 8M
 Heap Initial Capacity: 118M
 Heap Max Capacity: 2G
 Pre-touch: Disabled
 Parallel Workers: 8
 Concurrent Workers: 2
 Concurrent Refinement Workers: 8
 Periodic GC: Disabled

Heap:
 garbage-first heap   total 91136K, used 47388K [0x0000000080000000, 0x0000000100000000)
  region size 1024K, 22 young (22528K), 7 survivors (7168K)
 Metaspace       used 51599K, committed 53056K, reserved 1114112K
  class space    used 7182K, committed 7872K, reserved 1048576K

Heap Regions: E=young(eden), S=young(survivor), O=old, HS=humongous(starts), HC=humongous(continues), CS=collection set, F=free, TAMS=top-at-mark-start, PB=parsable bottom
|   0|0x0000000080000000, 0x0000000080100000, 0x0000000080100000|100%|HS|  |TAMS 0x0000000080000000| PB 0x0000000080000000| Complete 
|   1|0x0000000080100000, 0x0000000080200000, 0x0000000080200000|100%|HC|  |TAMS 0x0000000080100000| PB 0x0000000080100000| Complete 
|   2|0x0000000080200000, 0x0000000080300000, 0x0000000080300000|100%|HC|  |TAMS 0x0000000080200000| PB 0x0000000080200000| Complete 
|   3|0x0000000080300000, 0x0000000080400000, 0x0000000080400000|100%|HC|  |TAMS 0x0000000080300000| PB 0x0000000080300000| Complete 
|   4|0x0000000080400000, 0x0000000080500000, 0x0000000080500000|100%| O|  |TAMS 0x0000000080400000| PB 0x0000000080400000| Untracked 
|   5|0x0000000080500000, 0x0000000080600000, 0x0000000080600000|100%| O|  |TAMS 0x0000000080500000| PB 0x0000000080500000| Untracked 
|   6|0x0000000080600000, 0x0000000080700000, 0x0000000080700000|100%| O|  |TAMS 0x0000000080600000| PB 0x0000000080600000| Untracked 
|   7|0x0000000080700000, 0x0000000080800000, 0x0000000080800000|100%|HS|  |TAMS 0x0000000080700000| PB 0x0000000080700000| Complete 
|   8|0x0000000080800000, 0x0000000080900000, 0x0000000080900000|100%| O|  |TAMS 0x0000000080800000| PB 0x0000000080800000| Untracked 
|   9|0x0000000080900000, 0x0000000080a00000, 0x0000000080a00000|100%| O|  |TAMS 0x0000000080900000| PB 0x0000000080900000| Untracked 
|  10|0x0000000080a00000, 0x0000000080b00000, 0x0000000080b00000|100%| O|  |TAMS 0x0000000080a00000| PB 0x0000000080a00000| Untracked 
|  11|0x0000000080b00000, 0x0000000080c00000, 0x0000000080c00000|100%| O|  |TAMS 0x0000000080b00000| PB 0x0000000080b00000| Untracked 
|  12|0x0000000080c00000, 0x0000000080d00000, 0x0000000080d00000|100%| O|  |TAMS 0x0000000080c00000| PB 0x0000000080c00000| Untracked 
|  13|0x0000000080d00000, 0x0000000080e00000, 0x0000000080e00000|100%| O|  |TAMS 0x0000000080d00000| PB 0x0000000080d00000| Untracked 
|  14|0x0000000080e00000, 0x0000000080f00000, 0x0000000080f00000|100%| O|  |TAMS 0x0000000080e00000| PB 0x0000000080e00000| Untracked 
|  15|0x0000000080f00000, 0x0000000080f00000, 0x0000000081000000|  0%| F|  |TAMS 0x0000000080f00000| PB 0x0000000080f00000| Untracked 
|  16|0x0000000081000000, 0x0000000081100000, 0x0000000081100000|100%| O|  |TAMS 0x0000000081000000| PB 0x0000000081000000| Untracked 
|  17|0x0000000081100000, 0x0000000081200000, 0x0000000081200000|100%| O|  |TAMS 0x0000000081100000| PB 0x0000000081100000| Untracked 
|  18|0x0000000081200000, 0x0000000081300000, 0x0000000081300000|100%| O|  |TAMS 0x0000000081200000| PB 0x0000000081200000| Untracked 
|  19|0x0000000081300000, 0x0000000081400000, 0x0000000081400000|100%| O|  |TAMS 0x0000000081300000| PB 0x0000000081300000| Untracked 
|  20|0x0000000081400000, 0x0000000081500000, 0x0000000081500000|100%| O|  |TAMS 0x0000000081400000| PB 0x0000000081400000| Untracked 
|  21|0x0000000081500000, 0x0000000081600000, 0x0000000081600000|100%| O|  |TAMS 0x0000000081500000| PB 0x0000000081500000| Untracked 
|  22|0x0000000081600000, 0x0000000081700000, 0x0000000081700000|100%| O|  |TAMS 0x0000000081600000| PB 0x0000000081600000| Untracked 
|  23|0x0000000081700000, 0x0000000081800000, 0x0000000081800000|100%| O|  |TAMS 0x0000000081700000| PB 0x0000000081700000| Untracked 
|  24|0x0000000081800000, 0x0000000081900000, 0x0000000081900000|100%| O|  |TAMS 0x0000000081800000| PB 0x0000000081800000| Untracked 
|  25|0x0000000081900000, 0x0000000081a00000, 0x0000000081a00000|100%| O|  |TAMS 0x0000000081900000| PB 0x0000000081900000| Untracked 
|  26|0x0000000081a00000, 0x0000000081a471b0, 0x0000000081b00000| 27%| O|  |TAMS 0x0000000081a00000| PB 0x0000000081a00000| Untracked 
|  27|0x0000000081b00000, 0x0000000081b00000, 0x0000000081c00000|  0%| F|  |TAMS 0x0000000081b00000| PB 0x0000000081b00000| Untracked 
|  28|0x0000000081c00000, 0x0000000081c00000, 0x0000000081d00000|  0%| F|  |TAMS 0x0000000081c00000| PB 0x0000000081c00000| Untracked 
|  29|0x0000000081d00000, 0x0000000081e00000, 0x0000000081e00000|100%| S|CS|TAMS 0x0000000081d00000| PB 0x0000000081d00000| Complete 
|  30|0x0000000081e00000, 0x0000000081e00000, 0x0000000081f00000|  0%| F|  |TAMS 0x0000000081e00000| PB 0x0000000081e00000| Untracked 
|  31|0x0000000081f00000, 0x0000000081f00000, 0x0000000082000000|  0%| F|  |TAMS 0x0000000081f00000| PB 0x0000000081f00000| Untracked 
|  32|0x0000000082000000, 0x0000000082000000, 0x0000000082100000|  0%| F|  |TAMS 0x0000000082000000| PB 0x0000000082000000| Untracked 
|  33|0x0000000082100000, 0x0000000082100000, 0x0000000082200000|  0%| F|  |TAMS 0x0000000082100000| PB 0x0000000082100000| Untracked 
|  34|0x0000000082200000, 0x0000000082200000, 0x0000000082300000|  0%| F|  |TAMS 0x0000000082200000| PB 0x0000000082200000| Untracked 
|  35|0x0000000082300000, 0x0000000082300000, 0x0000000082400000|  0%| F|  |TAMS 0x0000000082300000| PB 0x0000000082300000| Untracked 
|  36|0x0000000082400000, 0x0000000082500000, 0x0000000082500000|100%| S|CS|TAMS 0x0000000082400000| PB 0x0000000082400000| Complete 
|  37|0x0000000082500000, 0x0000000082600000, 0x0000000082600000|100%| S|CS|TAMS 0x0000000082500000| PB 0x0000000082500000| Complete 
|  38|0x0000000082600000, 0x0000000082700000, 0x0000000082700000|100%| S|CS|TAMS 0x0000000082600000| PB 0x0000000082600000| Complete 
|  39|0x0000000082700000, 0x0000000082800000, 0x0000000082800000|100%| S|CS|TAMS 0x0000000082700000| PB 0x0000000082700000| Complete 
|  40|0x0000000082800000, 0x0000000082900000, 0x0000000082900000|100%| S|CS|TAMS 0x0000000082800000| PB 0x0000000082800000| Complete 
|  41|0x0000000082900000, 0x0000000082a00000, 0x0000000082a00000|100%| S|CS|TAMS 0x0000000082900000| PB 0x0000000082900000| Complete 
|  42|0x0000000082a00000, 0x0000000082a00000, 0x0000000082b00000|  0%| F|  |TAMS 0x0000000082a00000| PB 0x0000000082a00000| Untracked 
|  43|0x0000000082b00000, 0x0000000082b00000, 0x0000000082c00000|  0%| F|  |TAMS 0x0000000082b00000| PB 0x0000000082b00000| Untracked 
|  44|0x0000000082c00000, 0x0000000082c00000, 0x0000000082d00000|  0%| F|  |TAMS 0x0000000082c00000| PB 0x0000000082c00000| Untracked 
|  45|0x0000000082d00000, 0x0000000082d00000, 0x0000000082e00000|  0%| F|  |TAMS 0x0000000082d00000| PB 0x0000000082d00000| Untracked 
|  46|0x0000000082e00000, 0x0000000082e00000, 0x0000000082f00000|  0%| F|  |TAMS 0x0000000082e00000| PB 0x0000000082e00000| Untracked 
|  47|0x0000000082f00000, 0x0000000082f00000, 0x0000000083000000|  0%| F|  |TAMS 0x0000000082f00000| PB 0x0000000082f00000| Untracked 
|  48|0x0000000083000000, 0x0000000083000000, 0x0000000083100000|  0%| F|  |TAMS 0x0000000083000000| PB 0x0000000083000000| Untracked 
|  49|0x0000000083100000, 0x0000000083100000, 0x0000000083200000|  0%| F|  |TAMS 0x0000000083100000| PB 0x0000000083100000| Untracked 
|  50|0x0000000083200000, 0x0000000083200000, 0x0000000083300000|  0%| F|  |TAMS 0x0000000083200000| PB 0x0000000083200000| Untracked 
|  51|0x0000000083300000, 0x0000000083300000, 0x0000000083400000|  0%| F|  |TAMS 0x0000000083300000| PB 0x0000000083300000| Untracked 
|  52|0x0000000083400000, 0x0000000083400000, 0x0000000083500000|  0%| F|  |TAMS 0x0000000083400000| PB 0x0000000083400000| Untracked 
|  53|0x0000000083500000, 0x0000000083500000, 0x0000000083600000|  0%| F|  |TAMS 0x0000000083500000| PB 0x0000000083500000| Untracked 
|  54|0x0000000083600000, 0x0000000083600000, 0x0000000083700000|  0%| F|  |TAMS 0x0000000083600000| PB 0x0000000083600000| Untracked 
|  55|0x0000000083700000, 0x0000000083700000, 0x0000000083800000|  0%| F|  |TAMS 0x0000000083700000| PB 0x0000000083700000| Untracked 
|  56|0x0000000083800000, 0x0000000083800000, 0x0000000083900000|  0%| F|  |TAMS 0x0000000083800000| PB 0x0000000083800000| Untracked 
|  57|0x0000000083900000, 0x0000000083900000, 0x0000000083a00000|  0%| F|  |TAMS 0x0000000083900000| PB 0x0000000083900000| Untracked 
|  58|0x0000000083a00000, 0x0000000083a00000, 0x0000000083b00000|  0%| F|  |TAMS 0x0000000083a00000| PB 0x0000000083a00000| Untracked 
|  59|0x0000000083b00000, 0x0000000083b00000, 0x0000000083c00000|  0%| F|  |TAMS 0x0000000083b00000| PB 0x0000000083b00000| Untracked 
|  60|0x0000000083c00000, 0x0000000083c00000, 0x0000000083d00000|  0%| F|  |TAMS 0x0000000083c00000| PB 0x0000000083c00000| Untracked 
|  61|0x0000000083d00000, 0x0000000083d00000, 0x0000000083e00000|  0%| F|  |TAMS 0x0000000083d00000| PB 0x0000000083d00000| Untracked 
|  62|0x0000000083e00000, 0x0000000083e00000, 0x0000000083f00000|  0%| F|  |TAMS 0x0000000083e00000| PB 0x0000000083e00000| Untracked 
|  63|0x0000000083f00000, 0x0000000083f00000, 0x0000000084000000|  0%| F|  |TAMS 0x0000000083f00000| PB 0x0000000083f00000| Untracked 
|  64|0x0000000084000000, 0x0000000084000000, 0x0000000084100000|  0%| F|  |TAMS 0x0000000084000000| PB 0x0000000084000000| Untracked 
|  65|0x0000000084100000, 0x0000000084100000, 0x0000000084200000|  0%| F|  |TAMS 0x0000000084100000| PB 0x0000000084100000| Untracked 
|  66|0x0000000084200000, 0x0000000084200000, 0x0000000084300000|  0%| F|  |TAMS 0x0000000084200000| PB 0x0000000084200000| Untracked 
|  67|0x0000000084300000, 0x0000000084300000, 0x0000000084400000|  0%| F|  |TAMS 0x0000000084300000| PB 0x0000000084300000| Untracked 
|  68|0x0000000084400000, 0x0000000084400000, 0x0000000084500000|  0%| F|  |TAMS 0x0000000084400000| PB 0x0000000084400000| Untracked 
|  69|0x0000000084500000, 0x0000000084500000, 0x0000000084600000|  0%| F|  |TAMS 0x0000000084500000| PB 0x0000000084500000| Untracked 
|  70|0x0000000084600000, 0x0000000084600000, 0x0000000084700000|  0%| F|  |TAMS 0x0000000084600000| PB 0x0000000084600000| Untracked 
|  71|0x0000000084700000, 0x0000000084700000, 0x0000000084800000|  0%| F|  |TAMS 0x0000000084700000| PB 0x0000000084700000| Untracked 
|  72|0x0000000084800000, 0x0000000084800000, 0x0000000084900000|  0%| F|  |TAMS 0x0000000084800000| PB 0x0000000084800000| Untracked 
|  73|0x0000000084900000, 0x0000000084900000, 0x0000000084a00000|  0%| F|  |TAMS 0x0000000084900000| PB 0x0000000084900000| Untracked 
|  74|0x0000000084a00000, 0x0000000084b00000, 0x0000000084b00000|100%| E|  |TAMS 0x0000000084a00000| PB 0x0000000084a00000| Complete 
|  75|0x0000000084b00000, 0x0000000084c00000, 0x0000000084c00000|100%| E|CS|TAMS 0x0000000084b00000| PB 0x0000000084b00000| Complete 
|  76|0x0000000084c00000, 0x0000000084d00000, 0x0000000084d00000|100%| E|CS|TAMS 0x0000000084c00000| PB 0x0000000084c00000| Complete 
|  77|0x0000000084d00000, 0x0000000084e00000, 0x0000000084e00000|100%| E|CS|TAMS 0x0000000084d00000| PB 0x0000000084d00000| Complete 
|  78|0x0000000084e00000, 0x0000000084f00000, 0x0000000084f00000|100%| E|CS|TAMS 0x0000000084e00000| PB 0x0000000084e00000| Complete 
|  79|0x0000000084f00000, 0x0000000085000000, 0x0000000085000000|100%| E|CS|TAMS 0x0000000084f00000| PB 0x0000000084f00000| Complete 
|  80|0x0000000085000000, 0x0000000085100000, 0x0000000085100000|100%| E|CS|TAMS 0x0000000085000000| PB 0x0000000085000000| Complete 
|  81|0x0000000085100000, 0x0000000085200000, 0x0000000085200000|100%| E|CS|TAMS 0x0000000085100000| PB 0x0000000085100000| Complete 
|  82|0x0000000085200000, 0x0000000085300000, 0x0000000085300000|100%| E|CS|TAMS 0x0000000085200000| PB 0x0000000085200000| Complete 
|  83|0x0000000085300000, 0x0000000085400000, 0x0000000085400000|100%| E|CS|TAMS 0x0000000085300000| PB 0x0000000085300000| Complete 
|  84|0x0000000085400000, 0x0000000085500000, 0x0000000085500000|100%| E|CS|TAMS 0x0000000085400000| PB 0x0000000085400000| Complete 
|  97|0x0000000086100000, 0x0000000086200000, 0x0000000086200000|100%| E|CS|TAMS 0x0000000086100000| PB 0x0000000086100000| Complete 
|  98|0x0000000086200000, 0x0000000086300000, 0x0000000086300000|100%| E|CS|TAMS 0x0000000086200000| PB 0x0000000086200000| Complete 
|  99|0x0000000086300000, 0x0000000086400000, 0x0000000086400000|100%| E|CS|TAMS 0x0000000086300000| PB 0x0000000086300000| Complete 
| 117|0x0000000087500000, 0x0000000087600000, 0x0000000087600000|100%| E|CS|TAMS 0x0000000087500000| PB 0x0000000087500000| Complete 

Card table byte_map: [0x00000208f65e0000,0x00000208f69e0000] _byte_map_base: 0x00000208f61e0000

Marking Bits: (CMBitMap*) 0x00000208e19ae660
 Bits: [0x00000208f69e0000, 0x00000208f89e0000)

Polling page: 0x00000208e1b30000

Metaspace:

Usage:
  Non-class:     43.38 MB used.
      Class:      7.02 MB used.
       Both:     50.40 MB used.

Virtual space:
  Non-class space:       64.00 MB reserved,      44.12 MB ( 69%) committed,  1 nodes.
      Class space:        1.00 GB reserved,       7.69 MB ( <1%) committed,  1 nodes.
             Both:        1.06 GB reserved,      51.81 MB (  5%) committed. 

Chunk freelists:
   Non-Class:  3.45 MB
       Class:  8.28 MB
        Both:  11.73 MB

MaxMetaspaceSize: unlimited
CompressedClassSpaceSize: 1.00 GB
Initial GC threshold: 21.00 MB
Current GC threshold: 59.31 MB
CDS: off
 - commit_granule_bytes: 65536.
 - commit_granule_words: 8192.
 - virtual_space_node_default_size: 8388608.
 - enlarge_chunks_in_place: 1.
 - use_allocation_guard: 0.


Internal statistics:

num_allocs_failed_limit: 9.
num_arena_births: 2734.
num_arena_deaths: 0.
num_vsnodes_births: 2.
num_vsnodes_deaths: 0.
num_space_committed: 829.
num_space_uncommitted: 0.
num_chunks_returned_to_freelist: 9.
num_chunks_taken_from_freelist: 4755.
num_chunk_merges: 6.
num_chunk_splits: 3077.
num_chunks_enlarged: 1876.
num_inconsistent_stats: 0.

CodeHeap 'non-profiled nmethods': size=120000Kb used=2745Kb max_used=2745Kb free=117254Kb
 bounds [0x00000208ee980000, 0x00000208eec30000, 0x00000208f5eb0000]
CodeHeap 'profiled nmethods': size=120000Kb used=8004Kb max_used=8004Kb free=111995Kb
 bounds [0x00000208e6eb0000, 0x00000208e7690000, 0x00000208ee3e0000]
CodeHeap 'non-nmethods': size=5760Kb used=1820Kb max_used=1866Kb free=3939Kb
 bounds [0x00000208ee3e0000, 0x00000208ee650000, 0x00000208ee980000]
CodeCache: size=245760Kb, used=12569Kb, max_used=12615Kb, free=233188Kb
 total_blobs=4910, nmethods=4196, adapters=618, full_count=0
Compilation: enabled, stopped_count=0, restarted_count=0

Compilation events (20 events):
Event: 6.076 Thread 0x00000208840a5970 nmethod 4636 0x00000208e7666810 code [0x00000208e76669c0, 0x00000208e7666c28]
Event: 6.079 Thread 0x00000208840a5970 4638       3       org.objectweb.asm.Type::hashCode (68 bytes)
Event: 6.080 Thread 0x00000208840a5970 nmethod 4638 0x00000208e7666d10 code [0x00000208e7666f20, 0x00000208e7667610]
Event: 6.080 Thread 0x00000208840a5970 4639       3       org.objectweb.asm.MethodVisitor::visitTypeInsn (17 bytes)
Event: 6.080 Thread 0x00000208840a5970 nmethod 4639 0x00000208e7667910 code [0x00000208e7667ac0, 0x00000208e7667cc0]
Event: 6.080 Thread 0x00000208840a5970 4640       3       org.objectweb.asm.MethodWriter::visitTypeInsn (116 bytes)
Event: 6.080 Thread 0x00000208840a5970 nmethod 4640 0x00000208e7667d90 code [0x00000208e7667f80, 0x00000208e76683d0]
Event: 6.082 Thread 0x00000208840a5970 4641       3       java.lang.invoke.MethodHandleImpl::makeIntrinsic (14 bytes)
Event: 6.082 Thread 0x00000208840a5970 nmethod 4641 0x00000208e7668610 code [0x00000208e7668820, 0x00000208e7668ee0]
Event: 6.082 Thread 0x00000208840a5970 4642       3       java.lang.invoke.MethodHandleImpl$IntrinsicMethodHandle::<init> (8 bytes)
Event: 6.083 Thread 0x00000208840a5970 nmethod 4642 0x00000208e7669190 code [0x00000208e7669380, 0x00000208e76699b0]
Event: 6.083 Thread 0x00000208840a5970 4643       3       java.lang.invoke.SimpleMethodHandle::speciesData (4 bytes)
Event: 6.083 Thread 0x00000208840a5970 nmethod 4643 0x00000208e7669b90 code [0x00000208e7669d20, 0x00000208e7669e38]
Event: 6.085 Thread 0x000002088409cec0 nmethod 4619 0x00000208eec1c790 code [0x00000208eec1cac0, 0x00000208eec1e410]
Event: 6.085 Thread 0x000002088409cec0 4632       4       java.lang.String::hashCode (60 bytes)
Event: 6.086 Thread 0x000002088409cec0 nmethod 4632 0x00000208eec1f310 code [0x00000208eec1f4a0, 0x00000208eec1f5b8]
Event: 6.086 Thread 0x000002088409cec0 4637       4       java.util.HashMap::<init> (98 bytes)
Event: 6.086 Thread 0x00000208840a5970 4644       3       java.lang.invoke.MethodHandles::makeIdentity (23 bytes)
Event: 6.087 Thread 0x000002088409cec0 nmethod 4637 0x00000208eec1f690 code [0x00000208eec1f820, 0x00000208eec1f9a8]
Event: 6.087 Thread 0x000002088409cec0 4622       4       java.lang.String::indexOf (18 bytes)

GC Heap History (20 events):
Event: 0.405 GC heap before
{Heap before GC invocations=0 (full 0):
 garbage-first heap   total 120832K, used 23552K [0x0000000080000000, 0x0000000100000000)
  region size 1024K, 23 young (23552K), 0 survivors (0K)
 Metaspace       used 7888K, committed 8000K, reserved 1114112K
  class space    used 736K, committed 768K, reserved 1048576K
}
Event: 0.408 GC heap after
{Heap after GC invocations=1 (full 0):
 garbage-first heap   total 120832K, used 1280K [0x0000000080000000, 0x0000000100000000)
  region size 1024K, 2 young (2048K), 2 survivors (2048K)
 Metaspace       used 7888K, committed 8000K, reserved 1114112K
  class space    used 736K, committed 768K, reserved 1048576K
}
Event: 1.034 GC heap before
{Heap before GC invocations=1 (full 0):
 garbage-first heap   total 120832K, used 43264K [0x0000000080000000, 0x0000000100000000)
  region size 1024K, 39 young (39936K), 2 survivors (2048K)
 Metaspace       used 11861K, committed 11968K, reserved 1114112K
  class space    used 1281K, committed 1344K, reserved 1048576K
}
Event: 1.042 GC heap after
{Heap after GC invocations=2 (full 0):
 garbage-first heap   total 120832K, used 11457K [0x0000000080000000, 0x0000000100000000)
  region size 1024K, 5 young (5120K), 5 survivors (5120K)
 Metaspace       used 11861K, committed 11968K, reserved 1114112K
  class space    used 1281K, committed 1344K, reserved 1048576K
}
Event: 1.401 GC heap before
{Heap before GC invocations=2 (full 0):
 garbage-first heap   total 120832K, used 78017K [0x0000000080000000, 0x0000000100000000)
  region size 1024K, 70 young (71680K), 5 survivors (5120K)
 Metaspace       used 12829K, committed 12992K, reserved 1114112K
  class space    used 1402K, committed 1472K, reserved 1048576K
}
Event: 1.406 GC heap after
{Heap after GC invocations=3 (full 0):
 garbage-first heap   total 120832K, used 12614K [0x0000000080000000, 0x0000000100000000)
  region size 1024K, 6 young (6144K), 6 survivors (6144K)
 Metaspace       used 12829K, committed 12992K, reserved 1114112K
  class space    used 1402K, committed 1472K, reserved 1048576K
}
Event: 2.093 GC heap before
{Heap before GC invocations=3 (full 0):
 garbage-first heap   total 120832K, used 80198K [0x0000000080000000, 0x0000000100000000)
  region size 1024K, 70 young (71680K), 6 survivors (6144K)
 Metaspace       used 16342K, committed 16576K, reserved 1114112K
  class space    used 1880K, committed 1984K, reserved 1048576K
}
Event: 2.101 GC heap after
{Heap after GC invocations=4 (full 0):
 garbage-first heap   total 120832K, used 19338K [0x0000000080000000, 0x0000000100000000)
  region size 1024K, 7 young (7168K), 7 survivors (7168K)
 Metaspace       used 16342K, committed 16576K, reserved 1114112K
  class space    used 1880K, committed 1984K, reserved 1048576K
}
Event: 2.482 GC heap before
{Heap before GC invocations=4 (full 0):
 garbage-first heap   total 120832K, used 36746K [0x0000000080000000, 0x0000000100000000)
  region size 1024K, 25 young (25600K), 7 survivors (7168K)
 Metaspace       used 21179K, committed 21504K, reserved 1114112K
  class space    used 2481K, committed 2688K, reserved 1048576K
}
Event: 2.488 GC heap after
{Heap after GC invocations=5 (full 0):
 garbage-first heap   total 120832K, used 21425K [0x0000000080000000, 0x0000000100000000)
  region size 1024K, 3 young (3072K), 3 survivors (3072K)
 Metaspace       used 21179K, committed 21504K, reserved 1114112K
  class space    used 2481K, committed 2688K, reserved 1048576K
}
Event: 3.362 GC heap before
{Heap before GC invocations=6 (full 0):
 garbage-first heap   total 75776K, used 63409K [0x0000000080000000, 0x0000000100000000)
  region size 1024K, 44 young (45056K), 3 survivors (3072K)
 Metaspace       used 28324K, committed 28800K, reserved 1114112K
  class space    used 3600K, committed 3840K, reserved 1048576K
}
Event: 3.367 GC heap after
{Heap after GC invocations=7 (full 0):
 garbage-first heap   total 91136K, used 23367K [0x0000000080000000, 0x0000000100000000)
  region size 1024K, 5 young (5120K), 5 survivors (5120K)
 Metaspace       used 28324K, committed 28800K, reserved 1114112K
  class space    used 3600K, committed 3840K, reserved 1048576K
}
Event: 4.168 GC heap before
{Heap before GC invocations=7 (full 0):
 garbage-first heap   total 91136K, used 70471K [0x0000000080000000, 0x0000000100000000)
  region size 1024K, 51 young (52224K), 5 survivors (5120K)
 Metaspace       used 35303K, committed 35968K, reserved 1114112K
  class space    used 4630K, committed 4928K, reserved 1048576K
}
Event: 4.174 GC heap after
{Heap after GC invocations=8 (full 0):
 garbage-first heap   total 91136K, used 26016K [0x0000000080000000, 0x0000000100000000)
  region size 1024K, 6 young (6144K), 6 survivors (6144K)
 Metaspace       used 35303K, committed 35968K, reserved 1114112K
  class space    used 4630K, committed 4928K, reserved 1048576K
}
Event: 4.226 GC heap before
{Heap before GC invocations=8 (full 0):
 garbage-first heap   total 91136K, used 28064K [0x0000000080000000, 0x0000000100000000)
  region size 1024K, 9 young (9216K), 6 survivors (6144K)
 Metaspace       used 35585K, committed 36288K, reserved 1114112K
  class space    used 4683K, committed 5056K, reserved 1048576K
}
Event: 4.230 GC heap after
{Heap after GC invocations=9 (full 0):
 garbage-first heap   total 91136K, used 26257K [0x0000000080000000, 0x0000000100000000)
  region size 1024K, 4 young (4096K), 4 survivors (4096K)
 Metaspace       used 35585K, committed 36288K, reserved 1114112K
  class space    used 4683K, committed 5056K, reserved 1048576K
}
Event: 5.017 GC heap before
{Heap before GC invocations=10 (full 0):
 garbage-first heap   total 91136K, used 76433K [0x0000000080000000, 0x0000000100000000)
  region size 1024K, 53 young (54272K), 4 survivors (4096K)
 Metaspace       used 42102K, committed 43264K, reserved 1114112K
  class space    used 5829K, committed 6400K, reserved 1048576K
}
Event: 5.022 GC heap after
{Heap after GC invocations=11 (full 0):
 garbage-first heap   total 91136K, used 28690K [0x0000000080000000, 0x0000000100000000)
  region size 1024K, 6 young (6144K), 6 survivors (6144K)
 Metaspace       used 42102K, committed 43264K, reserved 1114112K
  class space    used 5829K, committed 6400K, reserved 1048576K
}
Event: 5.902 GC heap before
{Heap before GC invocations=11 (full 0):
 garbage-first heap   total 91136K, used 75794K [0x0000000080000000, 0x0000000100000000)
  region size 1024K, 53 young (54272K), 6 survivors (6144K)
 Metaspace       used 49640K, committed 51008K, reserved 1114112K
  class space    used 6865K, committed 7488K, reserved 1048576K
}
Event: 5.910 GC heap after
{Heap after GC invocations=12 (full 0):
 garbage-first heap   total 91136K, used 33052K [0x0000000080000000, 0x0000000100000000)
  region size 1024K, 7 young (7168K), 7 survivors (7168K)
 Metaspace       used 49640K, committed 51008K, reserved 1114112K
  class space    used 6865K, committed 7488K, reserved 1048576K
}

Dll operation events (3 events):
Event: 0.011 Loaded shared library C:\Program Files\Android\Android Studio\jbr\bin\java.dll
Event: 0.018 Loaded shared library C:\Program Files\Android\Android Studio\jbr\bin\zip.dll
Event: 0.768 Loaded shared library C:\Program Files\Android\Android Studio\jbr\bin\verify.dll

Deoptimization events (20 events):
Event: 5.971 Thread 0x000002088713df20 Uncommon trap: trap_request=0xffffff45 fr.pc=0x00000208eeadc2e8 relative=0x0000000000000a08
Event: 5.971 Thread 0x000002088713df20 Uncommon trap: reason=unstable_if action=reinterpret pc=0x00000208eeadc2e8 method=org.objectweb.asm.Frame.push(I)V @ 26 c2
Event: 5.971 Thread 0x000002088713df20 DEOPT PACKING pc=0x00000208eeadc2e8 sp=0x00000014133f6c50
Event: 5.971 Thread 0x000002088713df20 DEOPT UNPACKING pc=0x00000208ee4343a2 sp=0x00000014133f6b58 mode 2
Event: 6.002 Thread 0x000002088713df20 Uncommon trap: trap_request=0xffffff45 fr.pc=0x00000208ee9c7cfc relative=0x000000000000023c
Event: 6.002 Thread 0x000002088713df20 Uncommon trap: reason=unstable_if action=reinterpret pc=0x00000208ee9c7cfc method=java.lang.StringLatin1.hashCode([B)I @ 2 c2
Event: 6.002 Thread 0x000002088713df20 DEOPT PACKING pc=0x00000208ee9c7cfc sp=0x00000014133f60a0
Event: 6.002 Thread 0x000002088713df20 DEOPT UNPACKING pc=0x00000208ee4343a2 sp=0x00000014133f6038 mode 2
Event: 6.002 Thread 0x000002088713df20 Uncommon trap: trap_request=0xffffff45 fr.pc=0x00000208ee9c5074 relative=0x0000000000001074
Event: 6.002 Thread 0x000002088713df20 Uncommon trap: reason=unstable_if action=reinterpret pc=0x00000208ee9c5074 method=java.lang.String.hashCode()I @ 42 c2
Event: 6.002 Thread 0x000002088713df20 DEOPT PACKING pc=0x00000208ee9c5074 sp=0x00000014133f60d0
Event: 6.002 Thread 0x000002088713df20 DEOPT UNPACKING pc=0x00000208ee4343a2 sp=0x00000014133f5fe0 mode 2
Event: 6.002 Thread 0x000002088713df20 Uncommon trap: trap_request=0xffffff45 fr.pc=0x00000208ee989bd8 relative=0x00000000000000b8
Event: 6.002 Thread 0x000002088713df20 Uncommon trap: reason=unstable_if action=reinterpret pc=0x00000208ee989bd8 method=java.lang.String.hashCode()I @ 42 c2
Event: 6.002 Thread 0x000002088713df20 DEOPT PACKING pc=0x00000208ee989bd8 sp=0x00000014133f6070
Event: 6.002 Thread 0x000002088713df20 DEOPT UNPACKING pc=0x00000208ee4343a2 sp=0x00000014133f6000 mode 2
Event: 6.003 Thread 0x000002088713df20 Uncommon trap: trap_request=0xffffff3d fr.pc=0x00000208eea7a5bc relative=0x000000000000025c
Event: 6.003 Thread 0x000002088713df20 Uncommon trap: reason=unstable_fused_if action=reinterpret pc=0x00000208eea7a5bc method=org.objectweb.asm.ByteVector.putUTF8(Ljava/lang/String;)Lorg/objectweb/asm/ByteVector; @ 93 c2
Event: 6.003 Thread 0x000002088713df20 DEOPT PACKING pc=0x00000208eea7a5bc sp=0x00000014133f5fe0
Event: 6.003 Thread 0x000002088713df20 DEOPT UNPACKING pc=0x00000208ee4343a2 sp=0x00000014133f5f80 mode 2

Classes loaded (20 events):
Event: 5.816 Loading class java/lang/BooleanBeanInfo
Event: 5.816 Loading class java/lang/BooleanBeanInfo done
Event: 5.816 Loading class java/lang/BooleanCustomizer
Event: 5.816 Loading class java/lang/BooleanCustomizer done
Event: 5.816 Loading class java/lang/BooleanCustomizer
Event: 5.816 Loading class java/lang/BooleanCustomizer done
Event: 5.816 Loading class jdk/internal/ValueBased
Event: 5.816 Loading class jdk/internal/ValueBased done
Event: 5.830 Loading class sun/reflect/generics/reflectiveObjects/GenericArrayTypeImpl
Event: 5.830 Loading class sun/reflect/generics/reflectiveObjects/GenericArrayTypeImpl done
Event: 5.832 Loading class com/sun/beans/finder/MethodFinder
Event: 5.833 Loading class com/sun/beans/finder/AbstractFinder
Event: 5.833 Loading class com/sun/beans/finder/AbstractFinder done
Event: 5.833 Loading class com/sun/beans/finder/MethodFinder done
Event: 5.833 Loading class com/sun/beans/finder/MethodFinder$1
Event: 5.833 Loading class com/sun/beans/finder/MethodFinder$1 done
Event: 5.833 Loading class com/sun/beans/finder/FinderUtils
Event: 5.833 Loading class com/sun/beans/finder/FinderUtils done
Event: 5.835 Loading class java/lang/invoke/BoundMethodHandle$Species_LJ
Event: 5.835 Loading class java/lang/invoke/BoundMethodHandle$Species_LJ done

Classes unloaded (0 events):
No events

Classes redefined (0 events):
No events

Internal exceptions (20 events):
Event: 5.828 Thread 0x000002088713df20 Exception <a 'java/lang/ClassNotFoundException'{0x0000000082c372e8}: groovy/lang/ClosureBeanInfo> (0x0000000082c372e8) 
thrown [s\src\hotspot\share\classfile\systemDictionary.cpp, line 312]
Event: 5.829 Thread 0x000002088713df20 Exception <a 'java/lang/ClassNotFoundException'{0x0000000082c44a50}: groovy/lang/ClosureCustomizer> (0x0000000082c44a50) 
thrown [s\src\hotspot\share\classfile\systemDictionary.cpp, line 312]
Event: 5.832 Thread 0x000002088713df20 Exception <a 'java/lang/ClassNotFoundException'{0x0000000082c76c18}: groovy/lang/Closure$1Customizer> (0x0000000082c76c18) 
thrown [s\src\hotspot\share\classfile\systemDictionary.cpp, line 312]
Event: 5.855 Thread 0x000002088713df20 Exception <a 'sun/nio/fs/WindowsException'{0x0000000082b3abb8}> (0x0000000082b3abb8) 
thrown [s\src\hotspot\share\prims\jni.cpp, line 537]
Event: 5.880 Thread 0x000002088713df20 Exception <a 'sun/nio/fs/WindowsException'{0x0000000082a16c10}> (0x0000000082a16c10) 
thrown [s\src\hotspot\share\prims\jni.cpp, line 537]
Event: 5.880 Thread 0x000002088713df20 Exception <a 'java/lang/ClassNotFoundException'{0x0000000082a1cf88}: ijJvmDebugger1_40imlknda7vxai7ycfw1as9r3BeanInfo> (0x0000000082a1cf88) 
thrown [s\src\hotspot\share\classfile\systemDictionary.cpp, line 312]
Event: 5.880 Thread 0x000002088713df20 Exception <a 'sun/nio/fs/WindowsException'{0x0000000082a1e8e8}> (0x0000000082a1e8e8) 
thrown [s\src\hotspot\share\prims\jni.cpp, line 537]
Event: 5.881 Thread 0x000002088713df20 Exception <a 'java/lang/ClassNotFoundException'{0x0000000082a24c70}: ijJvmDebugger1_40imlknda7vxai7ycfw1as9r3Customizer> (0x0000000082a24c70) 
thrown [s\src\hotspot\share\classfile\systemDictionary.cpp, line 312]
Event: 5.890 Thread 0x000002088713df20 Exception <a 'java/lang/ClassNotFoundException'{0x0000000082a76c10}: org/gradle/internal/metaobject/ConfigureDelegateBeanInfo> (0x0000000082a76c10) 
thrown [s\src\hotspot\share\classfile\systemDictionary.cpp, line 312]
Event: 5.891 Thread 0x000002088713df20 Exception <a 'java/lang/ClassNotFoundException'{0x0000000082a85098}: org/gradle/internal/metaobject/ConfigureDelegateCustomizer> (0x0000000082a85098) 
thrown [s\src\hotspot\share\classfile\systemDictionary.cpp, line 312]
Event: 5.922 Thread 0x000002088713df20 Exception <a 'java/lang/ClassNotFoundException'{0x000000008755cb58}: org/gradle/api/internal/initialization/DefaultScriptHandler_DecoratedBeanInfo> (0x000000008755cb58) 
thrown [s\src\hotspot\share\classfile\systemDictionary.cpp, line 312]
Event: 5.922 Thread 0x000002088713df20 Exception <a 'java/lang/ClassNotFoundException'{0x000000008756cbc8}: org/gradle/api/internal/initialization/DefaultScriptHandlerBeanInfo> (0x000000008756cbc8) 
thrown [s\src\hotspot\share\classfile\systemDictionary.cpp, line 312]
Event: 5.923 Thread 0x000002088713df20 Exception <a 'java/lang/ClassNotFoundException'{0x000000008757ceb8}: org/gradle/api/internal/initialization/DefaultScriptHandlerCustomizer> (0x000000008757ceb8) 
thrown [s\src\hotspot\share\classfile\systemDictionary.cpp, line 312]
Event: 5.925 Thread 0x000002088713df20 Exception <a 'java/lang/ClassNotFoundException'{0x00000000875a59e0}: org/gradle/api/internal/initialization/DefaultScriptHandler_DecoratedCustomizer> (0x00000000875a59e0) 
thrown [s\src\hotspot\share\classfile\systemDictionary.cpp, line 312]
Event: 5.963 Thread 0x000002088713df20 Exception <a 'java/lang/NoSuchMethodError'{0x00000000862a1ad0}: 'java.lang.Object java.lang.invoke.DirectMethodHandle$Holder.invokeVirtual(java.lang.Object, java.lang.Object, java.lang.Object, java.lang.Object, java.lang.Object, java.lang.Object, java.lang.Object, java.lang.Object, java.lang.Object, java.lang.Object, java.lang.Object, java.lang.Object, java.lang.Object, java.lang.Object, java.lang.Object)'> (0x00000000862a1ad0) 
thrown [s\src\hotspot\share\interpreter\linkResolver.cpp, line 784]
Event: 5.973 Thread 0x000002088713df20 Exception <a 'java/lang/NoSuchMethodError'{0x0000000086178888}: 'java.lang.Object java.lang.invoke.DirectMethodHandle$Holder.newInvokeSpecial(java.lang.Object, java.lang.Object, java.lang.Object, java.lang.Object, java.lang.Object, java.lang.Object, java.lang.Object, java.lang.Object, java.lang.Object, java.lang.Object, java.lang.Object, java.lang.Object, java.lang.Object)'> (0x0000000086178888) 
thrown [s\src\hotspot\share\interpreter\linkResolver.cpp, line 784]
Event: 6.031 Thread 0x000002088713df20 Exception <a 'java/lang/NoSuchMethodError'{0x00000000852e6740}: 'java.lang.Object java.lang.invoke.DirectMethodHandle$Holder.invokeSpecial(java.lang.Object, java.lang.Object, java.lang.Object, java.lang.Object, int, java.lang.Object)'> (0x00000000852e6740) 
thrown [s\src\hotspot\share\interpreter\linkResolver.cpp, line 784]
Event: 6.032 Thread 0x000002088713df20 Exception <a 'java/lang/NoSuchMethodError'{0x00000000852eea40}: 'java.lang.Object java.lang.invoke.DirectMethodHandle$Holder.newInvokeSpecial(java.lang.Object, java.lang.Object, java.lang.Object, java.lang.Object, int)'> (0x00000000852eea40) 
thrown [s\src\hotspot\share\interpreter\linkResolver.cpp, line 784]
Event: 6.032 Thread 0x000002088713df20 Exception <a 'java/lang/NoSuchMethodError'{0x00000000852f3878}: 'java.lang.Object java.lang.invoke.DirectMethodHandle$Holder.invokeSpecial(java.lang.Object, java.lang.Object, java.lang.Object, java.lang.Object, java.lang.Object, int)'> (0x00000000852f3878) 
thrown [s\src\hotspot\share\interpreter\linkResolver.cpp, line 784]
Event: 6.033 Thread 0x000002088713df20 Exception <a 'java/lang/NoSuchMethodError'{0x00000000852f8068}: 'java.lang.Object java.lang.invoke.Invokers$Holder.linkToTargetMethod(java.lang.Object, java.lang.Object, java.lang.Object, int, java.lang.Object)'> (0x00000000852f8068) 
thrown [s\src\hotspot\share\interpreter\linkResolver.cpp, line 784]

ZGC Phase Switch (0 events):
No events

VM Operations (20 events):
Event: 5.287 Executing non-safepoint VM operation: HandshakeAllThreads (Deoptimize)
Event: 5.287 Executing non-safepoint VM operation: HandshakeAllThreads (Deoptimize) done
Event: 5.288 Executing non-safepoint VM operation: HandshakeAllThreads (Deoptimize)
Event: 5.288 Executing non-safepoint VM operation: HandshakeAllThreads (Deoptimize) done
Event: 5.356 Executing non-safepoint VM operation: HandshakeAllThreads (Deoptimize)
Event: 5.356 Executing non-safepoint VM operation: HandshakeAllThreads (Deoptimize) done
Event: 5.441 Executing safepoint VM operation: ICBufferFull
Event: 5.441 Executing safepoint VM operation: ICBufferFull done
Event: 5.727 Executing non-safepoint VM operation: HandshakeAllThreads (Deoptimize)
Event: 5.727 Executing non-safepoint VM operation: HandshakeAllThreads (Deoptimize) done
Event: 5.731 Executing non-safepoint VM operation: HandshakeAllThreads (Deoptimize)
Event: 5.731 Executing non-safepoint VM operation: HandshakeAllThreads (Deoptimize) done
Event: 5.731 Executing non-safepoint VM operation: HandshakeAllThreads (Deoptimize)
Event: 5.732 Executing non-safepoint VM operation: HandshakeAllThreads (Deoptimize) done
Event: 5.865 Executing safepoint VM operation: ICBufferFull
Event: 5.865 Executing safepoint VM operation: ICBufferFull done
Event: 5.902 Executing safepoint VM operation: G1CollectForAllocation (G1 Evacuation Pause)
Event: 5.910 Executing safepoint VM operation: G1CollectForAllocation (G1 Evacuation Pause) done
Event: 6.022 Executing non-safepoint VM operation: HandshakeAllThreads (Deoptimize)
Event: 6.022 Executing non-safepoint VM operation: HandshakeAllThreads (Deoptimize) done

Memory protections (0 events):
No events

Nmethod flushes (20 events):
Event: 4.245 Thread 0x0000020884008070 flushing  nmethod 0x00000208e7003510
Event: 4.245 Thread 0x0000020884008070 flushing  nmethod 0x00000208e7004710
Event: 4.245 Thread 0x0000020884008070 flushing  nmethod 0x00000208e7004c10
Event: 4.245 Thread 0x0000020884008070 flushing  nmethod 0x00000208e7005390
Event: 4.245 Thread 0x0000020884008070 flushing  nmethod 0x00000208e7063e10
Event: 4.245 Thread 0x0000020884008070 flushing  nmethod 0x00000208e7064a90
Event: 4.245 Thread 0x0000020884008070 flushing  nmethod 0x00000208e7065e90
Event: 4.245 Thread 0x0000020884008070 flushing  nmethod 0x00000208e7067910
Event: 4.245 Thread 0x0000020884008070 flushing  nmethod 0x00000208e7067d90
Event: 4.245 Thread 0x0000020884008070 flushing  nmethod 0x00000208e7068710
Event: 4.245 Thread 0x0000020884008070 flushing  nmethod 0x00000208e7069410
Event: 4.245 Thread 0x0000020884008070 flushing  nmethod 0x00000208e706ae90
Event: 4.245 Thread 0x0000020884008070 flushing  nmethod 0x00000208e70c2990
Event: 4.245 Thread 0x0000020884008070 flushing  nmethod 0x00000208e7154b90
Event: 4.245 Thread 0x0000020884008070 flushing  nmethod 0x00000208e7157290
Event: 4.245 Thread 0x0000020884008070 flushing  nmethod 0x00000208e7157610
Event: 4.245 Thread 0x0000020884008070 flushing  nmethod 0x00000208e7159710
Event: 4.245 Thread 0x0000020884008070 flushing  nmethod 0x00000208e724e090
Event: 4.245 Thread 0x0000020884008070 flushing  nmethod 0x00000208e72abc90
Event: 4.245 Thread 0x0000020884008070 flushing  nmethod 0x00000208e72ac090

Events (20 events):
Event: 2.430 Thread 0x00000208872b36e0 Thread added: 0x00000208872ff650
Event: 2.463 Thread 0x00000208872b36e0 Thread added: 0x000002088713d890
Event: 2.475 Thread 0x00000208872b36e0 Thread added: 0x000002088713df20
Event: 2.498 Thread 0x000002088713df20 Thread added: 0x000002088713c4e0
Event: 2.503 Thread 0x000002088713df20 Thread added: 0x000002088713cb70
Event: 2.510 Thread 0x000002088713df20 Thread added: 0x000002088713d200
Event: 2.942 Thread 0x000002088713df20 Thread added: 0x000002088713e5b0
Event: 2.951 Thread 0x000002088713df20 Thread added: 0x000002088713ec40
Event: 3.018 Thread 0x000002088713df20 Thread added: 0x000002088713f2d0
Event: 4.192 Thread 0x000002088713df20 Thread added: 0x00000208887b5e30
Event: 4.208 Thread 0x000002088713df20 Thread added: 0x00000208887b5110
Event: 4.511 Thread 0x000002088713df20 Thread added: 0x00000208887b36d0
Event: 4.518 Thread 0x000002088713df20 Thread added: 0x00000208887b4a80
Event: 4.711 Thread 0x000002088713df20 Thread added: 0x00000208887b29b0
Event: 4.757 Thread 0x000002088713df20 Thread added: 0x00000208887b57a0
Event: 4.967 Thread 0x000002088713df20 Thread added: 0x00000208887b64c0
Event: 5.025 Thread 0x000002088713df20 Thread added: 0x00000208887b3040
Event: 5.236 Thread 0x000002088713df20 Thread added: 0x00000208887b92b0
Event: 5.272 Thread 0x000002088713df20 Thread added: 0x00000208887b8590
Event: 5.870 Thread 0x000002088713df20 Thread added: 0x00000208887b8c20


Dynamic libraries:
0x00007ff6a89b0000 - 0x00007ff6a89ba000 	C:\Program Files\Android\Android Studio\jbr\bin\java.exe
0x00007ffed5160000 - 0x00007ffed53c7000 	C:\WINDOWS\SYSTEM32\ntdll.dll
0x00007ffed3a80000 - 0x00007ffed3b49000 	C:\WINDOWS\System32\KERNEL32.DLL
0x00007ffed2830000 - 0x00007ffed2c24000 	C:\WINDOWS\System32\KERNELBASE.dll
0x00007ffed2500000 - 0x00007ffed264b000 	C:\WINDOWS\System32\ucrtbase.dll
0x00007ffea5c70000 - 0x00007ffea5c8b000 	C:\Program Files\Android\Android Studio\jbr\bin\VCRUNTIME140.dll
0x00007ffecd1e0000 - 0x00007ffecd1f8000 	C:\Program Files\Android\Android Studio\jbr\bin\jli.dll
0x00007ffed34e0000 - 0x00007ffed36a5000 	C:\WINDOWS\System32\USER32.dll
0x00007ffeb5750000 - 0x00007ffeb59e3000 	C:\WINDOWS\WinSxS\amd64_microsoft.windows.common-controls_6595b64144ccf1df_6.0.26100.8115_none_3e075c82e3354f9c\COMCTL32.dll
0x00007ffed24d0000 - 0x00007ffed24f7000 	C:\WINDOWS\System32\win32u.dll
0x00007ffed3100000 - 0x00007ffed31a9000 	C:\WINDOWS\System32\msvcrt.dll
0x00007ffed2ef0000 - 0x00007ffed2f1b000 	C:\WINDOWS\System32\GDI32.dll
0x00007ffed2650000 - 0x00007ffed277b000 	C:\WINDOWS\System32\gdi32full.dll
0x00007ffed2e40000 - 0x00007ffed2ee3000 	C:\WINDOWS\System32\msvcp_win.dll
0x00007ffed4cc0000 - 0x00007ffed4cf2000 	C:\WINDOWS\System32\IMM32.DLL
0x00007ffea5ec0000 - 0x00007ffea5ecc000 	C:\Program Files\Android\Android Studio\jbr\bin\vcruntime140_1.dll
0x00007ffe9b8e0000 - 0x00007ffe9b96d000 	C:\Program Files\Android\Android Studio\jbr\bin\msvcp140.dll
0x00007ffdf3d20000 - 0x00007ffdf49b6000 	C:\Program Files\Android\Android Studio\jbr\bin\server\jvm.dll
0x00007ffed3830000 - 0x00007ffed38e6000 	C:\WINDOWS\System32\ADVAPI32.dll
0x00007ffed3430000 - 0x00007ffed34d7000 	C:\WINDOWS\System32\sechost.dll
0x00007ffed3290000 - 0x00007ffed33a8000 	C:\WINDOWS\System32\RPCRT4.dll
0x00007ffed39f0000 - 0x00007ffed3a70000 	C:\WINDOWS\System32\WS2_32.dll
0x00007ffed16e0000 - 0x00007ffed173e000 	C:\WINDOWS\SYSTEM32\POWRPROF.dll
0x00007ffecb890000 - 0x00007ffecb89b000 	C:\WINDOWS\SYSTEM32\VERSION.dll
0x00007ffecb850000 - 0x00007ffecb886000 	C:\WINDOWS\SYSTEM32\WINMM.dll
0x00007ffed16c0000 - 0x00007ffed16d4000 	C:\WINDOWS\SYSTEM32\UMPDC.dll
0x00007ffed07c0000 - 0x00007ffed07db000 	C:\WINDOWS\SYSTEM32\kernel.appcore.dll
0x00007ffea5450000 - 0x00007ffea545a000 	C:\Program Files\Android\Android Studio\jbr\bin\jimage.dll
0x00007ffec6110000 - 0x00007ffec6352000 	C:\WINDOWS\SYSTEM32\DBGHELP.DLL
0x00007ffed4d00000 - 0x00007ffed5082000 	C:\WINDOWS\System32\combase.dll
0x00007ffed36b0000 - 0x00007ffed3788000 	C:\WINDOWS\System32\OLEAUT32.dll
0x00007ffeb9e60000 - 0x00007ffeb9e9b000 	C:\WINDOWS\SYSTEM32\dbgcore.DLL
0x00007ffed2780000 - 0x00007ffed2825000 	C:\WINDOWS\System32\bcryptPrimitives.dll
0x00007ffebe910000 - 0x00007ffebe91e000 	C:\Program Files\Android\Android Studio\jbr\bin\instrument.dll
0x00007ffea4a10000 - 0x00007ffea4a30000 	C:\Program Files\Android\Android Studio\jbr\bin\java.dll
0x00007ffea4440000 - 0x00007ffea4458000 	C:\Program Files\Android\Android Studio\jbr\bin\zip.dll
0x00007ffed42e0000 - 0x00007ffed4a47000 	C:\WINDOWS\System32\SHELL32.dll
0x00007ffed1af0000 - 0x00007ffed1c5a000 	C:\WINDOWS\System32\wintypes.dll
0x00007ffed1c60000 - 0x00007ffed24c8000 	C:\WINDOWS\System32\windows.storage.dll
0x00007ffed38f0000 - 0x00007ffed39e8000 	C:\WINDOWS\System32\SHCORE.dll
0x00007ffed33b0000 - 0x00007ffed3416000 	C:\WINDOWS\System32\shlwapi.dll
0x00007ffed1950000 - 0x00007ffed1979000 	C:\WINDOWS\SYSTEM32\profapi.dll
0x00007ffe9f700000 - 0x00007ffe9f710000 	C:\Program Files\Android\Android Studio\jbr\bin\net.dll
0x00007ffec8cc0000 - 0x00007ffec8ded000 	C:\WINDOWS\SYSTEM32\WINHTTP.dll
0x00007ffed0d30000 - 0x00007ffed0d9c000 	C:\WINDOWS\system32\mswsock.dll
0x00007ffe9f5c0000 - 0x00007ffe9f5d6000 	C:\Program Files\Android\Android Studio\jbr\bin\nio.dll
0x00007ffea5f60000 - 0x00007ffea5f70000 	C:\Program Files\Android\Android Studio\jbr\bin\verify.dll
0x00007ffea5f10000 - 0x00007ffea5f37000 	C:\Users\Sipon\.gradle\native\660c5614fbf4a5f2a75b1949f50a0caf5cd603558e7d8a26e50b933a0cfb79d1\windows-amd64\native-platform.dll
0x00007ffe94b50000 - 0x00007ffe94bc7000 	C:\Users\Sipon\.gradle\native\0.2.8\x86_64-windows-gnu\gradle-fileevents.dll
0x00007ffe955e0000 - 0x00007ffe955e9000 	C:\Program Files\Android\Android Studio\jbr\bin\management.dll
0x00007ffe955d0000 - 0x00007ffe955db000 	C:\Program Files\Android\Android Studio\jbr\bin\management_ext.dll
0x00007ffed3420000 - 0x00007ffed3428000 	C:\WINDOWS\System32\PSAPI.DLL
0x00007ffed01a0000 - 0x00007ffed01d2000 	C:\WINDOWS\SYSTEM32\IPHLPAPI.DLL
0x00007ffed31b0000 - 0x00007ffed31ba000 	C:\WINDOWS\System32\NSI.dll
0x00007ffe99e50000 - 0x00007ffe99e59000 	C:\Program Files\Android\Android Studio\jbr\bin\extnet.dll
0x00007ffed1010000 - 0x00007ffed102b000 	C:\WINDOWS\SYSTEM32\CRYPTSP.dll
0x00007ffed0720000 - 0x00007ffed0759000 	C:\WINDOWS\system32\rsaenh.dll
0x00007ffed0de0000 - 0x00007ffed0e13000 	C:\WINDOWS\SYSTEM32\USERENV.dll
0x00007ffed1920000 - 0x00007ffed194a000 	C:\WINDOWS\SYSTEM32\bcrypt.dll
0x00007ffed1030000 - 0x00007ffed103c000 	C:\WINDOWS\SYSTEM32\CRYPTBASE.dll
0x00007ffe912a0000 - 0x00007ffe912a8000 	C:\WINDOWS\system32\wshunix.dll

JVMTI agents:
C:\Users\Sipon\.gradle\wrapper\dists\gradle-9.3.1-bin\23ovyewtku6u96viwx3xl3oks\gradle-9.3.1\lib\agents\gradle-instrumentation-agent-9.3.1.jar path:C:\Program Files\Android\Android Studio\jbr\bin\instrument.dll, loaded, initialized, instrumentlib options:none

dbghelp: loaded successfully - version: 4.0.5 - missing functions: none
symbol engine: initialized successfully - sym options: 0x614 - pdb path: .;C:\Program Files\Android\Android Studio\jbr\bin;C:\WINDOWS\SYSTEM32;C:\WINDOWS\WinSxS\amd64_microsoft.windows.common-controls_6595b64144ccf1df_6.0.26100.8115_none_3e075c82e3354f9c;C:\Program Files\Android\Android Studio\jbr\bin\server;C:\Users\Sipon\.gradle\native\660c5614fbf4a5f2a75b1949f50a0caf5cd603558e7d8a26e50b933a0cfb79d1\windows-amd64;C:\Users\Sipon\.gradle\native\0.2.8\x86_64-windows-gnu

VM Arguments:
jvm_args: --add-opens=java.base/java.lang=ALL-UNNAMED --add-opens=java.base/java.lang.invoke=ALL-UNNAMED --add-opens=java.base/java.util=ALL-UNNAMED --add-opens=java.prefs/java.util.prefs=ALL-UNNAMED --add-exports=jdk.compiler/com.sun.tools.javac.api=ALL-UNNAMED --add-exports=jdk.compiler/com.sun.tools.javac.util=ALL-UNNAMED --add-opens=java.base/java.util=ALL-UNNAMED --add-opens=java.prefs/java.util.prefs=ALL-UNNAMED --add-opens=java.base/java.nio.charset=ALL-UNNAMED --add-opens=java.base/java.net=ALL-UNNAMED --add-opens=java.base/java.util.concurrent=ALL-UNNAMED --add-opens=java.base/java.util.concurrent.atomic=ALL-UNNAMED --add-opens=java.xml/javax.xml.namespace=ALL-UNNAMED --add-opens=java.base/java.time=ALL-UNNAMED -Xmx2048m -Dfile.encoding=UTF-8 -Duser.country=IN -Duser.language=en -Duser.variant -javaagent:C:\Users\Sipon\.gradle\wrapper\dists\gradle-9.3.1-bin\23ovyewtku6u96viwx3xl3oks\gradle-9.3.1\lib\agents\gradle-instrumentation-agent-9.3.1.jar 
java_command: org.gradle.launcher.daemon.bootstrap.GradleDaemon 9.3.1
java_class_path (initial): C:\Users\Sipon\.gradle\wrapper\dists\gradle-9.3.1-bin\23ovyewtku6u96viwx3xl3oks\gradle-9.3.1\lib\gradle-daemon-main-9.3.1.jar
Launcher Type: SUN_STANDARD

[Global flags]
     intx CICompilerCount                          = 4                                         {product} {ergonomic}
     uint ConcGCThreads                            = 2                                         {product} {ergonomic}
     uint G1ConcRefinementThreads                  = 8                                         {product} {ergonomic}
   size_t G1HeapRegionSize                         = 1048576                                   {product} {ergonomic}
    uintx GCDrainStackTargetSize                   = 64                                        {product} {ergonomic}
   size_t InitialHeapSize                          = 123731968                                 {product} {ergonomic}
   size_t MarkStackSize                            = 4194304                                   {product} {ergonomic}
   size_t MaxHeapSize                              = 2147483648                                {product} {command line}
   size_t MaxNewSize                               = 1287651328                                {product} {ergonomic}
   size_t MinHeapDeltaBytes                        = 1048576                                   {product} {ergonomic}
   size_t MinHeapSize                              = 8388608                                   {product} {ergonomic}
    uintx NonNMethodCodeHeapSize                   = 5839372                                {pd product} {ergonomic}
    uintx NonProfiledCodeHeapSize                  = 122909434                              {pd product} {ergonomic}
    uintx ProfiledCodeHeapSize                     = 122909434                              {pd product} {ergonomic}
    uintx ReservedCodeCacheSize                    = 251658240                              {pd product} {ergonomic}
     bool SegmentedCodeCache                       = true                                      {product} {ergonomic}
   size_t SoftMaxHeapSize                          = 2147483648                             {manageable} {ergonomic}
     bool UseCompressedOops                        = true                           {product lp64_product} {ergonomic}
     bool UseG1GC                                  = true                                      {product} {ergonomic}
     bool UseLargePagesIndividualAllocation        = false                                  {pd product} {ergonomic}

Logging:
Log output configuration:
 #0: stdout all=warning uptime,level,tags foldmultilines=false
 #1: stderr all=off uptime,level,tags foldmultilines=false

Release file:
JAVA_VERSION="21.0.10" 
MODULES="java.base java.compiler java.datatransfer java.xml java.prefs java.desktop java.instrument java.logging java.management java.security.sasl java.naming java.rmi java.management.rmi java.net.http java.scripting java.security.jgss java.transaction.xa java.sql java.sql.rowset java.xml.crypto java.se java.smartcardio jdk.accessibility jdk.internal.jvmstat jdk.attach jdk.charsets jdk.internal.opt jdk.zipfs jdk.compiler jdk.crypto.ec jdk.crypto.cryptoki jdk.dynalink jdk.hotspot.agent jdk.httpserver jdk.internal.ed jdk.internal.le jdk.internal.vm.ci jdk.jartool jdk.javadoc jdk.jcmd jdk.jdeps jdk.jdwp.agent jdk.jdi jdk.jfr jdk.jlink jdk.jsobject jdk.localedata jdk.management jdk.management.agent jdk.management.jfr jdk.naming.dns jdk.naming.rmi jdk.net jdk.sctp jdk.security.auth jdk.security.jgss jdk.unsupported jdk.unsupported.desktop jdk.xml.dom" 
IMPLEMENTOR="JetBrains s.r.o." 
JAVA_RUNTIME_VERSION="21.0.10+-14961533-b1163.108" 
LIBC="default" 
OS_ARCH="x86_64" 
OS_NAME="Windows" 
SOURCE=".:git:1351622c2ff2" 

Environment Variables:
PATH=C:\oraclexe\app\oracle\product\11.2.0\server\bin;;C:\WINDOWS\system32;C:\WINDOWS;C:\WINDOWS\System32\Wbem;C:\WINDOWS\System32\WindowsPowerShell\v1.0\;C:\WINDOWS\System32\OpenSSH\;C:\Program Files\Microsoft SQL Server\150\Tools\Binn\;C:\Program Files (x86)\Windows Kits\10\Windows Performance Toolkit\;C:\Program Files\Microsoft SQL Server\Client SDK\ODBC\170\Tools\Binn\;C:\Program Files\dotnet\;C:\Program Files (x86)\Microsoft SQL Server\160\DTS\Binn\;C:\Users\Sipon\AppData\Local\Programs\Python\Python312\Scripts\;C:\Users\Sipon\AppData\Local\Programs\Python\Python312\;C:\Users\Sipon\AppData\Local\Programs\Python\Launcher\;C:\Users\Sipon\AppData\Local\Microsoft\WindowsApps;C:\Program Files (x86)\CodeBlocks\MinGW\bin;;C:\Users\Sipon\AppData\Local\Programs\Microsoft VS Code\bin;C:\Users\Sipon\.dotnet\tools
USERNAME=khomong
OS=Windows_NT
PROCESSOR_IDENTIFIER=AMD64 Family 23 Model 104 Stepping 1, AuthenticAMD
TMP=C:\Users\Sipon\AppData\Local\Temp
TEMP=C:\Users\Sipon\AppData\Local\Temp




Periodic native trim disabled

JNI global refs:
JNI global refs: 25, weak refs: 0

JNI global refs memory usage: 835, weak refs: 833

Process memory usage:
Resident Set Size: 278804K (3% of 7682516K total physical memory with 538144K free physical memory)

OOME stack traces (most recent first):
Classloader memory used:
Loader org.gradle.internal.classloader.VisitableURLClassLoader                         : 25904K
Loader bootstrap                                                                       : 20563K
Loader org.gradle.initialization.MixInLegacyTypesClassLoader                           : 4769K
Loader jdk.internal.loader.ClassLoaders$AppClassLoader                                 : 229K
Loader jdk.internal.loader.ClassLoaders$PlatformClassLoader                            : 151K
Loader org.gradle.groovy.scripts.internal.DefaultScriptCompilationHandler$ScriptClassLoader: 29592B

Classes loaded by more than one classloader:
Class org.gradle.internal.classloader.FilteringClassLoader                            : loaded 2 times (x 105B)
Class org.gradle.internal.classloader.ClassLoaderHierarchy                            : loaded 2 times (x 70B)
Class org.gradle.api.internal.classpath.ManifestUtil                                  : loaded 2 times (x 71B)
Class org.gradle.internal.classloader.DefaultClassLoaderFactory                       : loaded 2 times (x 82B)
Class org.gradle.internal.classloader.ClassLoaderVisitor                              : loaded 2 times (x 76B)
Class org.gradle.api.internal.classpath.EffectiveClassPath                            : loaded 2 times (x 90B)
Class org.gradle.api.internal.DefaultClassPathProvider                                : loaded 2 times (x 76B)
Class [Lorg.gradle.api.internal.ClassPathProvider;                                    : loaded 2 times (x 69B)
Class org.gradle.api.internal.ClassPathProvider                                       : loaded 2 times (x 70B)
Class org.gradle.internal.service.UnknownServiceException                             : loaded 2 times (x 83B)
Class org.gradle.internal.classpath.TransformedClassPath                              : loaded 2 times (x 96B)
Class org.gradle.internal.classloader.InstrumentingClassLoader                        : loaded 2 times (x 70B)
Class org.gradle.internal.service.ServiceLocator                                      : loaded 2 times (x 70B)
Class org.gradle.internal.classloader.ClasspathUtil$1                                 : loaded 2 times (x 76B)
Class org.gradle.api.internal.classpath.DefaultModuleRegistry$DefaultModule           : loaded 2 times (x 86B)
Class org.gradle.api.internal.classpath.Module                                        : loaded 2 times (x 70B)
Class org.gradle.api.internal.classpath.UnknownModuleException                        : loaded 2 times (x 82B)
Class org.gradle.api.internal.DefaultClassPathRegistry                                : loaded 2 times (x 76B)
Class org.gradle.api.internal.ClassPathRegistry                                       : loaded 2 times (x 70B)
Class org.gradle.internal.classpath.DefaultClassPath$ImmutableUniqueList              : loaded 2 times (x 199B)
Class org.gradle.internal.classpath.ClassPath                                         : loaded 2 times (x 70B)
Class org.gradle.api.internal.classpath.ModuleRegistry                                : loaded 2 times (x 70B)
Class org.gradle.internal.installation.GradleInstallation$1                           : loaded 2 times (x 75B)
Class org.gradle.api.internal.classpath.DefaultModuleRegistry                         : loaded 2 times (x 86B)
Class org.gradle.internal.service.ServiceLookupException                              : loaded 2 times (x 82B)
Class org.gradle.internal.classloader.ClassLoaderFactory                              : loaded 2 times (x 70B)
Class org.gradle.internal.service.CachingServiceLocator                               : loaded 2 times (x 82B)
Class org.gradle.internal.classloader.ClasspathUtil                                   : loaded 2 times (x 71B)
Class org.gradle.api.specs.Spec                                                       : loaded 2 times (x 70B)
Class org.gradle.internal.classloader.VisitableURLClassLoader$InstrumentingVisitableURLClassLoader: loaded 2 times (x 123B)
Class org.gradle.internal.classloader.VisitableURLClassLoader$Spec                    : loaded 2 times (x 74B)
Class org.gradle.internal.classpath.DefaultClassPath                                  : loaded 2 times (x 90B)
Class org.gradle.internal.classloader.ClassLoaderSpec                                 : loaded 2 times (x 71B)
Class org.gradle.internal.classloader.VisitableURLClassLoader                         : loaded 2 times (x 117B)
Class org.gradle.internal.Cast                                                        : loaded 2 times (x 71B)
Class org.gradle.api.Action                                                           : loaded 2 times (x 70B)
Class org.gradle.internal.classpath.DefaultClassPath$ImmutableUniqueList$Builder      : loaded 2 times (x 75B)
Class org.gradle.api.GradleException                                                  : loaded 2 times (x 82B)
Class org.gradle.internal.IoActions                                                   : loaded 2 times (x 71B)
Class org.gradle.internal.classloader.SystemClassLoaderSpec                           : loaded 2 times (x 71B)
Class org.gradle.api.internal.classpath.GlobalCacheRootsProvider                      : loaded 2 times (x 70B)
Class org.gradle.internal.installation.CurrentGradleInstallationLocator               : loaded 2 times (x 71B)
Class org.gradle.internal.service.DefaultServiceLocator                               : loaded 2 times (x 83B)
Class org.gradle.internal.installation.CurrentGradleInstallation                      : loaded 2 times (x 73B)
Class org.gradle.util.internal.GUtil                                                  : loaded 2 times (x 71B)
Class org.gradle.internal.installation.GradleInstallation                             : loaded 2 times (x 75B)

---------------  S Y S T E M  ---------------

OS:
 Windows 11 , 64 bit Build 26100 (10.0.26100.8246)
OS uptime: 1 days 22:45 hours
Hyper-V role detected

CPU: total 8 (initial active 8) (8 cores per cpu, 2 threads per core) family 23 model 104 stepping 1 microcode 0x8608104, cx8, cmov, fxsr, ht, mmx, 3dnowpref, sse, sse2, sse3, ssse3, sse4a, sse4.1, sse4.2, popcnt, lzcnt, tsc, tscinvbit, avx, avx2, aes, clmul, bmi1, bmi2, adx, sha, fma, vzeroupper, clflush, clflushopt, hv, rdtscp, rdpid, f16c
Processor Information for processor 0
  Max Mhz: 2600, Current Mhz: 2600, Mhz Limit: 2600
Processor Information for processor 1
  Max Mhz: 2600, Current Mhz: 2600, Mhz Limit: 2600
Processor Information for processor 2
  Max Mhz: 2600, Current Mhz: 2080, Mhz Limit: 2600
Processor Information for processor 3
  Max Mhz: 2600, Current Mhz: 2600, Mhz Limit: 2600
Processor Information for processor 4
  Max Mhz: 2600, Current Mhz: 2600, Mhz Limit: 2600
Processor Information for processor 5
  Max Mhz: 2600, Current Mhz: 2080, Mhz Limit: 2600
Processor Information for processor 6
  Max Mhz: 2600, Current Mhz: 2080, Mhz Limit: 2600
Processor Information for processor 7
  Max Mhz: 2600, Current Mhz: 2600, Mhz Limit: 2600

Memory: 4k page, system-wide physical 7502M (525M free)
TotalPageFile size 17502M (AvailPageFile size 21M)
current process WorkingSet (physical memory assigned to process): 272M, peak: 273M
current process commit charge ("private bytes"): 307M, peak: 308M

vm_info: OpenJDK 64-Bit Server VM (21.0.10+-14961533-b1163.108) for windows-amd64 JRE (21.0.10+-14961533-b1163.108), built on 2026-03-02T19:58:50Z by "builder" with MS VC++ 16.10 / 16.11 (VS2019)

END.
