#
# There is insufficient memory for the Java Runtime Environment to continue.
# Native memory allocation (malloc) failed to allocate 404464 bytes. Error detail: Chunk::new
# Possible reasons:
#   The system is out of physical RAM or swap space
#   This process is running with CompressedOops enabled, and the Java Heap may be blocking the growth of the native heap
# Possible solutions:
#   Reduce memory load on the system
#   Increase physical memory or swap space
#   Check if swap backing store is full
#   Decrease Java heap size (-Xmx/-Xms)
#   Decrease number of Java threads
#   Decrease Java thread stack sizes (-Xss)
#   Set larger code cache with -XX:ReservedCodeCacheSize=
#   JVM is running with Unscaled Compressed Oops mode in which the Java heap is
#     placed in the first 4GB address space. The Java Heap base address is the
#     maximum limit for the native heap growth. Please use -XX:HeapBaseMinAddress
#     to set the Java Heap base and to place the Java Heap above 4GB virtual address.
# This output file may be truncated or incomplete.
#
#  Out of Memory Error (arena.cpp:168), pid=3580, tid=16828
#
# JRE version: OpenJDK Runtime Environment (21.0.10) (build 21.0.10+-14961533-b1163.108)
# Java VM: OpenJDK 64-Bit Server VM (21.0.10+-14961533-b1163.108, mixed mode, tiered, compressed oops, compressed class ptrs, g1 gc, windows-amd64)
# No core dump will be written. Minidumps are not enabled by default on client versions of Windows
#

---------------  S U M M A R Y ------------

Command Line: --add-opens=java.base/java.lang=ALL-UNNAMED --add-opens=java.base/java.lang.invoke=ALL-UNNAMED --add-opens=java.base/java.util=ALL-UNNAMED --add-opens=java.prefs/java.util.prefs=ALL-UNNAMED --add-exports=jdk.compiler/com.sun.tools.javac.api=ALL-UNNAMED --add-exports=jdk.compiler/com.sun.tools.javac.util=ALL-UNNAMED --add-opens=java.base/java.util=ALL-UNNAMED --add-opens=java.prefs/java.util.prefs=ALL-UNNAMED --add-opens=java.base/java.nio.charset=ALL-UNNAMED --add-opens=java.base/java.net=ALL-UNNAMED --add-opens=java.base/java.util.concurrent=ALL-UNNAMED --add-opens=java.base/java.util.concurrent.atomic=ALL-UNNAMED --add-opens=java.xml/javax.xml.namespace=ALL-UNNAMED --add-opens=java.base/java.time=ALL-UNNAMED -Xmx2048m -Dfile.encoding=UTF-8 -Duser.country=IN -Duser.language=en -Duser.variant -javaagent:C:\Users\Sipon\.gradle\wrapper\dists\gradle-9.3.1-bin\23ovyewtku6u96viwx3xl3oks\gradle-9.3.1\lib\agents\gradle-instrumentation-agent-9.3.1.jar org.gradle.launcher.daemon.bootstrap.GradleDaemon 9.3.1

Host: AMD Ryzen 3 5300U with Radeon Graphics         , 8 cores, 7G,  Windows 11 , 64 bit Build 26100 (10.0.26100.8246)
Time: Sat May  2 12:06:56 2026 India Standard Time elapsed time: 21.341236 seconds (0d 0h 0m 21s)

---------------  T H R E A D  ---------------

Current thread (0x000001e7512af9f0):  JavaThread "C2 CompilerThread0" daemon [_thread_in_native, id=16828, stack(0x0000009760a00000,0x0000009760b00000) (1024K)]


Current CompileTask:
C2:21341 8345       4       org.gradle.cache.internal.btree.CachingBlockStore::read (56 bytes)

Stack: [0x0000009760a00000,0x0000009760b00000]
Native frames: (J=compiled Java code, j=interpreted, Vv=VM code, C=native code)
V  [jvm.dll+0x6d78a9]
V  [jvm.dll+0x8665b3]
V  [jvm.dll+0x868bde]
V  [jvm.dll+0x8692c3]
V  [jvm.dll+0x280ee6]
V  [jvm.dll+0xc07cd]
V  [jvm.dll+0xc0d03]
V  [jvm.dll+0x3ba0cb]
V  [jvm.dll+0x1dfafb]
V  [jvm.dll+0x249d24]
V  [jvm.dll+0x2491a1]
V  [jvm.dll+0x1c76e4]
V  [jvm.dll+0x25891e]
V  [jvm.dll+0x256e66]
V  [jvm.dll+0x3f513e]
V  [jvm.dll+0x80fd28]
V  [jvm.dll+0x6d60fd]
C  [ucrtbase.dll+0x37b0]
C  [KERNEL32.DLL+0x2e8d7]
C  [ntdll.dll+0x8c3fc]


---------------  P R O C E S S  ---------------

Threads class SMR info:
_java_thread_list=0x000001e75b14b380, length=86, elements={
0x000001e7374c71a0, 0x000001e751257810, 0x000001e751276da0, 0x000001e751277f80,
0x000001e7512aa5d0, 0x000001e7512aac40, 0x000001e7512abe20, 0x000001e7512ac890,
0x000001e7512af9f0, 0x000001e7512b00a0, 0x000001e7515badf0, 0x000001e756e8d850,
0x000001e757b70880, 0x000001e75793bb80, 0x000001e757a78710, 0x000001e757d56050,
0x000001e757402ad0, 0x000001e757401db0, 0x000001e757402440, 0x000001e7574037f0,
0x000001e757403e80, 0x000001e757404510, 0x000001e757403160, 0x000001e757401090,
0x000001e75977c8a0, 0x000001e75977cf30, 0x000001e75977d5c0, 0x000001e75977ae60,
0x000001e75977a140, 0x000001e75977dc50, 0x000001e75977c210, 0x000001e75977a7d0,
0x000001e759781760, 0x000001e75977f690, 0x000001e75977f000, 0x000001e75977fd20,
0x000001e7597810d0, 0x000001e7597803b0, 0x000001e75977e970, 0x000001e759780a40,
0x000001e7584b4150, 0x000001e7584b6220, 0x000001e7584b47e0, 0x000001e7584b68b0,
0x000001e7584b4e70, 0x000001e7584b5500, 0x000001e7584b5b90, 0x000001e7584b3430,
0x000001e7584b6f40, 0x000001e7584b3ac0, 0x000001e7584b8980, 0x000001e7584b7c60,
0x000001e7584b9010, 0x000001e7584b96a0, 0x000001e7584b9d30, 0x000001e7584b82f0,
0x000001e7584ba3c0, 0x000001e7584baa50, 0x000001e7584b75d0, 0x000001e759796fc0,
0x000001e759793b40, 0x000001e7597941d0, 0x000001e759797650, 0x000001e759797ce0,
0x000001e758df5510, 0x000001e759794ef0, 0x000001e759798370, 0x000001e759795580,
0x000001e759798a00, 0x000001e759799090, 0x000001e759795c10, 0x000001e759799720,
0x000001e7597962a0, 0x000001e759799db0, 0x000001e75979a440, 0x000001e75979aad0,
0x000001e75979b160, 0x000001e7583bbde0, 0x000001e7583bc470, 0x000001e7583bd820,
0x000001e7583bdeb0, 0x000001e7583baa30, 0x000001e7583bcb00, 0x000001e7583bd190,
0x000001e7583be540, 0x000001e7583bb0c0
}

Java Threads: ( => current thread )
  0x000001e7374c71a0 JavaThread "main"                              [_thread_blocked, id=11520, stack(0x000000975fb00000,0x000000975fc00000) (1024K)]
  0x000001e751257810 JavaThread "Common-Cleaner"             daemon [_thread_blocked, id=22668, stack(0x0000009760300000,0x0000009760400000) (1024K)]
  0x000001e751276da0 JavaThread "Reference Handler"          daemon [_thread_blocked, id=14872, stack(0x0000009760400000,0x0000009760500000) (1024K)]
  0x000001e751277f80 JavaThread "Finalizer"                  daemon [_thread_blocked, id=5260, stack(0x0000009760500000,0x0000009760600000) (1024K)]
  0x000001e7512aa5d0 JavaThread "Signal Dispatcher"          daemon [_thread_blocked, id=6884, stack(0x0000009760600000,0x0000009760700000) (1024K)]
  0x000001e7512aac40 JavaThread "Attach Listener"            daemon [_thread_blocked, id=4764, stack(0x0000009760700000,0x0000009760800000) (1024K)]
  0x000001e7512abe20 JavaThread "Service Thread"             daemon [_thread_blocked, id=4540, stack(0x0000009760800000,0x0000009760900000) (1024K)]
  0x000001e7512ac890 JavaThread "Monitor Deflation Thread"   daemon [_thread_blocked, id=20040, stack(0x0000009760900000,0x0000009760a00000) (1024K)]
=>0x000001e7512af9f0 JavaThread "C2 CompilerThread0"         daemon [_thread_in_native, id=16828, stack(0x0000009760a00000,0x0000009760b00000) (1024K)]
  0x000001e7512b00a0 JavaThread "C1 CompilerThread0"         daemon [_thread_blocked, id=14168, stack(0x0000009760b00000,0x0000009760c00000) (1024K)]
  0x000001e7515badf0 JavaThread "Notification Thread"        daemon [_thread_blocked, id=18308, stack(0x0000009760c00000,0x0000009760d00000) (1024K)]
  0x000001e756e8d850 JavaThread "Daemon health stats"               [_thread_blocked, id=18120, stack(0x0000009761200000,0x0000009761300000) (1024K)]
  0x000001e757b70880 JavaThread "Incoming local TCP Connector on port 57939"        [_thread_in_native, id=23712, stack(0x0000009761600000,0x0000009761700000) (1024K)]
  0x000001e75793bb80 JavaThread "Daemon periodic checks"            [_thread_blocked, id=21848, stack(0x0000009761700000,0x0000009761800000) (1024K)]
  0x000001e757a78710 JavaThread "Daemon"                            [_thread_blocked, id=8460, stack(0x0000009761800000,0x0000009761900000) (1024K)]
  0x000001e757d56050 JavaThread "Handler for socket connection from /127.0.0.1:57939 to /127.0.0.1:57940"        [_thread_in_native, id=8368, stack(0x0000009761900000,0x0000009761a00000) (1024K)]
  0x000001e757402ad0 JavaThread "Cancel handler"                    [_thread_blocked, id=24100, stack(0x0000009761a00000,0x0000009761b00000) (1024K)]
  0x000001e757401db0 JavaThread "Daemon worker"                     [_thread_blocked, id=8956, stack(0x0000009761b00000,0x0000009761c00000) (1024K)]
  0x000001e757402440 JavaThread "Asynchronous log dispatcher for DefaultDaemonConnection: socket connection from /127.0.0.1:57939 to /127.0.0.1:57940"        [_thread_blocked, id=14248, stack(0x0000009761c00000,0x0000009761d00000) (1024K)]
  0x000001e7574037f0 JavaThread "Stdin handler"                     [_thread_blocked, id=23556, stack(0x0000009761e00000,0x0000009761f00000) (1024K)]
  0x000001e757403e80 JavaThread "Daemon client event forwarder"        [_thread_blocked, id=16916, stack(0x0000009761f00000,0x0000009762000000) (1024K)]
  0x000001e757404510 JavaThread "Cache worker for journal cache (C:\Users\Sipon\.gradle\caches\journal-1)"        [_thread_blocked, id=18860, stack(0x0000009762000000,0x0000009762100000) (1024K)]
  0x000001e757403160 JavaThread "File lock request listener"        [_thread_in_native, id=19028, stack(0x0000009762100000,0x0000009762200000) (1024K)]
  0x000001e757401090 JavaThread "Cache worker for file hash cache (C:\Users\Sipon\.gradle\caches\9.3.1\fileHashes)"        [_thread_blocked, id=22388, stack(0x0000009762200000,0x0000009762300000) (1024K)]
  0x000001e75977c8a0 JavaThread "Cache worker for file hash cache (C:\Final_Project\Library\.gradle\9.3.1\fileHashes)"        [_thread_blocked, id=20832, stack(0x0000009762300000,0x0000009762400000) (1024K)]
  0x000001e75977cf30 JavaThread "Cache worker for Build Output Cleanup Cache (C:\Final_Project\Library\.gradle\buildOutputCleanup)"        [_thread_blocked, id=13576, stack(0x0000009762400000,0x0000009762500000) (1024K)]
  0x000001e75977d5c0 JavaThread "File watcher server"        daemon [_thread_in_native, id=16500, stack(0x0000009762500000,0x0000009762600000) (1024K)]
  0x000001e75977ae60 JavaThread "File watcher consumer"      daemon [_thread_blocked, id=19892, stack(0x0000009762600000,0x0000009762700000) (1024K)]
  0x000001e75977a140 JavaThread "Cache worker for checksums cache (C:\Final_Project\Library\.gradle\9.3.1\checksums)"        [_thread_blocked, id=24392, stack(0x0000009762700000,0x0000009762800000) (1024K)]
  0x000001e75977dc50 JavaThread "Cache worker for file content cache (C:\Users\Sipon\.gradle\caches\9.3.1\fileContent)"        [_thread_blocked, id=3872, stack(0x0000009762800000,0x0000009762900000) (1024K)]
  0x000001e75977c210 JavaThread "Cache worker for cache directory md-supplier (C:\Users\Sipon\.gradle\caches\9.3.1\md-supplier)"        [_thread_blocked, id=1992, stack(0x0000009762900000,0x0000009762a00000) (1024K)]
  0x000001e75977a7d0 JavaThread "Cache worker for cache directory md-rule (C:\Users\Sipon\.gradle\caches\9.3.1\md-rule)"        [_thread_blocked, id=20076, stack(0x0000009762a00000,0x0000009762b00000) (1024K)]
  0x000001e759781760 JavaThread "jar transforms"                    [_thread_blocked, id=23888, stack(0x0000009762b00000,0x0000009762c00000) (1024K)]
  0x000001e75977f690 JavaThread "jar transforms Thread 2"           [_thread_blocked, id=144, stack(0x0000009762c00000,0x0000009762d00000) (1024K)]
  0x000001e75977f000 JavaThread "jar transforms Thread 3"           [_thread_blocked, id=19140, stack(0x0000009762d00000,0x0000009762e00000) (1024K)]
  0x000001e75977fd20 JavaThread "Unconstrained build operations"        [_thread_blocked, id=4136, stack(0x0000009762e00000,0x0000009762f00000) (1024K)]
  0x000001e7597810d0 JavaThread "Unconstrained build operations Thread 2"        [_thread_blocked, id=12424, stack(0x0000009762f00000,0x0000009763000000) (1024K)]
  0x000001e7597803b0 JavaThread "Unconstrained build operations Thread 3"        [_thread_blocked, id=21616, stack(0x0000009763000000,0x0000009763100000) (1024K)]
  0x000001e75977e970 JavaThread "Unconstrained build operations Thread 4"        [_thread_blocked, id=15060, stack(0x0000009763100000,0x0000009763200000) (1024K)]
  0x000001e759780a40 JavaThread "Unconstrained build operations Thread 5"        [_thread_blocked, id=4204, stack(0x0000009763200000,0x0000009763300000) (1024K)]
  0x000001e7584b4150 JavaThread "Unconstrained build operations Thread 6"        [_thread_blocked, id=20116, stack(0x0000009763300000,0x0000009763400000) (1024K)]
  0x000001e7584b6220 JavaThread "Unconstrained build operations Thread 7"        [_thread_blocked, id=7972, stack(0x0000009763400000,0x0000009763500000) (1024K)]
  0x000001e7584b47e0 JavaThread "Unconstrained build operations Thread 8"        [_thread_blocked, id=14176, stack(0x0000009763500000,0x0000009763600000) (1024K)]
  0x000001e7584b68b0 JavaThread "Unconstrained build operations Thread 9"        [_thread_blocked, id=2052, stack(0x0000009763600000,0x0000009763700000) (1024K)]
  0x000001e7584b4e70 JavaThread "Unconstrained build operations Thread 10"        [_thread_blocked, id=12528, stack(0x0000009763700000,0x0000009763800000) (1024K)]
  0x000001e7584b5500 JavaThread "Unconstrained build operations Thread 11"        [_thread_blocked, id=17952, stack(0x0000009763800000,0x0000009763900000) (1024K)]
  0x000001e7584b5b90 JavaThread "Unconstrained build operations Thread 12"        [_thread_blocked, id=8044, stack(0x0000009763900000,0x0000009763a00000) (1024K)]
  0x000001e7584b3430 JavaThread "Unconstrained build operations Thread 13"        [_thread_blocked, id=20344, stack(0x0000009763a00000,0x0000009763b00000) (1024K)]
  0x000001e7584b6f40 JavaThread "Unconstrained build operations Thread 14"        [_thread_blocked, id=2512, stack(0x0000009763b00000,0x0000009763c00000) (1024K)]
  0x000001e7584b3ac0 JavaThread "jar transforms Thread 4"           [_thread_blocked, id=17512, stack(0x0000009763c00000,0x0000009763d00000) (1024K)]
  0x000001e7584b8980 JavaThread "jar transforms Thread 5"           [_thread_blocked, id=11272, stack(0x0000009763d00000,0x0000009763e00000) (1024K)]
  0x000001e7584b7c60 JavaThread "Unconstrained build operations Thread 15"        [_thread_blocked, id=14764, stack(0x0000009763e00000,0x0000009763f00000) (1024K)]
  0x000001e7584b9010 JavaThread "Unconstrained build operations Thread 16"        [_thread_blocked, id=17348, stack(0x0000009763f00000,0x0000009764000000) (1024K)]
  0x000001e7584b96a0 JavaThread "Unconstrained build operations Thread 17"        [_thread_blocked, id=8976, stack(0x0000009764000000,0x0000009764100000) (1024K)]
  0x000001e7584b9d30 JavaThread "Unconstrained build operations Thread 18"        [_thread_blocked, id=17688, stack(0x0000009764100000,0x0000009764200000) (1024K)]
  0x000001e7584b82f0 JavaThread "Unconstrained build operations Thread 19"        [_thread_blocked, id=11216, stack(0x0000009764200000,0x0000009764300000) (1024K)]
  0x000001e7584ba3c0 JavaThread "Unconstrained build operations Thread 20"        [_thread_blocked, id=23420, stack(0x0000009764300000,0x0000009764400000) (1024K)]
  0x000001e7584baa50 JavaThread "Unconstrained build operations Thread 21"        [_thread_blocked, id=19792, stack(0x0000009764400000,0x0000009764500000) (1024K)]
  0x000001e7584b75d0 JavaThread "jar transforms Thread 6"           [_thread_blocked, id=21812, stack(0x0000009764500000,0x0000009764600000) (1024K)]
  0x000001e759796fc0 JavaThread "jar transforms Thread 7"           [_thread_blocked, id=17928, stack(0x0000009764600000,0x0000009764700000) (1024K)]
  0x000001e759793b40 JavaThread "jar transforms Thread 8"           [_thread_blocked, id=2980, stack(0x0000009764700000,0x0000009764800000) (1024K)]
  0x000001e7597941d0 JavaThread "Unconstrained build operations Thread 22"        [_thread_blocked, id=20740, stack(0x0000009764800000,0x0000009764900000) (1024K)]
  0x000001e759797650 JavaThread "Unconstrained build operations Thread 23"        [_thread_blocked, id=17300, stack(0x0000009764900000,0x0000009764a00000) (1024K)]
  0x000001e759797ce0 JavaThread "Unconstrained build operations Thread 24"        [_thread_blocked, id=21824, stack(0x0000009764a00000,0x0000009764b00000) (1024K)]
  0x000001e758df5510 JavaThread "C2 CompilerThread1"         daemon [_thread_blocked, id=19764, stack(0x0000009760d00000,0x0000009760e00000) (1024K)]
  0x000001e759794ef0 JavaThread "Unconstrained build operations Thread 25"        [_thread_blocked, id=14424, stack(0x0000009764b00000,0x0000009764c00000) (1024K)]
  0x000001e759798370 JavaThread "Unconstrained build operations Thread 26"        [_thread_blocked, id=4200, stack(0x0000009764c00000,0x0000009764d00000) (1024K)]
  0x000001e759795580 JavaThread "Unconstrained build operations Thread 27"        [_thread_blocked, id=6424, stack(0x0000009764d00000,0x0000009764e00000) (1024K)]
  0x000001e759798a00 JavaThread "Unconstrained build operations Thread 28"        [_thread_blocked, id=22956, stack(0x0000009764e00000,0x0000009764f00000) (1024K)]
  0x000001e759799090 JavaThread "Unconstrained build operations Thread 29"        [_thread_blocked, id=2584, stack(0x0000009764f00000,0x0000009765000000) (1024K)]
  0x000001e759795c10 JavaThread "Unconstrained build operations Thread 30"        [_thread_blocked, id=9528, stack(0x0000009765000000,0x0000009765100000) (1024K)]
  0x000001e759799720 JavaThread "Unconstrained build operations Thread 31"        [_thread_blocked, id=10312, stack(0x0000009765100000,0x0000009765200000) (1024K)]
  0x000001e7597962a0 JavaThread "Unconstrained build operations Thread 32"        [_thread_blocked, id=10100, stack(0x0000009765200000,0x0000009765300000) (1024K)]
  0x000001e759799db0 JavaThread "Unconstrained build operations Thread 33"        [_thread_blocked, id=7964, stack(0x0000009765300000,0x0000009765400000) (1024K)]
  0x000001e75979a440 JavaThread "Unconstrained build operations Thread 34"        [_thread_blocked, id=4152, stack(0x0000009765400000,0x0000009765500000) (1024K)]
  0x000001e75979aad0 JavaThread "Unconstrained build operations Thread 35"        [_thread_blocked, id=8528, stack(0x0000009765500000,0x0000009765600000) (1024K)]
  0x000001e75979b160 JavaThread "Unconstrained build operations Thread 36"        [_thread_blocked, id=10924, stack(0x0000009765600000,0x0000009765700000) (1024K)]
  0x000001e7583bbde0 JavaThread "Unconstrained build operations Thread 37"        [_thread_blocked, id=11036, stack(0x0000009765700000,0x0000009765800000) (1024K)]
  0x000001e7583bc470 JavaThread "Unconstrained build operations Thread 38"        [_thread_blocked, id=19060, stack(0x0000009765800000,0x0000009765900000) (1024K)]
  0x000001e7583bd820 JavaThread "Unconstrained build operations Thread 39"        [_thread_blocked, id=10748, stack(0x0000009765900000,0x0000009765a00000) (1024K)]
  0x000001e7583bdeb0 JavaThread "Unconstrained build operations Thread 40"        [_thread_blocked, id=2888, stack(0x0000009765a00000,0x0000009765b00000) (1024K)]
  0x000001e7583baa30 JavaThread "Unconstrained build operations Thread 41"        [_thread_blocked, id=16428, stack(0x0000009765b00000,0x0000009765c00000) (1024K)]
  0x000001e7583bcb00 JavaThread "Unconstrained build operations Thread 42"        [_thread_blocked, id=19660, stack(0x0000009765c00000,0x0000009765d00000) (1024K)]
  0x000001e7583bd190 JavaThread "Unconstrained build operations Thread 43"        [_thread_blocked, id=18212, stack(0x0000009765d00000,0x0000009765e00000) (1024K)]
  0x000001e7583be540 JavaThread "Unconstrained build operations Thread 44"        [_thread_blocked, id=13528, stack(0x0000009765e00000,0x0000009765f00000) (1024K)]
  0x000001e7583bb0c0 JavaThread "Unconstrained build operations Thread 45"        [_thread_blocked, id=20456, stack(0x0000009765f00000,0x0000009766000000) (1024K)]
Total: 86

Other Threads:
  0x000001e7511f4090 VMThread "VM Thread"                           [id=22028, stack(0x0000009760200000,0x0000009760300000) (1024K)]
  0x000001e751026420 WatcherThread "VM Periodic Task Thread"        [id=21628, stack(0x0000009760100000,0x0000009760200000) (1024K)]
  0x000001e7399f3600 WorkerThread "GC Thread#0"                     [id=10576, stack(0x000000975fc00000,0x000000975fd00000) (1024K)]
  0x000001e751a98ff0 WorkerThread "GC Thread#1"                     [id=21916, stack(0x0000009760e00000,0x0000009760f00000) (1024K)]
  0x000001e751a2e7a0 WorkerThread "GC Thread#2"                     [id=4580, stack(0x0000009760f00000,0x0000009761000000) (1024K)]
  0x000001e7564d2980 WorkerThread "GC Thread#3"                     [id=16416, stack(0x0000009761000000,0x0000009761100000) (1024K)]
  0x000001e7564d2d30 WorkerThread "GC Thread#4"                     [id=22588, stack(0x0000009761100000,0x0000009761200000) (1024K)]
  0x000001e756cec060 WorkerThread "GC Thread#5"                     [id=19544, stack(0x0000009761300000,0x0000009761400000) (1024K)]
  0x000001e756cec410 WorkerThread "GC Thread#6"                     [id=7300, stack(0x0000009761400000,0x0000009761500000) (1024K)]
  0x000001e757a99510 WorkerThread "GC Thread#7"                     [id=11956, stack(0x0000009761500000,0x0000009761600000) (1024K)]
  0x000001e739a04500 ConcurrentGCThread "G1 Main Marker"            [id=6744, stack(0x000000975fd00000,0x000000975fe00000) (1024K)]
  0x000001e739a06d10 WorkerThread "G1 Conc#0"                       [id=11492, stack(0x000000975fe00000,0x000000975ff00000) (1024K)]
  0x000001e757941b00 WorkerThread "G1 Conc#1"                       [id=24544, stack(0x0000009761d00000,0x0000009761e00000) (1024K)]
  0x000001e750ef8520 ConcurrentGCThread "G1 Refine#0"               [id=21308, stack(0x000000975ff00000,0x0000009760000000) (1024K)]
  0x000001e750ef8d50 ConcurrentGCThread "G1 Service"                [id=14096, stack(0x0000009760000000,0x0000009760100000) (1024K)]
Total: 15

Threads with active compile tasks:
C2 CompilerThread0  21358 8345       4       org.gradle.cache.internal.btree.CachingBlockStore::read (56 bytes)
C1 CompilerThread0  21358 8514   !   3       org.gradle.internal.execution.history.impl.DefaultImmutableWorkspaceMetadataStore::loadWorkspaceMetadata (199 bytes)
C2 CompilerThread1  21358 8347       4       org.gradle.cache.internal.btree.FreeListBlockStore::read (12 bytes)
Total: 3

VM state: at safepoint (normal execution)

VM Mutex/Monitor currently owned by a thread:  ([mutex/lock_event])
[0x00007ffdf48d86d0] Threads_lock - owner thread: 0x000001e7511f4090
[0x00007ffdf48d87d0] Heap_lock - owner thread: 0x000001e757401db0

Heap address: 0x0000000080000000, size: 2048 MB, Compressed Oops mode: 32-bit

CDS archive(s) not mapped
Compressed class space mapped at: 0x0000000100000000-0x0000000140000000, reserved size: 1073741824
Narrow klass base: 0x0000000000000000, Narrow klass shift: 3, Narrow klass range: 0x140000000

GC Precious Log:
 CardTable entry size: 512
 Card Set container configuration: InlinePtr #cards 5 size 8 Array Of Cards #cards 12 size 40 Howl #buckets 4 coarsen threshold 1843 Howl Bitmap #cards 512 size 80 coarsen threshold 460 Card regions per heap region 1 cards per card region 2048
 CPUs: 8 total, 8 available
 Memory: 7502M
 Large Page Support: Disabled
 NUMA Support: Disabled
 Compressed Oops: Enabled (32-bit)
 Heap Region Size: 1M
 Heap Min Capacity: 8M
 Heap Initial Capacity: 118M
 Heap Max Capacity: 2G
 Pre-touch: Disabled
 Parallel Workers: 8
 Concurrent Workers: 2
 Concurrent Refinement Workers: 8
 Periodic GC: Disabled

Heap:
 garbage-first heap   total 113664K, used 106173K [0x0000000080000000, 0x0000000100000000)
  region size 1024K, 55 young (56320K), 4 survivors (4096K)
 Metaspace       used 71627K, committed 73536K, reserved 1114112K
  class space    used 10195K, committed 11072K, reserved 1048576K

Heap Regions: E=young(eden), S=young(survivor), O=old, HS=humongous(starts), HC=humongous(continues), CS=collection set, F=free, TAMS=top-at-mark-start, PB=parsable bottom
|   0|0x0000000080000000, 0x0000000080100000, 0x0000000080100000|100%|HS|  |TAMS 0x0000000080000000| PB 0x0000000080000000| Complete 
|   1|0x0000000080100000, 0x0000000080200000, 0x0000000080200000|100%|HC|  |TAMS 0x0000000080100000| PB 0x0000000080100000| Complete 
|   2|0x0000000080200000, 0x0000000080300000, 0x0000000080300000|100%|HC|  |TAMS 0x0000000080200000| PB 0x0000000080200000| Complete 
|   3|0x0000000080300000, 0x0000000080400000, 0x0000000080400000|100%|HC|  |TAMS 0x0000000080300000| PB 0x0000000080300000| Complete 
|   4|0x0000000080400000, 0x0000000080500000, 0x0000000080500000|100%| O|  |TAMS 0x0000000080400000| PB 0x0000000080400000| Untracked 
|   5|0x0000000080500000, 0x0000000080600000, 0x0000000080600000|100%| O|  |TAMS 0x0000000080500000| PB 0x0000000080500000| Untracked 
|   6|0x0000000080600000, 0x0000000080700000, 0x0000000080700000|100%| O|  |TAMS 0x0000000080600000| PB 0x0000000080600000| Untracked 
|   7|0x0000000080700000, 0x0000000080800000, 0x0000000080800000|100%|HS|  |TAMS 0x0000000080700000| PB 0x0000000080700000| Complete 
|   8|0x0000000080800000, 0x0000000080900000, 0x0000000080900000|100%| O|  |TAMS 0x0000000080800000| PB 0x0000000080800000| Untracked 
|   9|0x0000000080900000, 0x0000000080a00000, 0x0000000080a00000|100%| O|  |TAMS 0x0000000080900000| PB 0x0000000080900000| Untracked 
|  10|0x0000000080a00000, 0x0000000080b00000, 0x0000000080b00000|100%| O|  |TAMS 0x0000000080a00000| PB 0x0000000080a00000| Untracked 
|  11|0x0000000080b00000, 0x0000000080c00000, 0x0000000080c00000|100%| O|  |TAMS 0x0000000080b00000| PB 0x0000000080b00000| Untracked 
|  12|0x0000000080c00000, 0x0000000080d00000, 0x0000000080d00000|100%| O|  |TAMS 0x0000000080c00000| PB 0x0000000080c00000| Untracked 
|  13|0x0000000080d00000, 0x0000000080e00000, 0x0000000080e00000|100%| O|  |TAMS 0x0000000080d00000| PB 0x0000000080d00000| Untracked 
|  14|0x0000000080e00000, 0x0000000080f00000, 0x0000000080f00000|100%| O|  |TAMS 0x0000000080e00000| PB 0x0000000080e00000| Untracked 
|  15|0x0000000080f00000, 0x0000000081000000, 0x0000000081000000|100%| O|  |TAMS 0x0000000080f00000| PB 0x0000000080f00000| Untracked 
|  16|0x0000000081000000, 0x0000000081100000, 0x0000000081100000|100%| O|  |TAMS 0x0000000081000000| PB 0x0000000081000000| Untracked 
|  17|0x0000000081100000, 0x0000000081200000, 0x0000000081200000|100%| O|  |TAMS 0x0000000081100000| PB 0x0000000081100000| Untracked 
|  18|0x0000000081200000, 0x0000000081300000, 0x0000000081300000|100%| O|  |TAMS 0x0000000081200000| PB 0x0000000081200000| Untracked 
|  19|0x0000000081300000, 0x0000000081400000, 0x0000000081400000|100%| O|  |TAMS 0x0000000081300000| PB 0x0000000081300000| Untracked 
|  20|0x0000000081400000, 0x0000000081500000, 0x0000000081500000|100%| O|  |TAMS 0x0000000081400000| PB 0x0000000081400000| Untracked 
|  21|0x0000000081500000, 0x0000000081600000, 0x0000000081600000|100%| O|  |TAMS 0x0000000081500000| PB 0x0000000081500000| Untracked 
|  22|0x0000000081600000, 0x0000000081700000, 0x0000000081700000|100%| O|  |TAMS 0x0000000081600000| PB 0x0000000081600000| Untracked 
|  23|0x0000000081700000, 0x0000000081800000, 0x0000000081800000|100%| O|  |TAMS 0x0000000081700000| PB 0x0000000081700000| Untracked 
|  24|0x0000000081800000, 0x0000000081900000, 0x0000000081900000|100%| O|CS|TAMS 0x0000000081800000| PB 0x0000000081800000| Complete 
|  25|0x0000000081900000, 0x0000000081a00000, 0x0000000081a00000|100%| O|  |TAMS 0x0000000081900000| PB 0x0000000081900000| Untracked 
|  26|0x0000000081a00000, 0x0000000081b00000, 0x0000000081b00000|100%| O|  |TAMS 0x0000000081a00000| PB 0x0000000081a00000| Untracked 
|  27|0x0000000081b00000, 0x0000000081c00000, 0x0000000081c00000|100%| O|  |TAMS 0x0000000081b00000| PB 0x0000000081b00000| Untracked 
|  28|0x0000000081c00000, 0x0000000081d00000, 0x0000000081d00000|100%| O|  |TAMS 0x0000000081c00000| PB 0x0000000081c00000| Untracked 
|  29|0x0000000081d00000, 0x0000000081e00000, 0x0000000081e00000|100%| O|  |TAMS 0x0000000081d00000| PB 0x0000000081d00000| Untracked 
|  30|0x0000000081e00000, 0x0000000081f00000, 0x0000000081f00000|100%| O|  |TAMS 0x0000000081e00000| PB 0x0000000081e00000| Untracked 
|  31|0x0000000081f00000, 0x0000000082000000, 0x0000000082000000|100%|HS|  |TAMS 0x0000000081f00000| PB 0x0000000081f00000| Complete 
|  32|0x0000000082000000, 0x0000000082100000, 0x0000000082100000|100%|HC|  |TAMS 0x0000000082000000| PB 0x0000000082000000| Complete 
|  33|0x0000000082100000, 0x0000000082200000, 0x0000000082200000|100%| O|  |TAMS 0x0000000082100000| PB 0x0000000082100000| Untracked 
|  34|0x0000000082200000, 0x0000000082300000, 0x0000000082300000|100%| O|  |TAMS 0x0000000082200000| PB 0x0000000082200000| Untracked 
|  35|0x0000000082300000, 0x0000000082400000, 0x0000000082400000|100%| O|  |TAMS 0x0000000082300000| PB 0x0000000082300000| Untracked 
|  36|0x0000000082400000, 0x0000000082500000, 0x0000000082500000|100%| O|  |TAMS 0x0000000082400000| PB 0x0000000082400000| Untracked 
|  37|0x0000000082500000, 0x0000000082600000, 0x0000000082600000|100%| O|  |TAMS 0x0000000082500000| PB 0x0000000082500000| Untracked 
|  38|0x0000000082600000, 0x0000000082700000, 0x0000000082700000|100%| O|  |TAMS 0x0000000082600000| PB 0x0000000082600000| Untracked 
|  39|0x0000000082700000, 0x0000000082796ac0, 0x0000000082800000| 58%| O|  |TAMS 0x0000000082700000| PB 0x0000000082700000| Untracked 
|  40|0x0000000082800000, 0x0000000082900000, 0x0000000082900000|100%| O|  |TAMS 0x0000000082800000| PB 0x0000000082800000| Untracked 
|  41|0x0000000082900000, 0x0000000082a00000, 0x0000000082a00000|100%| O|  |TAMS 0x0000000082900000| PB 0x0000000082900000| Untracked 
|  42|0x0000000082a00000, 0x0000000082b00000, 0x0000000082b00000|100%| O|  |TAMS 0x0000000082a00000| PB 0x0000000082a00000| Untracked 
|  43|0x0000000082b00000, 0x0000000082c00000, 0x0000000082c00000|100%| O|  |TAMS 0x0000000082b00000| PB 0x0000000082b00000| Untracked 
|  44|0x0000000082c00000, 0x0000000082d00000, 0x0000000082d00000|100%| O|  |TAMS 0x0000000082c00000| PB 0x0000000082c00000| Untracked 
|  45|0x0000000082d00000, 0x0000000082e00000, 0x0000000082e00000|100%| O|  |TAMS 0x0000000082d00000| PB 0x0000000082d00000| Untracked 
|  46|0x0000000082e00000, 0x0000000082f00000, 0x0000000082f00000|100%| O|  |TAMS 0x0000000082e00000| PB 0x0000000082e00000| Untracked 
|  47|0x0000000082f00000, 0x0000000083000000, 0x0000000083000000|100%| O|  |TAMS 0x0000000082f00000| PB 0x0000000082f00000| Untracked 
|  48|0x0000000083000000, 0x0000000083000000, 0x0000000083100000|  0%| F|  |TAMS 0x0000000083000000| PB 0x0000000083000000| Untracked 
|  49|0x0000000083100000, 0x0000000083153440, 0x0000000083200000| 32%| S|  |TAMS 0x0000000083100000| PB 0x0000000083100000| Complete 
|  50|0x0000000083200000, 0x00000000832c8d60, 0x0000000083300000| 78%| E|CS|TAMS 0x0000000083200000| PB 0x0000000083200000| Complete 
|  51|0x0000000083300000, 0x0000000083400000, 0x0000000083400000|100%| E|CS|TAMS 0x0000000083300000| PB 0x0000000083300000| Complete 
|  52|0x0000000083400000, 0x0000000083500000, 0x0000000083500000|100%| S|  |TAMS 0x0000000083400000| PB 0x0000000083400000| Complete 
|  53|0x0000000083500000, 0x0000000083600000, 0x0000000083600000|100%| S|  |TAMS 0x0000000083500000| PB 0x0000000083500000| Complete 
|  54|0x0000000083600000, 0x0000000083700000, 0x0000000083700000|100%| S|  |TAMS 0x0000000083600000| PB 0x0000000083600000| Complete 
|  55|0x0000000083700000, 0x0000000083800000, 0x0000000083800000|100%| S|  |TAMS 0x0000000083700000| PB 0x0000000083700000| Complete 
|  56|0x0000000083800000, 0x0000000083800000, 0x0000000083900000|  0%| F|CS|TAMS 0x0000000083800000| PB 0x0000000083800000| Untracked 
|  57|0x0000000083900000, 0x0000000083900000, 0x0000000083a00000|  0%| F|CS|TAMS 0x0000000083900000| PB 0x0000000083900000| Untracked 
|  58|0x0000000083a00000, 0x0000000083a00000, 0x0000000083b00000|  0%| F|  |TAMS 0x0000000083a00000| PB 0x0000000083a00000| Untracked 
|  59|0x0000000083b00000, 0x0000000083b00000, 0x0000000083c00000|  0%| F|  |TAMS 0x0000000083b00000| PB 0x0000000083b00000| Untracked 
|  60|0x0000000083c00000, 0x0000000083c00000, 0x0000000083d00000|  0%| F|  |TAMS 0x0000000083c00000| PB 0x0000000083c00000| Untracked 
|  61|0x0000000083d00000, 0x0000000083d00000, 0x0000000083e00000|  0%| F|  |TAMS 0x0000000083d00000| PB 0x0000000083d00000| Untracked 
|  62|0x0000000083e00000, 0x0000000083e00000, 0x0000000083f00000|  0%| F|  |TAMS 0x0000000083e00000| PB 0x0000000083e00000| Untracked 
|  63|0x0000000083f00000, 0x0000000083f00000, 0x0000000084000000|  0%| F|  |TAMS 0x0000000083f00000| PB 0x0000000083f00000| Untracked 
|  64|0x0000000084000000, 0x0000000084000000, 0x0000000084100000|  0%| F|  |TAMS 0x0000000084000000| PB 0x0000000084000000| Untracked 
|  65|0x0000000084100000, 0x0000000084100000, 0x0000000084200000|  0%| F|  |TAMS 0x0000000084100000| PB 0x0000000084100000| Untracked 
|  66|0x0000000084200000, 0x0000000084200000, 0x0000000084300000|  0%| F|  |TAMS 0x0000000084200000| PB 0x0000000084200000| Untracked 
|  67|0x0000000084300000, 0x0000000084300000, 0x0000000084400000|  0%| F|  |TAMS 0x0000000084300000| PB 0x0000000084300000| Untracked 
|  68|0x0000000084400000, 0x0000000084400000, 0x0000000084500000|  0%| F|  |TAMS 0x0000000084400000| PB 0x0000000084400000| Untracked 
|  69|0x0000000084500000, 0x0000000084500000, 0x0000000084600000|  0%| F|  |TAMS 0x0000000084500000| PB 0x0000000084500000| Untracked 
|  70|0x0000000084600000, 0x0000000084600000, 0x0000000084700000|  0%| F|  |TAMS 0x0000000084600000| PB 0x0000000084600000| Untracked 
|  71|0x0000000084700000, 0x0000000084700000, 0x0000000084800000|  0%| F|  |TAMS 0x0000000084700000| PB 0x0000000084700000| Untracked 
|  72|0x0000000084800000, 0x0000000084800000, 0x0000000084900000|  0%| F|  |TAMS 0x0000000084800000| PB 0x0000000084800000| Untracked 
|  73|0x0000000084900000, 0x0000000084900000, 0x0000000084a00000|  0%| F|  |TAMS 0x0000000084900000| PB 0x0000000084900000| Untracked 
|  74|0x0000000084a00000, 0x0000000084a00000, 0x0000000084b00000|  0%| F|  |TAMS 0x0000000084a00000| PB 0x0000000084a00000| Untracked 
|  75|0x0000000084b00000, 0x0000000084b00000, 0x0000000084c00000|  0%| F|  |TAMS 0x0000000084b00000| PB 0x0000000084b00000| Untracked 
|  76|0x0000000084c00000, 0x0000000084c00000, 0x0000000084d00000|  0%| F|  |TAMS 0x0000000084c00000| PB 0x0000000084c00000| Untracked 
|  77|0x0000000084d00000, 0x0000000084d00000, 0x0000000084e00000|  0%| F|  |TAMS 0x0000000084d00000| PB 0x0000000084d00000| Untracked 
|  78|0x0000000084e00000, 0x0000000084e00000, 0x0000000084f00000|  0%| F|  |TAMS 0x0000000084e00000| PB 0x0000000084e00000| Untracked 
|  79|0x0000000084f00000, 0x0000000084f00000, 0x0000000085000000|  0%| F|  |TAMS 0x0000000084f00000| PB 0x0000000084f00000| Untracked 
|  80|0x0000000085000000, 0x0000000085000000, 0x0000000085100000|  0%| F|  |TAMS 0x0000000085000000| PB 0x0000000085000000| Untracked 
|  81|0x0000000085100000, 0x0000000085100000, 0x0000000085200000|  0%| F|  |TAMS 0x0000000085100000| PB 0x0000000085100000| Untracked 
|  82|0x0000000085200000, 0x0000000085200000, 0x0000000085300000|  0%| F|  |TAMS 0x0000000085200000| PB 0x0000000085200000| Untracked 
|  83|0x0000000085300000, 0x0000000085300000, 0x0000000085400000|  0%| F|  |TAMS 0x0000000085300000| PB 0x0000000085300000| Untracked 
|  84|0x0000000085400000, 0x0000000085400000, 0x0000000085500000|  0%| F|  |TAMS 0x0000000085400000| PB 0x0000000085400000| Untracked 
|  85|0x0000000085500000, 0x0000000085500000, 0x0000000085600000|  0%| F|  |TAMS 0x0000000085500000| PB 0x0000000085500000| Untracked 
|  86|0x0000000085600000, 0x0000000085600000, 0x0000000085700000|  0%| F|  |TAMS 0x0000000085600000| PB 0x0000000085600000| Untracked 
|  87|0x0000000085700000, 0x0000000085700000, 0x0000000085800000|  0%| F|  |TAMS 0x0000000085700000| PB 0x0000000085700000| Untracked 
|  88|0x0000000085800000, 0x0000000085800000, 0x0000000085900000|  0%| F|  |TAMS 0x0000000085800000| PB 0x0000000085800000| Untracked 
|  89|0x0000000085900000, 0x0000000085900000, 0x0000000085a00000|  0%| F|  |TAMS 0x0000000085900000| PB 0x0000000085900000| Untracked 
|  90|0x0000000085a00000, 0x0000000085a00000, 0x0000000085b00000|  0%| F|  |TAMS 0x0000000085a00000| PB 0x0000000085a00000| Untracked 
|  91|0x0000000085b00000, 0x0000000085b00000, 0x0000000085c00000|  0%| F|  |TAMS 0x0000000085b00000| PB 0x0000000085b00000| Untracked 
|  92|0x0000000085c00000, 0x0000000085c00000, 0x0000000085d00000|  0%| F|  |TAMS 0x0000000085c00000| PB 0x0000000085c00000| Untracked 
|  93|0x0000000085d00000, 0x0000000085d00000, 0x0000000085e00000|  0%| F|  |TAMS 0x0000000085d00000| PB 0x0000000085d00000| Untracked 
|  94|0x0000000085e00000, 0x0000000085e00000, 0x0000000085f00000|  0%| F|  |TAMS 0x0000000085e00000| PB 0x0000000085e00000| Untracked 
|  95|0x0000000085f00000, 0x0000000085f00000, 0x0000000086000000|  0%| F|  |TAMS 0x0000000085f00000| PB 0x0000000085f00000| Untracked 
|  96|0x0000000086000000, 0x0000000086000000, 0x0000000086100000|  0%| F|  |TAMS 0x0000000086000000| PB 0x0000000086000000| Untracked 
|  97|0x0000000086100000, 0x0000000086100000, 0x0000000086200000|  0%| F|  |TAMS 0x0000000086100000| PB 0x0000000086100000| Untracked 
|  98|0x0000000086200000, 0x0000000086200000, 0x0000000086300000|  0%| F|  |TAMS 0x0000000086200000| PB 0x0000000086200000| Untracked 
|  99|0x0000000086300000, 0x0000000086300000, 0x0000000086400000|  0%| F|  |TAMS 0x0000000086300000| PB 0x0000000086300000| Untracked 
| 100|0x0000000086400000, 0x0000000086400000, 0x0000000086500000|  0%| F|  |TAMS 0x0000000086400000| PB 0x0000000086400000| Untracked 
| 101|0x0000000086500000, 0x0000000086500000, 0x0000000086600000|  0%| F|  |TAMS 0x0000000086500000| PB 0x0000000086500000| Untracked 
| 102|0x0000000086600000, 0x0000000086600000, 0x0000000086700000|  0%| F|  |TAMS 0x0000000086600000| PB 0x0000000086600000| Untracked 
| 103|0x0000000086700000, 0x0000000086700000, 0x0000000086800000|  0%| F|  |TAMS 0x0000000086700000| PB 0x0000000086700000| Untracked 
| 104|0x0000000086800000, 0x0000000086800000, 0x0000000086900000|  0%| F|  |TAMS 0x0000000086800000| PB 0x0000000086800000| Untracked 
| 105|0x0000000086900000, 0x0000000086900000, 0x0000000086a00000|  0%| F|  |TAMS 0x0000000086900000| PB 0x0000000086900000| Untracked 
| 106|0x0000000086a00000, 0x0000000086a00000, 0x0000000086b00000|  0%| F|  |TAMS 0x0000000086a00000| PB 0x0000000086a00000| Untracked 
| 117|0x0000000087500000, 0x0000000087500000, 0x0000000087600000|  0%| F|  |TAMS 0x0000000087500000| PB 0x0000000087500000| Untracked 
|2045|0x00000000ffd00000, 0x00000000ffe00000, 0x00000000ffe00000|100%| O|  |TAMS 0x00000000ffd00000| PB 0x00000000ffd00000| Untracked 
|2046|0x00000000ffe00000, 0x00000000ffe00000, 0x00000000fff00000|  0%| F|  |TAMS 0x00000000ffe00000| PB 0x00000000ffe00000| Untracked 
|2047|0x00000000fff00000, 0x0000000100000000, 0x0000000100000000|100%| O|  |TAMS 0x00000000fff00000| PB 0x00000000fff00000| Untracked 

Card table byte_map: [0x000001e74c230000,0x000001e74c630000] _byte_map_base: 0x000001e74be30000

Marking Bits: (CMBitMap*) 0x000001e7399f3c20
 Bits: [0x000001e74c630000, 0x000001e74e630000)

Polling page: 0x000001e737780000

Metaspace:

Usage:
  Non-class:     59.99 MB used.
      Class:      9.96 MB used.
       Both:     69.95 MB used.

Virtual space:
  Non-class space:       64.00 MB reserved,      61.00 MB ( 95%) committed,  1 nodes.
      Class space:        1.00 GB reserved,      10.81 MB (  1%) committed,  1 nodes.
             Both:        1.06 GB reserved,      71.81 MB (  7%) committed. 

Chunk freelists:
   Non-Class:  3.05 MB
       Class:  5.00 MB
        Both:  8.05 MB

MaxMetaspaceSize: unlimited
CompressedClassSpaceSize: 1.00 GB
Initial GC threshold: 21.00 MB
Current GC threshold: 119.62 MB
CDS: off
 - commit_granule_bytes: 65536.
 - commit_granule_words: 8192.
 - virtual_space_node_default_size: 8388608.
 - enlarge_chunks_in_place: 1.
 - use_allocation_guard: 0.


Internal statistics:

num_allocs_failed_limit: 9.
num_arena_births: 3594.
num_arena_deaths: 0.
num_vsnodes_births: 2.
num_vsnodes_deaths: 0.
num_space_committed: 1149.
num_space_uncommitted: 0.
num_chunks_returned_to_freelist: 9.
num_chunks_taken_from_freelist: 6679.
num_chunk_merges: 6.
num_chunk_splits: 4319.
num_chunks_enlarged: 2620.
num_inconsistent_stats: 0.

CodeHeap 'non-profiled nmethods': size=120000Kb used=3794Kb max_used=4299Kb free=116205Kb
 bounds [0x000001e7445d0000, 0x000001e744a10000, 0x000001e74bb00000]
CodeHeap 'profiled nmethods': size=120000Kb used=13257Kb max_used=13550Kb free=106742Kb
 bounds [0x000001e73cb00000, 0x000001e73d840000, 0x000001e744030000]
CodeHeap 'non-nmethods': size=5760Kb used=1901Kb max_used=1957Kb free=3858Kb
 bounds [0x000001e744030000, 0x000001e7442a0000, 0x000001e7445d0000]
CodeCache: size=245760Kb, used=18952Kb, max_used=19806Kb, free=226805Kb
 total_blobs=7988, nmethods=7201, adapters=691, full_count=0
Compilation: enabled, stopped_count=0, restarted_count=0

Compilation events (20 events):
Event: 19.328 Thread 0x000001e7512b00a0 nmethod 8498 0x000001e73cd7b710 code [0x000001e73cd7b920, 0x000001e73cd7bfe0]
Event: 19.328 Thread 0x000001e7512b00a0 8499       3       org.gradle.internal.execution.workspace.impl.CacheBasedImmutableWorkspaceProvider$CacheContainer$$Lambda/0x00000001006a2fa0::<init> (15 bytes)
Event: 19.328 Thread 0x000001e7512b00a0 nmethod 8499 0x000001e73d5e2790 code [0x000001e73d5e2940, 0x000001e73d5e2b60]
Event: 19.328 Thread 0x000001e7512b00a0 8500       3       org.gradle.cache.internal.DefaultCacheFactory$ReferenceTrackingCache::withFileLock (14 bytes)
Event: 19.329 Thread 0x000001e7512b00a0 nmethod 8500 0x000001e73cbc8a10 code [0x000001e73cbc8be0, 0x000001e73cbc8f38]
Event: 19.329 Thread 0x000001e7512b00a0 8501       3       org.gradle.cache.internal.DefaultPersistentDirectoryStore::withFileLock (9 bytes)
Event: 19.329 Thread 0x000001e7512b00a0 nmethod 8501 0x000001e73d4c3810 code [0x000001e73d4c39c0, 0x000001e73d4c3bf0]
Event: 19.329 Thread 0x000001e7512b00a0 8502       3       com.google.common.collect.ImmutableMapEntrySet::isHashCodeFast (8 bytes)
Event: 19.329 Thread 0x000001e7512b00a0 nmethod 8502 0x000001e73d39bc10 code [0x000001e73d39bde0, 0x000001e73d39c060]
Event: 19.329 Thread 0x000001e7512b00a0 8505       3       org.gradle.internal.execution.steps.AssignImmutableWorkspaceStep::execute (10 bytes)
Event: 19.330 Thread 0x000001e7512b00a0 nmethod 8505 0x000001e73d682710 code [0x000001e73d6828c0, 0x000001e73d682ae0]
Event: 19.330 Thread 0x000001e7512b00a0 8506       3       org.gradle.internal.execution.steps.AssignImmutableWorkspaceStep$$Lambda/0x00000001006a17c0::get (20 bytes)
Event: 19.330 Thread 0x000001e7512b00a0 nmethod 8506 0x000001e73d167e90 code [0x000001e73d168040, 0x000001e73d168198]
Event: 19.330 Thread 0x000001e7512b00a0 8507       3       org.gradle.internal.snapshot.impl.DirectorySnapshotter$PathVisitor::<init> (101 bytes)
Event: 19.332 Thread 0x000001e7512b00a0 nmethod 8507 0x000001e73ccc7b90 code [0x000001e73ccc7ec0, 0x000001e73ccc9578]
Event: 19.332 Thread 0x000001e7512b00a0 8510       3       org.gradle.internal.snapshot.impl.DirectorySnapshotterStatistics$Collector::recordVisitHierarchy (9 bytes)
Event: 19.332 Thread 0x000001e7512b00a0 nmethod 8510 0x000001e73d1f5890 code [0x000001e73d1f5a40, 0x000001e73d1f5b80]
Event: 19.332 Thread 0x000001e7512b00a0 8511       3       org.gradle.internal.snapshot.impl.FilteredTrackingMerkleDirectorySnapshotBuilder::sortingRequired (9 bytes)
Event: 19.332 Thread 0x000001e7512b00a0 nmethod 8511 0x000001e73d2abb10 code [0x000001e73d2abcc0, 0x000001e73d2abe40]
Event: 19.332 Thread 0x000001e7512b00a0 8514   !   3       org.gradle.internal.execution.history.impl.DefaultImmutableWorkspaceMetadataStore::loadWorkspaceMetadata (199 bytes)

GC Heap History (20 events):
Event: 8.631 GC heap before
{Heap before GC invocations=13 (full 0):
 garbage-first heap   total 87040K, used 78548K [0x0000000080000000, 0x0000000100000000)
  region size 1024K, 47 young (48128K), 7 survivors (7168K)
 Metaspace       used 55950K, committed 57536K, reserved 1114112K
  class space    used 7889K, committed 8640K, reserved 1048576K
}
Event: 8.639 GC heap after
{Heap after GC invocations=14 (full 0):
 garbage-first heap   total 91136K, used 42728K [0x0000000080000000, 0x0000000100000000)
  region size 1024K, 5 young (5120K), 5 survivors (5120K)
 Metaspace       used 55950K, committed 57536K, reserved 1114112K
  class space    used 7889K, committed 8640K, reserved 1048576K
}
Event: 8.846 GC heap before
{Heap before GC invocations=14 (full 0):
 garbage-first heap   total 91136K, used 80616K [0x0000000080000000, 0x0000000100000000)
  region size 1024K, 42 young (43008K), 5 survivors (5120K)
 Metaspace       used 56697K, committed 58304K, reserved 1114112K
  class space    used 8011K, committed 8768K, reserved 1048576K
}
Event: 8.849 GC heap after
{Heap after GC invocations=15 (full 0):
 garbage-first heap   total 91136K, used 43837K [0x0000000080000000, 0x0000000100000000)
  region size 1024K, 1 young (1024K), 1 survivors (1024K)
 Metaspace       used 56697K, committed 58304K, reserved 1114112K
  class space    used 8011K, committed 8768K, reserved 1048576K
}
Event: 9.130 GC heap before
{Heap before GC invocations=15 (full 0):
 garbage-first heap   total 91136K, used 60221K [0x0000000080000000, 0x0000000100000000)
  region size 1024K, 18 young (18432K), 1 survivors (1024K)
 Metaspace       used 58620K, committed 60288K, reserved 1114112K
  class space    used 8325K, committed 9152K, reserved 1048576K
}
Event: 9.133 GC heap after
{Heap after GC invocations=16 (full 0):
 garbage-first heap   total 91136K, used 44183K [0x0000000080000000, 0x0000000100000000)
  region size 1024K, 2 young (2048K), 2 survivors (2048K)
 Metaspace       used 58620K, committed 60288K, reserved 1114112K
  class space    used 8325K, committed 9152K, reserved 1048576K
}
Event: 9.757 GC heap before
{Heap before GC invocations=17 (full 0):
 garbage-first heap   total 91136K, used 82071K [0x0000000080000000, 0x0000000100000000)
  region size 1024K, 39 young (39936K), 2 survivors (2048K)
 Metaspace       used 63270K, committed 64960K, reserved 1114112K
  class space    used 9002K, committed 9792K, reserved 1048576K
}
Event: 9.761 GC heap after
{Heap after GC invocations=18 (full 0):
 garbage-first heap   total 91136K, used 45619K [0x0000000080000000, 0x0000000100000000)
  region size 1024K, 3 young (3072K), 3 survivors (3072K)
 Metaspace       used 63270K, committed 64960K, reserved 1114112K
  class space    used 9002K, committed 9792K, reserved 1048576K
}
Event: 10.437 GC heap before
{Heap before GC invocations=18 (full 0):
 garbage-first heap   total 91136K, used 83507K [0x0000000080000000, 0x0000000100000000)
  region size 1024K, 40 young (40960K), 3 survivors (3072K)
 Metaspace       used 68409K, committed 70208K, reserved 1114112K
  class space    used 9793K, committed 10624K, reserved 1048576K
}
Event: 10.444 GC heap after
{Heap after GC invocations=19 (full 0):
 garbage-first heap   total 91136K, used 47139K [0x0000000080000000, 0x0000000100000000)
  region size 1024K, 5 young (5120K), 5 survivors (5120K)
 Metaspace       used 68409K, committed 70208K, reserved 1114112K
  class space    used 9793K, committed 10624K, reserved 1048576K
}
Event: 11.379 GC heap before
{Heap before GC invocations=19 (full 0):
 garbage-first heap   total 91136K, used 84003K [0x0000000080000000, 0x0000000100000000)
  region size 1024K, 41 young (41984K), 5 survivors (5120K)
 Metaspace       used 71105K, committed 73024K, reserved 1114112K
  class space    used 10186K, committed 11072K, reserved 1048576K
}
Event: 11.385 GC heap after
{Heap after GC invocations=20 (full 0):
 garbage-first heap   total 113664K, used 50468K [0x0000000080000000, 0x0000000100000000)
  region size 1024K, 6 young (6144K), 6 survivors (6144K)
 Metaspace       used 71105K, committed 73024K, reserved 1114112K
  class space    used 10186K, committed 11072K, reserved 1048576K
}
Event: 11.770 GC heap before
{Heap before GC invocations=21 (full 0):
 garbage-first heap   total 113664K, used 100644K [0x0000000080000000, 0x0000000100000000)
  region size 1024K, 56 young (57344K), 6 survivors (6144K)
 Metaspace       used 71346K, committed 73216K, reserved 1114112K
  class space    used 10187K, committed 11072K, reserved 1048576K
}
Event: 11.775 GC heap after
{Heap after GC invocations=22 (full 0):
 garbage-first heap   total 113664K, used 52265K [0x0000000080000000, 0x0000000100000000)
  region size 1024K, 6 young (6144K), 6 survivors (6144K)
 Metaspace       used 71346K, committed 73216K, reserved 1114112K
  class space    used 10187K, committed 11072K, reserved 1048576K
}
Event: 11.943 GC heap before
{Heap before GC invocations=22 (full 0):
 garbage-first heap   total 113664K, used 102441K [0x0000000080000000, 0x0000000100000000)
  region size 1024K, 56 young (57344K), 6 survivors (6144K)
 Metaspace       used 71448K, committed 73280K, reserved 1114112K
  class space    used 10187K, committed 11072K, reserved 1048576K
}
Event: 11.949 GC heap after
{Heap after GC invocations=23 (full 0):
 garbage-first heap   total 113664K, used 52820K [0x0000000080000000, 0x0000000100000000)
  region size 1024K, 3 young (3072K), 3 survivors (3072K)
 Metaspace       used 71448K, committed 73280K, reserved 1114112K
  class space    used 10187K, committed 11072K, reserved 1048576K
}
Event: 18.071 GC heap before
{Heap before GC invocations=23 (full 0):
 garbage-first heap   total 113664K, used 104020K [0x0000000080000000, 0x0000000100000000)
  region size 1024K, 54 young (55296K), 3 survivors (3072K)
 Metaspace       used 71522K, committed 73408K, reserved 1114112K
  class space    used 10190K, committed 11072K, reserved 1048576K
}
Event: 18.075 GC heap after
{Heap after GC invocations=24 (full 0):
 garbage-first heap   total 113664K, used 53362K [0x0000000080000000, 0x0000000100000000)
  region size 1024K, 4 young (4096K), 4 survivors (4096K)
 Metaspace       used 71522K, committed 73408K, reserved 1114112K
  class space    used 10190K, committed 11072K, reserved 1048576K
}
Event: 18.264 GC heap before
{Heap before GC invocations=25 (full 0):
 garbage-first heap   total 113664K, used 105586K [0x0000000080000000, 0x0000000100000000)
  region size 1024K, 55 young (56320K), 4 survivors (4096K)
 Metaspace       used 71554K, committed 73472K, reserved 1114112K
  class space    used 10195K, committed 11072K, reserved 1048576K
}
Event: 18.268 GC heap after
{Heap after GC invocations=26 (full 0):
 garbage-first heap   total 113664K, used 53949K [0x0000000080000000, 0x0000000100000000)
  region size 1024K, 4 young (4096K), 4 survivors (4096K)
 Metaspace       used 71554K, committed 73472K, reserved 1114112K
  class space    used 10195K, committed 11072K, reserved 1048576K
}

Dll operation events (3 events):
Event: 0.017 Loaded shared library C:\Program Files\Android\Android Studio\jbr\bin\java.dll
Event: 0.024 Loaded shared library C:\Program Files\Android\Android Studio\jbr\bin\zip.dll
Event: 1.044 Loaded shared library C:\Program Files\Android\Android Studio\jbr\bin\verify.dll

Deoptimization events (20 events):
Event: 18.082 Thread 0x000001e75793bb80 DEOPT PACKING pc=0x000001e73d1c37d1 sp=0x00000097617fe6b0
Event: 18.082 Thread 0x000001e75793bb80 DEOPT UNPACKING pc=0x000001e744084b42 sp=0x00000097617fdbf0 mode 0
Event: 18.088 Thread 0x000001e7583be540 Uncommon trap: trap_request=0xffffffde fr.pc=0x000001e74492bff8 relative=0x00000000000002b8
Event: 18.088 Thread 0x000001e7583be540 Uncommon trap: reason=class_check action=maybe_recompile pc=0x000001e74492bff8 method=java.util.concurrent.ConcurrentHashMap.get(Ljava/lang/Object;)Ljava/lang/Object; @ 93 c2
Event: 18.088 Thread 0x000001e7583be540 DEOPT PACKING pc=0x000001e74492bff8 sp=0x0000009765efdde0
Event: 18.088 Thread 0x000001e7583be540 DEOPT UNPACKING pc=0x000001e7440843a2 sp=0x0000009765efdd38 mode 2
Event: 18.097 Thread 0x000001e757401db0 Uncommon trap: trap_request=0xffffffde fr.pc=0x000001e74492bff8 relative=0x00000000000002b8
Event: 18.097 Thread 0x000001e757401db0 Uncommon trap: reason=class_check action=maybe_recompile pc=0x000001e74492bff8 method=java.util.concurrent.ConcurrentHashMap.get(Ljava/lang/Object;)Ljava/lang/Object; @ 93 c2
Event: 18.097 Thread 0x000001e757401db0 DEOPT PACKING pc=0x000001e74492bff8 sp=0x0000009761bf6e50
Event: 18.097 Thread 0x000001e757401db0 DEOPT UNPACKING pc=0x000001e7440843a2 sp=0x0000009761bf6da8 mode 2
Event: 18.097 Thread 0x000001e757401db0 Uncommon trap: trap_request=0xffffffde fr.pc=0x000001e74492bff8 relative=0x00000000000002b8
Event: 18.097 Thread 0x000001e757401db0 Uncommon trap: reason=class_check action=maybe_recompile pc=0x000001e74492bff8 method=java.util.concurrent.ConcurrentHashMap.get(Ljava/lang/Object;)Ljava/lang/Object; @ 93 c2
Event: 18.097 Thread 0x000001e757401db0 DEOPT PACKING pc=0x000001e74492bff8 sp=0x0000009761bf6e50
Event: 18.097 Thread 0x000001e757401db0 DEOPT UNPACKING pc=0x000001e7440843a2 sp=0x0000009761bf6da8 mode 2
Event: 18.097 Thread 0x000001e7583bcb00 Uncommon trap: trap_request=0xffffffde fr.pc=0x000001e74492bff8 relative=0x00000000000002b8
Event: 18.097 Thread 0x000001e7583bcb00 Uncommon trap: reason=class_check action=maybe_recompile pc=0x000001e74492bff8 method=java.util.concurrent.ConcurrentHashMap.get(Ljava/lang/Object;)Ljava/lang/Object; @ 93 c2
Event: 18.097 Thread 0x000001e7583bcb00 DEOPT PACKING pc=0x000001e74492bff8 sp=0x0000009765cfd7d0
Event: 18.097 Thread 0x000001e7583bcb00 DEOPT UNPACKING pc=0x000001e7440843a2 sp=0x0000009765cfd728 mode 2
Event: 18.126 Thread 0x000001e7583bd820 DEOPT PACKING pc=0x000001e73cd60eac sp=0x00000097659fc990
Event: 18.126 Thread 0x000001e7583bd820 DEOPT UNPACKING pc=0x000001e744084b42 sp=0x00000097659fbe20 mode 0

Classes loaded (20 events):
Event: 10.911 Loading class sun/util/logging/PlatformLogger$ConfigurableBridge$LoggerConfiguration done
Event: 10.911 Loading class sun/util/logging/internal/LoggingProviderImpl$JULWrapper done
Event: 10.911 Loading class java/io/ObjectInputFilter$Config$BuiltinFilterFactory
Event: 10.912 Loading class java/io/ObjectInputFilter$Config$BuiltinFilterFactory done
Event: 10.912 Loading class jdk/internal/access/JavaObjectInputFilterAccess
Event: 10.912 Loading class jdk/internal/access/JavaObjectInputFilterAccess done
Event: 10.912 Loading class jdk/internal/event/DeserializationEvent
Event: 10.912 Loading class jdk/internal/event/DeserializationEvent done
Event: 10.912 Loading class java/io/ObjectInputStream$FieldValues
Event: 10.913 Loading class java/io/ObjectInputStream$GetField
Event: 10.913 Loading class java/io/ObjectInputStream$GetField done
Event: 10.913 Loading class java/io/ObjectInputStream$FieldValues done
Event: 11.268 Loading class java/util/LinkedList$LLSpliterator
Event: 11.268 Loading class java/util/LinkedList$LLSpliterator done
Event: 11.436 Loading class java/util/concurrent/atomic/Striped64$Cell
Event: 11.437 Loading class java/util/concurrent/atomic/Striped64$Cell done
Event: 14.036 Loading class java/util/concurrent/LinkedBlockingDeque$Itr
Event: 18.064 Loading class java/util/concurrent/LinkedBlockingDeque$AbstractItr
Event: 18.064 Loading class java/util/concurrent/LinkedBlockingDeque$AbstractItr done
Event: 18.064 Loading class java/util/concurrent/LinkedBlockingDeque$Itr done

Classes unloaded (0 events):
No events

Classes redefined (0 events):
No events

Internal exceptions (20 events):
Event: 19.349 Thread 0x000001e7583bd190 Exception <a 'sun/nio/fs/WindowsException'{0x00000000849c4578}> (0x00000000849c4578) 
thrown [s\src\hotspot\share\prims\jni.cpp, line 537]
Event: 19.351 Thread 0x000001e7583baa30 Exception <a 'sun/nio/fs/WindowsException'{0x00000000847b65e0}> (0x00000000847b65e0) 
thrown [s\src\hotspot\share\prims\jni.cpp, line 537]
Event: 19.351 Thread 0x000001e7583bcb00 Exception <a 'sun/nio/fs/WindowsException'{0x000000008479a048}> (0x000000008479a048) 
thrown [s\src\hotspot\share\prims\jni.cpp, line 537]
Event: 19.352 Thread 0x000001e757401db0 Exception <a 'sun/nio/fs/WindowsException'{0x00000000847e4600}> (0x00000000847e4600) 
thrown [s\src\hotspot\share\prims\jni.cpp, line 537]
Event: 19.352 Thread 0x000001e7583bb0c0 Exception <a 'sun/nio/fs/WindowsException'{0x000000008465d9f0}> (0x000000008465d9f0) 
thrown [s\src\hotspot\share\prims\jni.cpp, line 537]
Event: 19.357 Thread 0x000001e7583bd820 Exception <a 'sun/nio/fs/WindowsException'{0x000000008459b4f8}> (0x000000008459b4f8) 
thrown [s\src\hotspot\share\prims\jni.cpp, line 537]
Event: 19.358 Thread 0x000001e7583bd190 Exception <a 'sun/nio/fs/WindowsException'{0x0000000084469d20}> (0x0000000084469d20) 
thrown [s\src\hotspot\share\prims\jni.cpp, line 537]
Event: 19.359 Thread 0x000001e7583be540 Exception <a 'sun/nio/fs/WindowsException'{0x00000000843abf18}> (0x00000000843abf18) 
thrown [s\src\hotspot\share\prims\jni.cpp, line 537]
Event: 19.361 Thread 0x000001e7583bb0c0 Exception <a 'sun/nio/fs/WindowsException'{0x0000000084115448}> (0x0000000084115448) 
thrown [s\src\hotspot\share\prims\jni.cpp, line 537]
Event: 19.361 Thread 0x000001e7583baa30 Exception <a 'sun/nio/fs/WindowsException'{0x00000000843949a8}> (0x00000000843949a8) 
thrown [s\src\hotspot\share\prims\jni.cpp, line 537]
Event: 19.361 Thread 0x000001e7583bdeb0 Exception <a 'sun/nio/fs/WindowsException'{0x000000008413fa80}> (0x000000008413fa80) 
thrown [s\src\hotspot\share\prims\jni.cpp, line 537]
Event: 19.362 Thread 0x000001e7583bcb00 Exception <a 'sun/nio/fs/WindowsException'{0x00000000841fce90}> (0x00000000841fce90) 
thrown [s\src\hotspot\share\prims\jni.cpp, line 537]
Event: 19.362 Thread 0x000001e757401db0 Exception <a 'sun/nio/fs/WindowsException'{0x000000008406a640}> (0x000000008406a640) 
thrown [s\src\hotspot\share\prims\jni.cpp, line 537]
Event: 19.366 Thread 0x000001e7583bd820 Exception <a 'sun/nio/fs/WindowsException'{0x0000000083fc8550}> (0x0000000083fc8550) 
thrown [s\src\hotspot\share\prims\jni.cpp, line 537]
Event: 19.368 Thread 0x000001e7583bd190 Exception <a 'sun/nio/fs/WindowsException'{0x0000000083e66980}> (0x0000000083e66980) 
thrown [s\src\hotspot\share\prims\jni.cpp, line 537]
Event: 19.369 Thread 0x000001e7583be540 Exception <a 'sun/nio/fs/WindowsException'{0x0000000083d32468}> (0x0000000083d32468) 
thrown [s\src\hotspot\share\prims\jni.cpp, line 537]
Event: 19.370 Thread 0x000001e7583bdeb0 Exception <a 'sun/nio/fs/WindowsException'{0x0000000083c75800}> (0x0000000083c75800) 
thrown [s\src\hotspot\share\prims\jni.cpp, line 537]
Event: 19.371 Thread 0x000001e7583bcb00 Exception <a 'sun/nio/fs/WindowsException'{0x0000000083bbee00}> (0x0000000083bbee00) 
thrown [s\src\hotspot\share\prims\jni.cpp, line 537]
Event: 19.371 Thread 0x000001e7583baa30 Exception <a 'sun/nio/fs/WindowsException'{0x0000000083baee20}> (0x0000000083baee20) 
thrown [s\src\hotspot\share\prims\jni.cpp, line 537]
Event: 19.373 Thread 0x000001e7583bb0c0 Exception <a 'sun/nio/fs/WindowsException'{0x0000000083a8e3d8}> (0x0000000083a8e3d8) 
thrown [s\src\hotspot\share\prims\jni.cpp, line 537]

ZGC Phase Switch (0 events):
No events

VM Operations (20 events):
Event: 11.775 Executing safepoint VM operation: G1CollectForAllocation (G1 Evacuation Pause) done
Event: 11.943 Executing safepoint VM operation: G1CollectForAllocation (G1 Evacuation Pause)
Event: 11.949 Executing safepoint VM operation: G1CollectForAllocation (G1 Evacuation Pause) done
Event: 12.962 Executing safepoint VM operation: Cleanup
Event: 13.026 Executing safepoint VM operation: Cleanup done
Event: 14.036 Executing safepoint VM operation: Cleanup
Event: 14.036 Executing safepoint VM operation: Cleanup done
Event: 15.042 Executing safepoint VM operation: Cleanup
Event: 18.064 Executing safepoint VM operation: Cleanup done
Event: 18.071 Executing safepoint VM operation: G1CollectForAllocation (G1 Evacuation Pause)
Event: 18.075 Executing safepoint VM operation: G1CollectForAllocation (G1 Evacuation Pause) done
Event: 18.097 Executing non-safepoint VM operation: HandshakeAllThreads (Deoptimize)
Event: 18.097 Executing non-safepoint VM operation: HandshakeAllThreads (Deoptimize) done
Event: 18.130 Executing safepoint VM operation: G1PauseRemark
Event: 18.135 Executing safepoint VM operation: G1PauseRemark done
Event: 18.152 Executing safepoint VM operation: G1PauseCleanup
Event: 18.152 Executing safepoint VM operation: G1PauseCleanup done
Event: 18.264 Executing safepoint VM operation: G1CollectForAllocation (G1 Evacuation Pause)
Event: 18.268 Executing safepoint VM operation: G1CollectForAllocation (G1 Evacuation Pause) done
Event: 19.373 Executing safepoint VM operation: G1CollectForAllocation (G1 Evacuation Pause)

Memory protections (0 events):
No events

Nmethod flushes (20 events):
Event: 18.134 Thread 0x000001e7511f4090 flushing  nmethod 0x000001e73d600290
Event: 18.134 Thread 0x000001e7511f4090 flushing  nmethod 0x000001e73d600690
Event: 18.134 Thread 0x000001e7511f4090 flushing  nmethod 0x000001e73d602a90
Event: 18.134 Thread 0x000001e7511f4090 flushing  nmethod 0x000001e73d603410
Event: 18.134 Thread 0x000001e7511f4090 flushing  nmethod 0x000001e744850090
Event: 18.134 Thread 0x000001e7511f4090 flushing  nmethod 0x000001e73cb55110
Event: 18.134 Thread 0x000001e7511f4090 flushing  nmethod 0x000001e73cbb5a10
Event: 18.134 Thread 0x000001e7511f4090 flushing  nmethod 0x000001e73cbe9a90
Event: 18.134 Thread 0x000001e7511f4090 flushing  nmethod 0x000001e73cc8ba90
Event: 18.134 Thread 0x000001e7511f4090 flushing  nmethod 0x000001e73cc8da10
Event: 18.134 Thread 0x000001e7511f4090 flushing  nmethod 0x000001e73cd01a10
Event: 18.134 Thread 0x000001e7511f4090 flushing  nmethod 0x000001e73cd2f510
Event: 18.134 Thread 0x000001e7511f4090 flushing  nmethod 0x000001e73ce6c910
Event: 18.134 Thread 0x000001e7511f4090 flushing  nmethod 0x000001e73d001c10
Event: 18.134 Thread 0x000001e7511f4090 flushing  nmethod 0x000001e73d007a10
Event: 18.134 Thread 0x000001e7511f4090 flushing  nmethod 0x000001e73d305c10
Event: 18.134 Thread 0x000001e7511f4090 flushing  nmethod 0x000001e73d355490
Event: 18.134 Thread 0x000001e7511f4090 flushing  nmethod 0x000001e73d3e4c90
Event: 18.134 Thread 0x000001e7511f4090 flushing  nmethod 0x000001e73d50e510
Event: 18.134 Thread 0x000001e7511f4090 flushing  nmethod 0x000001e73d6b5390

Events (20 events):
Event: 11.284 Thread 0x000001e757401db0 Thread added: 0x000001e759798370
Event: 11.284 Thread 0x000001e757401db0 Thread added: 0x000001e759795580
Event: 11.284 Thread 0x000001e757401db0 Thread added: 0x000001e759798a00
Event: 11.284 Thread 0x000001e757401db0 Thread added: 0x000001e759799090
Event: 11.284 Thread 0x000001e757401db0 Thread added: 0x000001e759795c10
Event: 11.284 Thread 0x000001e757401db0 Thread added: 0x000001e759799720
Event: 11.387 Thread 0x000001e757401db0 Thread added: 0x000001e7597962a0
Event: 11.389 Thread 0x000001e757401db0 Thread added: 0x000001e759799db0
Event: 11.391 Thread 0x000001e757401db0 Thread added: 0x000001e75979a440
Event: 11.393 Thread 0x000001e757401db0 Thread added: 0x000001e75979aad0
Event: 11.395 Thread 0x000001e757401db0 Thread added: 0x000001e75979b160
Event: 11.398 Thread 0x000001e757401db0 Thread added: 0x000001e7583bbde0
Event: 11.399 Thread 0x000001e757401db0 Thread added: 0x000001e7583bc470
Event: 11.721 Thread 0x000001e757401db0 Thread added: 0x000001e7583bd820
Event: 11.722 Thread 0x000001e757401db0 Thread added: 0x000001e7583bdeb0
Event: 11.723 Thread 0x000001e757401db0 Thread added: 0x000001e7583baa30
Event: 11.724 Thread 0x000001e757401db0 Thread added: 0x000001e7583bcb00
Event: 11.725 Thread 0x000001e757401db0 Thread added: 0x000001e7583bd190
Event: 11.726 Thread 0x000001e757401db0 Thread added: 0x000001e7583be540
Event: 11.727 Thread 0x000001e757401db0 Thread added: 0x000001e7583bb0c0


Dynamic libraries:
0x00007ff6a89b0000 - 0x00007ff6a89ba000 	C:\Program Files\Android\Android Studio\jbr\bin\java.exe
0x00007ffed5160000 - 0x00007ffed53c7000 	C:\WINDOWS\SYSTEM32\ntdll.dll
0x00007ffed3a80000 - 0x00007ffed3b49000 	C:\WINDOWS\System32\KERNEL32.DLL
0x00007ffed2830000 - 0x00007ffed2c24000 	C:\WINDOWS\System32\KERNELBASE.dll
0x00007ffed2500000 - 0x00007ffed264b000 	C:\WINDOWS\System32\ucrtbase.dll
0x00007ffecd1e0000 - 0x00007ffecd1f8000 	C:\Program Files\Android\Android Studio\jbr\bin\jli.dll
0x00007ffea5c70000 - 0x00007ffea5c8b000 	C:\Program Files\Android\Android Studio\jbr\bin\VCRUNTIME140.dll
0x00007ffed34e0000 - 0x00007ffed36a5000 	C:\WINDOWS\System32\USER32.dll
0x00007ffeb5750000 - 0x00007ffeb59e3000 	C:\WINDOWS\WinSxS\amd64_microsoft.windows.common-controls_6595b64144ccf1df_6.0.26100.8115_none_3e075c82e3354f9c\COMCTL32.dll
0x00007ffed24d0000 - 0x00007ffed24f7000 	C:\WINDOWS\System32\win32u.dll
0x00007ffed3100000 - 0x00007ffed31a9000 	C:\WINDOWS\System32\msvcrt.dll
0x00007ffed2ef0000 - 0x00007ffed2f1b000 	C:\WINDOWS\System32\GDI32.dll
0x00007ffed2650000 - 0x00007ffed277b000 	C:\WINDOWS\System32\gdi32full.dll
0x00007ffed2e40000 - 0x00007ffed2ee3000 	C:\WINDOWS\System32\msvcp_win.dll
0x00007ffed4cc0000 - 0x00007ffed4cf2000 	C:\WINDOWS\System32\IMM32.DLL
0x00007ffea5ec0000 - 0x00007ffea5ecc000 	C:\Program Files\Android\Android Studio\jbr\bin\vcruntime140_1.dll
0x00007ffe9b9f0000 - 0x00007ffe9ba7d000 	C:\Program Files\Android\Android Studio\jbr\bin\msvcp140.dll
0x00007ffdf3d20000 - 0x00007ffdf49b6000 	C:\Program Files\Android\Android Studio\jbr\bin\server\jvm.dll
0x00007ffed3830000 - 0x00007ffed38e6000 	C:\WINDOWS\System32\ADVAPI32.dll
0x00007ffed3430000 - 0x00007ffed34d7000 	C:\WINDOWS\System32\sechost.dll
0x00007ffed3290000 - 0x00007ffed33a8000 	C:\WINDOWS\System32\RPCRT4.dll
0x00007ffed39f0000 - 0x00007ffed3a70000 	C:\WINDOWS\System32\WS2_32.dll
0x00007ffed16e0000 - 0x00007ffed173e000 	C:\WINDOWS\SYSTEM32\POWRPROF.dll
0x00007ffecb890000 - 0x00007ffecb89b000 	C:\WINDOWS\SYSTEM32\VERSION.dll
0x00007ffecb850000 - 0x00007ffecb886000 	C:\WINDOWS\SYSTEM32\WINMM.dll
0x00007ffed16c0000 - 0x00007ffed16d4000 	C:\WINDOWS\SYSTEM32\UMPDC.dll
0x00007ffed07c0000 - 0x00007ffed07db000 	C:\WINDOWS\SYSTEM32\kernel.appcore.dll
0x00007ffea5450000 - 0x00007ffea545a000 	C:\Program Files\Android\Android Studio\jbr\bin\jimage.dll
0x00007ffec6110000 - 0x00007ffec6352000 	C:\WINDOWS\SYSTEM32\DBGHELP.DLL
0x00007ffed4d00000 - 0x00007ffed5082000 	C:\WINDOWS\System32\combase.dll
0x00007ffed36b0000 - 0x00007ffed3788000 	C:\WINDOWS\System32\OLEAUT32.dll
0x00007ffeb9e60000 - 0x00007ffeb9e9b000 	C:\WINDOWS\SYSTEM32\dbgcore.DLL
0x00007ffed2780000 - 0x00007ffed2825000 	C:\WINDOWS\System32\bcryptPrimitives.dll
0x00007ffebe910000 - 0x00007ffebe91e000 	C:\Program Files\Android\Android Studio\jbr\bin\instrument.dll
0x00007ffea4a10000 - 0x00007ffea4a30000 	C:\Program Files\Android\Android Studio\jbr\bin\java.dll
0x00007ffea4440000 - 0x00007ffea4458000 	C:\Program Files\Android\Android Studio\jbr\bin\zip.dll
0x00007ffed42e0000 - 0x00007ffed4a47000 	C:\WINDOWS\System32\SHELL32.dll
0x00007ffed1af0000 - 0x00007ffed1c5a000 	C:\WINDOWS\System32\wintypes.dll
0x00007ffed1c60000 - 0x00007ffed24c8000 	C:\WINDOWS\System32\windows.storage.dll
0x00007ffed38f0000 - 0x00007ffed39e8000 	C:\WINDOWS\System32\SHCORE.dll
0x00007ffed33b0000 - 0x00007ffed3416000 	C:\WINDOWS\System32\shlwapi.dll
0x00007ffed1950000 - 0x00007ffed1979000 	C:\WINDOWS\SYSTEM32\profapi.dll
0x00007ffe9f700000 - 0x00007ffe9f710000 	C:\Program Files\Android\Android Studio\jbr\bin\net.dll
0x00007ffec8cc0000 - 0x00007ffec8ded000 	C:\WINDOWS\SYSTEM32\WINHTTP.dll
0x00007ffed0d30000 - 0x00007ffed0d9c000 	C:\WINDOWS\system32\mswsock.dll
0x00007ffe9f5c0000 - 0x00007ffe9f5d6000 	C:\Program Files\Android\Android Studio\jbr\bin\nio.dll
0x00007ffea5f60000 - 0x00007ffea5f70000 	C:\Program Files\Android\Android Studio\jbr\bin\verify.dll
0x00007ffea5f10000 - 0x00007ffea5f37000 	C:\Users\Sipon\.gradle\native\660c5614fbf4a5f2a75b1949f50a0caf5cd603558e7d8a26e50b933a0cfb79d1\windows-amd64\native-platform.dll
0x00007ffe9b970000 - 0x00007ffe9b9e7000 	C:\Users\Sipon\.gradle\native\0.2.8\x86_64-windows-gnu\gradle-fileevents.dll
0x00007ffe955e0000 - 0x00007ffe955e9000 	C:\Program Files\Android\Android Studio\jbr\bin\management.dll
0x00007ffe955d0000 - 0x00007ffe955db000 	C:\Program Files\Android\Android Studio\jbr\bin\management_ext.dll
0x00007ffed3420000 - 0x00007ffed3428000 	C:\WINDOWS\System32\PSAPI.DLL
0x00007ffed01a0000 - 0x00007ffed01d2000 	C:\WINDOWS\SYSTEM32\IPHLPAPI.DLL
0x00007ffed31b0000 - 0x00007ffed31ba000 	C:\WINDOWS\System32\NSI.dll
0x00007ffe99e50000 - 0x00007ffe99e59000 	C:\Program Files\Android\Android Studio\jbr\bin\extnet.dll
0x00007ffed1010000 - 0x00007ffed102b000 	C:\WINDOWS\SYSTEM32\CRYPTSP.dll
0x00007ffed0720000 - 0x00007ffed0759000 	C:\WINDOWS\system32\rsaenh.dll
0x00007ffed0de0000 - 0x00007ffed0e13000 	C:\WINDOWS\SYSTEM32\USERENV.dll
0x00007ffed1920000 - 0x00007ffed194a000 	C:\WINDOWS\SYSTEM32\bcrypt.dll
0x00007ffed1030000 - 0x00007ffed103c000 	C:\WINDOWS\SYSTEM32\CRYPTBASE.dll
0x00007ffe912a0000 - 0x00007ffe912a8000 	C:\WINDOWS\system32\wshunix.dll

JVMTI agents:
C:\Users\Sipon\.gradle\wrapper\dists\gradle-9.3.1-bin\23ovyewtku6u96viwx3xl3oks\gradle-9.3.1\lib\agents\gradle-instrumentation-agent-9.3.1.jar path:C:\Program Files\Android\Android Studio\jbr\bin\instrument.dll, loaded, initialized, instrumentlib options:none

dbghelp: loaded successfully - version: 4.0.5 - missing functions: none
symbol engine: initialized successfully - sym options: 0x614 - pdb path: .;C:\Program Files\Android\Android Studio\jbr\bin;C:\WINDOWS\SYSTEM32;C:\WINDOWS\WinSxS\amd64_microsoft.windows.common-controls_6595b64144ccf1df_6.0.26100.8115_none_3e075c82e3354f9c;C:\Program Files\Android\Android Studio\jbr\bin\server;C:\Users\Sipon\.gradle\native\660c5614fbf4a5f2a75b1949f50a0caf5cd603558e7d8a26e50b933a0cfb79d1\windows-amd64;C:\Users\Sipon\.gradle\native\0.2.8\x86_64-windows-gnu

VM Arguments:
jvm_args: --add-opens=java.base/java.lang=ALL-UNNAMED --add-opens=java.base/java.lang.invoke=ALL-UNNAMED --add-opens=java.base/java.util=ALL-UNNAMED --add-opens=java.prefs/java.util.prefs=ALL-UNNAMED --add-exports=jdk.compiler/com.sun.tools.javac.api=ALL-UNNAMED --add-exports=jdk.compiler/com.sun.tools.javac.util=ALL-UNNAMED --add-opens=java.base/java.util=ALL-UNNAMED --add-opens=java.prefs/java.util.prefs=ALL-UNNAMED --add-opens=java.base/java.nio.charset=ALL-UNNAMED --add-opens=java.base/java.net=ALL-UNNAMED --add-opens=java.base/java.util.concurrent=ALL-UNNAMED --add-opens=java.base/java.util.concurrent.atomic=ALL-UNNAMED --add-opens=java.xml/javax.xml.namespace=ALL-UNNAMED --add-opens=java.base/java.time=ALL-UNNAMED -Xmx2048m -Dfile.encoding=UTF-8 -Duser.country=IN -Duser.language=en -Duser.variant -javaagent:C:\Users\Sipon\.gradle\wrapper\dists\gradle-9.3.1-bin\23ovyewtku6u96viwx3xl3oks\gradle-9.3.1\lib\agents\gradle-instrumentation-agent-9.3.1.jar 
java_command: org.gradle.launcher.daemon.bootstrap.GradleDaemon 9.3.1
java_class_path (initial): C:\Users\Sipon\.gradle\wrapper\dists\gradle-9.3.1-bin\23ovyewtku6u96viwx3xl3oks\gradle-9.3.1\lib\gradle-daemon-main-9.3.1.jar
Launcher Type: SUN_STANDARD

[Global flags]
     intx CICompilerCount                          = 4                                         {product} {ergonomic}
     uint ConcGCThreads                            = 2                                         {product} {ergonomic}
     uint G1ConcRefinementThreads                  = 8                                         {product} {ergonomic}
   size_t G1HeapRegionSize                         = 1048576                                   {product} {ergonomic}
    uintx GCDrainStackTargetSize                   = 64                                        {product} {ergonomic}
   size_t InitialHeapSize                          = 123731968                                 {product} {ergonomic}
   size_t MarkStackSize                            = 4194304                                   {product} {ergonomic}
   size_t MaxHeapSize                              = 2147483648                                {product} {command line}
   size_t MaxNewSize                               = 1287651328                                {product} {ergonomic}
   size_t MinHeapDeltaBytes                        = 1048576                                   {product} {ergonomic}
   size_t MinHeapSize                              = 8388608                                   {product} {ergonomic}
    uintx NonNMethodCodeHeapSize                   = 5839372                                {pd product} {ergonomic}
    uintx NonProfiledCodeHeapSize                  = 122909434                              {pd product} {ergonomic}
    uintx ProfiledCodeHeapSize                     = 122909434                              {pd product} {ergonomic}
    uintx ReservedCodeCacheSize                    = 251658240                              {pd product} {ergonomic}
     bool SegmentedCodeCache                       = true                                      {product} {ergonomic}
   size_t SoftMaxHeapSize                          = 2147483648                             {manageable} {ergonomic}
     bool UseCompressedOops                        = true                           {product lp64_product} {ergonomic}
     bool UseG1GC                                  = true                                      {product} {ergonomic}
     bool UseLargePagesIndividualAllocation        = false                                  {pd product} {ergonomic}

Logging:
Log output configuration:
 #0: stdout all=warning uptime,level,tags foldmultilines=false
 #1: stderr all=off uptime,level,tags foldmultilines=false

Release file:
JAVA_VERSION="21.0.10" 
MODULES="java.base java.compiler java.datatransfer java.xml java.prefs java.desktop java.instrument java.logging java.management java.security.sasl java.naming java.rmi java.management.rmi java.net.http java.scripting java.security.jgss java.transaction.xa java.sql java.sql.rowset java.xml.crypto java.se java.smartcardio jdk.accessibility jdk.internal.jvmstat jdk.attach jdk.charsets jdk.internal.opt jdk.zipfs jdk.compiler jdk.crypto.ec jdk.crypto.cryptoki jdk.dynalink jdk.hotspot.agent jdk.httpserver jdk.internal.ed jdk.internal.le jdk.internal.vm.ci jdk.jartool jdk.javadoc jdk.jcmd jdk.jdeps jdk.jdwp.agent jdk.jdi jdk.jfr jdk.jlink jdk.jsobject jdk.localedata jdk.management jdk.management.agent jdk.management.jfr jdk.naming.dns jdk.naming.rmi jdk.net jdk.sctp jdk.security.auth jdk.security.jgss jdk.unsupported jdk.unsupported.desktop jdk.xml.dom" 
IMPLEMENTOR="JetBrains s.r.o." 
JAVA_RUNTIME_VERSION="21.0.10+-14961533-b1163.108" 
LIBC="default" 
OS_ARCH="x86_64" 
OS_NAME="Windows" 
SOURCE=".:git:1351622c2ff2" 

Environment Variables:
PATH=C:\oraclexe\app\oracle\product\11.2.0\server\bin;;C:\WINDOWS\system32;C:\WINDOWS;C:\WINDOWS\System32\Wbem;C:\WINDOWS\System32\WindowsPowerShell\v1.0\;C:\WINDOWS\System32\OpenSSH\;C:\Program Files\Microsoft SQL Server\150\Tools\Binn\;C:\Program Files (x86)\Windows Kits\10\Windows Performance Toolkit\;C:\Program Files\Microsoft SQL Server\Client SDK\ODBC\170\Tools\Binn\;C:\Program Files\dotnet\;C:\Program Files (x86)\Microsoft SQL Server\160\DTS\Binn\;C:\Users\Sipon\AppData\Local\Programs\Python\Python312\Scripts\;C:\Users\Sipon\AppData\Local\Programs\Python\Python312\;C:\Users\Sipon\AppData\Local\Programs\Python\Launcher\;C:\Users\Sipon\AppData\Local\Microsoft\WindowsApps;C:\Program Files (x86)\CodeBlocks\MinGW\bin;;C:\Users\Sipon\AppData\Local\Programs\Microsoft VS Code\bin;C:\Users\Sipon\.dotnet\tools
USERNAME=khomong
OS=Windows_NT
PROCESSOR_IDENTIFIER=AMD64 Family 23 Model 104 Stepping 1, AuthenticAMD
TMP=C:\Users\Sipon\AppData\Local\Temp
TEMP=C:\Users\Sipon\AppData\Local\Temp




Periodic native trim disabled

JNI global refs:
JNI global refs: 30, weak refs: 13

JNI global refs memory usage: 835, weak refs: 833

Process memory usage:
Resident Set Size: 319064K (4% of 7682516K total physical memory with 581740K free physical memory)

OOME stack traces (most recent first):
Classloader memory used:
Loader org.gradle.internal.classloader.VisitableURLClassLoader                         : 37087K
Loader bootstrap                                                                       : 22579K
Loader org.gradle.initialization.MixInLegacyTypesClassLoader                           : 11161K
Loader jdk.internal.loader.ClassLoaders$AppClassLoader                                 : 229K
Loader jdk.internal.loader.ClassLoaders$PlatformClassLoader                            : 150K
Loader org.gradle.internal.classloader.VisitableURLClassLoader                         : 139K
Loader jdk.internal.reflect.DelegatingClassLoader                                      : 115K
Loader org.gradle.groovy.scripts.internal.DefaultScriptCompilationHandler$ScriptClassLoader: 105K
Loader org.gradle.internal.classloader.VisitableURLClassLoader$InstrumentingVisitableURLClassLoader: 62000B

Classes loaded by more than one classloader:
Class Program                                                                         : loaded 3 times (x 72B)
Class org.gradle.internal.classloader.ClassLoaderHierarchy                            : loaded 2 times (x 70B)
Class org.gradle.api.internal.classpath.ManifestUtil                                  : loaded 2 times (x 71B)
Class org.gradle.internal.classloader.DefaultClassLoaderFactory                       : loaded 2 times (x 82B)
Class org.gradle.internal.classloader.ClassLoaderVisitor                              : loaded 2 times (x 76B)
Class org.gradle.api.internal.classpath.EffectiveClassPath                            : loaded 2 times (x 90B)
Class org.gradle.api.internal.DefaultClassPathProvider                                : loaded 2 times (x 76B)
Class [Lorg.gradle.api.internal.ClassPathProvider;                                    : loaded 2 times (x 69B)
Class org.gradle.api.internal.ClassPathProvider                                       : loaded 2 times (x 70B)
Class org.gradle.internal.service.UnknownServiceException                             : loaded 2 times (x 83B)
Class org.gradle.internal.classpath.TransformedClassPath                              : loaded 2 times (x 96B)
Class org.gradle.internal.classloader.InstrumentingClassLoader                        : loaded 2 times (x 70B)
Class org.gradle.internal.service.ServiceLocator                                      : loaded 2 times (x 70B)
Class ijKotlinCoroutineJvmDebugInit1_ex86ketdypna09umiysf1fmnv                        : loaded 2 times (x 171B)
Class ijJvmDebugger1_40imlknda7vxai7ycfw1as9r3$_run_closure1                          : loaded 2 times (x 139B)
Class org.gradle.internal.classloader.ClasspathUtil$1                                 : loaded 2 times (x 76B)
Class org.gradle.api.internal.classpath.DefaultModuleRegistry$DefaultModule           : loaded 2 times (x 86B)
Class org.gradle.api.internal.classpath.Module                                        : loaded 2 times (x 70B)
Class org.gradle.api.internal.classpath.UnknownModuleException                        : loaded 2 times (x 82B)
Class ijKotlinCoroutineJvmDebugInit1_ex86ketdypna09umiysf1fmnv$_run_closure1$_closure2: loaded 2 times (x 139B)
Class org.gradle.api.internal.DefaultClassPathRegistry                                : loaded 2 times (x 76B)
Class org.gradle.api.internal.ClassPathRegistry                                       : loaded 2 times (x 70B)
Class org.gradle.internal.classpath.DefaultClassPath$ImmutableUniqueList              : loaded 2 times (x 199B)
Class org.gradle.internal.classloader.FilteringClassLoader                            : loaded 2 times (x 105B)
Class Settings_gradle$1                                                               : loaded 2 times (x 74B)
Class org.gradle.internal.classpath.ClassPath                                         : loaded 2 times (x 70B)
Class ijKotlinCoroutineJvmDebugInit1_ex86ketdypna09umiysf1fmnv$_run_closure1          : loaded 2 times (x 139B)
Class org.gradle.api.internal.classpath.ModuleRegistry                                : loaded 2 times (x 70B)
Class org.gradle.internal.installation.GradleInstallation$1                           : loaded 2 times (x 75B)
Class ijJvmDebugger1_40imlknda7vxai7ycfw1as9r3$_run_closure1$_closure2                : loaded 2 times (x 140B)
Class org.gradle.api.internal.classpath.DefaultModuleRegistry                         : loaded 2 times (x 86B)
Class org.gradle.internal.service.ServiceLookupException                              : loaded 2 times (x 82B)
Class org.gradle.internal.classloader.ClassLoaderFactory                              : loaded 2 times (x 70B)
Class org.gradle.internal.service.CachingServiceLocator                               : loaded 2 times (x 82B)
Class org.gradle.internal.classloader.ClasspathUtil                                   : loaded 2 times (x 71B)
Class org.gradle.api.specs.Spec                                                       : loaded 2 times (x 70B)
Class org.gradle.internal.classloader.VisitableURLClassLoader$InstrumentingVisitableURLClassLoader: loaded 2 times (x 123B)
Class org.gradle.internal.classloader.VisitableURLClassLoader$Spec                    : loaded 2 times (x 74B)
Class org.gradle.internal.classpath.DefaultClassPath                                  : loaded 2 times (x 90B)
Class org.gradle.internal.classloader.ClassLoaderSpec                                 : loaded 2 times (x 71B)
Class Settings_gradle$1$1                                                             : loaded 2 times (x 74B)
Class org.gradle.internal.classloader.VisitableURLClassLoader                         : loaded 2 times (x 117B)
Class Settings_gradle                                                                 : loaded 2 times (x 124B)
Class org.gradle.internal.Cast                                                        : loaded 2 times (x 71B)
Class org.gradle.api.Action                                                           : loaded 2 times (x 70B)
Class org.gradle.internal.classpath.DefaultClassPath$ImmutableUniqueList$Builder      : loaded 2 times (x 75B)
Class org.gradle.api.GradleException                                                  : loaded 2 times (x 82B)
Class org.gradle.internal.IoActions                                                   : loaded 2 times (x 71B)
Class org.gradle.internal.classloader.SystemClassLoaderSpec                           : loaded 2 times (x 71B)
Class org.gradle.api.internal.classpath.GlobalCacheRootsProvider                      : loaded 2 times (x 70B)
Class org.gradle.internal.installation.CurrentGradleInstallationLocator               : loaded 2 times (x 71B)
Class org.gradle.internal.service.DefaultServiceLocator                               : loaded 2 times (x 83B)
Class org.gradle.internal.installation.CurrentGradleInstallation                      : loaded 2 times (x 73B)
Class org.gradle.util.internal.GUtil                                                  : loaded 2 times (x 71B)
Class ijJvmDebugger1_40imlknda7vxai7ycfw1as9r3                                        : loaded 2 times (x 171B)
Class org.gradle.internal.installation.GradleInstallation                             : loaded 2 times (x 75B)

---------------  S Y S T E M  ---------------

OS:
 Windows 11 , 64 bit Build 26100 (10.0.26100.8246)
OS uptime: 1 days 22:48 hours
Hyper-V role detected

CPU: total 8 (initial active 8) (8 cores per cpu, 2 threads per core) family 23 model 104 stepping 1 microcode 0x8608104, cx8, cmov, fxsr, ht, mmx, 3dnowpref, sse, sse2, sse3, ssse3, sse4a, sse4.1, sse4.2, popcnt, lzcnt, tsc, tscinvbit, avx, avx2, aes, clmul, bmi1, bmi2, adx, sha, fma, vzeroupper, clflush, clflushopt, hv, rdtscp, rdpid, f16c
Processor Information for processor 0
  Max Mhz: 2600, Current Mhz: 2080, Mhz Limit: 2600
Processor Information for processor 1
  Max Mhz: 2600, Current Mhz: 2600, Mhz Limit: 2600
Processor Information for processor 2
  Max Mhz: 2600, Current Mhz: 2600, Mhz Limit: 2600
Processor Information for processor 3
  Max Mhz: 2600, Current Mhz: 2080, Mhz Limit: 2600
Processor Information for processor 4
  Max Mhz: 2600, Current Mhz: 2600, Mhz Limit: 2600
Processor Information for processor 5
  Max Mhz: 2600, Current Mhz: 2080, Mhz Limit: 2600
Processor Information for processor 6
  Max Mhz: 2600, Current Mhz: 2600, Mhz Limit: 2600
Processor Information for processor 7
  Max Mhz: 2600, Current Mhz: 2080, Mhz Limit: 2600

Memory: 4k page, system-wide physical 7502M (568M free)
TotalPageFile size 17502M (AvailPageFile size 1M)
current process WorkingSet (physical memory assigned to process): 311M, peak: 328M
current process commit charge ("private bytes"): 368M, peak: 368M

vm_info: OpenJDK 64-Bit Server VM (21.0.10+-14961533-b1163.108) for windows-amd64 JRE (21.0.10+-14961533-b1163.108), built on 2026-03-02T19:58:50Z by "builder" with MS VC++ 16.10 / 16.11 (VS2019)

END.
