#
# There is insufficient memory for the Java Runtime Environment to continue.
# Native memory allocation (mmap) failed to map 16777216 bytes. Error detail: G1 virtual space
# Possible reasons:
#   The system is out of physical RAM or swap space
#   This process is running with CompressedOops enabled, and the Java Heap may be blocking the growth of the native heap
# Possible solutions:
#   Reduce memory load on the system
#   Increase physical memory or swap space
#   Check if swap backing store is full
#   Decrease Java heap size (-Xmx/-Xms)
#   Decrease number of Java threads
#   Decrease Java thread stack sizes (-Xss)
#   Set larger code cache with -XX:ReservedCodeCacheSize=
#   JVM is running with Unscaled Compressed Oops mode in which the Java heap is
#     placed in the first 4GB address space. The Java Heap base address is the
#     maximum limit for the native heap growth. Please use -XX:HeapBaseMinAddress
#     to set the Java Heap base and to place the Java Heap above 4GB virtual address.
# This output file may be truncated or incomplete.
#
#  Out of Memory Error (os_windows.cpp:3926), pid=20052, tid=8544
#
# JRE version: OpenJDK Runtime Environment (21.0.10) (build 21.0.10+-14961533-b1163.108)
# Java VM: OpenJDK 64-Bit Server VM (21.0.10+-14961533-b1163.108, mixed mode, tiered, compressed oops, compressed class ptrs, g1 gc, windows-amd64)
# No core dump will be written. Minidumps are not enabled by default on client versions of Windows
#

---------------  S U M M A R Y ------------

Command Line: --add-opens=java.base/java.lang=ALL-UNNAMED --add-opens=java.base/java.lang.invoke=ALL-UNNAMED --add-opens=java.base/java.util=ALL-UNNAMED --add-opens=java.prefs/java.util.prefs=ALL-UNNAMED --add-exports=jdk.compiler/com.sun.tools.javac.api=ALL-UNNAMED --add-exports=jdk.compiler/com.sun.tools.javac.util=ALL-UNNAMED --add-opens=java.base/java.util=ALL-UNNAMED --add-opens=java.prefs/java.util.prefs=ALL-UNNAMED --add-opens=java.base/java.nio.charset=ALL-UNNAMED --add-opens=java.base/java.net=ALL-UNNAMED --add-opens=java.base/java.util.concurrent=ALL-UNNAMED --add-opens=java.base/java.util.concurrent.atomic=ALL-UNNAMED --add-opens=java.xml/javax.xml.namespace=ALL-UNNAMED --add-opens=java.base/java.time=ALL-UNNAMED -Xmx2048m -Dfile.encoding=UTF-8 -Duser.country=IN -Duser.language=en -Duser.variant -javaagent:C:\Users\Sipon\.gradle\wrapper\dists\gradle-9.3.1-bin\23ovyewtku6u96viwx3xl3oks\gradle-9.3.1\lib\agents\gradle-instrumentation-agent-9.3.1.jar org.gradle.launcher.daemon.bootstrap.GradleDaemon 9.3.1

Host: AMD Ryzen 3 5300U with Radeon Graphics         , 8 cores, 7G,  Windows 11 , 64 bit Build 26100 (10.0.26100.8246)
Time: Sat May  2 12:05:36 2026 India Standard Time elapsed time: 13.033728 seconds (0d 0h 0m 13s)

---------------  T H R E A D  ---------------

Current thread (0x0000022a675377b0):  VMThread "VM Thread"          [id=8544, stack(0x000000cdadc00000,0x000000cdadd00000) (1024K)]

Stack: [0x000000cdadc00000,0x000000cdadd00000]
Native frames: (J=compiled Java code, j=interpreted, Vv=VM code, C=native code)
V  [jvm.dll+0x6d78a9]
V  [jvm.dll+0x8665b3]
V  [jvm.dll+0x868bde]
V  [jvm.dll+0x8692c3]
V  [jvm.dll+0x280ee6]
V  [jvm.dll+0x6d4165]
V  [jvm.dll+0x6c77fa]
V  [jvm.dll+0x358f4b]
V  [jvm.dll+0x360bc6]
V  [jvm.dll+0x3b2ea6]
V  [jvm.dll+0x3b3178]
V  [jvm.dll+0x32b65c]
V  [jvm.dll+0x32b6e7]
V  [jvm.dll+0x3715cc]
V  [jvm.dll+0x36fd7e]
V  [jvm.dll+0x32adb1]
V  [jvm.dll+0x36f480]
V  [jvm.dll+0x86f048]
V  [jvm.dll+0x870394]
V  [jvm.dll+0x8708d0]
V  [jvm.dll+0x870b63]
V  [jvm.dll+0x80fd28]
V  [jvm.dll+0x6d60fd]
C  [ucrtbase.dll+0x37b0]
C  [KERNEL32.DLL+0x2e8d7]
C  [ntdll.dll+0x8c3fc]

VM_Operation (0x000000cdb38fc910): G1CollectForAllocation, mode: safepoint, requested by thread 0x0000022a72536560


---------------  P R O C E S S  ---------------

Threads class SMR info:
_java_thread_list=0x0000022a6fff95c0, length=86, elements={
0x0000022a4fe6d6c0, 0x0000022a677004d0, 0x0000022a677162e0, 0x0000022a67722300,
0x0000022a6772b880, 0x0000022a6773e910, 0x0000022a67734220, 0x0000022a677357f0,
0x0000022a67740a50, 0x0000022a67744be0, 0x0000022a67a53f90, 0x0000022a6de987a0,
0x0000022a6e1aa290, 0x0000022a6cea0db0, 0x0000022a6e1a3130, 0x0000022a6e155c90,
0x0000022a6e6241d0, 0x0000022a6e620d50, 0x0000022a6e621a70, 0x0000022a6e622790,
0x0000022a6e623b40, 0x0000022a6e6213e0, 0x0000022a6e6234b0, 0x0000022a6e622100,
0x0000022a6e2f3340, 0x0000022a6e2f39d0, 0x0000022a6e2f2cb0, 0x0000022a6e2f4060,
0x0000022a6e2f46f0, 0x0000022a6e2f5410, 0x0000022a6e2f1f90, 0x0000022a6e2f7b70,
0x0000022a6e2f5aa0, 0x0000022a6e2f67c0, 0x0000022a6e2f8890, 0x0000022a6e2f74e0,
0x0000022a6e2f8f20, 0x0000022a6e2f95b0, 0x0000022a6e2f6130, 0x0000022a6c2c5d80,
0x0000022a6c2c6410, 0x0000022a6c2c7130, 0x0000022a6c2c84e0, 0x0000022a6c2c77c0,
0x0000022a6c2c7e50, 0x0000022a6c2c6aa0, 0x0000022a6c2c56f0, 0x0000022a6c2c5060,
0x0000022a6c2cac40, 0x0000022a6c2cb2d0, 0x0000022a6c2c9200, 0x0000022a6c2cb960,
0x0000022a6c2cbff0, 0x0000022a6c2c9890, 0x0000022a6c2c8b70, 0x0000022a6c2cc680,
0x0000022a6c2c9f20, 0x0000022a6c2ca5b0, 0x0000022a6fbd6450, 0x0000022a6fbd4380,
0x0000022a6fbd2fd0, 0x0000022a6fbd4a10, 0x0000022a6fbd50a0, 0x0000022a6fbd5730,
0x0000022a7017d890, 0x0000022a6fbda5f0, 0x0000022a6fbd98d0, 0x0000022a6fbd7e90,
0x0000022a6fbd9f60, 0x0000022a6fbd8520, 0x0000022a6fbd8bb0, 0x0000022a6fbd7800,
0x0000022a6fbd9240, 0x0000022a72531010, 0x0000022a725316a0, 0x0000022a72531d30,
0x0000022a725323c0, 0x0000022a72530980, 0x0000022a725330e0, 0x0000022a72535840,
0x0000022a72533e00, 0x0000022a72534490, 0x0000022a72535ed0, 0x0000022a72532a50,
0x0000022a72536560, 0x0000022a72536bf0
}

Java Threads: ( => current thread )
  0x0000022a4fe6d6c0 JavaThread "main"                              [_thread_blocked, id=12184, stack(0x000000cdad500000,0x000000cdad600000) (1024K)]
  0x0000022a677004d0 JavaThread "Common-Cleaner"             daemon [_thread_blocked, id=12840, stack(0x000000cdadd00000,0x000000cdade00000) (1024K)]
  0x0000022a677162e0 JavaThread "Reference Handler"          daemon [_thread_blocked, id=12980, stack(0x000000cdade00000,0x000000cdadf00000) (1024K)]
  0x0000022a67722300 JavaThread "Finalizer"                  daemon [_thread_blocked, id=16396, stack(0x000000cdadf00000,0x000000cdae000000) (1024K)]
  0x0000022a6772b880 JavaThread "Signal Dispatcher"          daemon [_thread_blocked, id=11172, stack(0x000000cdae000000,0x000000cdae100000) (1024K)]
  0x0000022a6773e910 JavaThread "Attach Listener"            daemon [_thread_blocked, id=20252, stack(0x000000cdae100000,0x000000cdae200000) (1024K)]
  0x0000022a67734220 JavaThread "Service Thread"             daemon [_thread_blocked, id=13688, stack(0x000000cdae200000,0x000000cdae300000) (1024K)]
  0x0000022a677357f0 JavaThread "Monitor Deflation Thread"   daemon [_thread_blocked, id=1888, stack(0x000000cdae300000,0x000000cdae400000) (1024K)]
  0x0000022a67740a50 JavaThread "C2 CompilerThread0"         daemon [_thread_blocked, id=1468, stack(0x000000cdae400000,0x000000cdae500000) (1024K)]
  0x0000022a67744be0 JavaThread "C1 CompilerThread0"         daemon [_thread_blocked, id=16492, stack(0x000000cdae500000,0x000000cdae600000) (1024K)]
  0x0000022a67a53f90 JavaThread "Notification Thread"        daemon [_thread_blocked, id=4176, stack(0x000000cdae600000,0x000000cdae700000) (1024K)]
  0x0000022a6de987a0 JavaThread "Daemon health stats"               [_thread_blocked, id=7052, stack(0x000000cdaea00000,0x000000cdaeb00000) (1024K)]
  0x0000022a6e1aa290 JavaThread "Incoming local TCP Connector on port 65458"        [_thread_in_native, id=19160, stack(0x000000cdaf000000,0x000000cdaf100000) (1024K)]
  0x0000022a6cea0db0 JavaThread "Daemon periodic checks"            [_thread_blocked, id=17136, stack(0x000000cdaf100000,0x000000cdaf200000) (1024K)]
  0x0000022a6e1a3130 JavaThread "Daemon"                            [_thread_blocked, id=6956, stack(0x000000cdaf200000,0x000000cdaf300000) (1024K)]
  0x0000022a6e155c90 JavaThread "Handler for socket connection from /127.0.0.1:65458 to /127.0.0.1:65459"        [_thread_in_native, id=2544, stack(0x000000cdaf300000,0x000000cdaf400000) (1024K)]
  0x0000022a6e6241d0 JavaThread "Cancel handler"                    [_thread_blocked, id=13240, stack(0x000000cdaf400000,0x000000cdaf500000) (1024K)]
  0x0000022a6e620d50 JavaThread "Daemon worker"                     [_thread_blocked, id=18648, stack(0x000000cdaf500000,0x000000cdaf600000) (1024K)]
  0x0000022a6e621a70 JavaThread "Asynchronous log dispatcher for DefaultDaemonConnection: socket connection from /127.0.0.1:65458 to /127.0.0.1:65459"        [_thread_blocked, id=18628, stack(0x000000cdaf600000,0x000000cdaf700000) (1024K)]
  0x0000022a6e622790 JavaThread "Stdin handler"                     [_thread_blocked, id=10820, stack(0x000000cdaf800000,0x000000cdaf900000) (1024K)]
  0x0000022a6e623b40 JavaThread "Daemon client event forwarder"        [_thread_blocked, id=19240, stack(0x000000cdaf900000,0x000000cdafa00000) (1024K)]
  0x0000022a6e6213e0 JavaThread "Cache worker for journal cache (C:\Users\Sipon\.gradle\caches\journal-1)"        [_thread_blocked, id=21856, stack(0x000000cdafa00000,0x000000cdafb00000) (1024K)]
  0x0000022a6e6234b0 JavaThread "File lock request listener"        [_thread_in_native, id=9488, stack(0x000000cdafb00000,0x000000cdafc00000) (1024K)]
  0x0000022a6e622100 JavaThread "Cache worker for file hash cache (C:\Users\Sipon\.gradle\caches\9.3.1\fileHashes)"        [_thread_blocked, id=19056, stack(0x000000cdafc00000,0x000000cdafd00000) (1024K)]
  0x0000022a6e2f3340 JavaThread "Cache worker for file hash cache (C:\Final_Project\Library\.gradle\9.3.1\fileHashes)"        [_thread_blocked, id=22384, stack(0x000000cdafd00000,0x000000cdafe00000) (1024K)]
  0x0000022a6e2f39d0 JavaThread "Cache worker for Build Output Cleanup Cache (C:\Final_Project\Library\.gradle\buildOutputCleanup)"        [_thread_blocked, id=12536, stack(0x000000cdafe00000,0x000000cdaff00000) (1024K)]
  0x0000022a6e2f2cb0 JavaThread "File watcher server"        daemon [_thread_in_native, id=18888, stack(0x000000cdaff00000,0x000000cdb0000000) (1024K)]
  0x0000022a6e2f4060 JavaThread "File watcher consumer"      daemon [_thread_blocked, id=23472, stack(0x000000cdb0000000,0x000000cdb0100000) (1024K)]
  0x0000022a6e2f46f0 JavaThread "Cache worker for checksums cache (C:\Final_Project\Library\.gradle\9.3.1\checksums)"        [_thread_blocked, id=22124, stack(0x000000cdb0100000,0x000000cdb0200000) (1024K)]
  0x0000022a6e2f5410 JavaThread "Cache worker for file content cache (C:\Users\Sipon\.gradle\caches\9.3.1\fileContent)"        [_thread_blocked, id=17480, stack(0x000000cdb0200000,0x000000cdb0300000) (1024K)]
  0x0000022a6e2f1f90 JavaThread "Cache worker for cache directory md-supplier (C:\Users\Sipon\.gradle\caches\9.3.1\md-supplier)"        [_thread_blocked, id=3672, stack(0x000000cdb0300000,0x000000cdb0400000) (1024K)]
  0x0000022a6e2f7b70 JavaThread "Cache worker for cache directory md-rule (C:\Users\Sipon\.gradle\caches\9.3.1\md-rule)"        [_thread_blocked, id=11308, stack(0x000000cdb0400000,0x000000cdb0500000) (1024K)]
  0x0000022a6e2f5aa0 JavaThread "jar transforms"                    [_thread_blocked, id=9916, stack(0x000000cdb0500000,0x000000cdb0600000) (1024K)]
  0x0000022a6e2f67c0 JavaThread "jar transforms Thread 2"           [_thread_blocked, id=21596, stack(0x000000cdb0600000,0x000000cdb0700000) (1024K)]
  0x0000022a6e2f8890 JavaThread "jar transforms Thread 3"           [_thread_blocked, id=15116, stack(0x000000cdb0700000,0x000000cdb0800000) (1024K)]
  0x0000022a6e2f74e0 JavaThread "Unconstrained build operations"        [_thread_blocked, id=13192, stack(0x000000cdb0800000,0x000000cdb0900000) (1024K)]
  0x0000022a6e2f8f20 JavaThread "Unconstrained build operations Thread 2"        [_thread_blocked, id=12136, stack(0x000000cdb0900000,0x000000cdb0a00000) (1024K)]
  0x0000022a6e2f95b0 JavaThread "Unconstrained build operations Thread 3"        [_thread_blocked, id=20328, stack(0x000000cdb0a00000,0x000000cdb0b00000) (1024K)]
  0x0000022a6e2f6130 JavaThread "Unconstrained build operations Thread 4"        [_thread_blocked, id=11640, stack(0x000000cdb0b00000,0x000000cdb0c00000) (1024K)]
  0x0000022a6c2c5d80 JavaThread "Unconstrained build operations Thread 5"        [_thread_blocked, id=5132, stack(0x000000cdb0c00000,0x000000cdb0d00000) (1024K)]
  0x0000022a6c2c6410 JavaThread "Unconstrained build operations Thread 6"        [_thread_blocked, id=16512, stack(0x000000cdb0d00000,0x000000cdb0e00000) (1024K)]
  0x0000022a6c2c7130 JavaThread "Unconstrained build operations Thread 7"        [_thread_blocked, id=20704, stack(0x000000cdb0e00000,0x000000cdb0f00000) (1024K)]
  0x0000022a6c2c84e0 JavaThread "Unconstrained build operations Thread 8"        [_thread_blocked, id=18828, stack(0x000000cdb0f00000,0x000000cdb1000000) (1024K)]
  0x0000022a6c2c77c0 JavaThread "Unconstrained build operations Thread 9"        [_thread_blocked, id=15048, stack(0x000000cdb1000000,0x000000cdb1100000) (1024K)]
  0x0000022a6c2c7e50 JavaThread "Unconstrained build operations Thread 10"        [_thread_blocked, id=23920, stack(0x000000cdb1100000,0x000000cdb1200000) (1024K)]
  0x0000022a6c2c6aa0 JavaThread "Unconstrained build operations Thread 11"        [_thread_blocked, id=16616, stack(0x000000cdb1200000,0x000000cdb1300000) (1024K)]
  0x0000022a6c2c56f0 JavaThread "Unconstrained build operations Thread 12"        [_thread_blocked, id=23816, stack(0x000000cdb1300000,0x000000cdb1400000) (1024K)]
  0x0000022a6c2c5060 JavaThread "Unconstrained build operations Thread 13"        [_thread_blocked, id=20816, stack(0x000000cdb1400000,0x000000cdb1500000) (1024K)]
  0x0000022a6c2cac40 JavaThread "Unconstrained build operations Thread 14"        [_thread_blocked, id=16656, stack(0x000000cdb1500000,0x000000cdb1600000) (1024K)]
  0x0000022a6c2cb2d0 JavaThread "jar transforms Thread 4"           [_thread_blocked, id=3824, stack(0x000000cdb1600000,0x000000cdb1700000) (1024K)]
  0x0000022a6c2c9200 JavaThread "jar transforms Thread 5"           [_thread_blocked, id=16188, stack(0x000000cdb1700000,0x000000cdb1800000) (1024K)]
  0x0000022a6c2cb960 JavaThread "Unconstrained build operations Thread 15"        [_thread_blocked, id=11160, stack(0x000000cdb1800000,0x000000cdb1900000) (1024K)]
  0x0000022a6c2cbff0 JavaThread "Unconstrained build operations Thread 16"        [_thread_blocked, id=6236, stack(0x000000cdb1900000,0x000000cdb1a00000) (1024K)]
  0x0000022a6c2c9890 JavaThread "Unconstrained build operations Thread 17"        [_thread_blocked, id=1984, stack(0x000000cdb1a00000,0x000000cdb1b00000) (1024K)]
  0x0000022a6c2c8b70 JavaThread "Unconstrained build operations Thread 18"        [_thread_blocked, id=11064, stack(0x000000cdb1b00000,0x000000cdb1c00000) (1024K)]
  0x0000022a6c2cc680 JavaThread "Unconstrained build operations Thread 19"        [_thread_blocked, id=11820, stack(0x000000cdb1c00000,0x000000cdb1d00000) (1024K)]
  0x0000022a6c2c9f20 JavaThread "Unconstrained build operations Thread 20"        [_thread_blocked, id=18608, stack(0x000000cdb1d00000,0x000000cdb1e00000) (1024K)]
  0x0000022a6c2ca5b0 JavaThread "Unconstrained build operations Thread 21"        [_thread_blocked, id=13552, stack(0x000000cdb1e00000,0x000000cdb1f00000) (1024K)]
  0x0000022a6fbd6450 JavaThread "jar transforms Thread 6"           [_thread_blocked, id=19928, stack(0x000000cdb1f00000,0x000000cdb2000000) (1024K)]
  0x0000022a6fbd4380 JavaThread "jar transforms Thread 7"           [_thread_blocked, id=4460, stack(0x000000cdb2000000,0x000000cdb2100000) (1024K)]
  0x0000022a6fbd2fd0 JavaThread "jar transforms Thread 8"           [_thread_blocked, id=1748, stack(0x000000cdb2100000,0x000000cdb2200000) (1024K)]
  0x0000022a6fbd4a10 JavaThread "Unconstrained build operations Thread 22"        [_thread_blocked, id=23312, stack(0x000000cdb2200000,0x000000cdb2300000) (1024K)]
  0x0000022a6fbd50a0 JavaThread "Unconstrained build operations Thread 23"        [_thread_blocked, id=20908, stack(0x000000cdb2300000,0x000000cdb2400000) (1024K)]
  0x0000022a6fbd5730 JavaThread "Unconstrained build operations Thread 24"        [_thread_blocked, id=4292, stack(0x000000cdb2400000,0x000000cdb2500000) (1024K)]
  0x0000022a7017d890 JavaThread "C2 CompilerThread1"         daemon [_thread_blocked, id=21300, stack(0x000000cdae700000,0x000000cdae800000) (1024K)]
  0x0000022a6fbda5f0 JavaThread "Unconstrained build operations Thread 25"        [_thread_blocked, id=9704, stack(0x000000cdb2500000,0x000000cdb2600000) (1024K)]
  0x0000022a6fbd98d0 JavaThread "Unconstrained build operations Thread 26"        [_thread_blocked, id=10488, stack(0x000000cdb2600000,0x000000cdb2700000) (1024K)]
  0x0000022a6fbd7e90 JavaThread "Unconstrained build operations Thread 27"        [_thread_blocked, id=23248, stack(0x000000cdb2700000,0x000000cdb2800000) (1024K)]
  0x0000022a6fbd9f60 JavaThread "Unconstrained build operations Thread 28"        [_thread_blocked, id=18152, stack(0x000000cdb2800000,0x000000cdb2900000) (1024K)]
  0x0000022a6fbd8520 JavaThread "Unconstrained build operations Thread 29"        [_thread_blocked, id=8344, stack(0x000000cdb2900000,0x000000cdb2a00000) (1024K)]
  0x0000022a6fbd8bb0 JavaThread "Unconstrained build operations Thread 30"        [_thread_blocked, id=18536, stack(0x000000cdb2a00000,0x000000cdb2b00000) (1024K)]
  0x0000022a6fbd7800 JavaThread "Unconstrained build operations Thread 31"        [_thread_blocked, id=3096, stack(0x000000cdb2b00000,0x000000cdb2c00000) (1024K)]
  0x0000022a6fbd9240 JavaThread "Unconstrained build operations Thread 32"        [_thread_blocked, id=21900, stack(0x000000cdb2c00000,0x000000cdb2d00000) (1024K)]
  0x0000022a72531010 JavaThread "Unconstrained build operations Thread 33"        [_thread_blocked, id=4220, stack(0x000000cdb2d00000,0x000000cdb2e00000) (1024K)]
  0x0000022a725316a0 JavaThread "Unconstrained build operations Thread 34"        [_thread_blocked, id=3868, stack(0x000000cdb2e00000,0x000000cdb2f00000) (1024K)]
  0x0000022a72531d30 JavaThread "Unconstrained build operations Thread 35"        [_thread_blocked, id=13948, stack(0x000000cdb2f00000,0x000000cdb3000000) (1024K)]
  0x0000022a725323c0 JavaThread "Unconstrained build operations Thread 36"        [_thread_blocked, id=14216, stack(0x000000cdb3000000,0x000000cdb3100000) (1024K)]
  0x0000022a72530980 JavaThread "Unconstrained build operations Thread 37"        [_thread_blocked, id=16304, stack(0x000000cdb3100000,0x000000cdb3200000) (1024K)]
  0x0000022a725330e0 JavaThread "Unconstrained build operations Thread 38"        [_thread_blocked, id=24240, stack(0x000000cdb3200000,0x000000cdb3300000) (1024K)]
  0x0000022a72535840 JavaThread "Unconstrained build operations Thread 39"        [_thread_blocked, id=9768, stack(0x000000cdb3300000,0x000000cdb3400000) (1024K)]
  0x0000022a72533e00 JavaThread "Unconstrained build operations Thread 40"        [_thread_blocked, id=5480, stack(0x000000cdb3400000,0x000000cdb3500000) (1024K)]
  0x0000022a72534490 JavaThread "Unconstrained build operations Thread 41"        [_thread_blocked, id=12688, stack(0x000000cdb3500000,0x000000cdb3600000) (1024K)]
  0x0000022a72535ed0 JavaThread "Unconstrained build operations Thread 42"        [_thread_blocked, id=13068, stack(0x000000cdb3600000,0x000000cdb3700000) (1024K)]
  0x0000022a72532a50 JavaThread "Unconstrained build operations Thread 43"        [_thread_blocked, id=3624, stack(0x000000cdb3700000,0x000000cdb3800000) (1024K)]
  0x0000022a72536560 JavaThread "Unconstrained build operations Thread 44"        [_thread_blocked, id=10788, stack(0x000000cdb3800000,0x000000cdb3900000) (1024K)]
  0x0000022a72536bf0 JavaThread "Unconstrained build operations Thread 45"        [_thread_blocked, id=19752, stack(0x000000cdb3900000,0x000000cdb3a00000) (1024K)]
Total: 86

Other Threads:
=>0x0000022a675377b0 VMThread "VM Thread"                           [id=8544, stack(0x000000cdadc00000,0x000000cdadd00000) (1024K)]
  0x0000022a674f3f50 WatcherThread "VM Periodic Task Thread"        [id=8520, stack(0x000000cdadb00000,0x000000cdadc00000) (1024K)]
  0x0000022a4fec3b30 WorkerThread "GC Thread#0"                     [id=18344, stack(0x000000cdad600000,0x000000cdad700000) (1024K)]
  0x0000022a6c512790 WorkerThread "GC Thread#1"                     [id=12828, stack(0x000000cdae800000,0x000000cdae900000) (1024K)]
  0x0000022a6c363020 WorkerThread "GC Thread#2"                     [id=13684, stack(0x000000cdae900000,0x000000cdaea00000) (1024K)]
  0x0000022a6cd113e0 WorkerThread "GC Thread#3"                     [id=20912, stack(0x000000cdaeb00000,0x000000cdaec00000) (1024K)]
  0x0000022a6cdb0110 WorkerThread "GC Thread#4"                     [id=23792, stack(0x000000cdaec00000,0x000000cdaed00000) (1024K)]
  0x0000022a6d1abce0 WorkerThread "GC Thread#5"                     [id=8564, stack(0x000000cdaed00000,0x000000cdaee00000) (1024K)]
  0x0000022a6d1ac090 WorkerThread "GC Thread#6"                     [id=5464, stack(0x000000cdaee00000,0x000000cdaef00000) (1024K)]
  0x0000022a6d287880 WorkerThread "GC Thread#7"                     [id=8008, stack(0x000000cdaef00000,0x000000cdaf000000) (1024K)]
  0x0000022a4fed4a30 ConcurrentGCThread "G1 Main Marker"            [id=5508, stack(0x000000cdad700000,0x000000cdad800000) (1024K)]
  0x0000022a4fed6aa0 WorkerThread "G1 Conc#0"                       [id=23848, stack(0x000000cdad800000,0x000000cdad900000) (1024K)]
  0x0000022a6e14cb30 WorkerThread "G1 Conc#1"                       [id=13608, stack(0x000000cdaf700000,0x000000cdaf800000) (1024K)]
  0x0000022a673c4580 ConcurrentGCThread "G1 Refine#0"               [id=12956, stack(0x000000cdad900000,0x000000cdada00000) (1024K)]
  0x0000022a673c5ec0 ConcurrentGCThread "G1 Service"                [id=24540, stack(0x000000cdada00000,0x000000cdadb00000) (1024K)]
Total: 15

Threads with active compile tasks:
C2 CompilerThread0  13112 8167   !   4       java.io.IoOverNioFileSystem::getBooleanAttributes0 (529 bytes)
C1 CompilerThread0  13112 8190       3       org.gradle.api.internal.artifacts.transform.TransformingAsyncArtifactListener::<init> (26 bytes)
C2 CompilerThread1  13112 8179       4       com.google.common.cache.LocalCache$Segment::drainRecencyQueue (45 bytes)
Total: 3

VM state: at safepoint (normal execution)

VM Mutex/Monitor currently owned by a thread:  ([mutex/lock_event])
[0x00007ffdf48d86d0] Threads_lock - owner thread: 0x0000022a675377b0
[0x00007ffdf48d87d0] Heap_lock - owner thread: 0x0000022a72536560

Heap address: 0x0000000080000000, size: 2048 MB, Compressed Oops mode: 32-bit

CDS archive(s) not mapped
Compressed class space mapped at: 0x0000000100000000-0x0000000140000000, reserved size: 1073741824
Narrow klass base: 0x0000000000000000, Narrow klass shift: 3, Narrow klass range: 0x140000000

GC Precious Log:
 CardTable entry size: 512
 Card Set container configuration: InlinePtr #cards 5 size 8 Array Of Cards #cards 12 size 40 Howl #buckets 4 coarsen threshold 1843 Howl Bitmap #cards 512 size 80 coarsen threshold 460 Card regions per heap region 1 cards per card region 2048
 CPUs: 8 total, 8 available
 Memory: 7502M
 Large Page Support: Disabled
 NUMA Support: Disabled
 Compressed Oops: Enabled (32-bit)
 Heap Region Size: 1M
 Heap Min Capacity: 8M
 Heap Initial Capacity: 118M
 Heap Max Capacity: 2G
 Pre-touch: Disabled
 Parallel Workers: 8
 Concurrent Workers: 2
 Concurrent Refinement Workers: 8
 Periodic GC: Disabled

Heap:
 garbage-first heap   total 92160K, used 51648K [0x0000000080000000, 0x0000000100000000)
  region size 1024K, 3 young (3072K), 3 survivors (3072K)
 Metaspace       used 71346K, committed 73216K, reserved 1114112K
  class space    used 10188K, committed 11072K, reserved 1048576K

Heap Regions: E=young(eden), S=young(survivor), O=old, HS=humongous(starts), HC=humongous(continues), CS=collection set, F=free, TAMS=top-at-mark-start, PB=parsable bottom
|   0|0x0000000080000000, 0x0000000080100000, 0x0000000080100000|100%|HS|  |TAMS 0x0000000080100000| PB 0x0000000080000000| Complete 
|   1|0x0000000080100000, 0x0000000080200000, 0x0000000080200000|100%|HC|  |TAMS 0x0000000080200000| PB 0x0000000080100000| Complete 
|   2|0x0000000080200000, 0x0000000080300000, 0x0000000080300000|100%|HC|  |TAMS 0x0000000080300000| PB 0x0000000080200000| Complete 
|   3|0x0000000080300000, 0x0000000080400000, 0x0000000080400000|100%|HC|  |TAMS 0x0000000080400000| PB 0x0000000080300000| Complete 
|   4|0x0000000080400000, 0x0000000080500000, 0x0000000080500000|100%| O|  |TAMS 0x0000000080500000| PB 0x0000000080400000| Untracked 
|   5|0x0000000080500000, 0x0000000080600000, 0x0000000080600000|100%| O|  |TAMS 0x0000000080600000| PB 0x0000000080500000| Untracked 
|   6|0x0000000080600000, 0x0000000080700000, 0x0000000080700000|100%| O|  |TAMS 0x0000000080700000| PB 0x0000000080600000| Untracked 
|   7|0x0000000080700000, 0x0000000080800000, 0x0000000080800000|100%|HS|  |TAMS 0x0000000080800000| PB 0x0000000080700000| Complete 
|   8|0x0000000080800000, 0x0000000080900000, 0x0000000080900000|100%| O|  |TAMS 0x0000000080900000| PB 0x0000000080800000| Untracked 
|   9|0x0000000080900000, 0x0000000080a00000, 0x0000000080a00000|100%| O|  |TAMS 0x0000000080a00000| PB 0x0000000080900000| Untracked 
|  10|0x0000000080a00000, 0x0000000080b00000, 0x0000000080b00000|100%| O|  |TAMS 0x0000000080b00000| PB 0x0000000080a00000| Untracked 
|  11|0x0000000080b00000, 0x0000000080c00000, 0x0000000080c00000|100%| O|  |TAMS 0x0000000080c00000| PB 0x0000000080b00000| Untracked 
|  12|0x0000000080c00000, 0x0000000080d00000, 0x0000000080d00000|100%| O|  |TAMS 0x0000000080d00000| PB 0x0000000080c00000| Untracked 
|  13|0x0000000080d00000, 0x0000000080e00000, 0x0000000080e00000|100%| O|  |TAMS 0x0000000080e00000| PB 0x0000000080d00000| Untracked 
|  14|0x0000000080e00000, 0x0000000080f00000, 0x0000000080f00000|100%| O|  |TAMS 0x0000000080f00000| PB 0x0000000080e00000| Untracked 
|  15|0x0000000080f00000, 0x0000000081000000, 0x0000000081000000|100%| O|  |TAMS 0x0000000081000000| PB 0x0000000080f00000| Untracked 
|  16|0x0000000081000000, 0x0000000081100000, 0x0000000081100000|100%| O|  |TAMS 0x0000000081100000| PB 0x0000000081000000| Untracked 
|  17|0x0000000081100000, 0x0000000081200000, 0x0000000081200000|100%| O|  |TAMS 0x0000000081200000| PB 0x0000000081100000| Untracked 
|  18|0x0000000081200000, 0x0000000081300000, 0x0000000081300000|100%| O|  |TAMS 0x0000000081300000| PB 0x0000000081200000| Untracked 
|  19|0x0000000081300000, 0x0000000081400000, 0x0000000081400000|100%| O|  |TAMS 0x0000000081400000| PB 0x0000000081300000| Untracked 
|  20|0x0000000081400000, 0x0000000081500000, 0x0000000081500000|100%| O|  |TAMS 0x0000000081500000| PB 0x0000000081400000| Untracked 
|  21|0x0000000081500000, 0x0000000081600000, 0x0000000081600000|100%| O|  |TAMS 0x0000000081600000| PB 0x0000000081500000| Untracked 
|  22|0x0000000081600000, 0x0000000081700000, 0x0000000081700000|100%| O|  |TAMS 0x0000000081700000| PB 0x0000000081600000| Untracked 
|  23|0x0000000081700000, 0x0000000081800000, 0x0000000081800000|100%| O|  |TAMS 0x0000000081800000| PB 0x0000000081700000| Untracked 
|  24|0x0000000081800000, 0x0000000081900000, 0x0000000081900000|100%| O|  |TAMS 0x0000000081900000| PB 0x0000000081800000| Untracked 
|  25|0x0000000081900000, 0x0000000081a00000, 0x0000000081a00000|100%| O|  |TAMS 0x0000000081a00000| PB 0x0000000081900000| Untracked 
|  26|0x0000000081a00000, 0x0000000081b00000, 0x0000000081b00000|100%| O|  |TAMS 0x0000000081b00000| PB 0x0000000081a00000| Untracked 
|  27|0x0000000081b00000, 0x0000000081c00000, 0x0000000081c00000|100%| O|  |TAMS 0x0000000081c00000| PB 0x0000000081b00000| Untracked 
|  28|0x0000000081c00000, 0x0000000081d00000, 0x0000000081d00000|100%| O|  |TAMS 0x0000000081d00000| PB 0x0000000081c00000| Untracked 
|  29|0x0000000081d00000, 0x0000000081e00000, 0x0000000081e00000|100%|HS|  |TAMS 0x0000000081e00000| PB 0x0000000081d00000| Complete 
|  30|0x0000000081e00000, 0x0000000081f00000, 0x0000000081f00000|100%|HC|  |TAMS 0x0000000081f00000| PB 0x0000000081e00000| Complete 
|  31|0x0000000081f00000, 0x0000000082000000, 0x0000000082000000|100%| O|  |TAMS 0x0000000082000000| PB 0x0000000081f00000| Untracked 
|  32|0x0000000082000000, 0x0000000082100000, 0x0000000082100000|100%| O|  |TAMS 0x0000000082100000| PB 0x0000000082000000| Untracked 
|  33|0x0000000082100000, 0x0000000082200000, 0x0000000082200000|100%| O|  |TAMS 0x0000000082200000| PB 0x0000000082100000| Untracked 
|  34|0x0000000082200000, 0x0000000082300000, 0x0000000082300000|100%| O|  |TAMS 0x0000000082300000| PB 0x0000000082200000| Untracked 
|  35|0x0000000082300000, 0x0000000082300000, 0x0000000082400000|  0%| F|  |TAMS 0x0000000082300000| PB 0x0000000082300000| Untracked 
|  36|0x0000000082400000, 0x0000000082500000, 0x0000000082500000|100%| O|  |TAMS 0x0000000082500000| PB 0x0000000082400000| Untracked 
|  37|0x0000000082500000, 0x0000000082600000, 0x0000000082600000|100%| O|  |TAMS 0x0000000082600000| PB 0x0000000082500000| Untracked 
|  38|0x0000000082600000, 0x0000000082700000, 0x0000000082700000|100%| O|  |TAMS 0x0000000082700000| PB 0x0000000082600000| Untracked 
|  39|0x0000000082700000, 0x0000000082800000, 0x0000000082800000|100%| O|  |TAMS 0x0000000082800000| PB 0x0000000082700000| Untracked 
|  40|0x0000000082800000, 0x0000000082900000, 0x0000000082900000|100%| O|  |TAMS 0x0000000082900000| PB 0x0000000082800000| Untracked 
|  41|0x0000000082900000, 0x0000000082a00000, 0x0000000082a00000|100%| O|  |TAMS 0x0000000082a00000| PB 0x0000000082900000| Untracked 
|  42|0x0000000082a00000, 0x0000000082a00000, 0x0000000082b00000|  0%| F|  |TAMS 0x0000000082a00000| PB 0x0000000082a00000| Untracked 
|  43|0x0000000082b00000, 0x0000000082b00000, 0x0000000082c00000|  0%| F|  |TAMS 0x0000000082b00000| PB 0x0000000082b00000| Untracked 
|  44|0x0000000082c00000, 0x0000000082d00000, 0x0000000082d00000|100%| O|  |TAMS 0x0000000082d00000| PB 0x0000000082c00000| Untracked 
|  45|0x0000000082d00000, 0x0000000082d00000, 0x0000000082e00000|  0%| F|  |TAMS 0x0000000082d00000| PB 0x0000000082d00000| Untracked 
|  46|0x0000000082e00000, 0x0000000082e00000, 0x0000000082f00000|  0%| F|  |TAMS 0x0000000082e00000| PB 0x0000000082e00000| Untracked 
|  47|0x0000000082f00000, 0x0000000082f91c80, 0x0000000083000000| 56%| S|CS|TAMS 0x0000000082f00000| PB 0x0000000082f00000| Complete 
|  48|0x0000000083000000, 0x0000000083100000, 0x0000000083100000|100%| O|  |TAMS 0x0000000083100000| PB 0x0000000083000000| Untracked 
|  49|0x0000000083100000, 0x00000000831de538, 0x0000000083200000| 86%| O|  |TAMS 0x00000000831de538| PB 0x0000000083100000| Untracked 
|  50|0x0000000083200000, 0x0000000083300000, 0x0000000083300000|100%| S|CS|TAMS 0x0000000083200000| PB 0x0000000083200000| Complete 
|  51|0x0000000083300000, 0x0000000083300000, 0x0000000083400000|  0%| F|  |TAMS 0x0000000083300000| PB 0x0000000083300000| Untracked 
|  52|0x0000000083400000, 0x0000000083400000, 0x0000000083500000|  0%| F|  |TAMS 0x0000000083400000| PB 0x0000000083400000| Untracked 
|  53|0x0000000083500000, 0x0000000083500000, 0x0000000083600000|  0%| F|  |TAMS 0x0000000083500000| PB 0x0000000083500000| Untracked 
|  54|0x0000000083600000, 0x0000000083700000, 0x0000000083700000|100%| S|CS|TAMS 0x0000000083600000| PB 0x0000000083600000| Complete 
|  55|0x0000000083700000, 0x0000000083700000, 0x0000000083800000|  0%| F|  |TAMS 0x0000000083700000| PB 0x0000000083700000| Untracked 
|  56|0x0000000083800000, 0x0000000083800000, 0x0000000083900000|  0%| F|  |TAMS 0x0000000083800000| PB 0x0000000083800000| Untracked 
|  57|0x0000000083900000, 0x0000000083900000, 0x0000000083a00000|  0%| F|  |TAMS 0x0000000083900000| PB 0x0000000083900000| Untracked 
|  58|0x0000000083a00000, 0x0000000083a00000, 0x0000000083b00000|  0%| F|  |TAMS 0x0000000083a00000| PB 0x0000000083a00000| Untracked 
|  59|0x0000000083b00000, 0x0000000083b00000, 0x0000000083c00000|  0%| F|  |TAMS 0x0000000083b00000| PB 0x0000000083b00000| Untracked 
|  60|0x0000000083c00000, 0x0000000083c00000, 0x0000000083d00000|  0%| F|  |TAMS 0x0000000083c00000| PB 0x0000000083c00000| Untracked 
|  61|0x0000000083d00000, 0x0000000083d00000, 0x0000000083e00000|  0%| F|  |TAMS 0x0000000083d00000| PB 0x0000000083d00000| Untracked 
|  62|0x0000000083e00000, 0x0000000083e00000, 0x0000000083f00000|  0%| F|  |TAMS 0x0000000083e00000| PB 0x0000000083e00000| Untracked 
|  63|0x0000000083f00000, 0x0000000083f00000, 0x0000000084000000|  0%| F|  |TAMS 0x0000000083f00000| PB 0x0000000083f00000| Untracked 
|  64|0x0000000084000000, 0x0000000084000000, 0x0000000084100000|  0%| F|  |TAMS 0x0000000084000000| PB 0x0000000084000000| Untracked 
|  65|0x0000000084100000, 0x0000000084100000, 0x0000000084200000|  0%| F|  |TAMS 0x0000000084100000| PB 0x0000000084100000| Untracked 
|  66|0x0000000084200000, 0x0000000084200000, 0x0000000084300000|  0%| F|  |TAMS 0x0000000084200000| PB 0x0000000084200000| Untracked 
|  67|0x0000000084300000, 0x0000000084300000, 0x0000000084400000|  0%| F|  |TAMS 0x0000000084300000| PB 0x0000000084300000| Untracked 
|  68|0x0000000084400000, 0x0000000084400000, 0x0000000084500000|  0%| F|  |TAMS 0x0000000084400000| PB 0x0000000084400000| Untracked 
|  69|0x0000000084500000, 0x0000000084500000, 0x0000000084600000|  0%| F|  |TAMS 0x0000000084500000| PB 0x0000000084500000| Untracked 
|  70|0x0000000084600000, 0x0000000084600000, 0x0000000084700000|  0%| F|  |TAMS 0x0000000084600000| PB 0x0000000084600000| Untracked 
|  71|0x0000000084700000, 0x0000000084700000, 0x0000000084800000|  0%| F|  |TAMS 0x0000000084700000| PB 0x0000000084700000| Untracked 
|  72|0x0000000084800000, 0x0000000084800000, 0x0000000084900000|  0%| F|  |TAMS 0x0000000084800000| PB 0x0000000084800000| Untracked 
|  73|0x0000000084900000, 0x0000000084900000, 0x0000000084a00000|  0%| F|  |TAMS 0x0000000084900000| PB 0x0000000084900000| Untracked 
|  74|0x0000000084a00000, 0x0000000084a00000, 0x0000000084b00000|  0%| F|  |TAMS 0x0000000084a00000| PB 0x0000000084a00000| Untracked 
|  75|0x0000000084b00000, 0x0000000084b00000, 0x0000000084c00000|  0%| F|  |TAMS 0x0000000084b00000| PB 0x0000000084b00000| Untracked 
|  76|0x0000000084c00000, 0x0000000084c00000, 0x0000000084d00000|  0%| F|  |TAMS 0x0000000084c00000| PB 0x0000000084c00000| Untracked 
|  77|0x0000000084d00000, 0x0000000084d00000, 0x0000000084e00000|  0%| F|  |TAMS 0x0000000084d00000| PB 0x0000000084d00000| Untracked 
|  78|0x0000000084e00000, 0x0000000084e00000, 0x0000000084f00000|  0%| F|  |TAMS 0x0000000084e00000| PB 0x0000000084e00000| Untracked 
|  79|0x0000000084f00000, 0x0000000084f00000, 0x0000000085000000|  0%| F|  |TAMS 0x0000000084f00000| PB 0x0000000084f00000| Untracked 
|  80|0x0000000085000000, 0x0000000085000000, 0x0000000085100000|  0%| F|  |TAMS 0x0000000085000000| PB 0x0000000085000000| Untracked 
|  81|0x0000000085100000, 0x0000000085100000, 0x0000000085200000|  0%| F|  |TAMS 0x0000000085100000| PB 0x0000000085100000| Untracked 
|  82|0x0000000085200000, 0x0000000085200000, 0x0000000085300000|  0%| F|  |TAMS 0x0000000085200000| PB 0x0000000085200000| Untracked 
|  99|0x0000000086300000, 0x0000000086300000, 0x0000000086400000|  0%| F|  |TAMS 0x0000000086300000| PB 0x0000000086300000| Untracked 
| 100|0x0000000086400000, 0x0000000086400000, 0x0000000086500000|  0%| F|  |TAMS 0x0000000086400000| PB 0x0000000086400000| Untracked 
| 117|0x0000000087500000, 0x0000000087500000, 0x0000000087600000|  0%| F|  |TAMS 0x0000000087500000| PB 0x0000000087500000| Untracked 
|2044|0x00000000ffc00000, 0x00000000ffd00000, 0x00000000ffd00000|100%| O|  |TAMS 0x00000000ffd00000| PB 0x00000000ffc00000| Untracked 
|2045|0x00000000ffd00000, 0x00000000ffe00000, 0x00000000ffe00000|100%| O|  |TAMS 0x00000000ffe00000| PB 0x00000000ffd00000| Untracked 
|2046|0x00000000ffe00000, 0x00000000fff00000, 0x00000000fff00000|100%| O|  |TAMS 0x00000000fff00000| PB 0x00000000ffe00000| Untracked 
|2047|0x00000000fff00000, 0x0000000100000000, 0x0000000100000000|100%| O|  |TAMS 0x0000000100000000| PB 0x00000000fff00000| Untracked 

Card table byte_map: [0x0000022a62700000,0x0000022a62b00000] _byte_map_base: 0x0000022a62300000

Marking Bits: (CMBitMap*) 0x0000022a4fec4150
 Bits: [0x0000022a62b00000, 0x0000022a64b00000)

Polling page: 0x0000022a4df50000

Metaspace:

Usage:
  Non-class:     59.72 MB used.
      Class:      9.95 MB used.
       Both:     69.67 MB used.

Virtual space:
  Non-class space:       64.00 MB reserved,      60.69 MB ( 95%) committed,  1 nodes.
      Class space:        1.00 GB reserved,      10.81 MB (  1%) committed,  1 nodes.
             Both:        1.06 GB reserved,      71.50 MB (  7%) committed. 

Chunk freelists:
   Non-Class:  3.27 MB
       Class:  5.19 MB
        Both:  8.45 MB

MaxMetaspaceSize: unlimited
CompressedClassSpaceSize: 1.00 GB
Initial GC threshold: 21.00 MB
Current GC threshold: 112.62 MB
CDS: off
 - commit_granule_bytes: 65536.
 - commit_granule_words: 8192.
 - virtual_space_node_default_size: 8388608.
 - enlarge_chunks_in_place: 1.
 - use_allocation_guard: 0.


Internal statistics:

num_allocs_failed_limit: 6.
num_arena_births: 3612.
num_arena_deaths: 0.
num_vsnodes_births: 2.
num_vsnodes_deaths: 0.
num_space_committed: 1144.
num_space_uncommitted: 0.
num_chunks_returned_to_freelist: 6.
num_chunks_taken_from_freelist: 6702.
num_chunk_merges: 3.
num_chunk_splits: 4313.
num_chunks_enlarged: 2603.
num_inconsistent_stats: 0.

CodeHeap 'non-profiled nmethods': size=120000Kb used=4046Kb max_used=4046Kb free=115953Kb
 bounds [0x0000022a5aaa0000, 0x0000022a5aea0000, 0x0000022a61fd0000]
CodeHeap 'profiled nmethods': size=120000Kb used=12924Kb max_used=12924Kb free=107075Kb
 bounds [0x0000022a52fd0000, 0x0000022a53c70000, 0x0000022a5a500000]
CodeHeap 'non-nmethods': size=5760Kb used=1898Kb max_used=1955Kb free=3861Kb
 bounds [0x0000022a5a500000, 0x0000022a5a770000, 0x0000022a5aaa0000]
CodeCache: size=245760Kb, used=18868Kb, max_used=18925Kb, free=226889Kb
 total_blobs=7929, nmethods=7143, adapters=690, full_count=0
Compilation: enabled, stopped_count=0, restarted_count=0

Compilation events (20 events):
Event: 11.970 Thread 0x0000022a67744be0 nmethod 8182 0x0000022a53c68610 code [0x0000022a53c687c0, 0x0000022a53c68948]
Event: 11.976 Thread 0x0000022a67744be0 8183       3       java.util.AbstractCollection::containsAll (38 bytes)
Event: 11.977 Thread 0x0000022a67744be0 nmethod 8183 0x0000022a53c68a10 code [0x0000022a53c68c00, 0x0000022a53c69118]
Event: 11.978 Thread 0x0000022a67744be0 8184       3       org.gradle.api.internal.artifacts.transform.AbstractTransformedArtifactSet::visit (104 bytes)
Event: 11.979 Thread 0x0000022a67744be0 nmethod 8184 0x0000022a53c69290 code [0x0000022a53c69580, 0x0000022a53c6a530]
Event: 11.979 Thread 0x0000022a67744be0 8185       3       org.gradle.api.internal.artifacts.ivyservice.resolveengine.artifact.EndCollection::startFinalization (1 bytes)
Event: 11.979 Thread 0x0000022a67744be0 nmethod 8185 0x0000022a53c6aa10 code [0x0000022a53c6aba0, 0x0000022a53c6aca8]
Event: 11.979 Thread 0x0000022a67744be0 8186       3       java.util.EnumSet::getUniverse (10 bytes)
Event: 11.980 Thread 0x0000022a67744be0 nmethod 8186 0x0000022a53c6ad10 code [0x0000022a53c6aee0, 0x0000022a53c6b1f0]
Event: 11.980 Thread 0x0000022a67744be0 8187       3       org.gradle.api.internal.artifacts.DefaultResolvableArtifact::getFile (22 bytes)
Event: 11.980 Thread 0x0000022a67744be0 nmethod 8187 0x0000022a53c6b390 code [0x0000022a53c6b5a0, 0x0000022a53c6bac0]
Event: 11.980 Thread 0x0000022a67744be0 8188       3       org.gradle.api.internal.artifacts.transform.TransformStepSubject$Transformed::getInitialComponentIdentifier (8 bytes)
Event: 11.981 Thread 0x0000022a67744be0 nmethod 8188 0x0000022a53c6bd10 code [0x0000022a53c6bec0, 0x0000022a53c6c090]
Event: 11.981 Thread 0x0000022a67744be0 8191       3       org.gradle.api.internal.artifacts.transform.TransformStep$$Lambda/0x0000000100835e18::apply (20 bytes)
Event: 11.981 Thread 0x0000022a67744be0 nmethod 8191 0x0000022a53c6c190 code [0x0000022a53c6c340, 0x0000022a53c6c598]
Event: 11.981 Thread 0x0000022a67744be0 8189       3       org.gradle.internal.Deferrable$1$$Lambda/0x0000000100830a90::apply (13 bytes)
Event: 11.982 Thread 0x0000022a67744be0 nmethod 8189 0x0000022a53c6c690 code [0x0000022a53c6c880, 0x0000022a53c6cc78]
Event: 11.982 Thread 0x0000022a67744be0 8192       3       org.gradle.api.internal.artifacts.transform.TransformStep::lambda$createInvocation$2 (93 bytes)
Event: 11.983 Thread 0x0000022a67744be0 nmethod 8192 0x0000022a53c6ce90 code [0x0000022a53c6d220, 0x0000022a53c6eb00]
Event: 11.983 Thread 0x0000022a67744be0 8190       3       org.gradle.api.internal.artifacts.transform.TransformingAsyncArtifactListener::<init> (26 bytes)

GC Heap History (20 events):
Event: 6.340 GC heap after
{Heap after GC invocations=12 (full 0):
 garbage-first heap   total 71680K, used 30075K [0x0000000080000000, 0x0000000100000000)
  region size 1024K, 5 young (5120K), 5 survivors (5120K)
 Metaspace       used 44730K, committed 45952K, reserved 1114112K
  class space    used 6283K, committed 6848K, reserved 1048576K
}
Event: 7.077 GC heap before
{Heap before GC invocations=12 (full 0):
 garbage-first heap   total 71680K, used 63867K [0x0000000080000000, 0x0000000100000000)
  region size 1024K, 38 young (38912K), 5 survivors (5120K)
 Metaspace       used 50035K, committed 51456K, reserved 1114112K
  class space    used 6927K, committed 7616K, reserved 1048576K
}
Event: 7.084 GC heap after
{Heap after GC invocations=13 (full 0):
 garbage-first heap   total 73728K, used 33930K [0x0000000080000000, 0x0000000100000000)
  region size 1024K, 5 young (5120K), 5 survivors (5120K)
 Metaspace       used 50035K, committed 51456K, reserved 1114112K
  class space    used 6927K, committed 7616K, reserved 1048576K
}
Event: 7.645 GC heap before
{Heap before GC invocations=13 (full 0):
 garbage-first heap   total 73728K, used 64650K [0x0000000080000000, 0x0000000100000000)
  region size 1024K, 35 young (35840K), 5 survivors (5120K)
 Metaspace       used 53948K, committed 55424K, reserved 1114112K
  class space    used 7577K, committed 8256K, reserved 1048576K
}
Event: 7.650 GC heap after
{Heap after GC invocations=14 (full 0):
 garbage-first heap   total 73728K, used 36463K [0x0000000080000000, 0x0000000100000000)
  region size 1024K, 2 young (2048K), 2 survivors (2048K)
 Metaspace       used 53948K, committed 55424K, reserved 1114112K
  class space    used 7577K, committed 8256K, reserved 1048576K
}
Event: 8.158 GC heap before
{Heap before GC invocations=14 (full 0):
 garbage-first heap   total 73728K, used 61039K [0x0000000080000000, 0x0000000100000000)
  region size 1024K, 27 young (27648K), 2 survivors (2048K)
 Metaspace       used 55331K, committed 56896K, reserved 1114112K
  class space    used 7797K, committed 8576K, reserved 1048576K
}
Event: 8.163 GC heap after
{Heap after GC invocations=15 (full 0):
 garbage-first heap   total 73728K, used 38912K [0x0000000080000000, 0x0000000100000000)
  region size 1024K, 4 young (4096K), 4 survivors (4096K)
 Metaspace       used 55331K, committed 56896K, reserved 1114112K
  class space    used 7797K, committed 8576K, reserved 1048576K
}
Event: 8.598 GC heap before
{Heap before GC invocations=16 (full 0):
 garbage-first heap   total 73728K, used 68608K [0x0000000080000000, 0x0000000100000000)
  region size 1024K, 31 young (31744K), 4 survivors (4096K)
 Metaspace       used 56415K, committed 58048K, reserved 1114112K
  class space    used 7978K, committed 8768K, reserved 1048576K
}
Event: 8.602 GC heap after
{Heap after GC invocations=17 (full 0):
 garbage-first heap   total 92160K, used 43212K [0x0000000080000000, 0x0000000100000000)
  region size 1024K, 3 young (3072K), 3 survivors (3072K)
 Metaspace       used 56415K, committed 58048K, reserved 1114112K
  class space    used 7978K, committed 8768K, reserved 1048576K
}
Event: 8.946 GC heap before
{Heap before GC invocations=17 (full 0):
 garbage-first heap   total 92160K, used 75980K [0x0000000080000000, 0x0000000100000000)
  region size 1024K, 36 young (36864K), 3 survivors (3072K)
 Metaspace       used 58081K, committed 59776K, reserved 1114112K
  class space    used 8263K, committed 9088K, reserved 1048576K
}
Event: 8.949 GC heap after
{Heap after GC invocations=18 (full 0):
 garbage-first heap   total 92160K, used 43532K [0x0000000080000000, 0x0000000100000000)
  region size 1024K, 3 young (3072K), 3 survivors (3072K)
 Metaspace       used 58081K, committed 59776K, reserved 1114112K
  class space    used 8263K, committed 9088K, reserved 1048576K
}
Event: 9.582 GC heap before
{Heap before GC invocations=18 (full 0):
 garbage-first heap   total 92160K, used 79372K [0x0000000080000000, 0x0000000100000000)
  region size 1024K, 38 young (38912K), 3 survivors (3072K)
 Metaspace       used 62717K, committed 64448K, reserved 1114112K
  class space    used 8907K, committed 9728K, reserved 1048576K
}
Event: 9.586 GC heap after
{Heap after GC invocations=19 (full 0):
 garbage-first heap   total 92160K, used 45099K [0x0000000080000000, 0x0000000100000000)
  region size 1024K, 3 young (3072K), 3 survivors (3072K)
 Metaspace       used 62717K, committed 64448K, reserved 1114112K
  class space    used 8907K, committed 9728K, reserved 1048576K
}
Event: 10.232 GC heap before
{Heap before GC invocations=19 (full 0):
 garbage-first heap   total 92160K, used 80939K [0x0000000080000000, 0x0000000100000000)
  region size 1024K, 38 young (38912K), 3 survivors (3072K)
 Metaspace       used 67259K, committed 69120K, reserved 1114112K
  class space    used 9633K, committed 10496K, reserved 1048576K
}
Event: 10.237 GC heap after
{Heap after GC invocations=20 (full 0):
 garbage-first heap   total 92160K, used 46788K [0x0000000080000000, 0x0000000100000000)
  region size 1024K, 4 young (4096K), 4 survivors (4096K)
 Metaspace       used 67259K, committed 69120K, reserved 1114112K
  class space    used 9633K, committed 10496K, reserved 1048576K
}
Event: 11.315 GC heap before
{Heap before GC invocations=21 (full 0):
 garbage-first heap   total 92160K, used 82628K [0x0000000080000000, 0x0000000100000000)
  region size 1024K, 39 young (39936K), 4 survivors (4096K)
 Metaspace       used 70840K, committed 72704K, reserved 1114112K
  class space    used 10171K, committed 11072K, reserved 1048576K
}
Event: 11.324 GC heap after
{Heap after GC invocations=22 (full 0):
 garbage-first heap   total 92160K, used 49869K [0x0000000080000000, 0x0000000100000000)
  region size 1024K, 5 young (5120K), 5 survivors (5120K)
 Metaspace       used 70840K, committed 72704K, reserved 1114112K
  class space    used 10171K, committed 11072K, reserved 1048576K
}
Event: 11.796 GC heap before
{Heap before GC invocations=22 (full 0):
 garbage-first heap   total 92160K, used 81613K [0x0000000080000000, 0x0000000100000000)
  region size 1024K, 37 young (37888K), 5 survivors (5120K)
 Metaspace       used 71229K, committed 73088K, reserved 1114112K
  class space    used 10188K, committed 11072K, reserved 1048576K
}
Event: 11.804 GC heap after
{Heap after GC invocations=23 (full 0):
 garbage-first heap   total 92160K, used 51171K [0x0000000080000000, 0x0000000100000000)
  region size 1024K, 3 young (3072K), 3 survivors (3072K)
 Metaspace       used 71229K, committed 73088K, reserved 1114112K
  class space    used 10188K, committed 11072K, reserved 1048576K
}
Event: 11.984 GC heap before
{Heap before GC invocations=23 (full 0):
 garbage-first heap   total 92160K, used 81891K [0x0000000080000000, 0x0000000100000000)
  region size 1024K, 34 young (34816K), 3 survivors (3072K)
 Metaspace       used 71346K, committed 73216K, reserved 1114112K
  class space    used 10188K, committed 11072K, reserved 1048576K
}

Dll operation events (3 events):
Event: 0.011 Loaded shared library C:\Program Files\Android\Android Studio\jbr\bin\java.dll
Event: 0.016 Loaded shared library C:\Program Files\Android\Android Studio\jbr\bin\zip.dll
Event: 0.992 Loaded shared library C:\Program Files\Android\Android Studio\jbr\bin\verify.dll

Deoptimization events (20 events):
Event: 11.478 Thread 0x0000022a6e620d50 DEOPT PACKING pc=0x0000022a5abe3e30 sp=0x000000cdaf5f7c70
Event: 11.478 Thread 0x0000022a6e620d50 DEOPT UNPACKING pc=0x0000022a5a5543a2 sp=0x000000cdaf5f7c20 mode 2
Event: 11.478 Thread 0x0000022a6e620d50 Uncommon trap: trap_request=0xffffffd6 fr.pc=0x0000022a5abe3e30 relative=0x0000000000000350
Event: 11.478 Thread 0x0000022a6e620d50 Uncommon trap: reason=array_check action=maybe_recompile pc=0x0000022a5abe3e30 method=com.google.common.collect.ImmutableMap$Builder.put(Ljava/lang/Object;Ljava/lang/Object;)Lcom/google/common/collect/ImmutableMap$Builder; @ 32 c2
Event: 11.478 Thread 0x0000022a6e620d50 DEOPT PACKING pc=0x0000022a5abe3e30 sp=0x000000cdaf5f7c70
Event: 11.478 Thread 0x0000022a6e620d50 DEOPT UNPACKING pc=0x0000022a5a5543a2 sp=0x000000cdaf5f7c20 mode 2
Event: 11.484 Thread 0x0000022a6fbd8520 Uncommon trap: trap_request=0xffffffde fr.pc=0x0000022a5ae0e4f8 relative=0x00000000000002b8
Event: 11.484 Thread 0x0000022a6fbd8520 Uncommon trap: reason=class_check action=maybe_recompile pc=0x0000022a5ae0e4f8 method=java.util.concurrent.ConcurrentHashMap.get(Ljava/lang/Object;)Ljava/lang/Object; @ 93 c2
Event: 11.484 Thread 0x0000022a6fbd8520 DEOPT PACKING pc=0x0000022a5ae0e4f8 sp=0x000000cdb29feca0
Event: 11.484 Thread 0x0000022a6fbd8520 DEOPT UNPACKING pc=0x0000022a5a5543a2 sp=0x000000cdb29fec08 mode 2
Event: 11.618 Thread 0x0000022a6e620d50 DEOPT PACKING pc=0x0000022a531d9022 sp=0x000000cdaf5f7cd0
Event: 11.618 Thread 0x0000022a6e620d50 DEOPT UNPACKING pc=0x0000022a5a554b42 sp=0x000000cdaf5f71e0 mode 0
Event: 11.636 Thread 0x0000022a6e620d50 Uncommon trap: trap_request=0xffffff45 fr.pc=0x0000022a5adacd88 relative=0x0000000000000068
Event: 11.636 Thread 0x0000022a6e620d50 Uncommon trap: reason=unstable_if action=reinterpret pc=0x0000022a5adacd88 method=org.gradle.internal.snapshot.PathUtil.compareCharsIgnoringCase(CC)I @ 11 c2
Event: 11.636 Thread 0x0000022a6e620d50 DEOPT PACKING pc=0x0000022a5adacd88 sp=0x000000cdaf5f2b20
Event: 11.636 Thread 0x0000022a6e620d50 DEOPT UNPACKING pc=0x0000022a5a5543a2 sp=0x000000cdaf5f2ab0 mode 2
Event: 11.644 Thread 0x0000022a6e620d50 Uncommon trap: trap_request=0xffffff45 fr.pc=0x0000022a5adab970 relative=0x0000000000000810
Event: 11.644 Thread 0x0000022a6e620d50 Uncommon trap: reason=unstable_if action=reinterpret pc=0x0000022a5adab970 method=org.gradle.internal.snapshot.VfsRelativePath.isPrefix(Ljava/lang/String;ILjava/lang/String;ILorg/gradle/internal/snapshot/CaseSensitivity;)Z @ 101 c2
Event: 11.644 Thread 0x0000022a6e620d50 DEOPT PACKING pc=0x0000022a5adab970 sp=0x000000cdaf5f3fa0
Event: 11.644 Thread 0x0000022a6e620d50 DEOPT UNPACKING pc=0x0000022a5a5543a2 sp=0x000000cdaf5f3f28 mode 2

Classes loaded (20 events):
Event: 10.923 Loading class jdk/internal/logger/LoggerFinderLoader
Event: 10.924 Loading class jdk/internal/logger/LoggerFinderLoader done
Event: 10.924 Loading class jdk/internal/logger/LoggerFinderLoader$TemporaryLoggerFinder
Event: 10.924 Loading class jdk/internal/logger/LoggerFinderLoader$TemporaryLoggerFinder done
Event: 10.924 Loading class sun/util/logging/internal/LoggingProviderImpl$JULWrapper
Event: 10.925 Loading class sun/util/logging/PlatformLogger$ConfigurableBridge$LoggerConfiguration
Event: 10.925 Loading class sun/util/logging/PlatformLogger$ConfigurableBridge$LoggerConfiguration done
Event: 10.925 Loading class sun/util/logging/internal/LoggingProviderImpl$JULWrapper done
Event: 10.925 Loading class java/io/ObjectInputFilter$Config$BuiltinFilterFactory
Event: 10.925 Loading class java/io/ObjectInputFilter$Config$BuiltinFilterFactory done
Event: 10.925 Loading class jdk/internal/access/JavaObjectInputFilterAccess
Event: 10.925 Loading class jdk/internal/access/JavaObjectInputFilterAccess done
Event: 10.925 Loading class jdk/internal/event/DeserializationEvent
Event: 10.925 Loading class jdk/internal/event/DeserializationEvent done
Event: 10.926 Loading class java/io/ObjectInputStream$FieldValues
Event: 10.926 Loading class java/io/ObjectInputStream$GetField
Event: 10.926 Loading class java/io/ObjectInputStream$GetField done
Event: 10.926 Loading class java/io/ObjectInputStream$FieldValues done
Event: 11.460 Loading class java/util/LinkedList$LLSpliterator
Event: 11.460 Loading class java/util/LinkedList$LLSpliterator done

Classes unloaded (0 events):
No events

Classes redefined (0 events):
No events

Internal exceptions (20 events):
Event: 11.945 Thread 0x0000022a72536bf0 Exception <a 'sun/nio/fs/WindowsException'{0x0000000083f8e410}> (0x0000000083f8e410) 
thrown [s\src\hotspot\share\prims\jni.cpp, line 537]
Event: 11.947 Thread 0x0000022a72535840 Exception <a 'sun/nio/fs/WindowsException'{0x0000000083e34968}> (0x0000000083e34968) 
thrown [s\src\hotspot\share\prims\jni.cpp, line 537]
Event: 11.949 Thread 0x0000022a72532a50 Exception <a 'sun/nio/fs/WindowsException'{0x0000000083eb3ee8}> (0x0000000083eb3ee8) 
thrown [s\src\hotspot\share\prims\jni.cpp, line 537]
Event: 11.950 Thread 0x0000022a72535ed0 Exception <a 'sun/nio/fs/WindowsException'{0x0000000083d26fc8}> (0x0000000083d26fc8) 
thrown [s\src\hotspot\share\prims\jni.cpp, line 537]
Event: 11.952 Thread 0x0000022a72534490 Exception <a 'sun/nio/fs/WindowsException'{0x0000000083dd4ed8}> (0x0000000083dd4ed8) 
thrown [s\src\hotspot\share\prims\jni.cpp, line 537]
Event: 11.952 Thread 0x0000022a72533e00 Exception <a 'sun/nio/fs/WindowsException'{0x0000000083df4bf0}> (0x0000000083df4bf0) 
thrown [s\src\hotspot\share\prims\jni.cpp, line 537]
Event: 11.953 Thread 0x0000022a72536560 Exception <a 'sun/nio/fs/WindowsException'{0x0000000083c02778}> (0x0000000083c02778) 
thrown [s\src\hotspot\share\prims\jni.cpp, line 537]
Event: 11.959 Thread 0x0000022a72532a50 Exception <a 'sun/nio/fs/WindowsException'{0x0000000083ccbeb8}> (0x0000000083ccbeb8) 
thrown [s\src\hotspot\share\prims\jni.cpp, line 537]
Event: 11.961 Thread 0x0000022a72535840 Exception <a 'sun/nio/fs/WindowsException'{0x0000000083b62300}> (0x0000000083b62300) 
thrown [s\src\hotspot\share\prims\jni.cpp, line 537]
Event: 11.961 Thread 0x0000022a72536bf0 Exception <a 'sun/nio/fs/WindowsException'{0x0000000083b58df0}> (0x0000000083b58df0) 
thrown [s\src\hotspot\share\prims\jni.cpp, line 537]
Event: 11.965 Thread 0x0000022a72535ed0 Exception <a 'sun/nio/fs/WindowsException'{0x0000000083a12eb0}> (0x0000000083a12eb0) 
thrown [s\src\hotspot\share\prims\jni.cpp, line 537]
Event: 11.967 Thread 0x0000022a72533e00 Exception <a 'sun/nio/fs/WindowsException'{0x0000000083aa9ac8}> (0x0000000083aa9ac8) 
thrown [s\src\hotspot\share\prims\jni.cpp, line 537]
Event: 11.967 Thread 0x0000022a72534490 Exception <a 'sun/nio/fs/WindowsException'{0x0000000083ac2200}> (0x0000000083ac2200) 
thrown [s\src\hotspot\share\prims\jni.cpp, line 537]
Event: 11.968 Thread 0x0000022a72532a50 Exception <a 'sun/nio/fs/WindowsException'{0x00000000839144e8}> (0x00000000839144e8) 
thrown [s\src\hotspot\share\prims\jni.cpp, line 537]
Event: 11.973 Thread 0x0000022a72535840 Exception <a 'sun/nio/fs/WindowsException'{0x00000000838043f0}> (0x00000000838043f0) 
thrown [s\src\hotspot\share\prims\jni.cpp, line 537]
Event: 11.974 Thread 0x0000022a72536560 Exception <a 'sun/nio/fs/WindowsException'{0x00000000839f8f50}> (0x00000000839f8f50) 
thrown [s\src\hotspot\share\prims\jni.cpp, line 537]
Event: 11.977 Thread 0x0000022a72536bf0 Exception <a 'sun/nio/fs/WindowsException'{0x0000000083891288}> (0x0000000083891288) 
thrown [s\src\hotspot\share\prims\jni.cpp, line 537]
Event: 11.979 Thread 0x0000022a72533e00 Exception <a 'sun/nio/fs/WindowsException'{0x000000008373a508}> (0x000000008373a508) 
thrown [s\src\hotspot\share\prims\jni.cpp, line 537]
Event: 11.980 Thread 0x0000022a72535ed0 Exception <a 'sun/nio/fs/WindowsException'{0x0000000083734e30}> (0x0000000083734e30) 
thrown [s\src\hotspot\share\prims\jni.cpp, line 537]
Event: 11.983 Thread 0x0000022a72534490 Exception <a 'sun/nio/fs/WindowsException'{0x00000000837b8298}> (0x00000000837b8298) 
thrown [s\src\hotspot\share\prims\jni.cpp, line 537]

ZGC Phase Switch (0 events):
No events

VM Operations (20 events):
Event: 9.829 Executing safepoint VM operation: ICBufferFull done
Event: 10.227 Executing non-safepoint VM operation: HandshakeAllThreads (Deoptimize)
Event: 10.227 Executing non-safepoint VM operation: HandshakeAllThreads (Deoptimize) done
Event: 10.232 Executing safepoint VM operation: G1CollectForAllocation (G1 Evacuation Pause)
Event: 10.237 Executing safepoint VM operation: G1CollectForAllocation (G1 Evacuation Pause) done
Event: 10.269 Executing safepoint VM operation: G1PauseRemark
Event: 10.286 Executing safepoint VM operation: G1PauseRemark done
Event: 10.294 Executing safepoint VM operation: G1PauseCleanup
Event: 10.295 Executing safepoint VM operation: G1PauseCleanup done
Event: 10.904 Executing non-safepoint VM operation: HandshakeAllThreads (Deoptimize)
Event: 10.904 Executing non-safepoint VM operation: HandshakeAllThreads (Deoptimize) done
Event: 11.170 Executing safepoint VM operation: ICBufferFull
Event: 11.170 Executing safepoint VM operation: ICBufferFull done
Event: 11.315 Executing safepoint VM operation: G1CollectForAllocation (G1 Evacuation Pause)
Event: 11.324 Executing safepoint VM operation: G1CollectForAllocation (G1 Evacuation Pause) done
Event: 11.615 Executing safepoint VM operation: ICBufferFull
Event: 11.615 Executing safepoint VM operation: ICBufferFull done
Event: 11.796 Executing safepoint VM operation: G1CollectForAllocation (G1 Evacuation Pause)
Event: 11.804 Executing safepoint VM operation: G1CollectForAllocation (G1 Evacuation Pause) done
Event: 11.983 Executing safepoint VM operation: G1CollectForAllocation (G1 Evacuation Pause)

Memory protections (0 events):
No events

Nmethod flushes (20 events):
Event: 10.285 Thread 0x0000022a675377b0 flushing  nmethod 0x0000022a5358eb90
Event: 10.285 Thread 0x0000022a675377b0 flushing  nmethod 0x0000022a5358ef90
Event: 10.285 Thread 0x0000022a675377b0 flushing  nmethod 0x0000022a53611310
Event: 10.285 Thread 0x0000022a675377b0 flushing  nmethod 0x0000022a5361bc90
Event: 10.285 Thread 0x0000022a675377b0 flushing  nmethod 0x0000022a5361c890
Event: 10.285 Thread 0x0000022a675377b0 flushing  nmethod 0x0000022a5361cd90
Event: 10.285 Thread 0x0000022a675377b0 flushing  nmethod 0x0000022a536a5f90
Event: 10.285 Thread 0x0000022a675377b0 flushing  nmethod 0x0000022a536cbe90
Event: 10.285 Thread 0x0000022a675377b0 flushing  nmethod 0x0000022a536ccc10
Event: 10.285 Thread 0x0000022a675377b0 flushing  nmethod 0x0000022a536cd890
Event: 10.285 Thread 0x0000022a675377b0 flushing  nmethod 0x0000022a536ce690
Event: 10.285 Thread 0x0000022a675377b0 flushing  nmethod 0x0000022a536cf690
Event: 10.285 Thread 0x0000022a675377b0 flushing  nmethod 0x0000022a536d0010
Event: 10.285 Thread 0x0000022a675377b0 flushing  nmethod 0x0000022a536d0a10
Event: 10.285 Thread 0x0000022a675377b0 flushing  nmethod 0x0000022a53704c90
Event: 10.285 Thread 0x0000022a675377b0 flushing  nmethod 0x0000022a53762c10
Event: 10.285 Thread 0x0000022a675377b0 flushing  nmethod 0x0000022a5376dc10
Event: 10.285 Thread 0x0000022a675377b0 flushing  nmethod 0x0000022a5376ee10
Event: 10.285 Thread 0x0000022a675377b0 flushing  nmethod 0x0000022a5376f990
Event: 10.285 Thread 0x0000022a675377b0 flushing  nmethod 0x0000022a5376ff90

Events (20 events):
Event: 11.483 Thread 0x0000022a6e620d50 Thread added: 0x0000022a6fbd98d0
Event: 11.483 Thread 0x0000022a6e620d50 Thread added: 0x0000022a6fbd7e90
Event: 11.483 Thread 0x0000022a6e620d50 Thread added: 0x0000022a6fbd9f60
Event: 11.483 Thread 0x0000022a6e620d50 Thread added: 0x0000022a6fbd8520
Event: 11.483 Thread 0x0000022a6e620d50 Thread added: 0x0000022a6fbd8bb0
Event: 11.484 Thread 0x0000022a6e620d50 Thread added: 0x0000022a6fbd7800
Event: 11.631 Thread 0x0000022a6e620d50 Thread added: 0x0000022a6fbd9240
Event: 11.633 Thread 0x0000022a6e620d50 Thread added: 0x0000022a72531010
Event: 11.635 Thread 0x0000022a6e620d50 Thread added: 0x0000022a725316a0
Event: 11.637 Thread 0x0000022a6e620d50 Thread added: 0x0000022a72531d30
Event: 11.639 Thread 0x0000022a6e620d50 Thread added: 0x0000022a725323c0
Event: 11.641 Thread 0x0000022a6e620d50 Thread added: 0x0000022a72530980
Event: 11.643 Thread 0x0000022a6e620d50 Thread added: 0x0000022a725330e0
Event: 11.925 Thread 0x0000022a6e620d50 Thread added: 0x0000022a72535840
Event: 11.926 Thread 0x0000022a6e620d50 Thread added: 0x0000022a72533e00
Event: 11.927 Thread 0x0000022a6e620d50 Thread added: 0x0000022a72534490
Event: 11.928 Thread 0x0000022a6e620d50 Thread added: 0x0000022a72535ed0
Event: 11.928 Thread 0x0000022a6e620d50 Thread added: 0x0000022a72532a50
Event: 11.929 Thread 0x0000022a6e620d50 Thread added: 0x0000022a72536560
Event: 11.930 Thread 0x0000022a6e620d50 Thread added: 0x0000022a72536bf0


Dynamic libraries:
0x00007ff6a89b0000 - 0x00007ff6a89ba000 	C:\Program Files\Android\Android Studio\jbr\bin\java.exe
0x00007ffed5160000 - 0x00007ffed53c7000 	C:\WINDOWS\SYSTEM32\ntdll.dll
0x00007ffed3a80000 - 0x00007ffed3b49000 	C:\WINDOWS\System32\KERNEL32.DLL
0x00007ffed2830000 - 0x00007ffed2c24000 	C:\WINDOWS\System32\KERNELBASE.dll
0x00007ffed2500000 - 0x00007ffed264b000 	C:\WINDOWS\System32\ucrtbase.dll
0x00007ffecd1e0000 - 0x00007ffecd1f8000 	C:\Program Files\Android\Android Studio\jbr\bin\jli.dll
0x00007ffea5c70000 - 0x00007ffea5c8b000 	C:\Program Files\Android\Android Studio\jbr\bin\VCRUNTIME140.dll
0x00007ffed34e0000 - 0x00007ffed36a5000 	C:\WINDOWS\System32\USER32.dll
0x00007ffed24d0000 - 0x00007ffed24f7000 	C:\WINDOWS\System32\win32u.dll
0x00007ffeb5750000 - 0x00007ffeb59e3000 	C:\WINDOWS\WinSxS\amd64_microsoft.windows.common-controls_6595b64144ccf1df_6.0.26100.8115_none_3e075c82e3354f9c\COMCTL32.dll
0x00007ffed2ef0000 - 0x00007ffed2f1b000 	C:\WINDOWS\System32\GDI32.dll
0x00007ffed3100000 - 0x00007ffed31a9000 	C:\WINDOWS\System32\msvcrt.dll
0x00007ffed2650000 - 0x00007ffed277b000 	C:\WINDOWS\System32\gdi32full.dll
0x00007ffed2e40000 - 0x00007ffed2ee3000 	C:\WINDOWS\System32\msvcp_win.dll
0x00007ffed4cc0000 - 0x00007ffed4cf2000 	C:\WINDOWS\System32\IMM32.DLL
0x00007ffea5ec0000 - 0x00007ffea5ecc000 	C:\Program Files\Android\Android Studio\jbr\bin\vcruntime140_1.dll
0x00007ffe9b9f0000 - 0x00007ffe9ba7d000 	C:\Program Files\Android\Android Studio\jbr\bin\msvcp140.dll
0x00007ffdf3d20000 - 0x00007ffdf49b6000 	C:\Program Files\Android\Android Studio\jbr\bin\server\jvm.dll
0x00007ffed3830000 - 0x00007ffed38e6000 	C:\WINDOWS\System32\ADVAPI32.dll
0x00007ffed3430000 - 0x00007ffed34d7000 	C:\WINDOWS\System32\sechost.dll
0x00007ffed3290000 - 0x00007ffed33a8000 	C:\WINDOWS\System32\RPCRT4.dll
0x00007ffed39f0000 - 0x00007ffed3a70000 	C:\WINDOWS\System32\WS2_32.dll
0x00007ffecb850000 - 0x00007ffecb886000 	C:\WINDOWS\SYSTEM32\WINMM.dll
0x00007ffed16e0000 - 0x00007ffed173e000 	C:\WINDOWS\SYSTEM32\POWRPROF.dll
0x00007ffecb890000 - 0x00007ffecb89b000 	C:\WINDOWS\SYSTEM32\VERSION.dll
0x00007ffed16c0000 - 0x00007ffed16d4000 	C:\WINDOWS\SYSTEM32\UMPDC.dll
0x00007ffed07c0000 - 0x00007ffed07db000 	C:\WINDOWS\SYSTEM32\kernel.appcore.dll
0x00007ffea5450000 - 0x00007ffea545a000 	C:\Program Files\Android\Android Studio\jbr\bin\jimage.dll
0x00007ffec6110000 - 0x00007ffec6352000 	C:\WINDOWS\SYSTEM32\DBGHELP.DLL
0x00007ffed4d00000 - 0x00007ffed5082000 	C:\WINDOWS\System32\combase.dll
0x00007ffed36b0000 - 0x00007ffed3788000 	C:\WINDOWS\System32\OLEAUT32.dll
0x00007ffeb9e60000 - 0x00007ffeb9e9b000 	C:\WINDOWS\SYSTEM32\dbgcore.DLL
0x00007ffed2780000 - 0x00007ffed2825000 	C:\WINDOWS\System32\bcryptPrimitives.dll
0x00007ffebe910000 - 0x00007ffebe91e000 	C:\Program Files\Android\Android Studio\jbr\bin\instrument.dll
0x00007ffea4a10000 - 0x00007ffea4a30000 	C:\Program Files\Android\Android Studio\jbr\bin\java.dll
0x00007ffea4440000 - 0x00007ffea4458000 	C:\Program Files\Android\Android Studio\jbr\bin\zip.dll
0x00007ffed42e0000 - 0x00007ffed4a47000 	C:\WINDOWS\System32\SHELL32.dll
0x00007ffed1af0000 - 0x00007ffed1c5a000 	C:\WINDOWS\System32\wintypes.dll
0x00007ffed1c60000 - 0x00007ffed24c8000 	C:\WINDOWS\System32\windows.storage.dll
0x00007ffed38f0000 - 0x00007ffed39e8000 	C:\WINDOWS\System32\SHCORE.dll
0x00007ffed33b0000 - 0x00007ffed3416000 	C:\WINDOWS\System32\shlwapi.dll
0x00007ffed1950000 - 0x00007ffed1979000 	C:\WINDOWS\SYSTEM32\profapi.dll
0x00007ffe9f700000 - 0x00007ffe9f710000 	C:\Program Files\Android\Android Studio\jbr\bin\net.dll
0x00007ffec8cc0000 - 0x00007ffec8ded000 	C:\WINDOWS\SYSTEM32\WINHTTP.dll
0x00007ffed0d30000 - 0x00007ffed0d9c000 	C:\WINDOWS\system32\mswsock.dll
0x00007ffe9f5c0000 - 0x00007ffe9f5d6000 	C:\Program Files\Android\Android Studio\jbr\bin\nio.dll
0x00007ffea5f60000 - 0x00007ffea5f70000 	C:\Program Files\Android\Android Studio\jbr\bin\verify.dll
0x00007ffea5f10000 - 0x00007ffea5f37000 	C:\Users\Sipon\.gradle\native\660c5614fbf4a5f2a75b1949f50a0caf5cd603558e7d8a26e50b933a0cfb79d1\windows-amd64\native-platform.dll
0x00007ffe9b970000 - 0x00007ffe9b9e7000 	C:\Users\Sipon\.gradle\native\0.2.8\x86_64-windows-gnu\gradle-fileevents.dll
0x00007ffe955e0000 - 0x00007ffe955e9000 	C:\Program Files\Android\Android Studio\jbr\bin\management.dll
0x00007ffe955d0000 - 0x00007ffe955db000 	C:\Program Files\Android\Android Studio\jbr\bin\management_ext.dll
0x00007ffed3420000 - 0x00007ffed3428000 	C:\WINDOWS\System32\PSAPI.DLL
0x00007ffed01a0000 - 0x00007ffed01d2000 	C:\WINDOWS\SYSTEM32\IPHLPAPI.DLL
0x00007ffed31b0000 - 0x00007ffed31ba000 	C:\WINDOWS\System32\NSI.dll
0x00007ffe99e50000 - 0x00007ffe99e59000 	C:\Program Files\Android\Android Studio\jbr\bin\extnet.dll
0x00007ffed1010000 - 0x00007ffed102b000 	C:\WINDOWS\SYSTEM32\CRYPTSP.dll
0x00007ffed0720000 - 0x00007ffed0759000 	C:\WINDOWS\system32\rsaenh.dll
0x00007ffed0de0000 - 0x00007ffed0e13000 	C:\WINDOWS\SYSTEM32\USERENV.dll
0x00007ffed1920000 - 0x00007ffed194a000 	C:\WINDOWS\SYSTEM32\bcrypt.dll
0x00007ffed1030000 - 0x00007ffed103c000 	C:\WINDOWS\SYSTEM32\CRYPTBASE.dll
0x00007ffe912a0000 - 0x00007ffe912a8000 	C:\WINDOWS\system32\wshunix.dll

JVMTI agents:
C:\Users\Sipon\.gradle\wrapper\dists\gradle-9.3.1-bin\23ovyewtku6u96viwx3xl3oks\gradle-9.3.1\lib\agents\gradle-instrumentation-agent-9.3.1.jar path:C:\Program Files\Android\Android Studio\jbr\bin\instrument.dll, loaded, initialized, instrumentlib options:none

dbghelp: loaded successfully - version: 4.0.5 - missing functions: none
symbol engine: initialized successfully - sym options: 0x614 - pdb path: .;C:\Program Files\Android\Android Studio\jbr\bin;C:\WINDOWS\SYSTEM32;C:\WINDOWS\WinSxS\amd64_microsoft.windows.common-controls_6595b64144ccf1df_6.0.26100.8115_none_3e075c82e3354f9c;C:\Program Files\Android\Android Studio\jbr\bin\server;C:\Users\Sipon\.gradle\native\660c5614fbf4a5f2a75b1949f50a0caf5cd603558e7d8a26e50b933a0cfb79d1\windows-amd64;C:\Users\Sipon\.gradle\native\0.2.8\x86_64-windows-gnu

VM Arguments:
jvm_args: --add-opens=java.base/java.lang=ALL-UNNAMED --add-opens=java.base/java.lang.invoke=ALL-UNNAMED --add-opens=java.base/java.util=ALL-UNNAMED --add-opens=java.prefs/java.util.prefs=ALL-UNNAMED --add-exports=jdk.compiler/com.sun.tools.javac.api=ALL-UNNAMED --add-exports=jdk.compiler/com.sun.tools.javac.util=ALL-UNNAMED --add-opens=java.base/java.util=ALL-UNNAMED --add-opens=java.prefs/java.util.prefs=ALL-UNNAMED --add-opens=java.base/java.nio.charset=ALL-UNNAMED --add-opens=java.base/java.net=ALL-UNNAMED --add-opens=java.base/java.util.concurrent=ALL-UNNAMED --add-opens=java.base/java.util.concurrent.atomic=ALL-UNNAMED --add-opens=java.xml/javax.xml.namespace=ALL-UNNAMED --add-opens=java.base/java.time=ALL-UNNAMED -Xmx2048m -Dfile.encoding=UTF-8 -Duser.country=IN -Duser.language=en -Duser.variant -javaagent:C:\Users\Sipon\.gradle\wrapper\dists\gradle-9.3.1-bin\23ovyewtku6u96viwx3xl3oks\gradle-9.3.1\lib\agents\gradle-instrumentation-agent-9.3.1.jar 
java_command: org.gradle.launcher.daemon.bootstrap.GradleDaemon 9.3.1
java_class_path (initial): C:\Users\Sipon\.gradle\wrapper\dists\gradle-9.3.1-bin\23ovyewtku6u96viwx3xl3oks\gradle-9.3.1\lib\gradle-daemon-main-9.3.1.jar
Launcher Type: SUN_STANDARD

[Global flags]
     intx CICompilerCount                          = 4                                         {product} {ergonomic}
     uint ConcGCThreads                            = 2                                         {product} {ergonomic}
     uint G1ConcRefinementThreads                  = 8                                         {product} {ergonomic}
   size_t G1HeapRegionSize                         = 1048576                                   {product} {ergonomic}
    uintx GCDrainStackTargetSize                   = 64                                        {product} {ergonomic}
   size_t InitialHeapSize                          = 123731968                                 {product} {ergonomic}
   size_t MarkStackSize                            = 4194304                                   {product} {ergonomic}
   size_t MaxHeapSize                              = 2147483648                                {product} {command line}
   size_t MaxNewSize                               = 1287651328                                {product} {ergonomic}
   size_t MinHeapDeltaBytes                        = 1048576                                   {product} {ergonomic}
   size_t MinHeapSize                              = 8388608                                   {product} {ergonomic}
    uintx NonNMethodCodeHeapSize                   = 5839372                                {pd product} {ergonomic}
    uintx NonProfiledCodeHeapSize                  = 122909434                              {pd product} {ergonomic}
    uintx ProfiledCodeHeapSize                     = 122909434                              {pd product} {ergonomic}
    uintx ReservedCodeCacheSize                    = 251658240                              {pd product} {ergonomic}
     bool SegmentedCodeCache                       = true                                      {product} {ergonomic}
   size_t SoftMaxHeapSize                          = 2147483648                             {manageable} {ergonomic}
     bool UseCompressedOops                        = true                           {product lp64_product} {ergonomic}
     bool UseG1GC                                  = true                                      {product} {ergonomic}
     bool UseLargePagesIndividualAllocation        = false                                  {pd product} {ergonomic}

Logging:
Log output configuration:
 #0: stdout all=warning uptime,level,tags foldmultilines=false
 #1: stderr all=off uptime,level,tags foldmultilines=false

Release file:
JAVA_VERSION="21.0.10" 
MODULES="java.base java.compiler java.datatransfer java.xml java.prefs java.desktop java.instrument java.logging java.management java.security.sasl java.naming java.rmi java.management.rmi java.net.http java.scripting java.security.jgss java.transaction.xa java.sql java.sql.rowset java.xml.crypto java.se java.smartcardio jdk.accessibility jdk.internal.jvmstat jdk.attach jdk.charsets jdk.internal.opt jdk.zipfs jdk.compiler jdk.crypto.ec jdk.crypto.cryptoki jdk.dynalink jdk.hotspot.agent jdk.httpserver jdk.internal.ed jdk.internal.le jdk.internal.vm.ci jdk.jartool jdk.javadoc jdk.jcmd jdk.jdeps jdk.jdwp.agent jdk.jdi jdk.jfr jdk.jlink jdk.jsobject jdk.localedata jdk.management jdk.management.agent jdk.management.jfr jdk.naming.dns jdk.naming.rmi jdk.net jdk.sctp jdk.security.auth jdk.security.jgss jdk.unsupported jdk.unsupported.desktop jdk.xml.dom" 
IMPLEMENTOR="JetBrains s.r.o." 
JAVA_RUNTIME_VERSION="21.0.10+-14961533-b1163.108" 
LIBC="default" 
OS_ARCH="x86_64" 
OS_NAME="Windows" 
SOURCE=".:git:1351622c2ff2" 

Environment Variables:
PATH=C:\oraclexe\app\oracle\product\11.2.0\server\bin;;C:\WINDOWS\system32;C:\WINDOWS;C:\WINDOWS\System32\Wbem;C:\WINDOWS\System32\WindowsPowerShell\v1.0\;C:\WINDOWS\System32\OpenSSH\;C:\Program Files\Microsoft SQL Server\150\Tools\Binn\;C:\Program Files (x86)\Windows Kits\10\Windows Performance Toolkit\;C:\Program Files\Microsoft SQL Server\Client SDK\ODBC\170\Tools\Binn\;C:\Program Files\dotnet\;C:\Program Files (x86)\Microsoft SQL Server\160\DTS\Binn\;C:\Users\Sipon\AppData\Local\Programs\Python\Python312\Scripts\;C:\Users\Sipon\AppData\Local\Programs\Python\Python312\;C:\Users\Sipon\AppData\Local\Programs\Python\Launcher\;C:\Users\Sipon\AppData\Local\Microsoft\WindowsApps;C:\Program Files (x86)\CodeBlocks\MinGW\bin;;C:\Users\Sipon\AppData\Local\Programs\Microsoft VS Code\bin;C:\Users\Sipon\.dotnet\tools
USERNAME=khomong
OS=Windows_NT
PROCESSOR_IDENTIFIER=AMD64 Family 23 Model 104 Stepping 1, AuthenticAMD
TMP=C:\Users\Sipon\AppData\Local\Temp
TEMP=C:\Users\Sipon\AppData\Local\Temp




Periodic native trim disabled

JNI global refs:
JNI global refs: 29, weak refs: 1

JNI global refs memory usage: 835, weak refs: 833

Process memory usage:
Resident Set Size: 318784K (4% of 7682516K total physical memory with 547136K free physical memory)

OOME stack traces (most recent first):
Classloader memory used:
Loader org.gradle.internal.classloader.VisitableURLClassLoader                         : 36856K
Loader bootstrap                                                                       : 22527K
Loader org.gradle.initialization.MixInLegacyTypesClassLoader                           : 11161K
Loader jdk.internal.loader.ClassLoaders$AppClassLoader                                 : 229K
Loader jdk.internal.loader.ClassLoaders$PlatformClassLoader                            : 150K
Loader org.gradle.internal.classloader.VisitableURLClassLoader                         : 139K
Loader jdk.internal.reflect.DelegatingClassLoader                                      : 114K
Loader org.gradle.groovy.scripts.internal.DefaultScriptCompilationHandler$ScriptClassLoader: 105K
Loader org.gradle.internal.classloader.VisitableURLClassLoader$InstrumentingVisitableURLClassLoader: 61664B

Classes loaded by more than one classloader:
Class Program                                                                         : loaded 3 times (x 72B)
Class org.gradle.internal.classloader.ClassLoaderHierarchy                            : loaded 2 times (x 70B)
Class org.gradle.api.internal.classpath.ManifestUtil                                  : loaded 2 times (x 71B)
Class org.gradle.internal.classloader.DefaultClassLoaderFactory                       : loaded 2 times (x 82B)
Class org.gradle.internal.classloader.ClassLoaderVisitor                              : loaded 2 times (x 76B)
Class org.gradle.api.internal.classpath.EffectiveClassPath                            : loaded 2 times (x 90B)
Class org.gradle.api.internal.DefaultClassPathProvider                                : loaded 2 times (x 76B)
Class [Lorg.gradle.api.internal.ClassPathProvider;                                    : loaded 2 times (x 69B)
Class org.gradle.api.internal.ClassPathProvider                                       : loaded 2 times (x 70B)
Class org.gradle.internal.service.UnknownServiceException                             : loaded 2 times (x 83B)
Class org.gradle.internal.classpath.TransformedClassPath                              : loaded 2 times (x 96B)
Class org.gradle.internal.classloader.InstrumentingClassLoader                        : loaded 2 times (x 70B)
Class org.gradle.internal.service.ServiceLocator                                      : loaded 2 times (x 70B)
Class ijKotlinCoroutineJvmDebugInit1_ex86ketdypna09umiysf1fmnv                        : loaded 2 times (x 171B)
Class ijJvmDebugger1_40imlknda7vxai7ycfw1as9r3$_run_closure1                          : loaded 2 times (x 139B)
Class org.gradle.internal.classloader.ClasspathUtil$1                                 : loaded 2 times (x 76B)
Class org.gradle.api.internal.classpath.DefaultModuleRegistry$DefaultModule           : loaded 2 times (x 86B)
Class org.gradle.api.internal.classpath.Module                                        : loaded 2 times (x 70B)
Class org.gradle.api.internal.classpath.UnknownModuleException                        : loaded 2 times (x 82B)
Class ijKotlinCoroutineJvmDebugInit1_ex86ketdypna09umiysf1fmnv$_run_closure1$_closure2: loaded 2 times (x 139B)
Class org.gradle.api.internal.DefaultClassPathRegistry                                : loaded 2 times (x 76B)
Class org.gradle.api.internal.ClassPathRegistry                                       : loaded 2 times (x 70B)
Class org.gradle.internal.classpath.DefaultClassPath$ImmutableUniqueList              : loaded 2 times (x 199B)
Class org.gradle.internal.classloader.FilteringClassLoader                            : loaded 2 times (x 105B)
Class Settings_gradle$1                                                               : loaded 2 times (x 74B)
Class org.gradle.internal.classpath.ClassPath                                         : loaded 2 times (x 70B)
Class ijKotlinCoroutineJvmDebugInit1_ex86ketdypna09umiysf1fmnv$_run_closure1          : loaded 2 times (x 139B)
Class org.gradle.api.internal.classpath.ModuleRegistry                                : loaded 2 times (x 70B)
Class org.gradle.internal.installation.GradleInstallation$1                           : loaded 2 times (x 75B)
Class ijJvmDebugger1_40imlknda7vxai7ycfw1as9r3$_run_closure1$_closure2                : loaded 2 times (x 140B)
Class org.gradle.api.internal.classpath.DefaultModuleRegistry                         : loaded 2 times (x 86B)
Class org.gradle.internal.service.ServiceLookupException                              : loaded 2 times (x 82B)
Class org.gradle.internal.classloader.ClassLoaderFactory                              : loaded 2 times (x 70B)
Class org.gradle.internal.service.CachingServiceLocator                               : loaded 2 times (x 82B)
Class org.gradle.internal.classloader.ClasspathUtil                                   : loaded 2 times (x 71B)
Class org.gradle.api.specs.Spec                                                       : loaded 2 times (x 70B)
Class org.gradle.internal.classloader.VisitableURLClassLoader$InstrumentingVisitableURLClassLoader: loaded 2 times (x 123B)
Class org.gradle.internal.classloader.VisitableURLClassLoader$Spec                    : loaded 2 times (x 74B)
Class org.gradle.internal.classpath.DefaultClassPath                                  : loaded 2 times (x 90B)
Class org.gradle.internal.classloader.ClassLoaderSpec                                 : loaded 2 times (x 71B)
Class Settings_gradle$1$1                                                             : loaded 2 times (x 74B)
Class org.gradle.internal.classloader.VisitableURLClassLoader                         : loaded 2 times (x 117B)
Class Settings_gradle                                                                 : loaded 2 times (x 124B)
Class org.gradle.internal.Cast                                                        : loaded 2 times (x 71B)
Class org.gradle.api.Action                                                           : loaded 2 times (x 70B)
Class org.gradle.internal.classpath.DefaultClassPath$ImmutableUniqueList$Builder      : loaded 2 times (x 75B)
Class org.gradle.api.GradleException                                                  : loaded 2 times (x 82B)
Class org.gradle.internal.IoActions                                                   : loaded 2 times (x 71B)
Class org.gradle.internal.classloader.SystemClassLoaderSpec                           : loaded 2 times (x 71B)
Class org.gradle.api.internal.classpath.GlobalCacheRootsProvider                      : loaded 2 times (x 70B)
Class org.gradle.internal.installation.CurrentGradleInstallationLocator               : loaded 2 times (x 71B)
Class org.gradle.internal.service.DefaultServiceLocator                               : loaded 2 times (x 83B)
Class org.gradle.internal.installation.CurrentGradleInstallation                      : loaded 2 times (x 73B)
Class org.gradle.util.internal.GUtil                                                  : loaded 2 times (x 71B)
Class ijJvmDebugger1_40imlknda7vxai7ycfw1as9r3                                        : loaded 2 times (x 171B)
Class org.gradle.internal.installation.GradleInstallation                             : loaded 2 times (x 75B)

---------------  S Y S T E M  ---------------

OS:
 Windows 11 , 64 bit Build 26100 (10.0.26100.8246)
OS uptime: 1 days 22:46 hours
Hyper-V role detected

CPU: total 8 (initial active 8) (8 cores per cpu, 2 threads per core) family 23 model 104 stepping 1 microcode 0x8608104, cx8, cmov, fxsr, ht, mmx, 3dnowpref, sse, sse2, sse3, ssse3, sse4a, sse4.1, sse4.2, popcnt, lzcnt, tsc, tscinvbit, avx, avx2, aes, clmul, bmi1, bmi2, adx, sha, fma, vzeroupper, clflush, clflushopt, hv, rdtscp, rdpid, f16c
Processor Information for processor 0
  Max Mhz: 2600, Current Mhz: 2080, Mhz Limit: 2600
Processor Information for processor 1
  Max Mhz: 2600, Current Mhz: 2600, Mhz Limit: 2600
Processor Information for processor 2
  Max Mhz: 2600, Current Mhz: 2080, Mhz Limit: 2600
Processor Information for processor 3
  Max Mhz: 2600, Current Mhz: 2080, Mhz Limit: 2600
Processor Information for processor 4
  Max Mhz: 2600, Current Mhz: 2080, Mhz Limit: 2600
Processor Information for processor 5
  Max Mhz: 2600, Current Mhz: 2080, Mhz Limit: 2600
Processor Information for processor 6
  Max Mhz: 2600, Current Mhz: 2080, Mhz Limit: 2600
Processor Information for processor 7
  Max Mhz: 2600, Current Mhz: 2600, Mhz Limit: 2600

Memory: 4k page, system-wide physical 7502M (534M free)
TotalPageFile size 17502M (AvailPageFile size 17M)
current process WorkingSet (physical memory assigned to process): 311M, peak: 318M
current process commit charge ("private bytes"): 346M, peak: 363M

vm_info: OpenJDK 64-Bit Server VM (21.0.10+-14961533-b1163.108) for windows-amd64 JRE (21.0.10+-14961533-b1163.108), built on 2026-03-02T19:58:50Z by "builder" with MS VC++ 16.10 / 16.11 (VS2019)

END.
